[2025-07-25T19:21:00.333+0700] {local_task_job_runner.py:120} INFO - ::group::Pre task execution logs
[2025-07-25T19:21:01.099+0700] {taskinstance.py:2076} INFO - Dependencies all met for dep_context=non-requeueable deps ti=<TaskInstance: etl_local_postgres_pipeline.stage_events scheduled__2025-07-25T09:00:00+00:00 [queued]>
[2025-07-25T19:21:01.325+0700] {taskinstance.py:2076} INFO - Dependencies all met for dep_context=requeueable deps ti=<TaskInstance: etl_local_postgres_pipeline.stage_events scheduled__2025-07-25T09:00:00+00:00 [queued]>
[2025-07-25T19:21:01.326+0700] {taskinstance.py:2306} INFO - Starting attempt 5 of 8
[2025-07-25T19:21:05.819+0700] {taskinstance.py:2330} INFO - Executing <Task(PythonOperator): stage_events> on 2025-07-25 09:00:00+00:00
[2025-07-25T19:21:05.831+0700] {standard_task_runner.py:90} INFO - Running: ['airflow', 'tasks', 'run', 'etl_local_postgres_pipeline', 'stage_events', 'scheduled__2025-07-25T09:00:00+00:00', '--job-id', '107', '--raw', '--subdir', 'DAGS_FOLDER/etl_pipeline_pjt.py', '--cfg-path', '/tmp/tmpr5yzbck2']
[2025-07-25T19:21:05.832+0700] {standard_task_runner.py:91} INFO - Job 107: Subtask stage_events
[2025-07-25T19:21:05.834+0700] {logging_mixin.py:188} WARNING - /home/ngtph/airflow/airflow_venv/lib/python3.12/site-packages/airflow/task/task_runner/standard_task_runner.py:61 DeprecationWarning: This process (pid=20286) is multi-threaded, use of fork() may lead to deadlocks in the child.
[2025-07-25T19:21:05.834+0700] {standard_task_runner.py:63} INFO - Started process 20292 to run task
[2025-07-25T19:21:08.467+0700] {task_command.py:426} INFO - Running <TaskInstance: etl_local_postgres_pipeline.stage_events scheduled__2025-07-25T09:00:00+00:00 [running]> on host DESKTOP-9M5T9P5.localdomain
[2025-07-25T19:21:13.599+0700] {taskinstance.py:2648} INFO - Exporting env vars: AIRFLOW_CTX_DAG_OWNER='phuongnt226' AIRFLOW_CTX_DAG_ID='etl_local_postgres_pipeline' AIRFLOW_CTX_TASK_ID='stage_events' AIRFLOW_CTX_EXECUTION_DATE='2025-07-25T09:00:00+00:00' AIRFLOW_CTX_TRY_NUMBER='5' AIRFLOW_CTX_DAG_RUN_ID='scheduled__2025-07-25T09:00:00+00:00'
[2025-07-25T19:21:13.600+0700] {taskinstance.py:430} INFO - ::endgroup::
[2025-07-25T19:21:14.480+0700] {base.py:84} INFO - Using connection ID 'postgres_id' for task execution.
[2025-07-25T19:21:15.361+0700] {logging_mixin.py:188} INFO - Found 30 event files.
[2025-07-25T19:28:14.818+0700] {logging_mixin.py:188} INFO - Finished stage_events_to_postgres
[2025-07-25T19:28:14.884+0700] {python.py:237} INFO - Done. Returned value was: None
[2025-07-25T19:28:14.919+0700] {taskinstance.py:441} INFO - ::group::Post task execution logs
[2025-07-25T19:28:21.270+0700] {taskinstance.py:1206} INFO - Marking task as SUCCESS. dag_id=etl_local_postgres_pipeline, task_id=stage_events, run_id=scheduled__2025-07-25T09:00:00+00:00, execution_date=20250725T090000, start_date=20250725T122101, end_date=20250725T122821
[2025-07-25T19:28:35.432+0700] {local_task_job_runner.py:240} INFO - Task exited with return code 0
[2025-07-25T19:28:37.561+0700] {local_task_job_runner.py:222} INFO - ::endgroup::
