[2025-07-26T09:03:26.810+0700] {local_task_job_runner.py:120} INFO - ::group::Pre task execution logs
[2025-07-26T09:03:27.718+0700] {taskinstance.py:2076} INFO - Dependencies all met for dep_context=non-requeueable deps ti=<TaskInstance: etl_local_postgres_pipeline.run_data_quality_check scheduled__2025-07-25T16:00:00+00:00 [queued]>
[2025-07-26T09:03:27.986+0700] {taskinstance.py:2076} INFO - Dependencies all met for dep_context=requeueable deps ti=<TaskInstance: etl_local_postgres_pipeline.run_data_quality_check scheduled__2025-07-25T16:00:00+00:00 [queued]>
[2025-07-26T09:03:27.986+0700] {taskinstance.py:2306} INFO - Starting attempt 5 of 8
[2025-07-26T09:03:28.308+0700] {taskinstance.py:2330} INFO - Executing <Task(PythonOperator): run_data_quality_check> on 2025-07-25 16:00:00+00:00
[2025-07-26T09:03:28.314+0700] {logging_mixin.py:188} WARNING - /home/ngtph/airflow/airflow_venv/lib/python3.12/site-packages/airflow/task/task_runner/standard_task_runner.py:61 DeprecationWarning: This process (pid=6680) is multi-threaded, use of fork() may lead to deadlocks in the child.
[2025-07-26T09:03:28.314+0700] {standard_task_runner.py:63} INFO - Started process 6684 to run task
[2025-07-26T09:03:28.314+0700] {standard_task_runner.py:90} INFO - Running: ['airflow', 'tasks', 'run', 'etl_local_postgres_pipeline', 'run_data_quality_check', 'scheduled__2025-07-25T16:00:00+00:00', '--job-id', '551', '--raw', '--subdir', 'DAGS_FOLDER/etl_pipeline_pjt.py', '--cfg-path', '/tmp/tmpiz8kf4e4']
[2025-07-26T09:03:28.315+0700] {standard_task_runner.py:91} INFO - Job 551: Subtask run_data_quality_check
[2025-07-26T09:03:31.330+0700] {task_command.py:426} INFO - Running <TaskInstance: etl_local_postgres_pipeline.run_data_quality_check scheduled__2025-07-25T16:00:00+00:00 [running]> on host DESKTOP-9M5T9P5.localdomain
[2025-07-26T09:03:35.961+0700] {taskinstance.py:2648} INFO - Exporting env vars: AIRFLOW_CTX_DAG_OWNER='phuongnt226' AIRFLOW_CTX_DAG_ID='etl_local_postgres_pipeline' AIRFLOW_CTX_TASK_ID='run_data_quality_check' AIRFLOW_CTX_EXECUTION_DATE='2025-07-25T16:00:00+00:00' AIRFLOW_CTX_TRY_NUMBER='5' AIRFLOW_CTX_DAG_RUN_ID='scheduled__2025-07-25T16:00:00+00:00'
[2025-07-26T09:03:35.962+0700] {taskinstance.py:430} INFO - ::endgroup::
[2025-07-26T09:03:36.767+0700] {base.py:84} INFO - Using connection ID 'postgres_id' for task execution.
[2025-07-26T09:03:37.492+0700] {logging_mixin.py:188} INFO - Checking data quality for table: songplays
[2025-07-26T09:03:37.627+0700] {logging_mixin.py:188} INFO - Table songplays passed with 6820 records.
[2025-07-26T09:03:37.628+0700] {logging_mixin.py:188} INFO - Checking data quality for table: users
[2025-07-26T09:03:37.697+0700] {logging_mixin.py:188} INFO - Table users passed with 96 records.
[2025-07-26T09:03:37.697+0700] {logging_mixin.py:188} INFO - Checking data quality for table: songs
[2025-07-26T09:03:37.767+0700] {logging_mixin.py:188} INFO - Table songs passed with 71 records.
[2025-07-26T09:03:37.768+0700] {logging_mixin.py:188} INFO - Checking data quality for table: artists
[2025-07-26T09:03:37.839+0700] {logging_mixin.py:188} INFO - Table artists passed with 69 records.
[2025-07-26T09:03:37.840+0700] {logging_mixin.py:188} INFO - Checking data quality for table: time
[2025-07-26T09:03:37.908+0700] {logging_mixin.py:188} INFO - Table time passed with 6813 records.
[2025-07-26T09:03:37.909+0700] {logging_mixin.py:188} INFO - Finished data quality checks.
[2025-07-26T09:03:37.909+0700] {python.py:237} INFO - Done. Returned value was: None
[2025-07-26T09:03:37.910+0700] {taskinstance.py:441} INFO - ::group::Post task execution logs
[2025-07-26T09:03:39.633+0700] {taskinstance.py:1206} INFO - Marking task as SUCCESS. dag_id=etl_local_postgres_pipeline, task_id=run_data_quality_check, run_id=scheduled__2025-07-25T16:00:00+00:00, execution_date=20250725T160000, start_date=20250726T020327, end_date=20250726T020339
[2025-07-26T09:03:43.937+0700] {local_task_job_runner.py:240} INFO - Task exited with return code 0
[2025-07-26T09:03:44.794+0700] {taskinstance.py:3498} INFO - 0 downstream tasks scheduled from follow-on schedule check
[2025-07-26T09:03:44.848+0700] {local_task_job_runner.py:222} INFO - ::endgroup::
