[2025-07-25T18:19:25.262+0700] {local_task_job_runner.py:120} INFO - ::group::Pre task execution logs
[2025-07-25T18:19:26.857+0700] {taskinstance.py:2076} INFO - Dependencies all met for dep_context=non-requeueable deps ti=<TaskInstance: etl_local_postgres_pipeline.stage_events scheduled__2025-07-25T11:00:00+00:00 [queued]>
[2025-07-25T18:19:27.023+0700] {taskinstance.py:2076} INFO - Dependencies all met for dep_context=requeueable deps ti=<TaskInstance: etl_local_postgres_pipeline.stage_events scheduled__2025-07-25T11:00:00+00:00 [queued]>
[2025-07-25T18:19:27.023+0700] {taskinstance.py:2306} INFO - Starting attempt 1 of 4
[2025-07-25T18:19:27.234+0700] {taskinstance.py:2330} INFO - Executing <Task(PythonOperator): stage_events> on 2025-07-25 11:00:00+00:00
[2025-07-25T18:19:27.247+0700] {standard_task_runner.py:90} INFO - Running: ['airflow', 'tasks', 'run', 'etl_local_postgres_pipeline', 'stage_events', 'scheduled__2025-07-25T11:00:00+00:00', '--job-id', '61', '--raw', '--subdir', 'DAGS_FOLDER/etl_pipeline_pjt.py', '--cfg-path', '/tmp/tmpcqhmf4up']
[2025-07-25T18:19:27.253+0700] {logging_mixin.py:188} WARNING - /home/ngtph/airflow/airflow_venv/lib/python3.12/site-packages/airflow/task/task_runner/standard_task_runner.py:61 DeprecationWarning: This process (pid=18280) is multi-threaded, use of fork() may lead to deadlocks in the child.
[2025-07-25T18:19:27.253+0700] {standard_task_runner.py:63} INFO - Started process 18285 to run task
[2025-07-25T18:19:27.253+0700] {standard_task_runner.py:91} INFO - Job 61: Subtask stage_events
[2025-07-25T18:19:30.128+0700] {task_command.py:426} INFO - Running <TaskInstance: etl_local_postgres_pipeline.stage_events scheduled__2025-07-25T11:00:00+00:00 [running]> on host DESKTOP-9M5T9P5.localdomain
[2025-07-25T18:19:34.784+0700] {taskinstance.py:2648} INFO - Exporting env vars: AIRFLOW_CTX_DAG_OWNER='phuongnt226' AIRFLOW_CTX_DAG_ID='etl_local_postgres_pipeline' AIRFLOW_CTX_TASK_ID='stage_events' AIRFLOW_CTX_EXECUTION_DATE='2025-07-25T11:00:00+00:00' AIRFLOW_CTX_TRY_NUMBER='1' AIRFLOW_CTX_DAG_RUN_ID='scheduled__2025-07-25T11:00:00+00:00'
[2025-07-25T18:19:34.786+0700] {taskinstance.py:430} INFO - ::endgroup::
[2025-07-25T18:19:35.394+0700] {logging_mixin.py:188} INFO - Find out 30 envent files.
[2025-07-25T18:21:15.981+0700] {taskinstance.py:2611} ERROR - Received SIGTERM. Terminating subprocesses.
[2025-07-25T18:21:15.982+0700] {logging_mixin.py:188} INFO - Close connection to stage_events.
[2025-07-25T18:21:15.983+0700] {taskinstance.py:441} INFO - ::group::Post task execution logs
[2025-07-25T18:21:16.825+0700] {taskinstance.py:2905} ERROR - Task failed with exception
Traceback (most recent call last):
  File "/home/ngtph/airflow/airflow_venv/lib/python3.12/site-packages/airflow/models/taskinstance.py", line 465, in _execute_task
    result = _execute_callable(context=context, **execute_callable_kwargs)
             ^^^^^^^^^^^^^^^^^^^^^^^^^^^^^^^^^^^^^^^^^^^^^^^^^^^^^^^^^^^^^
  File "/home/ngtph/airflow/airflow_venv/lib/python3.12/site-packages/airflow/models/taskinstance.py", line 432, in _execute_callable
    return execute_callable(context=context, **execute_callable_kwargs)
           ^^^^^^^^^^^^^^^^^^^^^^^^^^^^^^^^^^^^^^^^^^^^^^^^^^^^^^^^^^^^
  File "/home/ngtph/airflow/airflow_venv/lib/python3.12/site-packages/airflow/models/baseoperator.py", line 400, in wrapper
    return func(self, *args, **kwargs)
           ^^^^^^^^^^^^^^^^^^^^^^^^^^^
  File "/home/ngtph/airflow/airflow_venv/lib/python3.12/site-packages/airflow/operators/python.py", line 235, in execute
    return_value = self.execute_callable()
                   ^^^^^^^^^^^^^^^^^^^^^^^
  File "/home/ngtph/airflow/airflow_venv/lib/python3.12/site-packages/airflow/operators/python.py", line 252, in execute_callable
    return self.python_callable(*self.op_args, **self.op_kwargs)
           ^^^^^^^^^^^^^^^^^^^^^^^^^^^^^^^^^^^^^^^^^^^^^^^^^^^^^
  File "/home/ngtph/airflow/dags/etl_pipeline_pjt.py", line 75, in stage_events_to_postgres
    cur.execute("""
  File "/usr/lib/python3.12/encodings/utf_8.py", line 15, in decode
    def decode(input, errors='strict'):
    
  File "/home/ngtph/airflow/airflow_venv/lib/python3.12/site-packages/airflow/models/taskinstance.py", line 2613, in signal_handler
    raise AirflowTaskTerminated("Task received SIGTERM signal")
airflow.exceptions.AirflowTaskTerminated: Task received SIGTERM signal
[2025-07-25T18:21:16.888+0700] {taskinstance.py:1206} INFO - Marking task as UP_FOR_RETRY. dag_id=etl_local_postgres_pipeline, task_id=stage_events, run_id=scheduled__2025-07-25T11:00:00+00:00, execution_date=20250725T110000, start_date=20250725T111926, end_date=20250725T112116
