[2025-07-25T19:21:43.023+0700] {local_task_job_runner.py:120} INFO - ::group::Pre task execution logs
[2025-07-25T19:21:45.402+0700] {taskinstance.py:2076} INFO - Dependencies all met for dep_context=non-requeueable deps ti=<TaskInstance: etl_local_postgres_pipeline.stage_events scheduled__2025-07-25T11:00:00+00:00 [queued]>
[2025-07-25T19:21:45.941+0700] {taskinstance.py:2076} INFO - Dependencies all met for dep_context=requeueable deps ti=<TaskInstance: etl_local_postgres_pipeline.stage_events scheduled__2025-07-25T11:00:00+00:00 [queued]>
[2025-07-25T19:21:45.942+0700] {taskinstance.py:2306} INFO - Starting attempt 3 of 6
[2025-07-25T19:21:47.033+0700] {taskinstance.py:2330} INFO - Executing <Task(PythonOperator): stage_events> on 2025-07-25 11:00:00+00:00
[2025-07-25T19:21:47.061+0700] {standard_task_runner.py:90} INFO - Running: ['airflow', 'tasks', 'run', 'etl_local_postgres_pipeline', 'stage_events', 'scheduled__2025-07-25T11:00:00+00:00', '--job-id', '116', '--raw', '--subdir', 'DAGS_FOLDER/etl_pipeline_pjt.py', '--cfg-path', '/tmp/tmpueabtrbm']
[2025-07-25T19:21:47.080+0700] {standard_task_runner.py:91} INFO - Job 116: Subtask stage_events
[2025-07-25T19:21:47.090+0700] {logging_mixin.py:188} WARNING - /home/ngtph/airflow/airflow_venv/lib/python3.12/site-packages/airflow/task/task_runner/standard_task_runner.py:61 DeprecationWarning: This process (pid=20306) is multi-threaded, use of fork() may lead to deadlocks in the child.
[2025-07-25T19:21:47.090+0700] {standard_task_runner.py:63} INFO - Started process 20323 to run task
[2025-07-25T19:21:57.325+0700] {task_command.py:426} INFO - Running <TaskInstance: etl_local_postgres_pipeline.stage_events scheduled__2025-07-25T11:00:00+00:00 [running]> on host DESKTOP-9M5T9P5.localdomain
[2025-07-25T19:22:11.901+0700] {taskinstance.py:2648} INFO - Exporting env vars: AIRFLOW_CTX_DAG_OWNER='phuongnt226' AIRFLOW_CTX_DAG_ID='etl_local_postgres_pipeline' AIRFLOW_CTX_TASK_ID='stage_events' AIRFLOW_CTX_EXECUTION_DATE='2025-07-25T11:00:00+00:00' AIRFLOW_CTX_TRY_NUMBER='3' AIRFLOW_CTX_DAG_RUN_ID='scheduled__2025-07-25T11:00:00+00:00'
[2025-07-25T19:22:11.902+0700] {taskinstance.py:430} INFO - ::endgroup::
[2025-07-25T19:22:14.491+0700] {base.py:84} INFO - Using connection ID 'postgres_id' for task execution.
[2025-07-25T19:22:15.394+0700] {logging_mixin.py:188} INFO - Found 30 event files.
[2025-07-25T19:30:32.078+0700] {logging_mixin.py:188} INFO - Finished stage_events_to_postgres
[2025-07-25T19:30:32.115+0700] {python.py:237} INFO - Done. Returned value was: None
[2025-07-25T19:30:32.136+0700] {taskinstance.py:441} INFO - ::group::Post task execution logs
[2025-07-25T19:30:33.921+0700] {taskinstance.py:1206} INFO - Marking task as SUCCESS. dag_id=etl_local_postgres_pipeline, task_id=stage_events, run_id=scheduled__2025-07-25T11:00:00+00:00, execution_date=20250725T110000, start_date=20250725T122145, end_date=20250725T123033
[2025-07-25T19:30:36.471+0700] {local_task_job_runner.py:240} INFO - Task exited with return code 0
[2025-07-25T19:30:38.273+0700] {taskinstance.py:3498} INFO - 1 downstream tasks scheduled from follow-on schedule check
[2025-07-25T19:30:38.314+0700] {local_task_job_runner.py:222} INFO - ::endgroup::
