[2025-07-25T23:01:27.356+0700] {local_task_job_runner.py:120} INFO - ::group::Pre task execution logs
[2025-07-25T23:01:28.150+0700] {taskinstance.py:2076} INFO - Dependencies all met for dep_context=non-requeueable deps ti=<TaskInstance: etl_local_postgres_pipeline.stage_events scheduled__2025-07-25T16:00:00+00:00 [queued]>
[2025-07-25T23:01:28.372+0700] {taskinstance.py:2076} INFO - Dependencies all met for dep_context=requeueable deps ti=<TaskInstance: etl_local_postgres_pipeline.stage_events scheduled__2025-07-25T16:00:00+00:00 [queued]>
[2025-07-25T23:01:28.372+0700] {taskinstance.py:2306} INFO - Starting attempt 1 of 4
[2025-07-25T23:01:28.597+0700] {taskinstance.py:2330} INFO - Executing <Task(PythonOperator): stage_events> on 2025-07-25 16:00:00+00:00
[2025-07-25T23:01:28.605+0700] {standard_task_runner.py:90} INFO - Running: ['airflow', 'tasks', 'run', 'etl_local_postgres_pipeline', 'stage_events', 'scheduled__2025-07-25T16:00:00+00:00', '--job-id', '176', '--raw', '--subdir', 'DAGS_FOLDER/etl_pipeline_pjt.py', '--cfg-path', '/tmp/tmpu_c_1vfq']
[2025-07-25T23:01:28.608+0700] {standard_task_runner.py:91} INFO - Job 176: Subtask stage_events
[2025-07-25T23:01:28.608+0700] {logging_mixin.py:188} WARNING - /home/ngtph/airflow/airflow_venv/lib/python3.12/site-packages/airflow/task/task_runner/standard_task_runner.py:61 DeprecationWarning: This process (pid=960) is multi-threaded, use of fork() may lead to deadlocks in the child.
[2025-07-25T23:01:28.609+0700] {standard_task_runner.py:63} INFO - Started process 964 to run task
[2025-07-25T23:01:31.763+0700] {task_command.py:426} INFO - Running <TaskInstance: etl_local_postgres_pipeline.stage_events scheduled__2025-07-25T16:00:00+00:00 [running]> on host DESKTOP-9M5T9P5.localdomain
[2025-07-25T23:01:36.634+0700] {taskinstance.py:2648} INFO - Exporting env vars: AIRFLOW_CTX_DAG_OWNER='phuongnt226' AIRFLOW_CTX_DAG_ID='etl_local_postgres_pipeline' AIRFLOW_CTX_TASK_ID='stage_events' AIRFLOW_CTX_EXECUTION_DATE='2025-07-25T16:00:00+00:00' AIRFLOW_CTX_TRY_NUMBER='1' AIRFLOW_CTX_DAG_RUN_ID='scheduled__2025-07-25T16:00:00+00:00'
[2025-07-25T23:01:36.635+0700] {taskinstance.py:430} INFO - ::endgroup::
[2025-07-25T23:01:37.561+0700] {base.py:84} INFO - Using connection ID 'postgres_id' for task execution.
[2025-07-25T23:01:39.307+0700] {logging_mixin.py:188} INFO - Found 30 event files.
[2025-07-25T23:08:50.346+0700] {logging_mixin.py:188} INFO - Finished stage_events_to_postgres
[2025-07-25T23:08:50.350+0700] {python.py:237} INFO - Done. Returned value was: None
[2025-07-25T23:08:50.352+0700] {taskinstance.py:441} INFO - ::group::Post task execution logs
[2025-07-25T23:08:51.039+0700] {taskinstance.py:1206} INFO - Marking task as SUCCESS. dag_id=etl_local_postgres_pipeline, task_id=stage_events, run_id=scheduled__2025-07-25T16:00:00+00:00, execution_date=20250725T160000, start_date=20250725T160128, end_date=20250725T160851
[2025-07-25T23:08:51.316+0700] {local_task_job_runner.py:240} INFO - Task exited with return code 0
[2025-07-25T23:08:53.044+0700] {taskinstance.py:3498} INFO - 0 downstream tasks scheduled from follow-on schedule check
[2025-07-25T23:08:53.094+0700] {local_task_job_runner.py:222} INFO - ::endgroup::
