[2025-07-26T08:48:23.068+0700] {local_task_job_runner.py:120} INFO - ::group::Pre task execution logs
[2025-07-26T08:48:26.130+0700] {taskinstance.py:2076} INFO - Dependencies all met for dep_context=non-requeueable deps ti=<TaskInstance: etl_local_postgres_pipeline.stage_events scheduled__2025-07-25T16:00:00+00:00 [queued]>
[2025-07-26T08:48:26.624+0700] {taskinstance.py:2076} INFO - Dependencies all met for dep_context=requeueable deps ti=<TaskInstance: etl_local_postgres_pipeline.stage_events scheduled__2025-07-25T16:00:00+00:00 [queued]>
[2025-07-26T08:48:26.625+0700] {taskinstance.py:2306} INFO - Starting attempt 2 of 5
[2025-07-26T08:48:34.599+0700] {taskinstance.py:2330} INFO - Executing <Task(PythonOperator): stage_events> on 2025-07-25 16:00:00+00:00
[2025-07-26T08:48:34.619+0700] {standard_task_runner.py:90} INFO - Running: ['airflow', 'tasks', 'run', 'etl_local_postgres_pipeline', 'stage_events', 'scheduled__2025-07-25T16:00:00+00:00', '--job-id', '443', '--raw', '--subdir', 'DAGS_FOLDER/etl_pipeline_pjt.py', '--cfg-path', '/tmp/tmp8joqyjq0']
[2025-07-26T08:48:34.621+0700] {standard_task_runner.py:91} INFO - Job 443: Subtask stage_events
[2025-07-26T08:48:34.622+0700] {logging_mixin.py:188} WARNING - /home/ngtph/airflow/airflow_venv/lib/python3.12/site-packages/airflow/task/task_runner/standard_task_runner.py:61 DeprecationWarning: This process (pid=6181) is multi-threaded, use of fork() may lead to deadlocks in the child.
[2025-07-26T08:48:34.622+0700] {standard_task_runner.py:63} INFO - Started process 6196 to run task
[2025-07-26T08:48:42.750+0700] {task_command.py:426} INFO - Running <TaskInstance: etl_local_postgres_pipeline.stage_events scheduled__2025-07-25T16:00:00+00:00 [running]> on host DESKTOP-9M5T9P5.localdomain
[2025-07-26T08:48:59.528+0700] {taskinstance.py:2648} INFO - Exporting env vars: AIRFLOW_CTX_DAG_OWNER='phuongnt226' AIRFLOW_CTX_DAG_ID='etl_local_postgres_pipeline' AIRFLOW_CTX_TASK_ID='stage_events' AIRFLOW_CTX_EXECUTION_DATE='2025-07-25T16:00:00+00:00' AIRFLOW_CTX_TRY_NUMBER='2' AIRFLOW_CTX_DAG_RUN_ID='scheduled__2025-07-25T16:00:00+00:00'
[2025-07-26T08:48:59.529+0700] {taskinstance.py:430} INFO - ::endgroup::
[2025-07-26T08:49:03.034+0700] {base.py:84} INFO - Using connection ID 'postgres_id' for task execution.
[2025-07-26T08:49:06.207+0700] {logging_mixin.py:188} INFO - Found 30 files in /home/ngtph/airflow/data/log_data
[2025-07-26T08:49:06.508+0700] {logging_mixin.py:188} INFO - Skipped (already processed): /home/ngtph/airflow/data/log_data/2018-11-08-events.json
[2025-07-26T08:49:06.611+0700] {logging_mixin.py:188} INFO - Skipped (already processed): /home/ngtph/airflow/data/log_data/2018-11-15-events.json
[2025-07-26T08:49:06.710+0700] {logging_mixin.py:188} INFO - Skipped (already processed): /home/ngtph/airflow/data/log_data/2018-11-07-events.json
[2025-07-26T08:49:06.818+0700] {logging_mixin.py:188} INFO - Skipped (already processed): /home/ngtph/airflow/data/log_data/2018-11-17-events.json
[2025-07-26T08:49:06.917+0700] {logging_mixin.py:188} INFO - Skipped (already processed): /home/ngtph/airflow/data/log_data/2018-11-06-events.json
[2025-07-26T08:49:07.019+0700] {logging_mixin.py:188} INFO - Skipped (already processed): /home/ngtph/airflow/data/log_data/2018-11-29-events.json
[2025-07-26T08:49:07.129+0700] {logging_mixin.py:188} INFO - Skipped (already processed): /home/ngtph/airflow/data/log_data/2018-11-03-events.json
[2025-07-26T08:49:07.227+0700] {logging_mixin.py:188} INFO - Skipped (already processed): /home/ngtph/airflow/data/log_data/2018-11-25-events.json
[2025-07-26T08:49:07.332+0700] {logging_mixin.py:188} INFO - Skipped (already processed): /home/ngtph/airflow/data/log_data/2018-11-12-events.json
[2025-07-26T08:49:07.424+0700] {logging_mixin.py:188} INFO - Skipped (already processed): /home/ngtph/airflow/data/log_data/2018-11-19-events.json
[2025-07-26T08:49:07.521+0700] {logging_mixin.py:188} INFO - Skipped (already processed): /home/ngtph/airflow/data/log_data/2018-11-24-events.json
[2025-07-26T08:49:07.627+0700] {logging_mixin.py:188} INFO - Skipped (already processed): /home/ngtph/airflow/data/log_data/2018-11-16-events.json
[2025-07-26T08:49:07.730+0700] {logging_mixin.py:188} INFO - Skipped (already processed): /home/ngtph/airflow/data/log_data/2018-11-28-events.json
[2025-07-26T08:49:07.825+0700] {logging_mixin.py:188} INFO - Skipped (already processed): /home/ngtph/airflow/data/log_data/2018-11-26-events.json
[2025-07-26T08:49:07.929+0700] {logging_mixin.py:188} INFO - Skipped (already processed): /home/ngtph/airflow/data/log_data/2018-11-23-events.json
[2025-07-26T08:49:08.032+0700] {logging_mixin.py:188} INFO - Skipped (already processed): /home/ngtph/airflow/data/log_data/2018-11-05-events.json
[2025-07-26T08:49:08.134+0700] {logging_mixin.py:188} INFO - Skipped (already processed): /home/ngtph/airflow/data/log_data/2018-11-18-events.json
[2025-07-26T08:49:08.232+0700] {logging_mixin.py:188} INFO - Skipped (already processed): /home/ngtph/airflow/data/log_data/2018-11-14-events.json
[2025-07-26T08:49:08.335+0700] {logging_mixin.py:188} INFO - Skipped (already processed): /home/ngtph/airflow/data/log_data/2018-11-27-events.json
[2025-07-26T08:49:08.439+0700] {logging_mixin.py:188} INFO - Skipped (already processed): /home/ngtph/airflow/data/log_data/2018-11-11-events.json
[2025-07-26T08:49:08.555+0700] {logging_mixin.py:188} INFO - Skipped (already processed): /home/ngtph/airflow/data/log_data/2018-11-22-events.json
[2025-07-26T08:49:08.635+0700] {logging_mixin.py:188} INFO - Skipped (already processed): /home/ngtph/airflow/data/log_data/2018-11-01-events.json
[2025-07-26T08:49:08.735+0700] {logging_mixin.py:188} INFO - Skipped (already processed): /home/ngtph/airflow/data/log_data/2018-11-09-events.json
[2025-07-26T08:49:08.851+0700] {logging_mixin.py:188} INFO - Skipped (already processed): /home/ngtph/airflow/data/log_data/2018-11-04-events.json
[2025-07-26T08:49:08.942+0700] {logging_mixin.py:188} INFO - Skipped (already processed): /home/ngtph/airflow/data/log_data/2018-11-21-events.json
[2025-07-26T08:49:09.046+0700] {logging_mixin.py:188} INFO - Skipped (already processed): /home/ngtph/airflow/data/log_data/2018-11-13-events.json
[2025-07-26T08:49:09.143+0700] {logging_mixin.py:188} INFO - Skipped (already processed): /home/ngtph/airflow/data/log_data/2018-11-20-events.json
[2025-07-26T08:49:09.241+0700] {logging_mixin.py:188} INFO - Skipped (already processed): /home/ngtph/airflow/data/log_data/2018-11-02-events.json
[2025-07-26T08:49:09.341+0700] {logging_mixin.py:188} INFO - Skipped (already processed): /home/ngtph/airflow/data/log_data/2018-11-10-events.json
[2025-07-26T08:49:09.443+0700] {logging_mixin.py:188} INFO - Skipped (already processed): /home/ngtph/airflow/data/log_data/2018-11-30-events.json
[2025-07-26T08:49:09.540+0700] {logging_mixin.py:188} INFO - Finished stage_events_to_postgres
[2025-07-26T08:49:09.541+0700] {python.py:237} INFO - Done. Returned value was: None
[2025-07-26T08:49:09.542+0700] {taskinstance.py:441} INFO - ::group::Post task execution logs
[2025-07-26T08:49:13.645+0700] {taskinstance.py:1206} INFO - Marking task as SUCCESS. dag_id=etl_local_postgres_pipeline, task_id=stage_events, run_id=scheduled__2025-07-25T16:00:00+00:00, execution_date=20250725T160000, start_date=20250726T014826, end_date=20250726T014913
[2025-07-26T08:49:16.132+0700] {local_task_job_runner.py:240} INFO - Task exited with return code 0
[2025-07-26T08:49:19.437+0700] {taskinstance.py:3498} INFO - 1 downstream tasks scheduled from follow-on schedule check
[2025-07-26T08:49:19.537+0700] {local_task_job_runner.py:222} INFO - ::endgroup::
