[2025-07-26T06:51:49.108+0700] {local_task_job_runner.py:120} INFO - ::group::Pre task execution logs
[2025-07-26T06:51:50.383+0700] {taskinstance.py:2076} INFO - Dependencies all met for dep_context=non-requeueable deps ti=<TaskInstance: etl_local_postgres_pipeline.load_user_dim_table scheduled__2025-07-25T18:00:00+00:00 [queued]>
[2025-07-26T06:51:50.688+0700] {taskinstance.py:2076} INFO - Dependencies all met for dep_context=requeueable deps ti=<TaskInstance: etl_local_postgres_pipeline.load_user_dim_table scheduled__2025-07-25T18:00:00+00:00 [queued]>
[2025-07-26T06:51:50.688+0700] {taskinstance.py:2306} INFO - Starting attempt 1 of 4
[2025-07-26T06:51:51.040+0700] {taskinstance.py:2330} INFO - Executing <Task(PythonOperator): load_user_dim_table> on 2025-07-25 18:00:00+00:00
[2025-07-26T06:51:51.048+0700] {standard_task_runner.py:90} INFO - Running: ['airflow', 'tasks', 'run', 'etl_local_postgres_pipeline', 'load_user_dim_table', 'scheduled__2025-07-25T18:00:00+00:00', '--job-id', '257', '--raw', '--subdir', 'DAGS_FOLDER/etl_pipeline_pjt.py', '--cfg-path', '/tmp/tmp__34a3d9']
[2025-07-26T06:51:51.050+0700] {logging_mixin.py:188} WARNING - /home/ngtph/airflow/airflow_venv/lib/python3.12/site-packages/airflow/task/task_runner/standard_task_runner.py:61 DeprecationWarning: This process (pid=557) is multi-threaded, use of fork() may lead to deadlocks in the child.
[2025-07-26T06:51:51.051+0700] {standard_task_runner.py:91} INFO - Job 257: Subtask load_user_dim_table
[2025-07-26T06:51:51.051+0700] {standard_task_runner.py:63} INFO - Started process 564 to run task
[2025-07-26T06:51:57.724+0700] {task_command.py:426} INFO - Running <TaskInstance: etl_local_postgres_pipeline.load_user_dim_table scheduled__2025-07-25T18:00:00+00:00 [running]> on host DESKTOP-9M5T9P5.localdomain
[2025-07-26T06:52:07.817+0700] {taskinstance.py:2648} INFO - Exporting env vars: AIRFLOW_CTX_DAG_OWNER='phuongnt226' AIRFLOW_CTX_DAG_ID='etl_local_postgres_pipeline' AIRFLOW_CTX_TASK_ID='load_user_dim_table' AIRFLOW_CTX_EXECUTION_DATE='2025-07-25T18:00:00+00:00' AIRFLOW_CTX_TRY_NUMBER='1' AIRFLOW_CTX_DAG_RUN_ID='scheduled__2025-07-25T18:00:00+00:00'
[2025-07-26T06:52:07.817+0700] {taskinstance.py:430} INFO - ::endgroup::
[2025-07-26T06:52:09.008+0700] {base.py:84} INFO - Using connection ID 'postgres_id' for task execution.
[2025-07-26T06:52:10.317+0700] {sql.py:470} INFO - Running statement: 
        SELECT distinct userid, firstname, lastname, gender, level
        FROM staging_events
        WHERE page='NextSong'
    , parameters: None
[2025-07-26T06:52:12.120+0700] {sql.py:479} INFO - Rows affected: 104
[2025-07-26T06:52:12.420+0700] {python.py:237} INFO - Done. Returned value was: None
[2025-07-26T06:52:12.421+0700] {taskinstance.py:441} INFO - ::group::Post task execution logs
[2025-07-26T06:52:14.032+0700] {taskinstance.py:1206} INFO - Marking task as SUCCESS. dag_id=etl_local_postgres_pipeline, task_id=load_user_dim_table, run_id=scheduled__2025-07-25T18:00:00+00:00, execution_date=20250725T180000, start_date=20250725T235150, end_date=20250725T235214
[2025-07-26T06:52:14.864+0700] {local_task_job_runner.py:240} INFO - Task exited with return code 0
[2025-07-26T06:52:17.870+0700] {taskinstance.py:3498} INFO - 0 downstream tasks scheduled from follow-on schedule check
[2025-07-26T06:52:17.928+0700] {local_task_job_runner.py:222} INFO - ::endgroup::
