[2025-07-26T06:51:59.579+0700] {local_task_job_runner.py:120} INFO - ::group::Pre task execution logs
[2025-07-26T06:52:02.430+0700] {taskinstance.py:2076} INFO - Dependencies all met for dep_context=non-requeueable deps ti=<TaskInstance: etl_local_postgres_pipeline.stage_events scheduled__2025-07-25T23:00:00+00:00 [queued]>
[2025-07-26T06:52:02.945+0700] {taskinstance.py:2076} INFO - Dependencies all met for dep_context=requeueable deps ti=<TaskInstance: etl_local_postgres_pipeline.stage_events scheduled__2025-07-25T23:00:00+00:00 [queued]>
[2025-07-26T06:52:02.946+0700] {taskinstance.py:2306} INFO - Starting attempt 1 of 4
[2025-07-26T06:52:03.640+0700] {taskinstance.py:2330} INFO - Executing <Task(PythonOperator): stage_events> on 2025-07-25 23:00:00+00:00
[2025-07-26T06:52:03.645+0700] {standard_task_runner.py:90} INFO - Running: ['airflow', 'tasks', 'run', 'etl_local_postgres_pipeline', 'stage_events', 'scheduled__2025-07-25T23:00:00+00:00', '--job-id', '263', '--raw', '--subdir', 'DAGS_FOLDER/etl_pipeline_pjt.py', '--cfg-path', '/tmp/tmpynejqjvj']
[2025-07-26T06:52:03.648+0700] {standard_task_runner.py:91} INFO - Job 263: Subtask stage_events
[2025-07-26T06:52:03.647+0700] {logging_mixin.py:188} WARNING - /home/ngtph/airflow/airflow_venv/lib/python3.12/site-packages/airflow/task/task_runner/standard_task_runner.py:61 DeprecationWarning: This process (pid=561) is multi-threaded, use of fork() may lead to deadlocks in the child.
[2025-07-26T06:52:03.648+0700] {standard_task_runner.py:63} INFO - Started process 600 to run task
[2025-07-26T06:52:11.930+0700] {task_command.py:426} INFO - Running <TaskInstance: etl_local_postgres_pipeline.stage_events scheduled__2025-07-25T23:00:00+00:00 [running]> on host DESKTOP-9M5T9P5.localdomain
[2025-07-26T06:52:18.794+0700] {taskinstance.py:2648} INFO - Exporting env vars: AIRFLOW_CTX_DAG_OWNER='phuongnt226' AIRFLOW_CTX_DAG_ID='etl_local_postgres_pipeline' AIRFLOW_CTX_TASK_ID='stage_events' AIRFLOW_CTX_EXECUTION_DATE='2025-07-25T23:00:00+00:00' AIRFLOW_CTX_TRY_NUMBER='1' AIRFLOW_CTX_DAG_RUN_ID='scheduled__2025-07-25T23:00:00+00:00'
[2025-07-26T06:52:18.795+0700] {taskinstance.py:430} INFO - ::endgroup::
[2025-07-26T06:52:20.034+0700] {base.py:84} INFO - Using connection ID 'postgres_id' for task execution.
[2025-07-26T06:52:21.833+0700] {logging_mixin.py:188} INFO - Found 30 event files.
[2025-07-26T06:52:22.035+0700] {logging_mixin.py:188} INFO - Skipped (already processed): /home/ngtph/airflow/data/log_data/2018-11-08-events.json
[2025-07-26T06:52:22.136+0700] {logging_mixin.py:188} INFO - Skipped (already processed): /home/ngtph/airflow/data/log_data/2018-11-15-events.json
[2025-07-26T06:52:22.228+0700] {logging_mixin.py:188} INFO - Skipped (already processed): /home/ngtph/airflow/data/log_data/2018-11-07-events.json
[2025-07-26T06:52:22.328+0700] {logging_mixin.py:188} INFO - Skipped (already processed): /home/ngtph/airflow/data/log_data/2018-11-17-events.json
[2025-07-26T06:52:22.429+0700] {logging_mixin.py:188} INFO - Skipped (already processed): /home/ngtph/airflow/data/log_data/2018-11-06-events.json
[2025-07-26T06:52:22.530+0700] {logging_mixin.py:188} INFO - Skipped (already processed): /home/ngtph/airflow/data/log_data/2018-11-29-events.json
[2025-07-26T06:52:22.629+0700] {logging_mixin.py:188} INFO - Skipped (already processed): /home/ngtph/airflow/data/log_data/2018-11-03-events.json
[2025-07-26T06:52:22.738+0700] {logging_mixin.py:188} INFO - Skipped (already processed): /home/ngtph/airflow/data/log_data/2018-11-25-events.json
[2025-07-26T06:52:22.833+0700] {logging_mixin.py:188} INFO - Skipped (already processed): /home/ngtph/airflow/data/log_data/2018-11-12-events.json
[2025-07-26T06:52:22.930+0700] {logging_mixin.py:188} INFO - Skipped (already processed): /home/ngtph/airflow/data/log_data/2018-11-19-events.json
[2025-07-26T06:52:22.997+0700] {logging_mixin.py:188} INFO - Skipped (already processed): /home/ngtph/airflow/data/log_data/2018-11-24-events.json
[2025-07-26T06:52:23.054+0700] {logging_mixin.py:188} INFO - Skipped (already processed): /home/ngtph/airflow/data/log_data/2018-11-16-events.json
[2025-07-26T06:52:23.135+0700] {logging_mixin.py:188} INFO - Skipped (already processed): /home/ngtph/airflow/data/log_data/2018-11-28-events.json
[2025-07-26T06:52:23.233+0700] {logging_mixin.py:188} INFO - Skipped (already processed): /home/ngtph/airflow/data/log_data/2018-11-26-events.json
[2025-07-26T06:52:23.328+0700] {logging_mixin.py:188} INFO - Skipped (already processed): /home/ngtph/airflow/data/log_data/2018-11-23-events.json
[2025-07-26T06:52:23.384+0700] {logging_mixin.py:188} INFO - Skipped (already processed): /home/ngtph/airflow/data/log_data/2018-11-05-events.json
[2025-07-26T06:52:23.447+0700] {logging_mixin.py:188} INFO - Skipped (already processed): /home/ngtph/airflow/data/log_data/2018-11-18-events.json
[2025-07-26T06:52:23.534+0700] {logging_mixin.py:188} INFO - Skipped (already processed): /home/ngtph/airflow/data/log_data/2018-11-14-events.json
[2025-07-26T06:52:23.629+0700] {logging_mixin.py:188} INFO - Skipped (already processed): /home/ngtph/airflow/data/log_data/2018-11-27-events.json
[2025-07-26T06:52:23.684+0700] {logging_mixin.py:188} INFO - Skipped (already processed): /home/ngtph/airflow/data/log_data/2018-11-11-events.json
[2025-07-26T06:52:23.739+0700] {logging_mixin.py:188} INFO - Skipped (already processed): /home/ngtph/airflow/data/log_data/2018-11-22-events.json
[2025-07-26T06:52:23.795+0700] {logging_mixin.py:188} INFO - Skipped (already processed): /home/ngtph/airflow/data/log_data/2018-11-01-events.json
[2025-07-26T06:52:23.852+0700] {logging_mixin.py:188} INFO - Skipped (already processed): /home/ngtph/airflow/data/log_data/2018-11-09-events.json
[2025-07-26T06:52:23.908+0700] {logging_mixin.py:188} INFO - Skipped (already processed): /home/ngtph/airflow/data/log_data/2018-11-04-events.json
[2025-07-26T06:52:23.964+0700] {logging_mixin.py:188} INFO - Skipped (already processed): /home/ngtph/airflow/data/log_data/2018-11-21-events.json
[2025-07-26T06:52:24.030+0700] {logging_mixin.py:188} INFO - Skipped (already processed): /home/ngtph/airflow/data/log_data/2018-11-13-events.json
[2025-07-26T06:52:24.133+0700] {logging_mixin.py:188} INFO - Skipped (already processed): /home/ngtph/airflow/data/log_data/2018-11-20-events.json
[2025-07-26T06:52:24.229+0700] {logging_mixin.py:188} INFO - Skipped (already processed): /home/ngtph/airflow/data/log_data/2018-11-02-events.json
[2025-07-26T06:52:24.286+0700] {logging_mixin.py:188} INFO - Skipped (already processed): /home/ngtph/airflow/data/log_data/2018-11-10-events.json
[2025-07-26T06:52:24.341+0700] {logging_mixin.py:188} INFO - Skipped (already processed): /home/ngtph/airflow/data/log_data/2018-11-30-events.json
[2025-07-26T06:52:24.403+0700] {logging_mixin.py:188} INFO - Finished stage_events_to_postgres
[2025-07-26T06:52:24.404+0700] {python.py:237} INFO - Done. Returned value was: None
[2025-07-26T06:52:24.404+0700] {taskinstance.py:441} INFO - ::group::Post task execution logs
[2025-07-26T06:52:25.322+0700] {taskinstance.py:1206} INFO - Marking task as SUCCESS. dag_id=etl_local_postgres_pipeline, task_id=stage_events, run_id=scheduled__2025-07-25T23:00:00+00:00, execution_date=20250725T230000, start_date=20250725T235202, end_date=20250725T235225
[2025-07-26T06:52:27.861+0700] {local_task_job_runner.py:240} INFO - Task exited with return code 0
[2025-07-26T06:52:29.633+0700] {taskinstance.py:3498} INFO - 1 downstream tasks scheduled from follow-on schedule check
[2025-07-26T06:52:29.732+0700] {local_task_job_runner.py:222} INFO - ::endgroup::
