[2025-07-26T08:54:49.451+0700] {local_task_job_runner.py:120} INFO - ::group::Pre task execution logs
[2025-07-26T08:54:50.282+0700] {taskinstance.py:2076} INFO - Dependencies all met for dep_context=non-requeueable deps ti=<TaskInstance: etl_local_postgres_pipeline.load_user_dim_table scheduled__2025-07-26T01:00:00+00:00 [queued]>
[2025-07-26T08:54:50.518+0700] {taskinstance.py:2076} INFO - Dependencies all met for dep_context=requeueable deps ti=<TaskInstance: etl_local_postgres_pipeline.load_user_dim_table scheduled__2025-07-26T01:00:00+00:00 [queued]>
[2025-07-26T08:54:50.519+0700] {taskinstance.py:2306} INFO - Starting attempt 10 of 13
[2025-07-26T08:54:50.727+0700] {taskinstance.py:2330} INFO - Executing <Task(PythonOperator): load_user_dim_table> on 2025-07-26 01:00:00+00:00
[2025-07-26T08:54:50.737+0700] {logging_mixin.py:188} WARNING - /home/ngtph/airflow/airflow_venv/lib/python3.12/site-packages/airflow/task/task_runner/standard_task_runner.py:61 DeprecationWarning: This process (pid=6458) is multi-threaded, use of fork() may lead to deadlocks in the child.
[2025-07-26T08:54:50.736+0700] {standard_task_runner.py:90} INFO - Running: ['airflow', 'tasks', 'run', 'etl_local_postgres_pipeline', 'load_user_dim_table', 'scheduled__2025-07-26T01:00:00+00:00', '--job-id', '520', '--raw', '--subdir', 'DAGS_FOLDER/etl_pipeline_pjt.py', '--cfg-path', '/tmp/tmpu4btf593']
[2025-07-26T08:54:50.738+0700] {standard_task_runner.py:91} INFO - Job 520: Subtask load_user_dim_table
[2025-07-26T08:54:50.738+0700] {standard_task_runner.py:63} INFO - Started process 6471 to run task
[2025-07-26T08:54:54.051+0700] {task_command.py:426} INFO - Running <TaskInstance: etl_local_postgres_pipeline.load_user_dim_table scheduled__2025-07-26T01:00:00+00:00 [running]> on host DESKTOP-9M5T9P5.localdomain
[2025-07-26T08:54:58.382+0700] {taskinstance.py:2648} INFO - Exporting env vars: AIRFLOW_CTX_DAG_OWNER='phuongnt226' AIRFLOW_CTX_DAG_ID='etl_local_postgres_pipeline' AIRFLOW_CTX_TASK_ID='load_user_dim_table' AIRFLOW_CTX_EXECUTION_DATE='2025-07-26T01:00:00+00:00' AIRFLOW_CTX_TRY_NUMBER='10' AIRFLOW_CTX_DAG_RUN_ID='scheduled__2025-07-26T01:00:00+00:00'
[2025-07-26T08:54:58.384+0700] {taskinstance.py:430} INFO - ::endgroup::
[2025-07-26T08:54:59.302+0700] {base.py:84} INFO - Using connection ID 'postgres_id' for task execution.
[2025-07-26T08:54:59.971+0700] {sql.py:470} INFO - Running statement: 
    INSERT INTO users (userid, first_name, last_name, gender, level)
    SELECT DISTINCT userid, firstname AS first_name, lastname AS last_name, gender, level
    FROM staging_events
    WHERE page='NextSong'
    ON CONFLICT (userid) DO NOTHING;
, parameters: None
[2025-07-26T08:55:00.210+0700] {sql.py:479} INFO - Rows affected: 0
[2025-07-26T08:55:00.269+0700] {logging_mixin.py:188} INFO - Executed SQL: 
    INSERT INTO users (userid, first_name, last_n... -> Result: None
[2025-07-26T08:55:00.269+0700] {python.py:237} INFO - Done. Returned value was: None
[2025-07-26T08:55:00.270+0700] {taskinstance.py:441} INFO - ::group::Post task execution logs
[2025-07-26T08:55:01.022+0700] {taskinstance.py:1206} INFO - Marking task as SUCCESS. dag_id=etl_local_postgres_pipeline, task_id=load_user_dim_table, run_id=scheduled__2025-07-26T01:00:00+00:00, execution_date=20250726T010000, start_date=20250726T015450, end_date=20250726T015501
[2025-07-26T08:55:01.297+0700] {local_task_job_runner.py:240} INFO - Task exited with return code 0
[2025-07-26T08:55:02.095+0700] {taskinstance.py:3498} INFO - 0 downstream tasks scheduled from follow-on schedule check
[2025-07-26T08:55:02.194+0700] {local_task_job_runner.py:222} INFO - ::endgroup::
