[2025-07-26T09:04:40.688+0700] {local_task_job_runner.py:120} INFO - ::group::Pre task execution logs
[2025-07-26T09:04:41.908+0700] {taskinstance.py:2076} INFO - Dependencies all met for dep_context=non-requeueable deps ti=<TaskInstance: etl_local_postgres_pipeline.run_data_quality_check scheduled__2025-07-25T20:00:00+00:00 [queued]>
[2025-07-26T09:04:42.210+0700] {taskinstance.py:2076} INFO - Dependencies all met for dep_context=requeueable deps ti=<TaskInstance: etl_local_postgres_pipeline.run_data_quality_check scheduled__2025-07-25T20:00:00+00:00 [queued]>
[2025-07-26T09:04:42.211+0700] {taskinstance.py:2306} INFO - Starting attempt 5 of 8
[2025-07-26T09:04:43.573+0700] {taskinstance.py:2330} INFO - Executing <Task(PythonOperator): run_data_quality_check> on 2025-07-25 20:00:00+00:00
[2025-07-26T09:04:43.577+0700] {logging_mixin.py:188} WARNING - /home/ngtph/airflow/airflow_venv/lib/python3.12/site-packages/airflow/task/task_runner/standard_task_runner.py:61 DeprecationWarning: This process (pid=6736) is multi-threaded, use of fork() may lead to deadlocks in the child.
[2025-07-26T09:04:43.578+0700] {standard_task_runner.py:63} INFO - Started process 6741 to run task
[2025-07-26T09:04:43.577+0700] {standard_task_runner.py:90} INFO - Running: ['airflow', 'tasks', 'run', 'etl_local_postgres_pipeline', 'run_data_quality_check', 'scheduled__2025-07-25T20:00:00+00:00', '--job-id', '560', '--raw', '--subdir', 'DAGS_FOLDER/etl_pipeline_pjt.py', '--cfg-path', '/tmp/tmp85205jtm']
[2025-07-26T09:04:43.579+0700] {standard_task_runner.py:91} INFO - Job 560: Subtask run_data_quality_check
[2025-07-26T09:04:46.436+0700] {task_command.py:426} INFO - Running <TaskInstance: etl_local_postgres_pipeline.run_data_quality_check scheduled__2025-07-25T20:00:00+00:00 [running]> on host DESKTOP-9M5T9P5.localdomain
[2025-07-26T09:04:50.672+0700] {taskinstance.py:2648} INFO - Exporting env vars: AIRFLOW_CTX_DAG_OWNER='phuongnt226' AIRFLOW_CTX_DAG_ID='etl_local_postgres_pipeline' AIRFLOW_CTX_TASK_ID='run_data_quality_check' AIRFLOW_CTX_EXECUTION_DATE='2025-07-25T20:00:00+00:00' AIRFLOW_CTX_TRY_NUMBER='5' AIRFLOW_CTX_DAG_RUN_ID='scheduled__2025-07-25T20:00:00+00:00'
[2025-07-26T09:04:50.673+0700] {taskinstance.py:430} INFO - ::endgroup::
[2025-07-26T09:04:51.409+0700] {base.py:84} INFO - Using connection ID 'postgres_id' for task execution.
[2025-07-26T09:04:51.999+0700] {logging_mixin.py:188} INFO - Checking data quality for table: songplays
[2025-07-26T09:04:52.237+0700] {logging_mixin.py:188} INFO - Table songplays passed with 6820 records.
[2025-07-26T09:04:52.237+0700] {logging_mixin.py:188} INFO - Checking data quality for table: users
[2025-07-26T09:04:52.337+0700] {logging_mixin.py:188} INFO - Table users passed with 96 records.
[2025-07-26T09:04:52.337+0700] {logging_mixin.py:188} INFO - Checking data quality for table: songs
[2025-07-26T09:04:52.385+0700] {logging_mixin.py:188} INFO - Table songs passed with 71 records.
[2025-07-26T09:04:52.386+0700] {logging_mixin.py:188} INFO - Checking data quality for table: artists
[2025-07-26T09:04:52.436+0700] {logging_mixin.py:188} INFO - Table artists passed with 69 records.
[2025-07-26T09:04:52.436+0700] {logging_mixin.py:188} INFO - Checking data quality for table: time
[2025-07-26T09:04:52.535+0700] {logging_mixin.py:188} INFO - Table time passed with 6813 records.
[2025-07-26T09:04:52.535+0700] {logging_mixin.py:188} INFO - Finished data quality checks.
[2025-07-26T09:04:52.536+0700] {python.py:237} INFO - Done. Returned value was: None
[2025-07-26T09:04:52.536+0700] {taskinstance.py:441} INFO - ::group::Post task execution logs
[2025-07-26T09:04:53.218+0700] {taskinstance.py:1206} INFO - Marking task as SUCCESS. dag_id=etl_local_postgres_pipeline, task_id=run_data_quality_check, run_id=scheduled__2025-07-25T20:00:00+00:00, execution_date=20250725T200000, start_date=20250726T020441, end_date=20250726T020453
[2025-07-26T09:04:53.495+0700] {local_task_job_runner.py:240} INFO - Task exited with return code 0
[2025-07-26T09:04:54.328+0700] {taskinstance.py:3498} INFO - 0 downstream tasks scheduled from follow-on schedule check
[2025-07-26T09:04:54.385+0700] {local_task_job_runner.py:222} INFO - ::endgroup::
