[2025-07-25T19:19:33.075+0700] {local_task_job_runner.py:120} INFO - ::group::Pre task execution logs
[2025-07-25T19:19:35.608+0700] {taskinstance.py:2076} INFO - Dependencies all met for dep_context=non-requeueable deps ti=<TaskInstance: etl_local_postgres_pipeline.load_songplays_fact_table manual__2025-07-25T09:11:48.604341+00:00 [queued]>
[2025-07-25T19:19:35.977+0700] {taskinstance.py:2076} INFO - Dependencies all met for dep_context=requeueable deps ti=<TaskInstance: etl_local_postgres_pipeline.load_songplays_fact_table manual__2025-07-25T09:11:48.604341+00:00 [queued]>
[2025-07-25T19:19:35.977+0700] {taskinstance.py:2306} INFO - Starting attempt 1 of 4
[2025-07-25T19:19:37.948+0700] {taskinstance.py:2330} INFO - Executing <Task(PythonOperator): load_songplays_fact_table> on 2025-07-25 09:11:48.604341+00:00
[2025-07-25T19:19:37.963+0700] {standard_task_runner.py:90} INFO - Running: ['airflow', 'tasks', 'run', 'etl_local_postgres_pipeline', 'load_songplays_fact_table', 'manual__2025-07-25T09:11:48.604341+00:00', '--job-id', '103', '--raw', '--subdir', 'DAGS_FOLDER/etl_pipeline_pjt.py', '--cfg-path', '/tmp/tmp04o5l8fs']
[2025-07-25T19:19:37.965+0700] {standard_task_runner.py:91} INFO - Job 103: Subtask load_songplays_fact_table
[2025-07-25T19:19:37.966+0700] {logging_mixin.py:188} WARNING - /home/ngtph/airflow/airflow_venv/lib/python3.12/site-packages/airflow/task/task_runner/standard_task_runner.py:61 DeprecationWarning: This process (pid=20254) is multi-threaded, use of fork() may lead to deadlocks in the child.
[2025-07-25T19:19:37.966+0700] {standard_task_runner.py:63} INFO - Started process 20263 to run task
[2025-07-25T19:19:46.984+0700] {task_command.py:426} INFO - Running <TaskInstance: etl_local_postgres_pipeline.load_songplays_fact_table manual__2025-07-25T09:11:48.604341+00:00 [running]> on host DESKTOP-9M5T9P5.localdomain
[2025-07-25T19:19:53.352+0700] {taskinstance.py:2648} INFO - Exporting env vars: AIRFLOW_CTX_DAG_OWNER='phuongnt226' AIRFLOW_CTX_DAG_ID='etl_local_postgres_pipeline' AIRFLOW_CTX_TASK_ID='load_songplays_fact_table' AIRFLOW_CTX_EXECUTION_DATE='2025-07-25T09:11:48.604341+00:00' AIRFLOW_CTX_TRY_NUMBER='1' AIRFLOW_CTX_DAG_RUN_ID='manual__2025-07-25T09:11:48.604341+00:00'
[2025-07-25T19:19:53.352+0700] {taskinstance.py:430} INFO - ::endgroup::
[2025-07-25T19:19:55.082+0700] {base.py:84} INFO - Using connection ID 'postgres_id' for task execution.
[2025-07-25T19:19:55.728+0700] {sql.py:470} INFO - Running statement: 
        SELECT
                md5(events.sessionid || events.start_time) songplay_id,
                events.start_time, 
                events.userid, 
                events.level, 
                songs.song_id, 
                songs.artist_id, 
                events.sessionid, 
                events.location, 
                events.useragent
                FROM (SELECT TIMESTAMP 'epoch' + ts/1000 * interval '1 second' AS start_time, *
            FROM staging_events
            WHERE page='NextSong') events
            LEFT JOIN staging_songs songs
            ON events.song = songs.title
                AND events.artist = songs.artist_name
                AND events.length = songs.duration
    , parameters: None
[2025-07-25T19:19:55.855+0700] {taskinstance.py:441} INFO - ::group::Post task execution logs
[2025-07-25T19:19:55.856+0700] {taskinstance.py:2905} ERROR - Task failed with exception
Traceback (most recent call last):
  File "/home/ngtph/airflow/airflow_venv/lib/python3.12/site-packages/airflow/models/taskinstance.py", line 465, in _execute_task
    result = _execute_callable(context=context, **execute_callable_kwargs)
             ^^^^^^^^^^^^^^^^^^^^^^^^^^^^^^^^^^^^^^^^^^^^^^^^^^^^^^^^^^^^^
  File "/home/ngtph/airflow/airflow_venv/lib/python3.12/site-packages/airflow/models/taskinstance.py", line 432, in _execute_callable
    return execute_callable(context=context, **execute_callable_kwargs)
           ^^^^^^^^^^^^^^^^^^^^^^^^^^^^^^^^^^^^^^^^^^^^^^^^^^^^^^^^^^^^
  File "/home/ngtph/airflow/airflow_venv/lib/python3.12/site-packages/airflow/models/baseoperator.py", line 400, in wrapper
    return func(self, *args, **kwargs)
           ^^^^^^^^^^^^^^^^^^^^^^^^^^^
  File "/home/ngtph/airflow/airflow_venv/lib/python3.12/site-packages/airflow/operators/python.py", line 235, in execute
    return_value = self.execute_callable()
                   ^^^^^^^^^^^^^^^^^^^^^^^
  File "/home/ngtph/airflow/airflow_venv/lib/python3.12/site-packages/airflow/operators/python.py", line 252, in execute_callable
    return self.python_callable(*self.op_args, **self.op_kwargs)
           ^^^^^^^^^^^^^^^^^^^^^^^^^^^^^^^^^^^^^^^^^^^^^^^^^^^^^
  File "/home/ngtph/airflow/dags/etl_pipeline_pjt.py", line 86, in load_songplays_table
    execute_sql(sql_queries.SqlQueries.songplay_table_insert)
  File "/home/ngtph/airflow/dags/etl_pipeline_pjt.py", line 17, in execute_sql
    hook.run(sql_statement)
  File "/home/ngtph/airflow/airflow_venv/lib/python3.12/site-packages/airflow/providers/common/sql/hooks/sql.py", line 418, in run
    self._run_command(cur, sql_statement, parameters)
  File "/home/ngtph/airflow/airflow_venv/lib/python3.12/site-packages/airflow/providers/common/sql/hooks/sql.py", line 475, in _run_command
    cur.execute(sql_statement)
psycopg2.errors.UndefinedFunction: operator does not exist: integer || timestamp without time zone
LINE 3:                 md5(events.sessionid || events.start_time) s...
                                             ^
HINT:  No operator matches the given name and argument types. You might need to add explicit type casts.

[2025-07-25T19:19:56.535+0700] {taskinstance.py:1206} INFO - Marking task as UP_FOR_RETRY. dag_id=etl_local_postgres_pipeline, task_id=load_songplays_fact_table, run_id=manual__2025-07-25T09:11:48.604341+00:00, execution_date=20250725T091148, start_date=20250725T121935, end_date=20250725T121956
[2025-07-25T19:19:56.784+0700] {standard_task_runner.py:110} ERROR - Failed to execute job 103 for task load_songplays_fact_table (operator does not exist: integer || timestamp without time zone
LINE 3:                 md5(events.sessionid || events.start_time) s...
                                             ^
HINT:  No operator matches the given name and argument types. You might need to add explicit type casts.
; 20263)
[2025-07-25T19:19:56.806+0700] {local_task_job_runner.py:240} INFO - Task exited with return code 1
[2025-07-25T19:19:57.582+0700] {taskinstance.py:3498} INFO - 0 downstream tasks scheduled from follow-on schedule check
[2025-07-25T19:19:57.627+0700] {local_task_job_runner.py:222} INFO - ::endgroup::
