[2025-07-26T09:00:45.499+0700] {local_task_job_runner.py:120} INFO - ::group::Pre task execution logs
[2025-07-26T09:00:47.222+0700] {taskinstance.py:2076} INFO - Dependencies all met for dep_context=non-requeueable deps ti=<TaskInstance: etl_local_postgres_pipeline.run_data_quality_check scheduled__2025-07-26T01:00:00+00:00 [queued]>
[2025-07-26T09:00:47.435+0700] {taskinstance.py:2076} INFO - Dependencies all met for dep_context=requeueable deps ti=<TaskInstance: etl_local_postgres_pipeline.run_data_quality_check scheduled__2025-07-26T01:00:00+00:00 [queued]>
[2025-07-26T09:00:47.435+0700] {taskinstance.py:2306} INFO - Starting attempt 1 of 4
[2025-07-26T09:00:47.712+0700] {taskinstance.py:2330} INFO - Executing <Task(PythonOperator): run_data_quality_check> on 2025-07-26 01:00:00+00:00
[2025-07-26T09:00:47.718+0700] {logging_mixin.py:188} WARNING - /home/ngtph/airflow/airflow_venv/lib/python3.12/site-packages/airflow/task/task_runner/standard_task_runner.py:61 DeprecationWarning: This process (pid=6585) is multi-threaded, use of fork() may lead to deadlocks in the child.
[2025-07-26T09:00:47.719+0700] {standard_task_runner.py:63} INFO - Started process 6595 to run task
[2025-07-26T09:00:47.718+0700] {standard_task_runner.py:90} INFO - Running: ['airflow', 'tasks', 'run', 'etl_local_postgres_pipeline', 'run_data_quality_check', 'scheduled__2025-07-26T01:00:00+00:00', '--job-id', '537', '--raw', '--subdir', 'DAGS_FOLDER/etl_pipeline_pjt.py', '--cfg-path', '/tmp/tmpmhm203g6']
[2025-07-26T09:00:47.720+0700] {standard_task_runner.py:91} INFO - Job 537: Subtask run_data_quality_check
[2025-07-26T09:00:51.288+0700] {task_command.py:426} INFO - Running <TaskInstance: etl_local_postgres_pipeline.run_data_quality_check scheduled__2025-07-26T01:00:00+00:00 [running]> on host DESKTOP-9M5T9P5.localdomain
[2025-07-26T09:00:56.988+0700] {taskinstance.py:2648} INFO - Exporting env vars: AIRFLOW_CTX_DAG_OWNER='phuongnt226' AIRFLOW_CTX_DAG_ID='etl_local_postgres_pipeline' AIRFLOW_CTX_TASK_ID='run_data_quality_check' AIRFLOW_CTX_EXECUTION_DATE='2025-07-26T01:00:00+00:00' AIRFLOW_CTX_TRY_NUMBER='1' AIRFLOW_CTX_DAG_RUN_ID='scheduled__2025-07-26T01:00:00+00:00'
[2025-07-26T09:00:56.989+0700] {taskinstance.py:430} INFO - ::endgroup::
[2025-07-26T09:00:57.834+0700] {base.py:84} INFO - Using connection ID 'postgres_id' for task execution.
[2025-07-26T09:00:58.441+0700] {logging_mixin.py:188} INFO - Checking data quality for table: songplays
[2025-07-26T09:00:58.553+0700] {logging_mixin.py:188} INFO - Table songplays passed with 6820 records.
[2025-07-26T09:00:58.554+0700] {logging_mixin.py:188} INFO - Checking data quality for table: users
[2025-07-26T09:00:58.600+0700] {logging_mixin.py:188} INFO - Table users passed with 96 records.
[2025-07-26T09:00:58.600+0700] {logging_mixin.py:188} INFO - Checking data quality for table: songs
[2025-07-26T09:00:58.649+0700] {logging_mixin.py:188} INFO - Table songs passed with 71 records.
[2025-07-26T09:00:58.649+0700] {logging_mixin.py:188} INFO - Checking data quality for table: artists
[2025-07-26T09:00:58.696+0700] {logging_mixin.py:188} INFO - Table artists passed with 69 records.
[2025-07-26T09:00:58.697+0700] {logging_mixin.py:188} INFO - Checking data quality for table: time
[2025-07-26T09:00:58.745+0700] {logging_mixin.py:188} INFO - Table time passed with 6813 records.
[2025-07-26T09:00:58.746+0700] {logging_mixin.py:188} INFO - Finished data quality checks.
[2025-07-26T09:00:58.746+0700] {python.py:237} INFO - Done. Returned value was: None
[2025-07-26T09:00:58.747+0700] {taskinstance.py:441} INFO - ::group::Post task execution logs
[2025-07-26T09:01:00.372+0700] {taskinstance.py:1206} INFO - Marking task as SUCCESS. dag_id=etl_local_postgres_pipeline, task_id=run_data_quality_check, run_id=scheduled__2025-07-26T01:00:00+00:00, execution_date=20250726T010000, start_date=20250726T020047, end_date=20250726T020100
[2025-07-26T09:01:02.548+0700] {local_task_job_runner.py:240} INFO - Task exited with return code 0
[2025-07-26T09:01:03.304+0700] {local_task_job_runner.py:222} INFO - ::endgroup::
