[2025-07-25T16:10:03.974+0700] {taskinstance.py:1956} INFO - Dependencies all met for dep_context=non-requeueable deps ti=<TaskInstance: etl_local_postgres_pipeline.stage_events scheduled__2025-07-25T08:00:00+00:00 [queued]>
[2025-07-25T16:10:04.180+0700] {taskinstance.py:1956} INFO - Dependencies all met for dep_context=requeueable deps ti=<TaskInstance: etl_local_postgres_pipeline.stage_events scheduled__2025-07-25T08:00:00+00:00 [queued]>
[2025-07-25T16:10:04.181+0700] {taskinstance.py:2170} INFO - Starting attempt 2 of 4
[2025-07-25T16:10:04.436+0700] {taskinstance.py:2191} INFO - Executing <Task(PythonOperator): stage_events> on 2025-07-25 08:00:00+00:00
[2025-07-25T16:10:04.442+0700] {standard_task_runner.py:60} INFO - Started process 11203 to run task
[2025-07-25T16:10:04.445+0700] {standard_task_runner.py:87} INFO - Running: ['airflow', 'tasks', 'run', 'etl_local_postgres_pipeline', 'stage_events', 'scheduled__2025-07-25T08:00:00+00:00', '--job-id', '12', '--raw', '--subdir', 'DAGS_FOLDER/etl_pipeline_pjt.py', '--cfg-path', '/tmp/tmpjxlfu_dw']
[2025-07-25T16:10:04.447+0700] {standard_task_runner.py:88} INFO - Job 12: Subtask stage_events
[2025-07-25T16:10:08.293+0700] {task_command.py:423} INFO - Running <TaskInstance: etl_local_postgres_pipeline.stage_events scheduled__2025-07-25T08:00:00+00:00 [running]> on host DESKTOP-9M5T9P5.localdomain
[2025-07-25T16:10:15.000+0700] {taskinstance.py:2480} INFO - Exporting env vars: AIRFLOW_CTX_DAG_OWNER='phuongnt226' AIRFLOW_CTX_DAG_ID='etl_local_postgres_pipeline' AIRFLOW_CTX_TASK_ID='stage_events' AIRFLOW_CTX_EXECUTION_DATE='2025-07-25T08:00:00+00:00' AIRFLOW_CTX_TRY_NUMBER='2' AIRFLOW_CTX_DAG_RUN_ID='scheduled__2025-07-25T08:00:00+00:00'
[2025-07-25T16:10:15.601+0700] {logging_mixin.py:188} INFO - Find out 30 envent files.
[2025-07-25T16:10:15.602+0700] {logging_mixin.py:188} INFO - Close connection to stage_events.
[2025-07-25T16:10:15.602+0700] {taskinstance.py:2698} ERROR - Task failed with exception
Traceback (most recent call last):
  File "/home/ngtph/airflow/airflow_venv/lib/python3.11/site-packages/airflow/models/taskinstance.py", line 433, in _execute_task
    result = execute_callable(context=context, **execute_callable_kwargs)
             ^^^^^^^^^^^^^^^^^^^^^^^^^^^^^^^^^^^^^^^^^^^^^^^^^^^^^^^^^^^^
  File "/home/ngtph/airflow/airflow_venv/lib/python3.11/site-packages/airflow/operators/python.py", line 199, in execute
    return_value = self.execute_callable()
                   ^^^^^^^^^^^^^^^^^^^^^^^
  File "/home/ngtph/airflow/airflow_venv/lib/python3.11/site-packages/airflow/operators/python.py", line 216, in execute_callable
    return self.python_callable(*self.op_args, **self.op_kwargs)
           ^^^^^^^^^^^^^^^^^^^^^^^^^^^^^^^^^^^^^^^^^^^^^^^^^^^^^
  File "/home/ngtph/airflow/dags/etl_pipeline_pjt.py", line 73, in stage_events_to_postgres
    cur.execute(sql_queries.SqlQueries.event_table_insert, (
                ^^^^^^^^^^^^^^^^^^^^^^^^^^^^^^^^^^^^^^^^^
AttributeError: type object 'SqlQueries' has no attribute 'event_table_insert'
[2025-07-25T16:10:19.573+0700] {taskinstance.py:1138} INFO - Marking task as UP_FOR_RETRY. dag_id=etl_local_postgres_pipeline, task_id=stage_events, execution_date=20250725T080000, start_date=20250725T091003, end_date=20250725T091019
[2025-07-25T16:10:19.966+0700] {standard_task_runner.py:107} ERROR - Failed to execute job 12 for task stage_events (type object 'SqlQueries' has no attribute 'event_table_insert'; 11203)
[2025-07-25T16:10:20.010+0700] {local_task_job_runner.py:234} INFO - Task exited with return code 1
[2025-07-25T16:10:20.739+0700] {taskinstance.py:3280} INFO - 0 downstream tasks scheduled from follow-on schedule check
