[2025-07-26T08:49:20.377+0700] {local_task_job_runner.py:120} INFO - ::group::Pre task execution logs
[2025-07-26T08:49:22.701+0700] {taskinstance.py:2076} INFO - Dependencies all met for dep_context=non-requeueable deps ti=<TaskInstance: etl_local_postgres_pipeline.stage_events scheduled__2025-07-26T00:00:00+00:00 [queued]>
[2025-07-26T08:49:23.193+0700] {taskinstance.py:2076} INFO - Dependencies all met for dep_context=requeueable deps ti=<TaskInstance: etl_local_postgres_pipeline.stage_events scheduled__2025-07-26T00:00:00+00:00 [queued]>
[2025-07-26T08:49:23.193+0700] {taskinstance.py:2306} INFO - Starting attempt 7 of 10
[2025-07-26T08:49:28.942+0700] {taskinstance.py:2330} INFO - Executing <Task(PythonOperator): stage_events> on 2025-07-26 00:00:00+00:00
[2025-07-26T08:49:28.953+0700] {standard_task_runner.py:90} INFO - Running: ['airflow', 'tasks', 'run', 'etl_local_postgres_pipeline', 'stage_events', 'scheduled__2025-07-26T00:00:00+00:00', '--job-id', '456', '--raw', '--subdir', 'DAGS_FOLDER/etl_pipeline_pjt.py', '--cfg-path', '/tmp/tmpp3mpc016']
[2025-07-26T08:49:28.955+0700] {logging_mixin.py:188} WARNING - /home/ngtph/airflow/airflow_venv/lib/python3.12/site-packages/airflow/task/task_runner/standard_task_runner.py:61 DeprecationWarning: This process (pid=6224) is multi-threaded, use of fork() may lead to deadlocks in the child.
[2025-07-26T08:49:28.955+0700] {standard_task_runner.py:91} INFO - Job 456: Subtask stage_events
[2025-07-26T08:49:28.955+0700] {standard_task_runner.py:63} INFO - Started process 6242 to run task
[2025-07-26T08:49:37.804+0700] {task_command.py:426} INFO - Running <TaskInstance: etl_local_postgres_pipeline.stage_events scheduled__2025-07-26T00:00:00+00:00 [running]> on host DESKTOP-9M5T9P5.localdomain
[2025-07-26T08:49:53.321+0700] {taskinstance.py:2648} INFO - Exporting env vars: AIRFLOW_CTX_DAG_OWNER='phuongnt226' AIRFLOW_CTX_DAG_ID='etl_local_postgres_pipeline' AIRFLOW_CTX_TASK_ID='stage_events' AIRFLOW_CTX_EXECUTION_DATE='2025-07-26T00:00:00+00:00' AIRFLOW_CTX_TRY_NUMBER='7' AIRFLOW_CTX_DAG_RUN_ID='scheduled__2025-07-26T00:00:00+00:00'
[2025-07-26T08:49:53.321+0700] {taskinstance.py:430} INFO - ::endgroup::
[2025-07-26T08:49:54.515+0700] {base.py:84} INFO - Using connection ID 'postgres_id' for task execution.
[2025-07-26T08:49:55.505+0700] {logging_mixin.py:188} INFO - Found 30 files in /home/ngtph/airflow/data/log_data
[2025-07-26T08:49:55.700+0700] {logging_mixin.py:188} INFO - Skipped (already processed): /home/ngtph/airflow/data/log_data/2018-11-08-events.json
[2025-07-26T08:49:55.809+0700] {logging_mixin.py:188} INFO - Skipped (already processed): /home/ngtph/airflow/data/log_data/2018-11-15-events.json
[2025-07-26T08:49:55.902+0700] {logging_mixin.py:188} INFO - Skipped (already processed): /home/ngtph/airflow/data/log_data/2018-11-07-events.json
[2025-07-26T08:49:56.000+0700] {logging_mixin.py:188} INFO - Skipped (already processed): /home/ngtph/airflow/data/log_data/2018-11-17-events.json
[2025-07-26T08:49:56.098+0700] {logging_mixin.py:188} INFO - Skipped (already processed): /home/ngtph/airflow/data/log_data/2018-11-06-events.json
[2025-07-26T08:49:56.155+0700] {logging_mixin.py:188} INFO - Skipped (already processed): /home/ngtph/airflow/data/log_data/2018-11-29-events.json
[2025-07-26T08:49:56.213+0700] {logging_mixin.py:188} INFO - Skipped (already processed): /home/ngtph/airflow/data/log_data/2018-11-03-events.json
[2025-07-26T08:49:56.295+0700] {logging_mixin.py:188} INFO - Skipped (already processed): /home/ngtph/airflow/data/log_data/2018-11-25-events.json
[2025-07-26T08:49:56.397+0700] {logging_mixin.py:188} INFO - Skipped (already processed): /home/ngtph/airflow/data/log_data/2018-11-12-events.json
[2025-07-26T08:49:56.497+0700] {logging_mixin.py:188} INFO - Skipped (already processed): /home/ngtph/airflow/data/log_data/2018-11-19-events.json
[2025-07-26T08:49:56.554+0700] {logging_mixin.py:188} INFO - Skipped (already processed): /home/ngtph/airflow/data/log_data/2018-11-24-events.json
[2025-07-26T08:49:56.693+0700] {logging_mixin.py:188} INFO - Skipped (already processed): /home/ngtph/airflow/data/log_data/2018-11-16-events.json
[2025-07-26T08:49:56.749+0700] {logging_mixin.py:188} INFO - Skipped (already processed): /home/ngtph/airflow/data/log_data/2018-11-28-events.json
[2025-07-26T08:49:56.805+0700] {logging_mixin.py:188} INFO - Skipped (already processed): /home/ngtph/airflow/data/log_data/2018-11-26-events.json
[2025-07-26T08:49:56.862+0700] {logging_mixin.py:188} INFO - Skipped (already processed): /home/ngtph/airflow/data/log_data/2018-11-23-events.json
[2025-07-26T08:49:56.919+0700] {logging_mixin.py:188} INFO - Skipped (already processed): /home/ngtph/airflow/data/log_data/2018-11-05-events.json
[2025-07-26T08:49:56.975+0700] {logging_mixin.py:188} INFO - Skipped (already processed): /home/ngtph/airflow/data/log_data/2018-11-18-events.json
[2025-07-26T08:49:57.030+0700] {logging_mixin.py:188} INFO - Skipped (already processed): /home/ngtph/airflow/data/log_data/2018-11-14-events.json
[2025-07-26T08:49:57.086+0700] {logging_mixin.py:188} INFO - Skipped (already processed): /home/ngtph/airflow/data/log_data/2018-11-27-events.json
[2025-07-26T08:49:57.142+0700] {logging_mixin.py:188} INFO - Skipped (already processed): /home/ngtph/airflow/data/log_data/2018-11-11-events.json
[2025-07-26T08:49:57.197+0700] {logging_mixin.py:188} INFO - Skipped (already processed): /home/ngtph/airflow/data/log_data/2018-11-22-events.json
[2025-07-26T08:49:57.253+0700] {logging_mixin.py:188} INFO - Skipped (already processed): /home/ngtph/airflow/data/log_data/2018-11-01-events.json
[2025-07-26T08:49:57.309+0700] {logging_mixin.py:188} INFO - Skipped (already processed): /home/ngtph/airflow/data/log_data/2018-11-09-events.json
[2025-07-26T08:49:57.365+0700] {logging_mixin.py:188} INFO - Skipped (already processed): /home/ngtph/airflow/data/log_data/2018-11-04-events.json
[2025-07-26T08:49:57.490+0700] {logging_mixin.py:188} INFO - Skipped (already processed): /home/ngtph/airflow/data/log_data/2018-11-21-events.json
[2025-07-26T08:49:57.584+0700] {logging_mixin.py:188} INFO - Skipped (already processed): /home/ngtph/airflow/data/log_data/2018-11-13-events.json
[2025-07-26T08:49:57.684+0700] {logging_mixin.py:188} INFO - Skipped (already processed): /home/ngtph/airflow/data/log_data/2018-11-20-events.json
[2025-07-26T08:49:57.740+0700] {logging_mixin.py:188} INFO - Skipped (already processed): /home/ngtph/airflow/data/log_data/2018-11-02-events.json
[2025-07-26T08:49:57.796+0700] {logging_mixin.py:188} INFO - Skipped (already processed): /home/ngtph/airflow/data/log_data/2018-11-10-events.json
[2025-07-26T08:49:57.882+0700] {logging_mixin.py:188} INFO - Skipped (already processed): /home/ngtph/airflow/data/log_data/2018-11-30-events.json
[2025-07-26T08:49:57.981+0700] {logging_mixin.py:188} INFO - Finished stage_events_to_postgres
[2025-07-26T08:49:57.981+0700] {python.py:237} INFO - Done. Returned value was: None
[2025-07-26T08:49:57.982+0700] {taskinstance.py:441} INFO - ::group::Post task execution logs
[2025-07-26T08:49:59.672+0700] {taskinstance.py:1206} INFO - Marking task as SUCCESS. dag_id=etl_local_postgres_pipeline, task_id=stage_events, run_id=scheduled__2025-07-26T00:00:00+00:00, execution_date=20250726T000000, start_date=20250726T014922, end_date=20250726T014959
[2025-07-26T08:50:00.488+0700] {local_task_job_runner.py:240} INFO - Task exited with return code 0
[2025-07-26T08:50:03.123+0700] {taskinstance.py:3498} INFO - 0 downstream tasks scheduled from follow-on schedule check
[2025-07-26T08:50:03.238+0700] {local_task_job_runner.py:222} INFO - ::endgroup::
