[2025-07-26T08:04:36.926+0700] {local_task_job_runner.py:120} INFO - ::group::Pre task execution logs
[2025-07-26T08:04:37.750+0700] {taskinstance.py:2076} INFO - Dependencies all met for dep_context=non-requeueable deps ti=<TaskInstance: etl_local_postgres_pipeline.stage_events scheduled__2025-07-26T00:00:00+00:00 [queued]>
[2025-07-26T08:04:37.990+0700] {taskinstance.py:2076} INFO - Dependencies all met for dep_context=requeueable deps ti=<TaskInstance: etl_local_postgres_pipeline.stage_events scheduled__2025-07-26T00:00:00+00:00 [queued]>
[2025-07-26T08:04:37.991+0700] {taskinstance.py:2306} INFO - Starting attempt 6 of 9
[2025-07-26T08:04:38.424+0700] {taskinstance.py:2330} INFO - Executing <Task(PythonOperator): stage_events> on 2025-07-26 00:00:00+00:00
[2025-07-26T08:04:38.430+0700] {logging_mixin.py:188} WARNING - /home/ngtph/airflow/airflow_venv/lib/python3.12/site-packages/airflow/task/task_runner/standard_task_runner.py:61 DeprecationWarning: This process (pid=5433) is multi-threaded, use of fork() may lead to deadlocks in the child.
[2025-07-26T08:04:38.429+0700] {standard_task_runner.py:90} INFO - Running: ['airflow', 'tasks', 'run', 'etl_local_postgres_pipeline', 'stage_events', 'scheduled__2025-07-26T00:00:00+00:00', '--job-id', '385', '--raw', '--subdir', 'DAGS_FOLDER/etl_pipeline_pjt.py', '--cfg-path', '/tmp/tmpz9wfppll']
[2025-07-26T08:04:38.431+0700] {standard_task_runner.py:91} INFO - Job 385: Subtask stage_events
[2025-07-26T08:04:38.431+0700] {standard_task_runner.py:63} INFO - Started process 5443 to run task
[2025-07-26T08:04:41.345+0700] {task_command.py:426} INFO - Running <TaskInstance: etl_local_postgres_pipeline.stage_events scheduled__2025-07-26T00:00:00+00:00 [running]> on host DESKTOP-9M5T9P5.localdomain
[2025-07-26T08:04:45.687+0700] {taskinstance.py:2648} INFO - Exporting env vars: AIRFLOW_CTX_DAG_OWNER='phuongnt226' AIRFLOW_CTX_DAG_ID='etl_local_postgres_pipeline' AIRFLOW_CTX_TASK_ID='stage_events' AIRFLOW_CTX_EXECUTION_DATE='2025-07-26T00:00:00+00:00' AIRFLOW_CTX_TRY_NUMBER='6' AIRFLOW_CTX_DAG_RUN_ID='scheduled__2025-07-26T00:00:00+00:00'
[2025-07-26T08:04:45.688+0700] {taskinstance.py:430} INFO - ::endgroup::
[2025-07-26T08:04:46.465+0700] {base.py:84} INFO - Using connection ID 'postgres_id' for task execution.
[2025-07-26T08:04:47.130+0700] {logging_mixin.py:188} INFO - Found 30 files in /home/ngtph/airflow/data/log_data
[2025-07-26T08:04:47.253+0700] {logging_mixin.py:188} INFO - Skipped (already processed): /home/ngtph/airflow/data/log_data/2018-11-08-events.json
[2025-07-26T08:04:47.315+0700] {logging_mixin.py:188} INFO - Skipped (already processed): /home/ngtph/airflow/data/log_data/2018-11-15-events.json
[2025-07-26T08:04:47.378+0700] {logging_mixin.py:188} INFO - Skipped (already processed): /home/ngtph/airflow/data/log_data/2018-11-07-events.json
[2025-07-26T08:04:47.442+0700] {logging_mixin.py:188} INFO - Skipped (already processed): /home/ngtph/airflow/data/log_data/2018-11-17-events.json
[2025-07-26T08:04:47.506+0700] {logging_mixin.py:188} INFO - Skipped (already processed): /home/ngtph/airflow/data/log_data/2018-11-06-events.json
[2025-07-26T08:04:47.569+0700] {logging_mixin.py:188} INFO - Skipped (already processed): /home/ngtph/airflow/data/log_data/2018-11-29-events.json
[2025-07-26T08:04:47.636+0700] {logging_mixin.py:188} INFO - Skipped (already processed): /home/ngtph/airflow/data/log_data/2018-11-03-events.json
[2025-07-26T08:04:47.699+0700] {logging_mixin.py:188} INFO - Skipped (already processed): /home/ngtph/airflow/data/log_data/2018-11-25-events.json
[2025-07-26T08:04:47.762+0700] {logging_mixin.py:188} INFO - Skipped (already processed): /home/ngtph/airflow/data/log_data/2018-11-12-events.json
[2025-07-26T08:04:47.825+0700] {logging_mixin.py:188} INFO - Skipped (already processed): /home/ngtph/airflow/data/log_data/2018-11-19-events.json
[2025-07-26T08:04:47.888+0700] {logging_mixin.py:188} INFO - Skipped (already processed): /home/ngtph/airflow/data/log_data/2018-11-24-events.json
[2025-07-26T08:04:47.952+0700] {logging_mixin.py:188} INFO - Skipped (already processed): /home/ngtph/airflow/data/log_data/2018-11-16-events.json
[2025-07-26T08:04:48.014+0700] {logging_mixin.py:188} INFO - Skipped (already processed): /home/ngtph/airflow/data/log_data/2018-11-28-events.json
[2025-07-26T08:04:48.076+0700] {logging_mixin.py:188} INFO - Skipped (already processed): /home/ngtph/airflow/data/log_data/2018-11-26-events.json
[2025-07-26T08:04:48.140+0700] {logging_mixin.py:188} INFO - Skipped (already processed): /home/ngtph/airflow/data/log_data/2018-11-23-events.json
[2025-07-26T08:04:48.202+0700] {logging_mixin.py:188} INFO - Skipped (already processed): /home/ngtph/airflow/data/log_data/2018-11-05-events.json
[2025-07-26T08:04:48.265+0700] {logging_mixin.py:188} INFO - Skipped (already processed): /home/ngtph/airflow/data/log_data/2018-11-18-events.json
[2025-07-26T08:04:48.329+0700] {logging_mixin.py:188} INFO - Skipped (already processed): /home/ngtph/airflow/data/log_data/2018-11-14-events.json
[2025-07-26T08:04:48.410+0700] {logging_mixin.py:188} INFO - Skipped (already processed): /home/ngtph/airflow/data/log_data/2018-11-27-events.json
[2025-07-26T08:04:48.472+0700] {logging_mixin.py:188} INFO - Skipped (already processed): /home/ngtph/airflow/data/log_data/2018-11-11-events.json
[2025-07-26T08:04:48.536+0700] {logging_mixin.py:188} INFO - Skipped (already processed): /home/ngtph/airflow/data/log_data/2018-11-22-events.json
[2025-07-26T08:04:48.601+0700] {logging_mixin.py:188} INFO - Skipped (already processed): /home/ngtph/airflow/data/log_data/2018-11-01-events.json
[2025-07-26T08:04:48.664+0700] {logging_mixin.py:188} INFO - Skipped (already processed): /home/ngtph/airflow/data/log_data/2018-11-09-events.json
[2025-07-26T08:04:48.726+0700] {logging_mixin.py:188} INFO - Skipped (already processed): /home/ngtph/airflow/data/log_data/2018-11-04-events.json
[2025-07-26T08:04:48.789+0700] {logging_mixin.py:188} INFO - Skipped (already processed): /home/ngtph/airflow/data/log_data/2018-11-21-events.json
[2025-07-26T08:04:48.852+0700] {logging_mixin.py:188} INFO - Skipped (already processed): /home/ngtph/airflow/data/log_data/2018-11-13-events.json
[2025-07-26T08:04:48.916+0700] {logging_mixin.py:188} INFO - Skipped (already processed): /home/ngtph/airflow/data/log_data/2018-11-20-events.json
[2025-07-26T08:04:48.979+0700] {logging_mixin.py:188} INFO - Skipped (already processed): /home/ngtph/airflow/data/log_data/2018-11-02-events.json
[2025-07-26T08:04:49.042+0700] {logging_mixin.py:188} INFO - Skipped (already processed): /home/ngtph/airflow/data/log_data/2018-11-10-events.json
[2025-07-26T08:04:49.108+0700] {logging_mixin.py:188} INFO - Skipped (already processed): /home/ngtph/airflow/data/log_data/2018-11-30-events.json
[2025-07-26T08:04:49.170+0700] {logging_mixin.py:188} INFO - Finished stage_events_to_postgres
[2025-07-26T08:04:49.170+0700] {python.py:237} INFO - Done. Returned value was: None
[2025-07-26T08:04:49.170+0700] {taskinstance.py:441} INFO - ::group::Post task execution logs
[2025-07-26T08:04:49.886+0700] {taskinstance.py:1206} INFO - Marking task as SUCCESS. dag_id=etl_local_postgres_pipeline, task_id=stage_events, run_id=scheduled__2025-07-26T00:00:00+00:00, execution_date=20250726T000000, start_date=20250726T010437, end_date=20250726T010449
[2025-07-26T08:04:50.191+0700] {local_task_job_runner.py:240} INFO - Task exited with return code 0
[2025-07-26T08:04:51.010+0700] {local_task_job_runner.py:222} INFO - ::endgroup::
