[2025-07-25T15:32:04.205+0700] {processor.py:161} INFO - Started process (PID=7118) to work on /home/ngtph/airflow/airflow_venv/lib/python3.11/site-packages/airflow/example_dags/example_kubernetes_executor.py
[2025-07-25T15:32:04.206+0700] {processor.py:830} INFO - Processing file /home/ngtph/airflow/airflow_venv/lib/python3.11/site-packages/airflow/example_dags/example_kubernetes_executor.py for tasks to queue
[2025-07-25T15:32:04.206+0700] {logging_mixin.py:188} INFO - [2025-07-25T15:32:04.206+0700] {dagbag.py:538} INFO - Filling up the DagBag from /home/ngtph/airflow/airflow_venv/lib/python3.11/site-packages/airflow/example_dags/example_kubernetes_executor.py
[2025-07-25T15:32:04.209+0700] {logging_mixin.py:188} INFO - [2025-07-25T15:32:04.209+0700] {example_kubernetes_executor.py:38} WARNING - The example_kubernetes_executor example DAG requires the kubernetes provider. Please install it with: pip install apache-airflow[cncf.kubernetes]
[2025-07-25T15:32:04.209+0700] {processor.py:842} WARNING - No viable dags retrieved from /home/ngtph/airflow/airflow_venv/lib/python3.11/site-packages/airflow/example_dags/example_kubernetes_executor.py
[2025-07-25T15:32:04.216+0700] {processor.py:183} INFO - Processing /home/ngtph/airflow/airflow_venv/lib/python3.11/site-packages/airflow/example_dags/example_kubernetes_executor.py took 0.013 seconds
[2025-07-25T15:33:00.132+0700] {processor.py:161} INFO - Started process (PID=7176) to work on /home/ngtph/airflow/airflow_venv/lib/python3.11/site-packages/airflow/example_dags/example_kubernetes_executor.py
[2025-07-25T15:33:00.133+0700] {processor.py:830} INFO - Processing file /home/ngtph/airflow/airflow_venv/lib/python3.11/site-packages/airflow/example_dags/example_kubernetes_executor.py for tasks to queue
[2025-07-25T15:33:00.134+0700] {logging_mixin.py:188} INFO - [2025-07-25T15:33:00.134+0700] {dagbag.py:538} INFO - Filling up the DagBag from /home/ngtph/airflow/airflow_venv/lib/python3.11/site-packages/airflow/example_dags/example_kubernetes_executor.py
[2025-07-25T15:33:00.137+0700] {logging_mixin.py:188} INFO - [2025-07-25T15:33:00.136+0700] {example_kubernetes_executor.py:38} WARNING - The example_kubernetes_executor example DAG requires the kubernetes provider. Please install it with: pip install apache-airflow[cncf.kubernetes]
[2025-07-25T15:33:00.137+0700] {processor.py:842} WARNING - No viable dags retrieved from /home/ngtph/airflow/airflow_venv/lib/python3.11/site-packages/airflow/example_dags/example_kubernetes_executor.py
[2025-07-25T15:33:00.144+0700] {processor.py:183} INFO - Processing /home/ngtph/airflow/airflow_venv/lib/python3.11/site-packages/airflow/example_dags/example_kubernetes_executor.py took 0.015 seconds
[2025-07-25T15:33:53.896+0700] {processor.py:161} INFO - Started process (PID=7232) to work on /home/ngtph/airflow/airflow_venv/lib/python3.11/site-packages/airflow/example_dags/example_kubernetes_executor.py
[2025-07-25T15:33:53.897+0700] {processor.py:830} INFO - Processing file /home/ngtph/airflow/airflow_venv/lib/python3.11/site-packages/airflow/example_dags/example_kubernetes_executor.py for tasks to queue
[2025-07-25T15:33:53.898+0700] {logging_mixin.py:188} INFO - [2025-07-25T15:33:53.897+0700] {dagbag.py:538} INFO - Filling up the DagBag from /home/ngtph/airflow/airflow_venv/lib/python3.11/site-packages/airflow/example_dags/example_kubernetes_executor.py
[2025-07-25T15:33:53.900+0700] {logging_mixin.py:188} INFO - [2025-07-25T15:33:53.900+0700] {example_kubernetes_executor.py:38} WARNING - The example_kubernetes_executor example DAG requires the kubernetes provider. Please install it with: pip install apache-airflow[cncf.kubernetes]
[2025-07-25T15:33:53.900+0700] {processor.py:842} WARNING - No viable dags retrieved from /home/ngtph/airflow/airflow_venv/lib/python3.11/site-packages/airflow/example_dags/example_kubernetes_executor.py
[2025-07-25T15:33:53.909+0700] {processor.py:183} INFO - Processing /home/ngtph/airflow/airflow_venv/lib/python3.11/site-packages/airflow/example_dags/example_kubernetes_executor.py took 0.015 seconds
[2025-07-25T15:35:02.401+0700] {processor.py:161} INFO - Started process (PID=7326) to work on /home/ngtph/airflow/airflow_venv/lib/python3.11/site-packages/airflow/example_dags/example_kubernetes_executor.py
[2025-07-25T15:35:02.404+0700] {processor.py:830} INFO - Processing file /home/ngtph/airflow/airflow_venv/lib/python3.11/site-packages/airflow/example_dags/example_kubernetes_executor.py for tasks to queue
[2025-07-25T15:35:02.405+0700] {logging_mixin.py:188} INFO - [2025-07-25T15:35:02.405+0700] {dagbag.py:538} INFO - Filling up the DagBag from /home/ngtph/airflow/airflow_venv/lib/python3.11/site-packages/airflow/example_dags/example_kubernetes_executor.py
[2025-07-25T15:35:02.407+0700] {logging_mixin.py:188} INFO - [2025-07-25T15:35:02.407+0700] {example_kubernetes_executor.py:38} WARNING - The example_kubernetes_executor example DAG requires the kubernetes provider. Please install it with: pip install apache-airflow[cncf.kubernetes]
[2025-07-25T15:35:02.408+0700] {processor.py:842} WARNING - No viable dags retrieved from /home/ngtph/airflow/airflow_venv/lib/python3.11/site-packages/airflow/example_dags/example_kubernetes_executor.py
[2025-07-25T15:35:02.415+0700] {processor.py:183} INFO - Processing /home/ngtph/airflow/airflow_venv/lib/python3.11/site-packages/airflow/example_dags/example_kubernetes_executor.py took 0.016 seconds
[2025-07-25T15:36:03.299+0700] {processor.py:161} INFO - Started process (PID=7404) to work on /home/ngtph/airflow/airflow_venv/lib/python3.11/site-packages/airflow/example_dags/example_kubernetes_executor.py
[2025-07-25T15:36:03.300+0700] {processor.py:830} INFO - Processing file /home/ngtph/airflow/airflow_venv/lib/python3.11/site-packages/airflow/example_dags/example_kubernetes_executor.py for tasks to queue
[2025-07-25T15:36:03.301+0700] {logging_mixin.py:188} INFO - [2025-07-25T15:36:03.301+0700] {dagbag.py:538} INFO - Filling up the DagBag from /home/ngtph/airflow/airflow_venv/lib/python3.11/site-packages/airflow/example_dags/example_kubernetes_executor.py
[2025-07-25T15:36:03.304+0700] {logging_mixin.py:188} INFO - [2025-07-25T15:36:03.303+0700] {example_kubernetes_executor.py:38} WARNING - The example_kubernetes_executor example DAG requires the kubernetes provider. Please install it with: pip install apache-airflow[cncf.kubernetes]
[2025-07-25T15:36:03.304+0700] {processor.py:842} WARNING - No viable dags retrieved from /home/ngtph/airflow/airflow_venv/lib/python3.11/site-packages/airflow/example_dags/example_kubernetes_executor.py
[2025-07-25T15:36:03.313+0700] {processor.py:183} INFO - Processing /home/ngtph/airflow/airflow_venv/lib/python3.11/site-packages/airflow/example_dags/example_kubernetes_executor.py took 0.017 seconds
[2025-07-25T15:41:27.975+0700] {processor.py:161} INFO - Started process (PID=7788) to work on /home/ngtph/airflow/airflow_venv/lib/python3.11/site-packages/airflow/example_dags/example_kubernetes_executor.py
[2025-07-25T15:41:27.976+0700] {processor.py:830} INFO - Processing file /home/ngtph/airflow/airflow_venv/lib/python3.11/site-packages/airflow/example_dags/example_kubernetes_executor.py for tasks to queue
[2025-07-25T15:41:27.977+0700] {logging_mixin.py:188} INFO - [2025-07-25T15:41:27.976+0700] {dagbag.py:538} INFO - Filling up the DagBag from /home/ngtph/airflow/airflow_venv/lib/python3.11/site-packages/airflow/example_dags/example_kubernetes_executor.py
[2025-07-25T15:41:27.979+0700] {logging_mixin.py:188} INFO - [2025-07-25T15:41:27.979+0700] {example_kubernetes_executor.py:38} WARNING - The example_kubernetes_executor example DAG requires the kubernetes provider. Please install it with: pip install apache-airflow[cncf.kubernetes]
[2025-07-25T15:41:27.979+0700] {processor.py:842} WARNING - No viable dags retrieved from /home/ngtph/airflow/airflow_venv/lib/python3.11/site-packages/airflow/example_dags/example_kubernetes_executor.py
[2025-07-25T15:41:30.098+0700] {processor.py:183} INFO - Processing /home/ngtph/airflow/airflow_venv/lib/python3.11/site-packages/airflow/example_dags/example_kubernetes_executor.py took 2.125 seconds
[2025-07-25T15:55:25.625+0700] {processor.py:161} INFO - Started process (PID=8409) to work on /home/ngtph/airflow/airflow_venv/lib/python3.11/site-packages/airflow/example_dags/example_kubernetes_executor.py
[2025-07-25T15:55:25.627+0700] {processor.py:830} INFO - Processing file /home/ngtph/airflow/airflow_venv/lib/python3.11/site-packages/airflow/example_dags/example_kubernetes_executor.py for tasks to queue
[2025-07-25T15:55:25.628+0700] {logging_mixin.py:188} INFO - [2025-07-25T15:55:25.627+0700] {dagbag.py:538} INFO - Filling up the DagBag from /home/ngtph/airflow/airflow_venv/lib/python3.11/site-packages/airflow/example_dags/example_kubernetes_executor.py
[2025-07-25T15:55:25.631+0700] {logging_mixin.py:188} INFO - [2025-07-25T15:55:25.631+0700] {example_kubernetes_executor.py:38} WARNING - The example_kubernetes_executor example DAG requires the kubernetes provider. Please install it with: pip install apache-airflow[cncf.kubernetes]
[2025-07-25T15:55:25.632+0700] {processor.py:842} WARNING - No viable dags retrieved from /home/ngtph/airflow/airflow_venv/lib/python3.11/site-packages/airflow/example_dags/example_kubernetes_executor.py
[2025-07-25T15:55:27.023+0700] {processor.py:183} INFO - Processing /home/ngtph/airflow/airflow_venv/lib/python3.11/site-packages/airflow/example_dags/example_kubernetes_executor.py took 1.400 seconds
[2025-07-25T15:58:53.274+0700] {processor.py:161} INFO - Started process (PID=8962) to work on /home/ngtph/airflow/airflow_venv/lib/python3.11/site-packages/airflow/example_dags/example_kubernetes_executor.py
[2025-07-25T15:58:53.275+0700] {processor.py:830} INFO - Processing file /home/ngtph/airflow/airflow_venv/lib/python3.11/site-packages/airflow/example_dags/example_kubernetes_executor.py for tasks to queue
[2025-07-25T15:58:53.276+0700] {logging_mixin.py:188} INFO - [2025-07-25T15:58:53.276+0700] {dagbag.py:538} INFO - Filling up the DagBag from /home/ngtph/airflow/airflow_venv/lib/python3.11/site-packages/airflow/example_dags/example_kubernetes_executor.py
[2025-07-25T15:58:53.278+0700] {logging_mixin.py:188} INFO - [2025-07-25T15:58:53.278+0700] {example_kubernetes_executor.py:38} WARNING - The example_kubernetes_executor example DAG requires the kubernetes provider. Please install it with: pip install apache-airflow[cncf.kubernetes]
[2025-07-25T15:58:53.279+0700] {processor.py:842} WARNING - No viable dags retrieved from /home/ngtph/airflow/airflow_venv/lib/python3.11/site-packages/airflow/example_dags/example_kubernetes_executor.py
[2025-07-25T15:58:54.537+0700] {processor.py:183} INFO - Processing /home/ngtph/airflow/airflow_venv/lib/python3.11/site-packages/airflow/example_dags/example_kubernetes_executor.py took 1.265 seconds
[2025-07-25T16:03:07.368+0700] {processor.py:161} INFO - Started process (PID=9702) to work on /home/ngtph/airflow/airflow_venv/lib/python3.11/site-packages/airflow/example_dags/example_kubernetes_executor.py
[2025-07-25T16:03:07.369+0700] {processor.py:830} INFO - Processing file /home/ngtph/airflow/airflow_venv/lib/python3.11/site-packages/airflow/example_dags/example_kubernetes_executor.py for tasks to queue
[2025-07-25T16:03:07.370+0700] {logging_mixin.py:188} INFO - [2025-07-25T16:03:07.370+0700] {dagbag.py:538} INFO - Filling up the DagBag from /home/ngtph/airflow/airflow_venv/lib/python3.11/site-packages/airflow/example_dags/example_kubernetes_executor.py
[2025-07-25T16:03:07.375+0700] {logging_mixin.py:188} INFO - [2025-07-25T16:03:07.375+0700] {example_kubernetes_executor.py:38} WARNING - The example_kubernetes_executor example DAG requires the kubernetes provider. Please install it with: pip install apache-airflow[cncf.kubernetes]
[2025-07-25T16:03:07.375+0700] {processor.py:842} WARNING - No viable dags retrieved from /home/ngtph/airflow/airflow_venv/lib/python3.11/site-packages/airflow/example_dags/example_kubernetes_executor.py
[2025-07-25T16:03:09.396+0700] {processor.py:183} INFO - Processing /home/ngtph/airflow/airflow_venv/lib/python3.11/site-packages/airflow/example_dags/example_kubernetes_executor.py took 2.032 seconds
[2025-07-25T16:04:45.647+0700] {processor.py:161} INFO - Started process (PID=10052) to work on /home/ngtph/airflow/airflow_venv/lib/python3.11/site-packages/airflow/example_dags/example_kubernetes_executor.py
[2025-07-25T16:04:45.648+0700] {processor.py:830} INFO - Processing file /home/ngtph/airflow/airflow_venv/lib/python3.11/site-packages/airflow/example_dags/example_kubernetes_executor.py for tasks to queue
[2025-07-25T16:04:45.649+0700] {logging_mixin.py:188} INFO - [2025-07-25T16:04:45.649+0700] {dagbag.py:538} INFO - Filling up the DagBag from /home/ngtph/airflow/airflow_venv/lib/python3.11/site-packages/airflow/example_dags/example_kubernetes_executor.py
[2025-07-25T16:04:45.657+0700] {logging_mixin.py:188} INFO - [2025-07-25T16:04:45.657+0700] {example_kubernetes_executor.py:38} WARNING - The example_kubernetes_executor example DAG requires the kubernetes provider. Please install it with: pip install apache-airflow[cncf.kubernetes]
[2025-07-25T16:04:45.658+0700] {processor.py:842} WARNING - No viable dags retrieved from /home/ngtph/airflow/airflow_venv/lib/python3.11/site-packages/airflow/example_dags/example_kubernetes_executor.py
[2025-07-25T16:04:47.054+0700] {processor.py:183} INFO - Processing /home/ngtph/airflow/airflow_venv/lib/python3.11/site-packages/airflow/example_dags/example_kubernetes_executor.py took 1.410 seconds
[2025-07-25T16:06:19.333+0700] {processor.py:161} INFO - Started process (PID=10353) to work on /home/ngtph/airflow/airflow_venv/lib/python3.11/site-packages/airflow/example_dags/example_kubernetes_executor.py
[2025-07-25T16:06:19.334+0700] {processor.py:830} INFO - Processing file /home/ngtph/airflow/airflow_venv/lib/python3.11/site-packages/airflow/example_dags/example_kubernetes_executor.py for tasks to queue
[2025-07-25T16:06:19.335+0700] {logging_mixin.py:188} INFO - [2025-07-25T16:06:19.335+0700] {dagbag.py:538} INFO - Filling up the DagBag from /home/ngtph/airflow/airflow_venv/lib/python3.11/site-packages/airflow/example_dags/example_kubernetes_executor.py
[2025-07-25T16:06:19.338+0700] {logging_mixin.py:188} INFO - [2025-07-25T16:06:19.338+0700] {example_kubernetes_executor.py:38} WARNING - The example_kubernetes_executor example DAG requires the kubernetes provider. Please install it with: pip install apache-airflow[cncf.kubernetes]
[2025-07-25T16:06:19.338+0700] {processor.py:842} WARNING - No viable dags retrieved from /home/ngtph/airflow/airflow_venv/lib/python3.11/site-packages/airflow/example_dags/example_kubernetes_executor.py
[2025-07-25T16:06:20.928+0700] {processor.py:183} INFO - Processing /home/ngtph/airflow/airflow_venv/lib/python3.11/site-packages/airflow/example_dags/example_kubernetes_executor.py took 1.598 seconds
[2025-07-25T16:08:01.264+0700] {processor.py:161} INFO - Started process (PID=10672) to work on /home/ngtph/airflow/airflow_venv/lib/python3.11/site-packages/airflow/example_dags/example_kubernetes_executor.py
[2025-07-25T16:08:01.265+0700] {processor.py:830} INFO - Processing file /home/ngtph/airflow/airflow_venv/lib/python3.11/site-packages/airflow/example_dags/example_kubernetes_executor.py for tasks to queue
[2025-07-25T16:08:01.266+0700] {logging_mixin.py:188} INFO - [2025-07-25T16:08:01.265+0700] {dagbag.py:538} INFO - Filling up the DagBag from /home/ngtph/airflow/airflow_venv/lib/python3.11/site-packages/airflow/example_dags/example_kubernetes_executor.py
[2025-07-25T16:08:01.269+0700] {logging_mixin.py:188} INFO - [2025-07-25T16:08:01.269+0700] {example_kubernetes_executor.py:38} WARNING - The example_kubernetes_executor example DAG requires the kubernetes provider. Please install it with: pip install apache-airflow[cncf.kubernetes]
[2025-07-25T16:08:01.269+0700] {processor.py:842} WARNING - No viable dags retrieved from /home/ngtph/airflow/airflow_venv/lib/python3.11/site-packages/airflow/example_dags/example_kubernetes_executor.py
[2025-07-25T16:08:02.647+0700] {processor.py:183} INFO - Processing /home/ngtph/airflow/airflow_venv/lib/python3.11/site-packages/airflow/example_dags/example_kubernetes_executor.py took 1.387 seconds
[2025-07-25T16:09:32.120+0700] {processor.py:161} INFO - Started process (PID=10975) to work on /home/ngtph/airflow/airflow_venv/lib/python3.11/site-packages/airflow/example_dags/example_kubernetes_executor.py
[2025-07-25T16:09:32.121+0700] {processor.py:830} INFO - Processing file /home/ngtph/airflow/airflow_venv/lib/python3.11/site-packages/airflow/example_dags/example_kubernetes_executor.py for tasks to queue
[2025-07-25T16:09:32.122+0700] {logging_mixin.py:188} INFO - [2025-07-25T16:09:32.122+0700] {dagbag.py:538} INFO - Filling up the DagBag from /home/ngtph/airflow/airflow_venv/lib/python3.11/site-packages/airflow/example_dags/example_kubernetes_executor.py
[2025-07-25T16:09:32.125+0700] {logging_mixin.py:188} INFO - [2025-07-25T16:09:32.125+0700] {example_kubernetes_executor.py:38} WARNING - The example_kubernetes_executor example DAG requires the kubernetes provider. Please install it with: pip install apache-airflow[cncf.kubernetes]
[2025-07-25T16:09:32.125+0700] {processor.py:842} WARNING - No viable dags retrieved from /home/ngtph/airflow/airflow_venv/lib/python3.11/site-packages/airflow/example_dags/example_kubernetes_executor.py
[2025-07-25T16:09:34.122+0700] {processor.py:183} INFO - Processing /home/ngtph/airflow/airflow_venv/lib/python3.11/site-packages/airflow/example_dags/example_kubernetes_executor.py took 2.004 seconds
[2025-07-25T16:10:50.167+0700] {processor.py:161} INFO - Started process (PID=11372) to work on /home/ngtph/airflow/airflow_venv/lib/python3.11/site-packages/airflow/example_dags/example_kubernetes_executor.py
[2025-07-25T16:10:50.169+0700] {processor.py:830} INFO - Processing file /home/ngtph/airflow/airflow_venv/lib/python3.11/site-packages/airflow/example_dags/example_kubernetes_executor.py for tasks to queue
[2025-07-25T16:10:50.170+0700] {logging_mixin.py:188} INFO - [2025-07-25T16:10:50.170+0700] {dagbag.py:538} INFO - Filling up the DagBag from /home/ngtph/airflow/airflow_venv/lib/python3.11/site-packages/airflow/example_dags/example_kubernetes_executor.py
[2025-07-25T16:10:50.178+0700] {logging_mixin.py:188} INFO - [2025-07-25T16:10:50.177+0700] {example_kubernetes_executor.py:38} WARNING - The example_kubernetes_executor example DAG requires the kubernetes provider. Please install it with: pip install apache-airflow[cncf.kubernetes]
[2025-07-25T16:10:50.178+0700] {processor.py:842} WARNING - No viable dags retrieved from /home/ngtph/airflow/airflow_venv/lib/python3.11/site-packages/airflow/example_dags/example_kubernetes_executor.py
[2025-07-25T16:10:51.431+0700] {processor.py:183} INFO - Processing /home/ngtph/airflow/airflow_venv/lib/python3.11/site-packages/airflow/example_dags/example_kubernetes_executor.py took 1.268 seconds
[2025-07-25T16:11:11.392+0700] {processor.py:161} INFO - Started process (PID=11410) to work on /home/ngtph/airflow/airflow_venv/lib/python3.11/site-packages/airflow/example_dags/example_kubernetes_executor.py
[2025-07-25T16:11:11.392+0700] {processor.py:830} INFO - Processing file /home/ngtph/airflow/airflow_venv/lib/python3.11/site-packages/airflow/example_dags/example_kubernetes_executor.py for tasks to queue
[2025-07-25T16:11:11.393+0700] {logging_mixin.py:188} INFO - [2025-07-25T16:11:11.393+0700] {dagbag.py:538} INFO - Filling up the DagBag from /home/ngtph/airflow/airflow_venv/lib/python3.11/site-packages/airflow/example_dags/example_kubernetes_executor.py
[2025-07-25T16:11:11.397+0700] {logging_mixin.py:188} INFO - [2025-07-25T16:11:11.397+0700] {example_kubernetes_executor.py:38} WARNING - The example_kubernetes_executor example DAG requires the kubernetes provider. Please install it with: pip install apache-airflow[cncf.kubernetes]
[2025-07-25T16:11:11.397+0700] {processor.py:842} WARNING - No viable dags retrieved from /home/ngtph/airflow/airflow_venv/lib/python3.11/site-packages/airflow/example_dags/example_kubernetes_executor.py
[2025-07-25T16:11:12.593+0700] {processor.py:183} INFO - Processing /home/ngtph/airflow/airflow_venv/lib/python3.11/site-packages/airflow/example_dags/example_kubernetes_executor.py took 1.205 seconds
[2025-07-25T16:12:39.142+0700] {processor.py:161} INFO - Started process (PID=11713) to work on /home/ngtph/airflow/airflow_venv/lib/python3.11/site-packages/airflow/example_dags/example_kubernetes_executor.py
[2025-07-25T16:12:39.143+0700] {processor.py:830} INFO - Processing file /home/ngtph/airflow/airflow_venv/lib/python3.11/site-packages/airflow/example_dags/example_kubernetes_executor.py for tasks to queue
[2025-07-25T16:12:39.143+0700] {logging_mixin.py:188} INFO - [2025-07-25T16:12:39.143+0700] {dagbag.py:538} INFO - Filling up the DagBag from /home/ngtph/airflow/airflow_venv/lib/python3.11/site-packages/airflow/example_dags/example_kubernetes_executor.py
[2025-07-25T16:12:39.146+0700] {logging_mixin.py:188} INFO - [2025-07-25T16:12:39.146+0700] {example_kubernetes_executor.py:38} WARNING - The example_kubernetes_executor example DAG requires the kubernetes provider. Please install it with: pip install apache-airflow[cncf.kubernetes]
[2025-07-25T16:12:39.147+0700] {processor.py:842} WARNING - No viable dags retrieved from /home/ngtph/airflow/airflow_venv/lib/python3.11/site-packages/airflow/example_dags/example_kubernetes_executor.py
[2025-07-25T16:12:40.397+0700] {processor.py:183} INFO - Processing /home/ngtph/airflow/airflow_venv/lib/python3.11/site-packages/airflow/example_dags/example_kubernetes_executor.py took 1.258 seconds
[2025-07-25T16:12:48.399+0700] {processor.py:161} INFO - Started process (PID=11727) to work on /home/ngtph/airflow/airflow_venv/lib/python3.11/site-packages/airflow/example_dags/example_kubernetes_executor.py
[2025-07-25T16:12:48.400+0700] {processor.py:830} INFO - Processing file /home/ngtph/airflow/airflow_venv/lib/python3.11/site-packages/airflow/example_dags/example_kubernetes_executor.py for tasks to queue
[2025-07-25T16:12:48.401+0700] {logging_mixin.py:188} INFO - [2025-07-25T16:12:48.401+0700] {dagbag.py:538} INFO - Filling up the DagBag from /home/ngtph/airflow/airflow_venv/lib/python3.11/site-packages/airflow/example_dags/example_kubernetes_executor.py
[2025-07-25T16:12:48.406+0700] {logging_mixin.py:188} INFO - [2025-07-25T16:12:48.405+0700] {example_kubernetes_executor.py:38} WARNING - The example_kubernetes_executor example DAG requires the kubernetes provider. Please install it with: pip install apache-airflow[cncf.kubernetes]
[2025-07-25T16:12:48.406+0700] {processor.py:842} WARNING - No viable dags retrieved from /home/ngtph/airflow/airflow_venv/lib/python3.11/site-packages/airflow/example_dags/example_kubernetes_executor.py
[2025-07-25T16:12:49.784+0700] {processor.py:183} INFO - Processing /home/ngtph/airflow/airflow_venv/lib/python3.11/site-packages/airflow/example_dags/example_kubernetes_executor.py took 1.390 seconds
[2025-07-25T16:14:24.074+0700] {processor.py:161} INFO - Started process (PID=12025) to work on /home/ngtph/airflow/airflow_venv/lib/python3.11/site-packages/airflow/example_dags/example_kubernetes_executor.py
[2025-07-25T16:14:24.076+0700] {processor.py:830} INFO - Processing file /home/ngtph/airflow/airflow_venv/lib/python3.11/site-packages/airflow/example_dags/example_kubernetes_executor.py for tasks to queue
[2025-07-25T16:14:24.076+0700] {logging_mixin.py:188} INFO - [2025-07-25T16:14:24.076+0700] {dagbag.py:538} INFO - Filling up the DagBag from /home/ngtph/airflow/airflow_venv/lib/python3.11/site-packages/airflow/example_dags/example_kubernetes_executor.py
[2025-07-25T16:14:24.080+0700] {logging_mixin.py:188} INFO - [2025-07-25T16:14:24.080+0700] {example_kubernetes_executor.py:38} WARNING - The example_kubernetes_executor example DAG requires the kubernetes provider. Please install it with: pip install apache-airflow[cncf.kubernetes]
[2025-07-25T16:14:24.081+0700] {processor.py:842} WARNING - No viable dags retrieved from /home/ngtph/airflow/airflow_venv/lib/python3.11/site-packages/airflow/example_dags/example_kubernetes_executor.py
[2025-07-25T16:14:25.047+0700] {processor.py:161} INFO - Started process (PID=12027) to work on /home/ngtph/airflow/airflow_venv/lib/python3.11/site-packages/airflow/example_dags/example_kubernetes_executor.py
[2025-07-25T16:14:25.049+0700] {processor.py:830} INFO - Processing file /home/ngtph/airflow/airflow_venv/lib/python3.11/site-packages/airflow/example_dags/example_kubernetes_executor.py for tasks to queue
[2025-07-25T16:14:25.050+0700] {logging_mixin.py:188} INFO - [2025-07-25T16:14:25.049+0700] {dagbag.py:538} INFO - Filling up the DagBag from /home/ngtph/airflow/airflow_venv/lib/python3.11/site-packages/airflow/example_dags/example_kubernetes_executor.py
[2025-07-25T16:14:25.055+0700] {logging_mixin.py:188} INFO - [2025-07-25T16:14:25.055+0700] {example_kubernetes_executor.py:38} WARNING - The example_kubernetes_executor example DAG requires the kubernetes provider. Please install it with: pip install apache-airflow[cncf.kubernetes]
[2025-07-25T16:14:25.056+0700] {processor.py:842} WARNING - No viable dags retrieved from /home/ngtph/airflow/airflow_venv/lib/python3.11/site-packages/airflow/example_dags/example_kubernetes_executor.py
[2025-07-25T16:14:25.271+0700] {processor.py:183} INFO - Processing /home/ngtph/airflow/airflow_venv/lib/python3.11/site-packages/airflow/example_dags/example_kubernetes_executor.py took 1.201 seconds
[2025-07-25T16:14:26.206+0700] {processor.py:183} INFO - Processing /home/ngtph/airflow/airflow_venv/lib/python3.11/site-packages/airflow/example_dags/example_kubernetes_executor.py took 1.165 seconds
[2025-07-25T16:15:56.290+0700] {processor.py:161} INFO - Started process (PID=12192) to work on /home/ngtph/airflow/airflow_venv/lib/python3.11/site-packages/airflow/example_dags/example_kubernetes_executor.py
[2025-07-25T16:15:56.293+0700] {processor.py:830} INFO - Processing file /home/ngtph/airflow/airflow_venv/lib/python3.11/site-packages/airflow/example_dags/example_kubernetes_executor.py for tasks to queue
[2025-07-25T16:15:56.294+0700] {logging_mixin.py:188} INFO - [2025-07-25T16:15:56.294+0700] {dagbag.py:538} INFO - Filling up the DagBag from /home/ngtph/airflow/airflow_venv/lib/python3.11/site-packages/airflow/example_dags/example_kubernetes_executor.py
[2025-07-25T16:15:56.296+0700] {logging_mixin.py:188} INFO - [2025-07-25T16:15:56.296+0700] {example_kubernetes_executor.py:38} WARNING - The example_kubernetes_executor example DAG requires the kubernetes provider. Please install it with: pip install apache-airflow[cncf.kubernetes]
[2025-07-25T16:15:56.297+0700] {processor.py:842} WARNING - No viable dags retrieved from /home/ngtph/airflow/airflow_venv/lib/python3.11/site-packages/airflow/example_dags/example_kubernetes_executor.py
[2025-07-25T16:15:57.366+0700] {processor.py:183} INFO - Processing /home/ngtph/airflow/airflow_venv/lib/python3.11/site-packages/airflow/example_dags/example_kubernetes_executor.py took 1.078 seconds
[2025-07-25T16:16:01.506+0700] {processor.py:161} INFO - Started process (PID=12201) to work on /home/ngtph/airflow/airflow_venv/lib/python3.11/site-packages/airflow/example_dags/example_kubernetes_executor.py
[2025-07-25T16:16:01.510+0700] {processor.py:830} INFO - Processing file /home/ngtph/airflow/airflow_venv/lib/python3.11/site-packages/airflow/example_dags/example_kubernetes_executor.py for tasks to queue
[2025-07-25T16:16:01.510+0700] {logging_mixin.py:188} INFO - [2025-07-25T16:16:01.510+0700] {dagbag.py:538} INFO - Filling up the DagBag from /home/ngtph/airflow/airflow_venv/lib/python3.11/site-packages/airflow/example_dags/example_kubernetes_executor.py
[2025-07-25T16:16:01.513+0700] {logging_mixin.py:188} INFO - [2025-07-25T16:16:01.513+0700] {example_kubernetes_executor.py:38} WARNING - The example_kubernetes_executor example DAG requires the kubernetes provider. Please install it with: pip install apache-airflow[cncf.kubernetes]
[2025-07-25T16:16:01.513+0700] {processor.py:842} WARNING - No viable dags retrieved from /home/ngtph/airflow/airflow_venv/lib/python3.11/site-packages/airflow/example_dags/example_kubernetes_executor.py
[2025-07-25T16:16:02.867+0700] {processor.py:183} INFO - Processing /home/ngtph/airflow/airflow_venv/lib/python3.11/site-packages/airflow/example_dags/example_kubernetes_executor.py took 1.363 seconds
[2025-07-25T16:17:35.556+0700] {processor.py:161} INFO - Started process (PID=12384) to work on /home/ngtph/airflow/airflow_venv/lib/python3.11/site-packages/airflow/example_dags/example_kubernetes_executor.py
[2025-07-25T16:17:35.557+0700] {processor.py:830} INFO - Processing file /home/ngtph/airflow/airflow_venv/lib/python3.11/site-packages/airflow/example_dags/example_kubernetes_executor.py for tasks to queue
[2025-07-25T16:17:35.558+0700] {logging_mixin.py:188} INFO - [2025-07-25T16:17:35.557+0700] {dagbag.py:538} INFO - Filling up the DagBag from /home/ngtph/airflow/airflow_venv/lib/python3.11/site-packages/airflow/example_dags/example_kubernetes_executor.py
[2025-07-25T16:17:35.561+0700] {logging_mixin.py:188} INFO - [2025-07-25T16:17:35.560+0700] {example_kubernetes_executor.py:38} WARNING - The example_kubernetes_executor example DAG requires the kubernetes provider. Please install it with: pip install apache-airflow[cncf.kubernetes]
[2025-07-25T16:17:35.561+0700] {processor.py:842} WARNING - No viable dags retrieved from /home/ngtph/airflow/airflow_venv/lib/python3.11/site-packages/airflow/example_dags/example_kubernetes_executor.py
[2025-07-25T16:17:36.830+0700] {processor.py:183} INFO - Processing /home/ngtph/airflow/airflow_venv/lib/python3.11/site-packages/airflow/example_dags/example_kubernetes_executor.py took 1.278 seconds
[2025-07-25T16:17:38.982+0700] {processor.py:161} INFO - Started process (PID=12392) to work on /home/ngtph/airflow/airflow_venv/lib/python3.11/site-packages/airflow/example_dags/example_kubernetes_executor.py
[2025-07-25T16:17:38.983+0700] {processor.py:830} INFO - Processing file /home/ngtph/airflow/airflow_venv/lib/python3.11/site-packages/airflow/example_dags/example_kubernetes_executor.py for tasks to queue
[2025-07-25T16:17:38.983+0700] {logging_mixin.py:188} INFO - [2025-07-25T16:17:38.983+0700] {dagbag.py:538} INFO - Filling up the DagBag from /home/ngtph/airflow/airflow_venv/lib/python3.11/site-packages/airflow/example_dags/example_kubernetes_executor.py
[2025-07-25T16:17:38.986+0700] {logging_mixin.py:188} INFO - [2025-07-25T16:17:38.986+0700] {example_kubernetes_executor.py:38} WARNING - The example_kubernetes_executor example DAG requires the kubernetes provider. Please install it with: pip install apache-airflow[cncf.kubernetes]
[2025-07-25T16:17:38.986+0700] {processor.py:842} WARNING - No viable dags retrieved from /home/ngtph/airflow/airflow_venv/lib/python3.11/site-packages/airflow/example_dags/example_kubernetes_executor.py
[2025-07-25T16:17:40.964+0700] {processor.py:183} INFO - Processing /home/ngtph/airflow/airflow_venv/lib/python3.11/site-packages/airflow/example_dags/example_kubernetes_executor.py took 1.986 seconds
[2025-07-25T16:19:16.891+0700] {processor.py:161} INFO - Started process (PID=12559) to work on /home/ngtph/airflow/airflow_venv/lib/python3.11/site-packages/airflow/example_dags/example_kubernetes_executor.py
[2025-07-25T16:19:16.892+0700] {processor.py:830} INFO - Processing file /home/ngtph/airflow/airflow_venv/lib/python3.11/site-packages/airflow/example_dags/example_kubernetes_executor.py for tasks to queue
[2025-07-25T16:19:16.893+0700] {logging_mixin.py:188} INFO - [2025-07-25T16:19:16.893+0700] {dagbag.py:538} INFO - Filling up the DagBag from /home/ngtph/airflow/airflow_venv/lib/python3.11/site-packages/airflow/example_dags/example_kubernetes_executor.py
[2025-07-25T16:19:16.896+0700] {logging_mixin.py:188} INFO - [2025-07-25T16:19:16.896+0700] {example_kubernetes_executor.py:38} WARNING - The example_kubernetes_executor example DAG requires the kubernetes provider. Please install it with: pip install apache-airflow[cncf.kubernetes]
[2025-07-25T16:19:16.897+0700] {processor.py:842} WARNING - No viable dags retrieved from /home/ngtph/airflow/airflow_venv/lib/python3.11/site-packages/airflow/example_dags/example_kubernetes_executor.py
[2025-07-25T16:19:18.007+0700] {processor.py:183} INFO - Processing /home/ngtph/airflow/airflow_venv/lib/python3.11/site-packages/airflow/example_dags/example_kubernetes_executor.py took 1.119 seconds
[2025-07-25T16:19:18.508+0700] {processor.py:161} INFO - Started process (PID=12563) to work on /home/ngtph/airflow/airflow_venv/lib/python3.11/site-packages/airflow/example_dags/example_kubernetes_executor.py
[2025-07-25T16:19:18.509+0700] {processor.py:830} INFO - Processing file /home/ngtph/airflow/airflow_venv/lib/python3.11/site-packages/airflow/example_dags/example_kubernetes_executor.py for tasks to queue
[2025-07-25T16:19:18.510+0700] {logging_mixin.py:188} INFO - [2025-07-25T16:19:18.509+0700] {dagbag.py:538} INFO - Filling up the DagBag from /home/ngtph/airflow/airflow_venv/lib/python3.11/site-packages/airflow/example_dags/example_kubernetes_executor.py
[2025-07-25T16:19:18.512+0700] {logging_mixin.py:188} INFO - [2025-07-25T16:19:18.512+0700] {example_kubernetes_executor.py:38} WARNING - The example_kubernetes_executor example DAG requires the kubernetes provider. Please install it with: pip install apache-airflow[cncf.kubernetes]
[2025-07-25T16:19:18.513+0700] {processor.py:842} WARNING - No viable dags retrieved from /home/ngtph/airflow/airflow_venv/lib/python3.11/site-packages/airflow/example_dags/example_kubernetes_executor.py
[2025-07-25T16:19:19.666+0700] {processor.py:183} INFO - Processing /home/ngtph/airflow/airflow_venv/lib/python3.11/site-packages/airflow/example_dags/example_kubernetes_executor.py took 1.160 seconds
[2025-07-25T16:20:44.700+0700] {processor.py:161} INFO - Started process (PID=12710) to work on /home/ngtph/airflow/airflow_venv/lib/python3.11/site-packages/airflow/example_dags/example_kubernetes_executor.py
[2025-07-25T16:20:44.702+0700] {processor.py:830} INFO - Processing file /home/ngtph/airflow/airflow_venv/lib/python3.11/site-packages/airflow/example_dags/example_kubernetes_executor.py for tasks to queue
[2025-07-25T16:20:44.702+0700] {logging_mixin.py:188} INFO - [2025-07-25T16:20:44.702+0700] {dagbag.py:538} INFO - Filling up the DagBag from /home/ngtph/airflow/airflow_venv/lib/python3.11/site-packages/airflow/example_dags/example_kubernetes_executor.py
[2025-07-25T16:20:44.705+0700] {logging_mixin.py:188} INFO - [2025-07-25T16:20:44.704+0700] {example_kubernetes_executor.py:38} WARNING - The example_kubernetes_executor example DAG requires the kubernetes provider. Please install it with: pip install apache-airflow[cncf.kubernetes]
[2025-07-25T16:20:44.705+0700] {processor.py:842} WARNING - No viable dags retrieved from /home/ngtph/airflow/airflow_venv/lib/python3.11/site-packages/airflow/example_dags/example_kubernetes_executor.py
[2025-07-25T16:20:45.885+0700] {processor.py:183} INFO - Processing /home/ngtph/airflow/airflow_venv/lib/python3.11/site-packages/airflow/example_dags/example_kubernetes_executor.py took 1.187 seconds
[2025-07-25T16:20:49.950+0700] {processor.py:161} INFO - Started process (PID=12724) to work on /home/ngtph/airflow/airflow_venv/lib/python3.11/site-packages/airflow/example_dags/example_kubernetes_executor.py
[2025-07-25T16:20:49.953+0700] {processor.py:830} INFO - Processing file /home/ngtph/airflow/airflow_venv/lib/python3.11/site-packages/airflow/example_dags/example_kubernetes_executor.py for tasks to queue
[2025-07-25T16:20:49.954+0700] {logging_mixin.py:188} INFO - [2025-07-25T16:20:49.953+0700] {dagbag.py:538} INFO - Filling up the DagBag from /home/ngtph/airflow/airflow_venv/lib/python3.11/site-packages/airflow/example_dags/example_kubernetes_executor.py
[2025-07-25T16:20:49.956+0700] {logging_mixin.py:188} INFO - [2025-07-25T16:20:49.956+0700] {example_kubernetes_executor.py:38} WARNING - The example_kubernetes_executor example DAG requires the kubernetes provider. Please install it with: pip install apache-airflow[cncf.kubernetes]
[2025-07-25T16:20:49.956+0700] {processor.py:842} WARNING - No viable dags retrieved from /home/ngtph/airflow/airflow_venv/lib/python3.11/site-packages/airflow/example_dags/example_kubernetes_executor.py
[2025-07-25T16:20:51.378+0700] {processor.py:183} INFO - Processing /home/ngtph/airflow/airflow_venv/lib/python3.11/site-packages/airflow/example_dags/example_kubernetes_executor.py took 1.431 seconds
[2025-07-25T16:22:30.710+0700] {processor.py:161} INFO - Started process (PID=12893) to work on /home/ngtph/airflow/airflow_venv/lib/python3.11/site-packages/airflow/example_dags/example_kubernetes_executor.py
[2025-07-25T16:22:30.712+0700] {processor.py:830} INFO - Processing file /home/ngtph/airflow/airflow_venv/lib/python3.11/site-packages/airflow/example_dags/example_kubernetes_executor.py for tasks to queue
[2025-07-25T16:22:30.713+0700] {logging_mixin.py:188} INFO - [2025-07-25T16:22:30.712+0700] {dagbag.py:538} INFO - Filling up the DagBag from /home/ngtph/airflow/airflow_venv/lib/python3.11/site-packages/airflow/example_dags/example_kubernetes_executor.py
[2025-07-25T16:22:30.715+0700] {logging_mixin.py:188} INFO - [2025-07-25T16:22:30.715+0700] {example_kubernetes_executor.py:38} WARNING - The example_kubernetes_executor example DAG requires the kubernetes provider. Please install it with: pip install apache-airflow[cncf.kubernetes]
[2025-07-25T16:22:30.716+0700] {processor.py:842} WARNING - No viable dags retrieved from /home/ngtph/airflow/airflow_venv/lib/python3.11/site-packages/airflow/example_dags/example_kubernetes_executor.py
[2025-07-25T16:22:30.946+0700] {processor.py:161} INFO - Started process (PID=12894) to work on /home/ngtph/airflow/airflow_venv/lib/python3.11/site-packages/airflow/example_dags/example_kubernetes_executor.py
[2025-07-25T16:22:30.947+0700] {processor.py:830} INFO - Processing file /home/ngtph/airflow/airflow_venv/lib/python3.11/site-packages/airflow/example_dags/example_kubernetes_executor.py for tasks to queue
[2025-07-25T16:22:30.948+0700] {logging_mixin.py:188} INFO - [2025-07-25T16:22:30.948+0700] {dagbag.py:538} INFO - Filling up the DagBag from /home/ngtph/airflow/airflow_venv/lib/python3.11/site-packages/airflow/example_dags/example_kubernetes_executor.py
[2025-07-25T16:22:30.952+0700] {logging_mixin.py:188} INFO - [2025-07-25T16:22:30.952+0700] {example_kubernetes_executor.py:38} WARNING - The example_kubernetes_executor example DAG requires the kubernetes provider. Please install it with: pip install apache-airflow[cncf.kubernetes]
[2025-07-25T16:22:30.953+0700] {processor.py:842} WARNING - No viable dags retrieved from /home/ngtph/airflow/airflow_venv/lib/python3.11/site-packages/airflow/example_dags/example_kubernetes_executor.py
[2025-07-25T16:22:32.508+0700] {processor.py:183} INFO - Processing /home/ngtph/airflow/airflow_venv/lib/python3.11/site-packages/airflow/example_dags/example_kubernetes_executor.py took 1.801 seconds
[2025-07-25T16:22:32.574+0700] {processor.py:183} INFO - Processing /home/ngtph/airflow/airflow_venv/lib/python3.11/site-packages/airflow/example_dags/example_kubernetes_executor.py took 1.631 seconds
[2025-07-25T16:24:55.026+0700] {processor.py:161} INFO - Started process (PID=13115) to work on /home/ngtph/airflow/airflow_venv/lib/python3.11/site-packages/airflow/example_dags/example_kubernetes_executor.py
[2025-07-25T16:24:55.027+0700] {processor.py:830} INFO - Processing file /home/ngtph/airflow/airflow_venv/lib/python3.11/site-packages/airflow/example_dags/example_kubernetes_executor.py for tasks to queue
[2025-07-25T16:24:55.028+0700] {logging_mixin.py:188} INFO - [2025-07-25T16:24:55.028+0700] {dagbag.py:538} INFO - Filling up the DagBag from /home/ngtph/airflow/airflow_venv/lib/python3.11/site-packages/airflow/example_dags/example_kubernetes_executor.py
[2025-07-25T16:24:55.031+0700] {logging_mixin.py:188} INFO - [2025-07-25T16:24:55.031+0700] {example_kubernetes_executor.py:38} WARNING - The example_kubernetes_executor example DAG requires the kubernetes provider. Please install it with: pip install apache-airflow[cncf.kubernetes]
[2025-07-25T16:24:55.032+0700] {processor.py:842} WARNING - No viable dags retrieved from /home/ngtph/airflow/airflow_venv/lib/python3.11/site-packages/airflow/example_dags/example_kubernetes_executor.py
[2025-07-25T16:24:58.502+0700] {processor.py:183} INFO - Processing /home/ngtph/airflow/airflow_venv/lib/python3.11/site-packages/airflow/example_dags/example_kubernetes_executor.py took 3.480 seconds
[2025-07-25T16:24:58.901+0700] {processor.py:161} INFO - Started process (PID=13122) to work on /home/ngtph/airflow/airflow_venv/lib/python3.11/site-packages/airflow/example_dags/example_kubernetes_executor.py
[2025-07-25T16:24:58.902+0700] {processor.py:830} INFO - Processing file /home/ngtph/airflow/airflow_venv/lib/python3.11/site-packages/airflow/example_dags/example_kubernetes_executor.py for tasks to queue
[2025-07-25T16:24:58.902+0700] {logging_mixin.py:188} INFO - [2025-07-25T16:24:58.902+0700] {dagbag.py:538} INFO - Filling up the DagBag from /home/ngtph/airflow/airflow_venv/lib/python3.11/site-packages/airflow/example_dags/example_kubernetes_executor.py
[2025-07-25T16:24:58.904+0700] {logging_mixin.py:188} INFO - [2025-07-25T16:24:58.904+0700] {example_kubernetes_executor.py:38} WARNING - The example_kubernetes_executor example DAG requires the kubernetes provider. Please install it with: pip install apache-airflow[cncf.kubernetes]
[2025-07-25T16:24:58.905+0700] {processor.py:842} WARNING - No viable dags retrieved from /home/ngtph/airflow/airflow_venv/lib/python3.11/site-packages/airflow/example_dags/example_kubernetes_executor.py
[2025-07-25T16:25:01.134+0700] {processor.py:183} INFO - Processing /home/ngtph/airflow/airflow_venv/lib/python3.11/site-packages/airflow/example_dags/example_kubernetes_executor.py took 2.236 seconds
[2025-07-25T16:26:32.121+0700] {processor.py:161} INFO - Started process (PID=13273) to work on /home/ngtph/airflow/airflow_venv/lib/python3.11/site-packages/airflow/example_dags/example_kubernetes_executor.py
[2025-07-25T16:26:32.123+0700] {processor.py:830} INFO - Processing file /home/ngtph/airflow/airflow_venv/lib/python3.11/site-packages/airflow/example_dags/example_kubernetes_executor.py for tasks to queue
[2025-07-25T16:26:32.124+0700] {logging_mixin.py:188} INFO - [2025-07-25T16:26:32.123+0700] {dagbag.py:538} INFO - Filling up the DagBag from /home/ngtph/airflow/airflow_venv/lib/python3.11/site-packages/airflow/example_dags/example_kubernetes_executor.py
[2025-07-25T16:26:32.127+0700] {logging_mixin.py:188} INFO - [2025-07-25T16:26:32.126+0700] {example_kubernetes_executor.py:38} WARNING - The example_kubernetes_executor example DAG requires the kubernetes provider. Please install it with: pip install apache-airflow[cncf.kubernetes]
[2025-07-25T16:26:32.127+0700] {processor.py:842} WARNING - No viable dags retrieved from /home/ngtph/airflow/airflow_venv/lib/python3.11/site-packages/airflow/example_dags/example_kubernetes_executor.py
[2025-07-25T16:26:33.655+0700] {processor.py:183} INFO - Processing /home/ngtph/airflow/airflow_venv/lib/python3.11/site-packages/airflow/example_dags/example_kubernetes_executor.py took 1.538 seconds
[2025-07-25T16:26:39.017+0700] {processor.py:161} INFO - Started process (PID=13280) to work on /home/ngtph/airflow/airflow_venv/lib/python3.11/site-packages/airflow/example_dags/example_kubernetes_executor.py
[2025-07-25T16:26:39.021+0700] {processor.py:830} INFO - Processing file /home/ngtph/airflow/airflow_venv/lib/python3.11/site-packages/airflow/example_dags/example_kubernetes_executor.py for tasks to queue
[2025-07-25T16:26:39.022+0700] {logging_mixin.py:188} INFO - [2025-07-25T16:26:39.022+0700] {dagbag.py:538} INFO - Filling up the DagBag from /home/ngtph/airflow/airflow_venv/lib/python3.11/site-packages/airflow/example_dags/example_kubernetes_executor.py
[2025-07-25T16:26:39.025+0700] {logging_mixin.py:188} INFO - [2025-07-25T16:26:39.025+0700] {example_kubernetes_executor.py:38} WARNING - The example_kubernetes_executor example DAG requires the kubernetes provider. Please install it with: pip install apache-airflow[cncf.kubernetes]
[2025-07-25T16:26:39.026+0700] {processor.py:842} WARNING - No viable dags retrieved from /home/ngtph/airflow/airflow_venv/lib/python3.11/site-packages/airflow/example_dags/example_kubernetes_executor.py
[2025-07-25T16:26:40.852+0700] {processor.py:183} INFO - Processing /home/ngtph/airflow/airflow_venv/lib/python3.11/site-packages/airflow/example_dags/example_kubernetes_executor.py took 1.839 seconds
[2025-07-25T16:28:21.375+0700] {processor.py:161} INFO - Started process (PID=13423) to work on /home/ngtph/airflow/airflow_venv/lib/python3.11/site-packages/airflow/example_dags/example_kubernetes_executor.py
[2025-07-25T16:28:21.378+0700] {processor.py:830} INFO - Processing file /home/ngtph/airflow/airflow_venv/lib/python3.11/site-packages/airflow/example_dags/example_kubernetes_executor.py for tasks to queue
[2025-07-25T16:28:21.379+0700] {logging_mixin.py:188} INFO - [2025-07-25T16:28:21.378+0700] {dagbag.py:538} INFO - Filling up the DagBag from /home/ngtph/airflow/airflow_venv/lib/python3.11/site-packages/airflow/example_dags/example_kubernetes_executor.py
[2025-07-25T16:28:21.381+0700] {logging_mixin.py:188} INFO - [2025-07-25T16:28:21.381+0700] {example_kubernetes_executor.py:38} WARNING - The example_kubernetes_executor example DAG requires the kubernetes provider. Please install it with: pip install apache-airflow[cncf.kubernetes]
[2025-07-25T16:28:21.382+0700] {processor.py:842} WARNING - No viable dags retrieved from /home/ngtph/airflow/airflow_venv/lib/python3.11/site-packages/airflow/example_dags/example_kubernetes_executor.py
[2025-07-25T16:28:22.745+0700] {processor.py:183} INFO - Processing /home/ngtph/airflow/airflow_venv/lib/python3.11/site-packages/airflow/example_dags/example_kubernetes_executor.py took 1.374 seconds
[2025-07-25T16:28:54.470+0700] {processor.py:161} INFO - Started process (PID=13483) to work on /home/ngtph/airflow/airflow_venv/lib/python3.11/site-packages/airflow/example_dags/example_kubernetes_executor.py
[2025-07-25T16:28:54.471+0700] {processor.py:830} INFO - Processing file /home/ngtph/airflow/airflow_venv/lib/python3.11/site-packages/airflow/example_dags/example_kubernetes_executor.py for tasks to queue
[2025-07-25T16:28:54.472+0700] {logging_mixin.py:188} INFO - [2025-07-25T16:28:54.471+0700] {dagbag.py:538} INFO - Filling up the DagBag from /home/ngtph/airflow/airflow_venv/lib/python3.11/site-packages/airflow/example_dags/example_kubernetes_executor.py
[2025-07-25T16:28:54.475+0700] {logging_mixin.py:188} INFO - [2025-07-25T16:28:54.475+0700] {example_kubernetes_executor.py:38} WARNING - The example_kubernetes_executor example DAG requires the kubernetes provider. Please install it with: pip install apache-airflow[cncf.kubernetes]
[2025-07-25T16:28:54.475+0700] {processor.py:842} WARNING - No viable dags retrieved from /home/ngtph/airflow/airflow_venv/lib/python3.11/site-packages/airflow/example_dags/example_kubernetes_executor.py
[2025-07-25T16:28:58.179+0700] {processor.py:183} INFO - Processing /home/ngtph/airflow/airflow_venv/lib/python3.11/site-packages/airflow/example_dags/example_kubernetes_executor.py took 3.713 seconds
[2025-07-25T16:30:25.102+0700] {processor.py:161} INFO - Started process (PID=13624) to work on /home/ngtph/airflow/airflow_venv/lib/python3.11/site-packages/airflow/example_dags/example_kubernetes_executor.py
[2025-07-25T16:30:25.103+0700] {processor.py:830} INFO - Processing file /home/ngtph/airflow/airflow_venv/lib/python3.11/site-packages/airflow/example_dags/example_kubernetes_executor.py for tasks to queue
[2025-07-25T16:30:25.104+0700] {logging_mixin.py:188} INFO - [2025-07-25T16:30:25.104+0700] {dagbag.py:538} INFO - Filling up the DagBag from /home/ngtph/airflow/airflow_venv/lib/python3.11/site-packages/airflow/example_dags/example_kubernetes_executor.py
[2025-07-25T16:30:25.106+0700] {logging_mixin.py:188} INFO - [2025-07-25T16:30:25.106+0700] {example_kubernetes_executor.py:38} WARNING - The example_kubernetes_executor example DAG requires the kubernetes provider. Please install it with: pip install apache-airflow[cncf.kubernetes]
[2025-07-25T16:30:25.107+0700] {processor.py:842} WARNING - No viable dags retrieved from /home/ngtph/airflow/airflow_venv/lib/python3.11/site-packages/airflow/example_dags/example_kubernetes_executor.py
[2025-07-25T16:30:27.020+0700] {processor.py:183} INFO - Processing /home/ngtph/airflow/airflow_venv/lib/python3.11/site-packages/airflow/example_dags/example_kubernetes_executor.py took 1.921 seconds
[2025-07-25T16:30:46.665+0700] {processor.py:161} INFO - Started process (PID=13657) to work on /home/ngtph/airflow/airflow_venv/lib/python3.11/site-packages/airflow/example_dags/example_kubernetes_executor.py
[2025-07-25T16:30:46.668+0700] {processor.py:830} INFO - Processing file /home/ngtph/airflow/airflow_venv/lib/python3.11/site-packages/airflow/example_dags/example_kubernetes_executor.py for tasks to queue
[2025-07-25T16:30:46.669+0700] {logging_mixin.py:188} INFO - [2025-07-25T16:30:46.669+0700] {dagbag.py:538} INFO - Filling up the DagBag from /home/ngtph/airflow/airflow_venv/lib/python3.11/site-packages/airflow/example_dags/example_kubernetes_executor.py
[2025-07-25T16:30:46.671+0700] {logging_mixin.py:188} INFO - [2025-07-25T16:30:46.671+0700] {example_kubernetes_executor.py:38} WARNING - The example_kubernetes_executor example DAG requires the kubernetes provider. Please install it with: pip install apache-airflow[cncf.kubernetes]
[2025-07-25T16:30:46.672+0700] {processor.py:842} WARNING - No viable dags retrieved from /home/ngtph/airflow/airflow_venv/lib/python3.11/site-packages/airflow/example_dags/example_kubernetes_executor.py
[2025-07-25T16:30:47.855+0700] {processor.py:183} INFO - Processing /home/ngtph/airflow/airflow_venv/lib/python3.11/site-packages/airflow/example_dags/example_kubernetes_executor.py took 1.193 seconds
[2025-07-25T16:32:30.659+0700] {processor.py:161} INFO - Started process (PID=13800) to work on /home/ngtph/airflow/airflow_venv/lib/python3.11/site-packages/airflow/example_dags/example_kubernetes_executor.py
[2025-07-25T16:32:30.660+0700] {processor.py:830} INFO - Processing file /home/ngtph/airflow/airflow_venv/lib/python3.11/site-packages/airflow/example_dags/example_kubernetes_executor.py for tasks to queue
[2025-07-25T16:32:30.661+0700] {logging_mixin.py:188} INFO - [2025-07-25T16:32:30.661+0700] {dagbag.py:538} INFO - Filling up the DagBag from /home/ngtph/airflow/airflow_venv/lib/python3.11/site-packages/airflow/example_dags/example_kubernetes_executor.py
[2025-07-25T16:32:30.664+0700] {logging_mixin.py:188} INFO - [2025-07-25T16:32:30.664+0700] {example_kubernetes_executor.py:38} WARNING - The example_kubernetes_executor example DAG requires the kubernetes provider. Please install it with: pip install apache-airflow[cncf.kubernetes]
[2025-07-25T16:32:30.664+0700] {processor.py:842} WARNING - No viable dags retrieved from /home/ngtph/airflow/airflow_venv/lib/python3.11/site-packages/airflow/example_dags/example_kubernetes_executor.py
[2025-07-25T16:32:32.060+0700] {processor.py:183} INFO - Processing /home/ngtph/airflow/airflow_venv/lib/python3.11/site-packages/airflow/example_dags/example_kubernetes_executor.py took 1.404 seconds
[2025-07-25T16:32:57.139+0700] {processor.py:161} INFO - Started process (PID=13847) to work on /home/ngtph/airflow/airflow_venv/lib/python3.11/site-packages/airflow/example_dags/example_kubernetes_executor.py
[2025-07-25T16:32:57.140+0700] {processor.py:830} INFO - Processing file /home/ngtph/airflow/airflow_venv/lib/python3.11/site-packages/airflow/example_dags/example_kubernetes_executor.py for tasks to queue
[2025-07-25T16:32:57.141+0700] {logging_mixin.py:188} INFO - [2025-07-25T16:32:57.141+0700] {dagbag.py:538} INFO - Filling up the DagBag from /home/ngtph/airflow/airflow_venv/lib/python3.11/site-packages/airflow/example_dags/example_kubernetes_executor.py
[2025-07-25T16:32:57.145+0700] {logging_mixin.py:188} INFO - [2025-07-25T16:32:57.145+0700] {example_kubernetes_executor.py:38} WARNING - The example_kubernetes_executor example DAG requires the kubernetes provider. Please install it with: pip install apache-airflow[cncf.kubernetes]
[2025-07-25T16:32:57.145+0700] {processor.py:842} WARNING - No viable dags retrieved from /home/ngtph/airflow/airflow_venv/lib/python3.11/site-packages/airflow/example_dags/example_kubernetes_executor.py
[2025-07-25T16:32:59.051+0700] {processor.py:183} INFO - Processing /home/ngtph/airflow/airflow_venv/lib/python3.11/site-packages/airflow/example_dags/example_kubernetes_executor.py took 1.916 seconds
[2025-07-25T16:34:17.666+0700] {processor.py:161} INFO - Started process (PID=13974) to work on /home/ngtph/airflow/airflow_venv/lib/python3.11/site-packages/airflow/example_dags/example_kubernetes_executor.py
[2025-07-25T16:34:17.669+0700] {processor.py:830} INFO - Processing file /home/ngtph/airflow/airflow_venv/lib/python3.11/site-packages/airflow/example_dags/example_kubernetes_executor.py for tasks to queue
[2025-07-25T16:34:17.669+0700] {logging_mixin.py:188} INFO - [2025-07-25T16:34:17.669+0700] {dagbag.py:538} INFO - Filling up the DagBag from /home/ngtph/airflow/airflow_venv/lib/python3.11/site-packages/airflow/example_dags/example_kubernetes_executor.py
[2025-07-25T16:34:17.672+0700] {logging_mixin.py:188} INFO - [2025-07-25T16:34:17.672+0700] {example_kubernetes_executor.py:38} WARNING - The example_kubernetes_executor example DAG requires the kubernetes provider. Please install it with: pip install apache-airflow[cncf.kubernetes]
[2025-07-25T16:34:17.673+0700] {processor.py:842} WARNING - No viable dags retrieved from /home/ngtph/airflow/airflow_venv/lib/python3.11/site-packages/airflow/example_dags/example_kubernetes_executor.py
[2025-07-25T16:34:18.809+0700] {processor.py:183} INFO - Processing /home/ngtph/airflow/airflow_venv/lib/python3.11/site-packages/airflow/example_dags/example_kubernetes_executor.py took 1.147 seconds
[2025-07-25T16:34:36.592+0700] {processor.py:161} INFO - Started process (PID=14007) to work on /home/ngtph/airflow/airflow_venv/lib/python3.11/site-packages/airflow/example_dags/example_kubernetes_executor.py
[2025-07-25T16:34:36.595+0700] {processor.py:830} INFO - Processing file /home/ngtph/airflow/airflow_venv/lib/python3.11/site-packages/airflow/example_dags/example_kubernetes_executor.py for tasks to queue
[2025-07-25T16:34:36.596+0700] {logging_mixin.py:188} INFO - [2025-07-25T16:34:36.596+0700] {dagbag.py:538} INFO - Filling up the DagBag from /home/ngtph/airflow/airflow_venv/lib/python3.11/site-packages/airflow/example_dags/example_kubernetes_executor.py
[2025-07-25T16:34:36.599+0700] {logging_mixin.py:188} INFO - [2025-07-25T16:34:36.599+0700] {example_kubernetes_executor.py:38} WARNING - The example_kubernetes_executor example DAG requires the kubernetes provider. Please install it with: pip install apache-airflow[cncf.kubernetes]
[2025-07-25T16:34:36.599+0700] {processor.py:842} WARNING - No viable dags retrieved from /home/ngtph/airflow/airflow_venv/lib/python3.11/site-packages/airflow/example_dags/example_kubernetes_executor.py
[2025-07-25T16:34:38.580+0700] {processor.py:183} INFO - Processing /home/ngtph/airflow/airflow_venv/lib/python3.11/site-packages/airflow/example_dags/example_kubernetes_executor.py took 1.991 seconds
[2025-07-25T16:35:49.423+0700] {processor.py:161} INFO - Started process (PID=14130) to work on /home/ngtph/airflow/airflow_venv/lib/python3.11/site-packages/airflow/example_dags/example_kubernetes_executor.py
[2025-07-25T16:35:49.426+0700] {processor.py:830} INFO - Processing file /home/ngtph/airflow/airflow_venv/lib/python3.11/site-packages/airflow/example_dags/example_kubernetes_executor.py for tasks to queue
[2025-07-25T16:35:49.427+0700] {logging_mixin.py:188} INFO - [2025-07-25T16:35:49.426+0700] {dagbag.py:538} INFO - Filling up the DagBag from /home/ngtph/airflow/airflow_venv/lib/python3.11/site-packages/airflow/example_dags/example_kubernetes_executor.py
[2025-07-25T16:35:49.430+0700] {logging_mixin.py:188} INFO - [2025-07-25T16:35:49.430+0700] {example_kubernetes_executor.py:38} WARNING - The example_kubernetes_executor example DAG requires the kubernetes provider. Please install it with: pip install apache-airflow[cncf.kubernetes]
[2025-07-25T16:35:49.431+0700] {processor.py:842} WARNING - No viable dags retrieved from /home/ngtph/airflow/airflow_venv/lib/python3.11/site-packages/airflow/example_dags/example_kubernetes_executor.py
[2025-07-25T16:35:50.814+0700] {processor.py:183} INFO - Processing /home/ngtph/airflow/airflow_venv/lib/python3.11/site-packages/airflow/example_dags/example_kubernetes_executor.py took 1.394 seconds
[2025-07-25T16:36:16.022+0700] {processor.py:161} INFO - Started process (PID=14181) to work on /home/ngtph/airflow/airflow_venv/lib/python3.11/site-packages/airflow/example_dags/example_kubernetes_executor.py
[2025-07-25T16:36:16.023+0700] {processor.py:830} INFO - Processing file /home/ngtph/airflow/airflow_venv/lib/python3.11/site-packages/airflow/example_dags/example_kubernetes_executor.py for tasks to queue
[2025-07-25T16:36:16.024+0700] {logging_mixin.py:188} INFO - [2025-07-25T16:36:16.024+0700] {dagbag.py:538} INFO - Filling up the DagBag from /home/ngtph/airflow/airflow_venv/lib/python3.11/site-packages/airflow/example_dags/example_kubernetes_executor.py
[2025-07-25T16:36:16.027+0700] {logging_mixin.py:188} INFO - [2025-07-25T16:36:16.027+0700] {example_kubernetes_executor.py:38} WARNING - The example_kubernetes_executor example DAG requires the kubernetes provider. Please install it with: pip install apache-airflow[cncf.kubernetes]
[2025-07-25T16:36:16.027+0700] {processor.py:842} WARNING - No viable dags retrieved from /home/ngtph/airflow/airflow_venv/lib/python3.11/site-packages/airflow/example_dags/example_kubernetes_executor.py
[2025-07-25T16:36:18.090+0700] {processor.py:183} INFO - Processing /home/ngtph/airflow/airflow_venv/lib/python3.11/site-packages/airflow/example_dags/example_kubernetes_executor.py took 2.071 seconds
[2025-07-25T16:37:29.061+0700] {processor.py:161} INFO - Started process (PID=14298) to work on /home/ngtph/airflow/airflow_venv/lib/python3.11/site-packages/airflow/example_dags/example_kubernetes_executor.py
[2025-07-25T16:37:29.062+0700] {processor.py:830} INFO - Processing file /home/ngtph/airflow/airflow_venv/lib/python3.11/site-packages/airflow/example_dags/example_kubernetes_executor.py for tasks to queue
[2025-07-25T16:37:29.063+0700] {logging_mixin.py:188} INFO - [2025-07-25T16:37:29.063+0700] {dagbag.py:538} INFO - Filling up the DagBag from /home/ngtph/airflow/airflow_venv/lib/python3.11/site-packages/airflow/example_dags/example_kubernetes_executor.py
[2025-07-25T16:37:29.066+0700] {logging_mixin.py:188} INFO - [2025-07-25T16:37:29.066+0700] {example_kubernetes_executor.py:38} WARNING - The example_kubernetes_executor example DAG requires the kubernetes provider. Please install it with: pip install apache-airflow[cncf.kubernetes]
[2025-07-25T16:37:29.066+0700] {processor.py:842} WARNING - No viable dags retrieved from /home/ngtph/airflow/airflow_venv/lib/python3.11/site-packages/airflow/example_dags/example_kubernetes_executor.py
[2025-07-25T16:37:30.427+0700] {processor.py:183} INFO - Processing /home/ngtph/airflow/airflow_venv/lib/python3.11/site-packages/airflow/example_dags/example_kubernetes_executor.py took 1.369 seconds
[2025-07-25T16:37:50.891+0700] {processor.py:161} INFO - Started process (PID=14325) to work on /home/ngtph/airflow/airflow_venv/lib/python3.11/site-packages/airflow/example_dags/example_kubernetes_executor.py
[2025-07-25T16:37:50.894+0700] {processor.py:830} INFO - Processing file /home/ngtph/airflow/airflow_venv/lib/python3.11/site-packages/airflow/example_dags/example_kubernetes_executor.py for tasks to queue
[2025-07-25T16:37:50.895+0700] {logging_mixin.py:188} INFO - [2025-07-25T16:37:50.894+0700] {dagbag.py:538} INFO - Filling up the DagBag from /home/ngtph/airflow/airflow_venv/lib/python3.11/site-packages/airflow/example_dags/example_kubernetes_executor.py
[2025-07-25T16:37:50.897+0700] {logging_mixin.py:188} INFO - [2025-07-25T16:37:50.897+0700] {example_kubernetes_executor.py:38} WARNING - The example_kubernetes_executor example DAG requires the kubernetes provider. Please install it with: pip install apache-airflow[cncf.kubernetes]
[2025-07-25T16:37:50.897+0700] {processor.py:842} WARNING - No viable dags retrieved from /home/ngtph/airflow/airflow_venv/lib/python3.11/site-packages/airflow/example_dags/example_kubernetes_executor.py
[2025-07-25T16:37:54.778+0700] {processor.py:183} INFO - Processing /home/ngtph/airflow/airflow_venv/lib/python3.11/site-packages/airflow/example_dags/example_kubernetes_executor.py took 1.294 seconds
[2025-07-25T16:39:07.582+0700] {processor.py:161} INFO - Started process (PID=14463) to work on /home/ngtph/airflow/airflow_venv/lib/python3.11/site-packages/airflow/example_dags/example_kubernetes_executor.py
[2025-07-25T16:39:07.583+0700] {processor.py:830} INFO - Processing file /home/ngtph/airflow/airflow_venv/lib/python3.11/site-packages/airflow/example_dags/example_kubernetes_executor.py for tasks to queue
[2025-07-25T16:39:07.584+0700] {logging_mixin.py:188} INFO - [2025-07-25T16:39:07.584+0700] {dagbag.py:538} INFO - Filling up the DagBag from /home/ngtph/airflow/airflow_venv/lib/python3.11/site-packages/airflow/example_dags/example_kubernetes_executor.py
[2025-07-25T16:39:07.587+0700] {logging_mixin.py:188} INFO - [2025-07-25T16:39:07.587+0700] {example_kubernetes_executor.py:38} WARNING - The example_kubernetes_executor example DAG requires the kubernetes provider. Please install it with: pip install apache-airflow[cncf.kubernetes]
[2025-07-25T16:39:07.587+0700] {processor.py:842} WARNING - No viable dags retrieved from /home/ngtph/airflow/airflow_venv/lib/python3.11/site-packages/airflow/example_dags/example_kubernetes_executor.py
[2025-07-25T16:39:08.962+0700] {processor.py:183} INFO - Processing /home/ngtph/airflow/airflow_venv/lib/python3.11/site-packages/airflow/example_dags/example_kubernetes_executor.py took 1.384 seconds
[2025-07-25T16:39:26.544+0700] {processor.py:161} INFO - Started process (PID=14490) to work on /home/ngtph/airflow/airflow_venv/lib/python3.11/site-packages/airflow/example_dags/example_kubernetes_executor.py
[2025-07-25T16:39:26.545+0700] {processor.py:830} INFO - Processing file /home/ngtph/airflow/airflow_venv/lib/python3.11/site-packages/airflow/example_dags/example_kubernetes_executor.py for tasks to queue
[2025-07-25T16:39:26.546+0700] {logging_mixin.py:188} INFO - [2025-07-25T16:39:26.546+0700] {dagbag.py:538} INFO - Filling up the DagBag from /home/ngtph/airflow/airflow_venv/lib/python3.11/site-packages/airflow/example_dags/example_kubernetes_executor.py
[2025-07-25T16:39:26.548+0700] {logging_mixin.py:188} INFO - [2025-07-25T16:39:26.548+0700] {example_kubernetes_executor.py:38} WARNING - The example_kubernetes_executor example DAG requires the kubernetes provider. Please install it with: pip install apache-airflow[cncf.kubernetes]
[2025-07-25T16:39:26.549+0700] {processor.py:842} WARNING - No viable dags retrieved from /home/ngtph/airflow/airflow_venv/lib/python3.11/site-packages/airflow/example_dags/example_kubernetes_executor.py
[2025-07-25T16:39:27.735+0700] {processor.py:183} INFO - Processing /home/ngtph/airflow/airflow_venv/lib/python3.11/site-packages/airflow/example_dags/example_kubernetes_executor.py took 1.194 seconds
[2025-07-25T16:40:32.856+0700] {processor.py:161} INFO - Started process (PID=14613) to work on /home/ngtph/airflow/airflow_venv/lib/python3.11/site-packages/airflow/example_dags/example_kubernetes_executor.py
[2025-07-25T16:40:32.858+0700] {processor.py:830} INFO - Processing file /home/ngtph/airflow/airflow_venv/lib/python3.11/site-packages/airflow/example_dags/example_kubernetes_executor.py for tasks to queue
[2025-07-25T16:40:32.858+0700] {logging_mixin.py:188} INFO - [2025-07-25T16:40:32.858+0700] {dagbag.py:538} INFO - Filling up the DagBag from /home/ngtph/airflow/airflow_venv/lib/python3.11/site-packages/airflow/example_dags/example_kubernetes_executor.py
[2025-07-25T16:40:32.861+0700] {logging_mixin.py:188} INFO - [2025-07-25T16:40:32.861+0700] {example_kubernetes_executor.py:38} WARNING - The example_kubernetes_executor example DAG requires the kubernetes provider. Please install it with: pip install apache-airflow[cncf.kubernetes]
[2025-07-25T16:40:32.862+0700] {processor.py:842} WARNING - No viable dags retrieved from /home/ngtph/airflow/airflow_venv/lib/python3.11/site-packages/airflow/example_dags/example_kubernetes_executor.py
[2025-07-25T16:40:34.880+0700] {processor.py:183} INFO - Processing /home/ngtph/airflow/airflow_venv/lib/python3.11/site-packages/airflow/example_dags/example_kubernetes_executor.py took 2.027 seconds
[2025-07-25T16:41:02.173+0700] {processor.py:161} INFO - Started process (PID=14666) to work on /home/ngtph/airflow/airflow_venv/lib/python3.11/site-packages/airflow/example_dags/example_kubernetes_executor.py
[2025-07-25T16:41:02.174+0700] {processor.py:830} INFO - Processing file /home/ngtph/airflow/airflow_venv/lib/python3.11/site-packages/airflow/example_dags/example_kubernetes_executor.py for tasks to queue
[2025-07-25T16:41:02.175+0700] {logging_mixin.py:188} INFO - [2025-07-25T16:41:02.174+0700] {dagbag.py:538} INFO - Filling up the DagBag from /home/ngtph/airflow/airflow_venv/lib/python3.11/site-packages/airflow/example_dags/example_kubernetes_executor.py
[2025-07-25T16:41:02.177+0700] {logging_mixin.py:188} INFO - [2025-07-25T16:41:02.177+0700] {example_kubernetes_executor.py:38} WARNING - The example_kubernetes_executor example DAG requires the kubernetes provider. Please install it with: pip install apache-airflow[cncf.kubernetes]
[2025-07-25T16:41:02.178+0700] {processor.py:842} WARNING - No viable dags retrieved from /home/ngtph/airflow/airflow_venv/lib/python3.11/site-packages/airflow/example_dags/example_kubernetes_executor.py
[2025-07-25T16:41:04.223+0700] {processor.py:183} INFO - Processing /home/ngtph/airflow/airflow_venv/lib/python3.11/site-packages/airflow/example_dags/example_kubernetes_executor.py took 2.054 seconds
[2025-07-25T16:42:08.236+0700] {processor.py:161} INFO - Started process (PID=14771) to work on /home/ngtph/airflow/airflow_venv/lib/python3.11/site-packages/airflow/example_dags/example_kubernetes_executor.py
[2025-07-25T16:42:08.237+0700] {processor.py:830} INFO - Processing file /home/ngtph/airflow/airflow_venv/lib/python3.11/site-packages/airflow/example_dags/example_kubernetes_executor.py for tasks to queue
[2025-07-25T16:42:08.237+0700] {logging_mixin.py:188} INFO - [2025-07-25T16:42:08.237+0700] {dagbag.py:538} INFO - Filling up the DagBag from /home/ngtph/airflow/airflow_venv/lib/python3.11/site-packages/airflow/example_dags/example_kubernetes_executor.py
[2025-07-25T16:42:08.241+0700] {logging_mixin.py:188} INFO - [2025-07-25T16:42:08.240+0700] {example_kubernetes_executor.py:38} WARNING - The example_kubernetes_executor example DAG requires the kubernetes provider. Please install it with: pip install apache-airflow[cncf.kubernetes]
[2025-07-25T16:42:08.241+0700] {processor.py:842} WARNING - No viable dags retrieved from /home/ngtph/airflow/airflow_venv/lib/python3.11/site-packages/airflow/example_dags/example_kubernetes_executor.py
[2025-07-25T16:42:10.565+0700] {processor.py:183} INFO - Processing /home/ngtph/airflow/airflow_venv/lib/python3.11/site-packages/airflow/example_dags/example_kubernetes_executor.py took 2.332 seconds
[2025-07-25T16:42:45.169+0700] {processor.py:161} INFO - Started process (PID=14837) to work on /home/ngtph/airflow/airflow_venv/lib/python3.11/site-packages/airflow/example_dags/example_kubernetes_executor.py
[2025-07-25T16:42:45.169+0700] {processor.py:830} INFO - Processing file /home/ngtph/airflow/airflow_venv/lib/python3.11/site-packages/airflow/example_dags/example_kubernetes_executor.py for tasks to queue
[2025-07-25T16:42:45.170+0700] {logging_mixin.py:188} INFO - [2025-07-25T16:42:45.170+0700] {dagbag.py:538} INFO - Filling up the DagBag from /home/ngtph/airflow/airflow_venv/lib/python3.11/site-packages/airflow/example_dags/example_kubernetes_executor.py
[2025-07-25T16:42:45.173+0700] {logging_mixin.py:188} INFO - [2025-07-25T16:42:45.173+0700] {example_kubernetes_executor.py:38} WARNING - The example_kubernetes_executor example DAG requires the kubernetes provider. Please install it with: pip install apache-airflow[cncf.kubernetes]
[2025-07-25T16:42:45.173+0700] {processor.py:842} WARNING - No viable dags retrieved from /home/ngtph/airflow/airflow_venv/lib/python3.11/site-packages/airflow/example_dags/example_kubernetes_executor.py
[2025-07-25T16:42:46.561+0700] {processor.py:183} INFO - Processing /home/ngtph/airflow/airflow_venv/lib/python3.11/site-packages/airflow/example_dags/example_kubernetes_executor.py took 1.396 seconds
[2025-07-25T16:43:57.054+0700] {processor.py:161} INFO - Started process (PID=14972) to work on /home/ngtph/airflow/airflow_venv/lib/python3.11/site-packages/airflow/example_dags/example_kubernetes_executor.py
[2025-07-25T16:43:57.055+0700] {processor.py:830} INFO - Processing file /home/ngtph/airflow/airflow_venv/lib/python3.11/site-packages/airflow/example_dags/example_kubernetes_executor.py for tasks to queue
[2025-07-25T16:43:57.056+0700] {logging_mixin.py:188} INFO - [2025-07-25T16:43:57.055+0700] {dagbag.py:538} INFO - Filling up the DagBag from /home/ngtph/airflow/airflow_venv/lib/python3.11/site-packages/airflow/example_dags/example_kubernetes_executor.py
[2025-07-25T16:43:57.058+0700] {logging_mixin.py:188} INFO - [2025-07-25T16:43:57.058+0700] {example_kubernetes_executor.py:38} WARNING - The example_kubernetes_executor example DAG requires the kubernetes provider. Please install it with: pip install apache-airflow[cncf.kubernetes]
[2025-07-25T16:43:57.059+0700] {processor.py:842} WARNING - No viable dags retrieved from /home/ngtph/airflow/airflow_venv/lib/python3.11/site-packages/airflow/example_dags/example_kubernetes_executor.py
[2025-07-25T16:44:00.865+0700] {processor.py:183} INFO - Processing /home/ngtph/airflow/airflow_venv/lib/python3.11/site-packages/airflow/example_dags/example_kubernetes_executor.py took 1.119 seconds
[2025-07-25T16:44:17.869+0700] {processor.py:161} INFO - Started process (PID=15009) to work on /home/ngtph/airflow/airflow_venv/lib/python3.11/site-packages/airflow/example_dags/example_kubernetes_executor.py
[2025-07-25T16:44:17.870+0700] {processor.py:830} INFO - Processing file /home/ngtph/airflow/airflow_venv/lib/python3.11/site-packages/airflow/example_dags/example_kubernetes_executor.py for tasks to queue
[2025-07-25T16:44:17.871+0700] {logging_mixin.py:188} INFO - [2025-07-25T16:44:17.871+0700] {dagbag.py:538} INFO - Filling up the DagBag from /home/ngtph/airflow/airflow_venv/lib/python3.11/site-packages/airflow/example_dags/example_kubernetes_executor.py
[2025-07-25T16:44:17.874+0700] {logging_mixin.py:188} INFO - [2025-07-25T16:44:17.874+0700] {example_kubernetes_executor.py:38} WARNING - The example_kubernetes_executor example DAG requires the kubernetes provider. Please install it with: pip install apache-airflow[cncf.kubernetes]
[2025-07-25T16:44:17.874+0700] {processor.py:842} WARNING - No viable dags retrieved from /home/ngtph/airflow/airflow_venv/lib/python3.11/site-packages/airflow/example_dags/example_kubernetes_executor.py
[2025-07-25T16:44:19.041+0700] {processor.py:183} INFO - Processing /home/ngtph/airflow/airflow_venv/lib/python3.11/site-packages/airflow/example_dags/example_kubernetes_executor.py took 1.175 seconds
[2025-07-25T16:45:35.509+0700] {processor.py:161} INFO - Started process (PID=15118) to work on /home/ngtph/airflow/airflow_venv/lib/python3.11/site-packages/airflow/example_dags/example_kubernetes_executor.py
[2025-07-25T16:45:35.512+0700] {processor.py:830} INFO - Processing file /home/ngtph/airflow/airflow_venv/lib/python3.11/site-packages/airflow/example_dags/example_kubernetes_executor.py for tasks to queue
[2025-07-25T16:45:35.515+0700] {logging_mixin.py:188} INFO - [2025-07-25T16:45:35.514+0700] {dagbag.py:538} INFO - Filling up the DagBag from /home/ngtph/airflow/airflow_venv/lib/python3.11/site-packages/airflow/example_dags/example_kubernetes_executor.py
[2025-07-25T16:45:35.523+0700] {logging_mixin.py:188} INFO - [2025-07-25T16:45:35.523+0700] {example_kubernetes_executor.py:38} WARNING - The example_kubernetes_executor example DAG requires the kubernetes provider. Please install it with: pip install apache-airflow[cncf.kubernetes]
[2025-07-25T16:45:35.524+0700] {processor.py:842} WARNING - No viable dags retrieved from /home/ngtph/airflow/airflow_venv/lib/python3.11/site-packages/airflow/example_dags/example_kubernetes_executor.py
[2025-07-25T16:45:36.637+0700] {processor.py:183} INFO - Processing /home/ngtph/airflow/airflow_venv/lib/python3.11/site-packages/airflow/example_dags/example_kubernetes_executor.py took 1.136 seconds
[2025-07-25T16:47:27.607+0700] {processor.py:161} INFO - Started process (PID=15217) to work on /home/ngtph/airflow/airflow_venv/lib/python3.11/site-packages/airflow/example_dags/example_kubernetes_executor.py
[2025-07-25T16:47:27.612+0700] {processor.py:830} INFO - Processing file /home/ngtph/airflow/airflow_venv/lib/python3.11/site-packages/airflow/example_dags/example_kubernetes_executor.py for tasks to queue
[2025-07-25T16:47:27.614+0700] {logging_mixin.py:188} INFO - [2025-07-25T16:47:27.613+0700] {dagbag.py:538} INFO - Filling up the DagBag from /home/ngtph/airflow/airflow_venv/lib/python3.11/site-packages/airflow/example_dags/example_kubernetes_executor.py
[2025-07-25T16:47:27.621+0700] {logging_mixin.py:188} INFO - [2025-07-25T16:47:27.621+0700] {example_kubernetes_executor.py:38} WARNING - The example_kubernetes_executor example DAG requires the kubernetes provider. Please install it with: pip install apache-airflow[cncf.kubernetes]
[2025-07-25T16:47:27.622+0700] {processor.py:842} WARNING - No viable dags retrieved from /home/ngtph/airflow/airflow_venv/lib/python3.11/site-packages/airflow/example_dags/example_kubernetes_executor.py
[2025-07-25T16:47:32.807+0700] {processor.py:183} INFO - Processing /home/ngtph/airflow/airflow_venv/lib/python3.11/site-packages/airflow/example_dags/example_kubernetes_executor.py took 1.943 seconds
[2025-07-25T16:50:19.266+0700] {processor.py:161} INFO - Started process (PID=15356) to work on /home/ngtph/airflow/airflow_venv/lib/python3.11/site-packages/airflow/example_dags/example_kubernetes_executor.py
[2025-07-25T16:50:19.270+0700] {processor.py:830} INFO - Processing file /home/ngtph/airflow/airflow_venv/lib/python3.11/site-packages/airflow/example_dags/example_kubernetes_executor.py for tasks to queue
[2025-07-25T16:50:19.272+0700] {logging_mixin.py:188} INFO - [2025-07-25T16:50:19.271+0700] {dagbag.py:538} INFO - Filling up the DagBag from /home/ngtph/airflow/airflow_venv/lib/python3.11/site-packages/airflow/example_dags/example_kubernetes_executor.py
[2025-07-25T16:50:19.279+0700] {logging_mixin.py:188} INFO - [2025-07-25T16:50:19.279+0700] {example_kubernetes_executor.py:38} WARNING - The example_kubernetes_executor example DAG requires the kubernetes provider. Please install it with: pip install apache-airflow[cncf.kubernetes]
[2025-07-25T16:50:19.280+0700] {processor.py:842} WARNING - No viable dags retrieved from /home/ngtph/airflow/airflow_venv/lib/python3.11/site-packages/airflow/example_dags/example_kubernetes_executor.py
[2025-07-25T16:50:20.690+0700] {processor.py:183} INFO - Processing /home/ngtph/airflow/airflow_venv/lib/python3.11/site-packages/airflow/example_dags/example_kubernetes_executor.py took 1.432 seconds
[2025-07-25T16:53:00.110+0700] {processor.py:161} INFO - Started process (PID=15490) to work on /home/ngtph/airflow/airflow_venv/lib/python3.11/site-packages/airflow/example_dags/example_kubernetes_executor.py
[2025-07-25T16:53:00.113+0700] {processor.py:830} INFO - Processing file /home/ngtph/airflow/airflow_venv/lib/python3.11/site-packages/airflow/example_dags/example_kubernetes_executor.py for tasks to queue
[2025-07-25T16:53:00.114+0700] {logging_mixin.py:188} INFO - [2025-07-25T16:53:00.113+0700] {dagbag.py:538} INFO - Filling up the DagBag from /home/ngtph/airflow/airflow_venv/lib/python3.11/site-packages/airflow/example_dags/example_kubernetes_executor.py
[2025-07-25T16:53:00.117+0700] {logging_mixin.py:188} INFO - [2025-07-25T16:53:00.117+0700] {example_kubernetes_executor.py:38} WARNING - The example_kubernetes_executor example DAG requires the kubernetes provider. Please install it with: pip install apache-airflow[cncf.kubernetes]
[2025-07-25T16:53:00.117+0700] {processor.py:842} WARNING - No viable dags retrieved from /home/ngtph/airflow/airflow_venv/lib/python3.11/site-packages/airflow/example_dags/example_kubernetes_executor.py
[2025-07-25T16:53:01.592+0700] {processor.py:183} INFO - Processing /home/ngtph/airflow/airflow_venv/lib/python3.11/site-packages/airflow/example_dags/example_kubernetes_executor.py took 1.486 seconds
[2025-07-25T16:55:34.622+0700] {processor.py:161} INFO - Started process (PID=15633) to work on /home/ngtph/airflow/airflow_venv/lib/python3.11/site-packages/airflow/example_dags/example_kubernetes_executor.py
[2025-07-25T16:55:34.628+0700] {processor.py:830} INFO - Processing file /home/ngtph/airflow/airflow_venv/lib/python3.11/site-packages/airflow/example_dags/example_kubernetes_executor.py for tasks to queue
[2025-07-25T16:55:34.630+0700] {logging_mixin.py:188} INFO - [2025-07-25T16:55:34.629+0700] {dagbag.py:538} INFO - Filling up the DagBag from /home/ngtph/airflow/airflow_venv/lib/python3.11/site-packages/airflow/example_dags/example_kubernetes_executor.py
[2025-07-25T16:55:34.634+0700] {logging_mixin.py:188} INFO - [2025-07-25T16:55:34.634+0700] {example_kubernetes_executor.py:38} WARNING - The example_kubernetes_executor example DAG requires the kubernetes provider. Please install it with: pip install apache-airflow[cncf.kubernetes]
[2025-07-25T16:55:34.634+0700] {processor.py:842} WARNING - No viable dags retrieved from /home/ngtph/airflow/airflow_venv/lib/python3.11/site-packages/airflow/example_dags/example_kubernetes_executor.py
[2025-07-25T16:55:35.784+0700] {processor.py:183} INFO - Processing /home/ngtph/airflow/airflow_venv/lib/python3.11/site-packages/airflow/example_dags/example_kubernetes_executor.py took 1.172 seconds
[2025-07-25T16:57:36.644+0700] {processor.py:161} INFO - Started process (PID=15792) to work on /home/ngtph/airflow/airflow_venv/lib/python3.11/site-packages/airflow/example_dags/example_kubernetes_executor.py
[2025-07-25T16:57:36.646+0700] {processor.py:830} INFO - Processing file /home/ngtph/airflow/airflow_venv/lib/python3.11/site-packages/airflow/example_dags/example_kubernetes_executor.py for tasks to queue
[2025-07-25T16:57:36.648+0700] {logging_mixin.py:188} INFO - [2025-07-25T16:57:36.647+0700] {dagbag.py:538} INFO - Filling up the DagBag from /home/ngtph/airflow/airflow_venv/lib/python3.11/site-packages/airflow/example_dags/example_kubernetes_executor.py
[2025-07-25T16:57:36.653+0700] {logging_mixin.py:188} INFO - [2025-07-25T16:57:36.653+0700] {example_kubernetes_executor.py:38} WARNING - The example_kubernetes_executor example DAG requires the kubernetes provider. Please install it with: pip install apache-airflow[cncf.kubernetes]
[2025-07-25T16:57:36.653+0700] {processor.py:842} WARNING - No viable dags retrieved from /home/ngtph/airflow/airflow_venv/lib/python3.11/site-packages/airflow/example_dags/example_kubernetes_executor.py
[2025-07-25T16:57:37.971+0700] {processor.py:183} INFO - Processing /home/ngtph/airflow/airflow_venv/lib/python3.11/site-packages/airflow/example_dags/example_kubernetes_executor.py took 1.334 seconds
[2025-07-25T16:59:46.763+0700] {processor.py:161} INFO - Started process (PID=15936) to work on /home/ngtph/airflow/airflow_venv/lib/python3.11/site-packages/airflow/example_dags/example_kubernetes_executor.py
[2025-07-25T16:59:46.765+0700] {processor.py:830} INFO - Processing file /home/ngtph/airflow/airflow_venv/lib/python3.11/site-packages/airflow/example_dags/example_kubernetes_executor.py for tasks to queue
[2025-07-25T16:59:46.766+0700] {logging_mixin.py:188} INFO - [2025-07-25T16:59:46.766+0700] {dagbag.py:538} INFO - Filling up the DagBag from /home/ngtph/airflow/airflow_venv/lib/python3.11/site-packages/airflow/example_dags/example_kubernetes_executor.py
[2025-07-25T16:59:46.771+0700] {logging_mixin.py:188} INFO - [2025-07-25T16:59:46.771+0700] {example_kubernetes_executor.py:38} WARNING - The example_kubernetes_executor example DAG requires the kubernetes provider. Please install it with: pip install apache-airflow[cncf.kubernetes]
[2025-07-25T16:59:46.772+0700] {processor.py:842} WARNING - No viable dags retrieved from /home/ngtph/airflow/airflow_venv/lib/python3.11/site-packages/airflow/example_dags/example_kubernetes_executor.py
[2025-07-25T16:59:51.351+0700] {processor.py:183} INFO - Processing /home/ngtph/airflow/airflow_venv/lib/python3.11/site-packages/airflow/example_dags/example_kubernetes_executor.py took 1.465 seconds
[2025-07-25T17:01:33.621+0700] {processor.py:161} INFO - Started process (PID=16059) to work on /home/ngtph/airflow/airflow_venv/lib/python3.11/site-packages/airflow/example_dags/example_kubernetes_executor.py
[2025-07-25T17:01:33.623+0700] {processor.py:830} INFO - Processing file /home/ngtph/airflow/airflow_venv/lib/python3.11/site-packages/airflow/example_dags/example_kubernetes_executor.py for tasks to queue
[2025-07-25T17:01:33.624+0700] {logging_mixin.py:188} INFO - [2025-07-25T17:01:33.623+0700] {dagbag.py:538} INFO - Filling up the DagBag from /home/ngtph/airflow/airflow_venv/lib/python3.11/site-packages/airflow/example_dags/example_kubernetes_executor.py
[2025-07-25T17:01:33.630+0700] {logging_mixin.py:188} INFO - [2025-07-25T17:01:33.630+0700] {example_kubernetes_executor.py:38} WARNING - The example_kubernetes_executor example DAG requires the kubernetes provider. Please install it with: pip install apache-airflow[cncf.kubernetes]
[2025-07-25T17:01:33.631+0700] {processor.py:842} WARNING - No viable dags retrieved from /home/ngtph/airflow/airflow_venv/lib/python3.11/site-packages/airflow/example_dags/example_kubernetes_executor.py
[2025-07-25T17:01:37.841+0700] {processor.py:183} INFO - Processing /home/ngtph/airflow/airflow_venv/lib/python3.11/site-packages/airflow/example_dags/example_kubernetes_executor.py took 1.134 seconds
[2025-07-25T17:03:37.515+0700] {processor.py:161} INFO - Started process (PID=16177) to work on /home/ngtph/airflow/airflow_venv/lib/python3.11/site-packages/airflow/example_dags/example_kubernetes_executor.py
[2025-07-25T17:03:37.516+0700] {processor.py:830} INFO - Processing file /home/ngtph/airflow/airflow_venv/lib/python3.11/site-packages/airflow/example_dags/example_kubernetes_executor.py for tasks to queue
[2025-07-25T17:03:37.517+0700] {logging_mixin.py:188} INFO - [2025-07-25T17:03:37.517+0700] {dagbag.py:538} INFO - Filling up the DagBag from /home/ngtph/airflow/airflow_venv/lib/python3.11/site-packages/airflow/example_dags/example_kubernetes_executor.py
[2025-07-25T17:03:37.520+0700] {logging_mixin.py:188} INFO - [2025-07-25T17:03:37.520+0700] {example_kubernetes_executor.py:38} WARNING - The example_kubernetes_executor example DAG requires the kubernetes provider. Please install it with: pip install apache-airflow[cncf.kubernetes]
[2025-07-25T17:03:37.521+0700] {processor.py:842} WARNING - No viable dags retrieved from /home/ngtph/airflow/airflow_venv/lib/python3.11/site-packages/airflow/example_dags/example_kubernetes_executor.py
[2025-07-25T17:03:38.609+0700] {processor.py:183} INFO - Processing /home/ngtph/airflow/airflow_venv/lib/python3.11/site-packages/airflow/example_dags/example_kubernetes_executor.py took 1.099 seconds
[2025-07-25T17:06:16.960+0700] {processor.py:161} INFO - Started process (PID=16342) to work on /home/ngtph/airflow/airflow_venv/lib/python3.11/site-packages/airflow/example_dags/example_kubernetes_executor.py
[2025-07-25T17:06:16.963+0700] {processor.py:830} INFO - Processing file /home/ngtph/airflow/airflow_venv/lib/python3.11/site-packages/airflow/example_dags/example_kubernetes_executor.py for tasks to queue
[2025-07-25T17:06:16.966+0700] {logging_mixin.py:188} INFO - [2025-07-25T17:06:16.965+0700] {dagbag.py:538} INFO - Filling up the DagBag from /home/ngtph/airflow/airflow_venv/lib/python3.11/site-packages/airflow/example_dags/example_kubernetes_executor.py
[2025-07-25T17:06:16.979+0700] {logging_mixin.py:188} INFO - [2025-07-25T17:06:16.979+0700] {example_kubernetes_executor.py:38} WARNING - The example_kubernetes_executor example DAG requires the kubernetes provider. Please install it with: pip install apache-airflow[cncf.kubernetes]
[2025-07-25T17:06:16.980+0700] {processor.py:842} WARNING - No viable dags retrieved from /home/ngtph/airflow/airflow_venv/lib/python3.11/site-packages/airflow/example_dags/example_kubernetes_executor.py
[2025-07-25T17:06:20.683+0700] {processor.py:183} INFO - Processing /home/ngtph/airflow/airflow_venv/lib/python3.11/site-packages/airflow/example_dags/example_kubernetes_executor.py took 3.735 seconds
[2025-07-25T17:08:46.442+0700] {processor.py:161} INFO - Started process (PID=16499) to work on /home/ngtph/airflow/airflow_venv/lib/python3.11/site-packages/airflow/example_dags/example_kubernetes_executor.py
[2025-07-25T17:08:46.445+0700] {processor.py:830} INFO - Processing file /home/ngtph/airflow/airflow_venv/lib/python3.11/site-packages/airflow/example_dags/example_kubernetes_executor.py for tasks to queue
[2025-07-25T17:08:46.448+0700] {logging_mixin.py:188} INFO - [2025-07-25T17:08:46.447+0700] {dagbag.py:538} INFO - Filling up the DagBag from /home/ngtph/airflow/airflow_venv/lib/python3.11/site-packages/airflow/example_dags/example_kubernetes_executor.py
[2025-07-25T17:08:46.458+0700] {logging_mixin.py:188} INFO - [2025-07-25T17:08:46.457+0700] {example_kubernetes_executor.py:38} WARNING - The example_kubernetes_executor example DAG requires the kubernetes provider. Please install it with: pip install apache-airflow[cncf.kubernetes]
[2025-07-25T17:08:46.459+0700] {processor.py:842} WARNING - No viable dags retrieved from /home/ngtph/airflow/airflow_venv/lib/python3.11/site-packages/airflow/example_dags/example_kubernetes_executor.py
[2025-07-25T17:08:47.885+0700] {processor.py:183} INFO - Processing /home/ngtph/airflow/airflow_venv/lib/python3.11/site-packages/airflow/example_dags/example_kubernetes_executor.py took 1.452 seconds
[2025-07-25T17:11:04.343+0700] {processor.py:161} INFO - Started process (PID=16646) to work on /home/ngtph/airflow/airflow_venv/lib/python3.11/site-packages/airflow/example_dags/example_kubernetes_executor.py
[2025-07-25T17:11:04.348+0700] {processor.py:830} INFO - Processing file /home/ngtph/airflow/airflow_venv/lib/python3.11/site-packages/airflow/example_dags/example_kubernetes_executor.py for tasks to queue
[2025-07-25T17:11:04.349+0700] {logging_mixin.py:188} INFO - [2025-07-25T17:11:04.349+0700] {dagbag.py:538} INFO - Filling up the DagBag from /home/ngtph/airflow/airflow_venv/lib/python3.11/site-packages/airflow/example_dags/example_kubernetes_executor.py
[2025-07-25T17:11:04.356+0700] {logging_mixin.py:188} INFO - [2025-07-25T17:11:04.356+0700] {example_kubernetes_executor.py:38} WARNING - The example_kubernetes_executor example DAG requires the kubernetes provider. Please install it with: pip install apache-airflow[cncf.kubernetes]
[2025-07-25T17:11:04.357+0700] {processor.py:842} WARNING - No viable dags retrieved from /home/ngtph/airflow/airflow_venv/lib/python3.11/site-packages/airflow/example_dags/example_kubernetes_executor.py
[2025-07-25T17:11:05.580+0700] {processor.py:183} INFO - Processing /home/ngtph/airflow/airflow_venv/lib/python3.11/site-packages/airflow/example_dags/example_kubernetes_executor.py took 1.245 seconds
