[2025-07-25T19:21:54.194+0700] {local_task_job_runner.py:120} INFO - ::group::Pre task execution logs
[2025-07-25T19:21:57.141+0700] {taskinstance.py:2076} INFO - Dependencies all met for dep_context=non-requeueable deps ti=<TaskInstance: etl_local_postgres_pipeline.stage_songs manual__2025-07-25T11:44:30.085491+00:00 [queued]>
[2025-07-25T19:21:57.603+0700] {taskinstance.py:2076} INFO - Dependencies all met for dep_context=requeueable deps ti=<TaskInstance: etl_local_postgres_pipeline.stage_songs manual__2025-07-25T11:44:30.085491+00:00 [queued]>
[2025-07-25T19:21:57.603+0700] {taskinstance.py:2306} INFO - Starting attempt 2 of 5
[2025-07-25T19:21:58.242+0700] {taskinstance.py:2330} INFO - Executing <Task(PythonOperator): stage_songs> on 2025-07-25 11:44:30.085491+00:00
[2025-07-25T19:21:58.259+0700] {standard_task_runner.py:90} INFO - Running: ['airflow', 'tasks', 'run', 'etl_local_postgres_pipeline', 'stage_songs', 'manual__2025-07-25T11:44:30.085491+00:00', '--job-id', '118', '--raw', '--subdir', 'DAGS_FOLDER/etl_pipeline_pjt.py', '--cfg-path', '/tmp/tmp4t_iz2cf']
[2025-07-25T19:21:58.261+0700] {standard_task_runner.py:91} INFO - Job 118: Subtask stage_songs
[2025-07-25T19:21:58.263+0700] {logging_mixin.py:188} WARNING - /home/ngtph/airflow/airflow_venv/lib/python3.12/site-packages/airflow/task/task_runner/standard_task_runner.py:61 DeprecationWarning: This process (pid=20317) is multi-threaded, use of fork() may lead to deadlocks in the child.
[2025-07-25T19:21:58.264+0700] {standard_task_runner.py:63} INFO - Started process 20329 to run task
[2025-07-25T19:22:07.291+0700] {task_command.py:426} INFO - Running <TaskInstance: etl_local_postgres_pipeline.stage_songs manual__2025-07-25T11:44:30.085491+00:00 [running]> on host DESKTOP-9M5T9P5.localdomain
[2025-07-25T19:22:19.343+0700] {taskinstance.py:2648} INFO - Exporting env vars: AIRFLOW_CTX_DAG_OWNER='phuongnt226' AIRFLOW_CTX_DAG_ID='etl_local_postgres_pipeline' AIRFLOW_CTX_TASK_ID='stage_songs' AIRFLOW_CTX_EXECUTION_DATE='2025-07-25T11:44:30.085491+00:00' AIRFLOW_CTX_TRY_NUMBER='2' AIRFLOW_CTX_DAG_RUN_ID='manual__2025-07-25T11:44:30.085491+00:00'
[2025-07-25T19:22:19.345+0700] {taskinstance.py:430} INFO - ::endgroup::
[2025-07-25T19:22:21.355+0700] {base.py:84} INFO - Using connection ID 'postgres_id' for task execution.
[2025-07-25T19:22:23.833+0700] {logging_mixin.py:188} INFO - Found 71 song files.
[2025-07-25T19:22:31.349+0700] {logging_mixin.py:188} INFO - Finished stage_songs_to_postgres
[2025-07-25T19:22:31.349+0700] {python.py:237} INFO - Done. Returned value was: None
[2025-07-25T19:22:31.349+0700] {taskinstance.py:441} INFO - ::group::Post task execution logs
[2025-07-25T19:22:34.009+0700] {taskinstance.py:1206} INFO - Marking task as SUCCESS. dag_id=etl_local_postgres_pipeline, task_id=stage_songs, run_id=manual__2025-07-25T11:44:30.085491+00:00, execution_date=20250725T114430, start_date=20250725T122157, end_date=20250725T122234
[2025-07-25T19:22:34.859+0700] {local_task_job_runner.py:240} INFO - Task exited with return code 0
[2025-07-25T19:22:36.313+0700] {local_task_job_runner.py:222} INFO - ::endgroup::
