[2025-07-26T08:52:41.956+0700] {local_task_job_runner.py:120} INFO - ::group::Pre task execution logs
[2025-07-26T08:52:44.731+0700] {taskinstance.py:2076} INFO - Dependencies all met for dep_context=non-requeueable deps ti=<TaskInstance: etl_local_postgres_pipeline.load_user_dim_table scheduled__2025-07-25T19:00:00+00:00 [queued]>
[2025-07-26T08:52:45.250+0700] {taskinstance.py:2076} INFO - Dependencies all met for dep_context=requeueable deps ti=<TaskInstance: etl_local_postgres_pipeline.load_user_dim_table scheduled__2025-07-25T19:00:00+00:00 [queued]>
[2025-07-26T08:52:45.250+0700] {taskinstance.py:2306} INFO - Starting attempt 2 of 5
[2025-07-26T08:52:46.309+0700] {taskinstance.py:2330} INFO - Executing <Task(PythonOperator): load_user_dim_table> on 2025-07-25 19:00:00+00:00
[2025-07-26T08:52:46.314+0700] {logging_mixin.py:188} WARNING - /home/ngtph/airflow/airflow_venv/lib/python3.12/site-packages/airflow/task/task_runner/standard_task_runner.py:61 DeprecationWarning: This process (pid=6381) is multi-threaded, use of fork() may lead to deadlocks in the child.
[2025-07-26T08:52:46.315+0700] {standard_task_runner.py:63} INFO - Started process 6398 to run task
[2025-07-26T08:52:46.314+0700] {standard_task_runner.py:90} INFO - Running: ['airflow', 'tasks', 'run', 'etl_local_postgres_pipeline', 'load_user_dim_table', 'scheduled__2025-07-25T19:00:00+00:00', '--job-id', '497', '--raw', '--subdir', 'DAGS_FOLDER/etl_pipeline_pjt.py', '--cfg-path', '/tmp/tmp4k2ujzcx']
[2025-07-26T08:52:46.316+0700] {standard_task_runner.py:91} INFO - Job 497: Subtask load_user_dim_table
[2025-07-26T08:52:58.449+0700] {task_command.py:426} INFO - Running <TaskInstance: etl_local_postgres_pipeline.load_user_dim_table scheduled__2025-07-25T19:00:00+00:00 [running]> on host DESKTOP-9M5T9P5.localdomain
[2025-07-26T08:53:13.953+0700] {taskinstance.py:2648} INFO - Exporting env vars: AIRFLOW_CTX_DAG_OWNER='phuongnt226' AIRFLOW_CTX_DAG_ID='etl_local_postgres_pipeline' AIRFLOW_CTX_TASK_ID='load_user_dim_table' AIRFLOW_CTX_EXECUTION_DATE='2025-07-25T19:00:00+00:00' AIRFLOW_CTX_TRY_NUMBER='2' AIRFLOW_CTX_DAG_RUN_ID='scheduled__2025-07-25T19:00:00+00:00'
[2025-07-26T08:53:13.954+0700] {taskinstance.py:430} INFO - ::endgroup::
[2025-07-26T08:53:16.737+0700] {base.py:84} INFO - Using connection ID 'postgres_id' for task execution.
[2025-07-26T08:53:19.698+0700] {sql.py:470} INFO - Running statement: 
    INSERT INTO users (userid, first_name, last_name, gender, level)
    SELECT DISTINCT userid, firstname AS first_name, lastname AS last_name, gender, level
    FROM staging_events
    WHERE page='NextSong'
    ON CONFLICT (userid) DO NOTHING;
, parameters: None
[2025-07-26T08:53:22.069+0700] {sql.py:479} INFO - Rows affected: 0
[2025-07-26T08:53:22.175+0700] {logging_mixin.py:188} INFO - Executed SQL: 
    INSERT INTO users (userid, first_name, last_n... -> Result: None
[2025-07-26T08:53:22.176+0700] {python.py:237} INFO - Done. Returned value was: None
[2025-07-26T08:53:22.177+0700] {taskinstance.py:441} INFO - ::group::Post task execution logs
[2025-07-26T08:53:24.607+0700] {taskinstance.py:1206} INFO - Marking task as SUCCESS. dag_id=etl_local_postgres_pipeline, task_id=load_user_dim_table, run_id=scheduled__2025-07-25T19:00:00+00:00, execution_date=20250725T190000, start_date=20250726T015244, end_date=20250726T015324
[2025-07-26T08:53:25.753+0700] {local_task_job_runner.py:240} INFO - Task exited with return code 0
[2025-07-26T08:53:29.563+0700] {taskinstance.py:3498} INFO - 0 downstream tasks scheduled from follow-on schedule check
[2025-07-26T08:53:29.660+0700] {local_task_job_runner.py:222} INFO - ::endgroup::
