[2025-07-26T08:50:25.725+0700] {local_task_job_runner.py:120} INFO - ::group::Pre task execution logs
[2025-07-26T08:50:29.485+0700] {taskinstance.py:2076} INFO - Dependencies all met for dep_context=non-requeueable deps ti=<TaskInstance: etl_local_postgres_pipeline.load_songplays_fact_table scheduled__2025-07-25T23:00:00+00:00 [queued]>
[2025-07-26T08:50:29.983+0700] {taskinstance.py:2076} INFO - Dependencies all met for dep_context=requeueable deps ti=<TaskInstance: etl_local_postgres_pipeline.load_songplays_fact_table scheduled__2025-07-25T23:00:00+00:00 [queued]>
[2025-07-26T08:50:29.983+0700] {taskinstance.py:2306} INFO - Starting attempt 2 of 5
[2025-07-26T08:50:30.967+0700] {taskinstance.py:2330} INFO - Executing <Task(PythonOperator): load_songplays_fact_table> on 2025-07-25 23:00:00+00:00
[2025-07-26T08:50:30.976+0700] {logging_mixin.py:188} WARNING - /home/ngtph/airflow/airflow_venv/lib/python3.12/site-packages/airflow/task/task_runner/standard_task_runner.py:61 DeprecationWarning: This process (pid=6266) is multi-threaded, use of fork() may lead to deadlocks in the child.
[2025-07-26T08:50:30.977+0700] {standard_task_runner.py:63} INFO - Started process 6289 to run task
[2025-07-26T08:50:30.975+0700] {standard_task_runner.py:90} INFO - Running: ['airflow', 'tasks', 'run', 'etl_local_postgres_pipeline', 'load_songplays_fact_table', 'scheduled__2025-07-25T23:00:00+00:00', '--job-id', '468', '--raw', '--subdir', 'DAGS_FOLDER/etl_pipeline_pjt.py', '--cfg-path', '/tmp/tmpb10sr4q5']
[2025-07-26T08:50:30.977+0700] {standard_task_runner.py:91} INFO - Job 468: Subtask load_songplays_fact_table
[2025-07-26T08:50:40.738+0700] {task_command.py:426} INFO - Running <TaskInstance: etl_local_postgres_pipeline.load_songplays_fact_table scheduled__2025-07-25T23:00:00+00:00 [running]> on host DESKTOP-9M5T9P5.localdomain
[2025-07-26T08:50:57.416+0700] {taskinstance.py:2648} INFO - Exporting env vars: AIRFLOW_CTX_DAG_OWNER='phuongnt226' AIRFLOW_CTX_DAG_ID='etl_local_postgres_pipeline' AIRFLOW_CTX_TASK_ID='load_songplays_fact_table' AIRFLOW_CTX_EXECUTION_DATE='2025-07-25T23:00:00+00:00' AIRFLOW_CTX_TRY_NUMBER='2' AIRFLOW_CTX_DAG_RUN_ID='scheduled__2025-07-25T23:00:00+00:00'
[2025-07-26T08:50:57.417+0700] {taskinstance.py:430} INFO - ::endgroup::
[2025-07-26T08:51:00.409+0700] {base.py:84} INFO - Using connection ID 'postgres_id' for task execution.
[2025-07-26T08:51:02.681+0700] {sql.py:470} INFO - Running statement: 
    WITH songplay_data AS (
        SELECT
            md5(CAST(events.sessionid AS TEXT) || CAST(events.start_time AS TEXT)) AS playid,
            events.start_time, 
            events.userid, 
            events.level, 
            songs.song_id,
            songs.artist_id, 
            events.sessionid, 
            events.location, 
            events.useragent
        FROM (
            SELECT TIMESTAMP 'epoch' + ts/1000 * interval '1 second' AS start_time, *
            FROM staging_events
            WHERE page='NextSong'
        ) events
        LEFT JOIN staging_songs songs
            ON events.song = songs.title
            AND events.artist = songs.artist_name
            AND events.length = songs.duration
    )
    INSERT INTO songplays (
        playid, start_time, userid, level,
        songid, artistid, sessionid, location, user_agent
    )
    SELECT * FROM songplay_data
    ON CONFLICT (playid) DO NOTHING;
    , parameters: None
[2025-07-26T08:51:20.557+0700] {sql.py:479} INFO - Rows affected: 0
[2025-07-26T08:51:20.656+0700] {logging_mixin.py:188} INFO - Executed SQL: 
    WITH songplay_data AS (
        SELECT
      ... -> Result: None
[2025-07-26T08:51:20.657+0700] {python.py:237} INFO - Done. Returned value was: None
[2025-07-26T08:51:20.657+0700] {taskinstance.py:441} INFO - ::group::Post task execution logs
[2025-07-26T08:51:25.245+0700] {taskinstance.py:1206} INFO - Marking task as SUCCESS. dag_id=etl_local_postgres_pipeline, task_id=load_songplays_fact_table, run_id=scheduled__2025-07-25T23:00:00+00:00, execution_date=20250725T230000, start_date=20250726T015029, end_date=20250726T015125
[2025-07-26T08:51:30.816+0700] {local_task_job_runner.py:240} INFO - Task exited with return code 0
[2025-07-26T08:51:34.669+0700] {local_task_job_runner.py:222} INFO - ::endgroup::
