[2025-07-25T16:04:20.416+0700] {taskinstance.py:1956} INFO - Dependencies all met for dep_context=non-requeueable deps ti=<TaskInstance: etl_local_postgres_pipeline.stage_songs scheduled__2025-07-25T08:00:00+00:00 [queued]>
[2025-07-25T16:04:20.782+0700] {taskinstance.py:1956} INFO - Dependencies all met for dep_context=requeueable deps ti=<TaskInstance: etl_local_postgres_pipeline.stage_songs scheduled__2025-07-25T08:00:00+00:00 [queued]>
[2025-07-25T16:04:20.783+0700] {taskinstance.py:2170} INFO - Starting attempt 1 of 4
[2025-07-25T16:04:21.371+0700] {taskinstance.py:2191} INFO - Executing <Task(PythonOperator): stage_songs> on 2025-07-25 08:00:00+00:00
[2025-07-25T16:04:21.390+0700] {standard_task_runner.py:60} INFO - Started process 9983 to run task
[2025-07-25T16:04:21.404+0700] {standard_task_runner.py:87} INFO - Running: ['airflow', 'tasks', 'run', 'etl_local_postgres_pipeline', 'stage_songs', 'scheduled__2025-07-25T08:00:00+00:00', '--job-id', '5', '--raw', '--subdir', 'DAGS_FOLDER/etl_pipeline_pjt.py', '--cfg-path', '/tmp/tmpa2k3renz']
[2025-07-25T16:04:21.411+0700] {standard_task_runner.py:88} INFO - Job 5: Subtask stage_songs
[2025-07-25T16:04:24.253+0700] {task_command.py:423} INFO - Running <TaskInstance: etl_local_postgres_pipeline.stage_songs scheduled__2025-07-25T08:00:00+00:00 [running]> on host DESKTOP-9M5T9P5.localdomain
[2025-07-25T16:04:32.601+0700] {taskinstance.py:2480} INFO - Exporting env vars: AIRFLOW_CTX_DAG_OWNER='phuongnt226' AIRFLOW_CTX_DAG_ID='etl_local_postgres_pipeline' AIRFLOW_CTX_TASK_ID='stage_songs' AIRFLOW_CTX_EXECUTION_DATE='2025-07-25T08:00:00+00:00' AIRFLOW_CTX_TRY_NUMBER='1' AIRFLOW_CTX_DAG_RUN_ID='scheduled__2025-07-25T08:00:00+00:00'
[2025-07-25T16:04:33.314+0700] {logging_mixin.py:188} INFO - Find out 71 song files.
[2025-07-25T16:04:33.315+0700] {logging_mixin.py:188} INFO - Close connection stage_songs.
[2025-07-25T16:04:33.317+0700] {taskinstance.py:2698} ERROR - Task failed with exception
Traceback (most recent call last):
  File "/home/ngtph/airflow/airflow_venv/lib/python3.11/site-packages/airflow/models/taskinstance.py", line 433, in _execute_task
    result = execute_callable(context=context, **execute_callable_kwargs)
             ^^^^^^^^^^^^^^^^^^^^^^^^^^^^^^^^^^^^^^^^^^^^^^^^^^^^^^^^^^^^
  File "/home/ngtph/airflow/airflow_venv/lib/python3.11/site-packages/airflow/operators/python.py", line 199, in execute
    return_value = self.execute_callable()
                   ^^^^^^^^^^^^^^^^^^^^^^^
  File "/home/ngtph/airflow/airflow_venv/lib/python3.11/site-packages/airflow/operators/python.py", line 216, in execute_callable
    return self.python_callable(*self.op_args, **self.op_kwargs)
           ^^^^^^^^^^^^^^^^^^^^^^^^^^^^^^^^^^^^^^^^^^^^^^^^^^^^^
  File "/home/ngtph/airflow/dags/etl_pipeline_pjt.py", line 43, in stage_songs_to_postgres
    cur.execute(sql_queries.song_table_insert, (
                ^^^^^^^^^^^^^^^^^^^^^^^^^^^^^
AttributeError: module 'helpers.sql_queries' has no attribute 'song_table_insert'
[2025-07-25T16:04:35.271+0700] {taskinstance.py:1138} INFO - Marking task as UP_FOR_RETRY. dag_id=etl_local_postgres_pipeline, task_id=stage_songs, execution_date=20250725T080000, start_date=20250725T090420, end_date=20250725T090435
[2025-07-25T16:04:35.724+0700] {standard_task_runner.py:107} ERROR - Failed to execute job 5 for task stage_songs (module 'helpers.sql_queries' has no attribute 'song_table_insert'; 9983)
[2025-07-25T16:04:35.787+0700] {local_task_job_runner.py:234} INFO - Task exited with return code 1
[2025-07-25T16:04:37.787+0700] {taskinstance.py:3280} INFO - 0 downstream tasks scheduled from follow-on schedule check
