[2025-07-26T09:00:13.540+0700] {local_task_job_runner.py:120} INFO - ::group::Pre task execution logs
[2025-07-26T09:00:14.440+0700] {taskinstance.py:2076} INFO - Dependencies all met for dep_context=non-requeueable deps ti=<TaskInstance: etl_local_postgres_pipeline.load_artist_dim_table scheduled__2025-07-26T01:00:00+00:00 [queued]>
[2025-07-26T09:00:14.709+0700] {taskinstance.py:2076} INFO - Dependencies all met for dep_context=requeueable deps ti=<TaskInstance: etl_local_postgres_pipeline.load_artist_dim_table scheduled__2025-07-26T01:00:00+00:00 [queued]>
[2025-07-26T09:00:14.709+0700] {taskinstance.py:2306} INFO - Starting attempt 11 of 13
[2025-07-26T09:00:15.018+0700] {taskinstance.py:2330} INFO - Executing <Task(PythonOperator): load_artist_dim_table> on 2025-07-26 01:00:00+00:00
[2025-07-26T09:00:15.025+0700] {logging_mixin.py:188} WARNING - /home/ngtph/airflow/airflow_venv/lib/python3.12/site-packages/airflow/task/task_runner/standard_task_runner.py:61 DeprecationWarning: This process (pid=6570) is multi-threaded, use of fork() may lead to deadlocks in the child.
[2025-07-26T09:00:15.025+0700] {standard_task_runner.py:63} INFO - Started process 6574 to run task
[2025-07-26T09:00:15.025+0700] {standard_task_runner.py:90} INFO - Running: ['airflow', 'tasks', 'run', 'etl_local_postgres_pipeline', 'load_artist_dim_table', 'scheduled__2025-07-26T01:00:00+00:00', '--job-id', '533', '--raw', '--subdir', 'DAGS_FOLDER/etl_pipeline_pjt.py', '--cfg-path', '/tmp/tmp4w3yqtfo']
[2025-07-26T09:00:15.026+0700] {standard_task_runner.py:91} INFO - Job 533: Subtask load_artist_dim_table
[2025-07-26T09:00:17.751+0700] {task_command.py:426} INFO - Running <TaskInstance: etl_local_postgres_pipeline.load_artist_dim_table scheduled__2025-07-26T01:00:00+00:00 [running]> on host DESKTOP-9M5T9P5.localdomain
[2025-07-26T09:00:22.644+0700] {taskinstance.py:2648} INFO - Exporting env vars: AIRFLOW_CTX_DAG_OWNER='phuongnt226' AIRFLOW_CTX_DAG_ID='etl_local_postgres_pipeline' AIRFLOW_CTX_TASK_ID='load_artist_dim_table' AIRFLOW_CTX_EXECUTION_DATE='2025-07-26T01:00:00+00:00' AIRFLOW_CTX_TRY_NUMBER='11' AIRFLOW_CTX_DAG_RUN_ID='scheduled__2025-07-26T01:00:00+00:00'
[2025-07-26T09:00:22.645+0700] {taskinstance.py:430} INFO - ::endgroup::
[2025-07-26T09:00:23.463+0700] {base.py:84} INFO - Using connection ID 'postgres_id' for task execution.
[2025-07-26T09:00:25.066+0700] {sql.py:470} INFO - Running statement: 
    INSERT INTO artists (artistid, name, location, latitude, longitude)
    SELECT DISTINCT artist_id, artist_name, artist_location, artist_latitude, artist_longitude
    FROM staging_songs
    ON CONFLICT (artistid) DO NOTHING;
, parameters: None
[2025-07-26T09:00:25.167+0700] {sql.py:479} INFO - Rows affected: 0
[2025-07-26T09:00:25.215+0700] {logging_mixin.py:188} INFO - Executed SQL: 
    INSERT INTO artists (artistid, name, location... -> Result: None
[2025-07-26T09:00:25.216+0700] {python.py:237} INFO - Done. Returned value was: None
[2025-07-26T09:00:25.217+0700] {taskinstance.py:441} INFO - ::group::Post task execution logs
[2025-07-26T09:00:26.078+0700] {taskinstance.py:1206} INFO - Marking task as SUCCESS. dag_id=etl_local_postgres_pipeline, task_id=load_artist_dim_table, run_id=scheduled__2025-07-26T01:00:00+00:00, execution_date=20250726T010000, start_date=20250726T020014, end_date=20250726T020026
[2025-07-26T09:00:30.744+0700] {local_task_job_runner.py:240} INFO - Task exited with return code 0
[2025-07-26T09:00:32.362+0700] {taskinstance.py:3498} INFO - 1 downstream tasks scheduled from follow-on schedule check
[2025-07-26T09:00:32.473+0700] {local_task_job_runner.py:222} INFO - ::endgroup::
