[2025-07-26T06:52:29.237+0700] {local_task_job_runner.py:120} INFO - ::group::Pre task execution logs
[2025-07-26T06:52:30.526+0700] {taskinstance.py:2076} INFO - Dependencies all met for dep_context=non-requeueable deps ti=<TaskInstance: etl_local_postgres_pipeline.load_artist_dim_table scheduled__2025-07-25T19:00:00+00:00 [queued]>
[2025-07-26T06:52:30.820+0700] {taskinstance.py:2076} INFO - Dependencies all met for dep_context=requeueable deps ti=<TaskInstance: etl_local_postgres_pipeline.load_artist_dim_table scheduled__2025-07-25T19:00:00+00:00 [queued]>
[2025-07-26T06:52:30.820+0700] {taskinstance.py:2306} INFO - Starting attempt 1 of 4
[2025-07-26T06:52:31.123+0700] {taskinstance.py:2330} INFO - Executing <Task(PythonOperator): load_artist_dim_table> on 2025-07-25 19:00:00+00:00
[2025-07-26T06:52:31.130+0700] {standard_task_runner.py:90} INFO - Running: ['airflow', 'tasks', 'run', 'etl_local_postgres_pipeline', 'load_artist_dim_table', 'scheduled__2025-07-25T19:00:00+00:00', '--job-id', '266', '--raw', '--subdir', 'DAGS_FOLDER/etl_pipeline_pjt.py', '--cfg-path', '/tmp/tmprsdoconc']
[2025-07-26T06:52:31.132+0700] {standard_task_runner.py:91} INFO - Job 266: Subtask load_artist_dim_table
[2025-07-26T06:52:31.133+0700] {logging_mixin.py:188} WARNING - /home/ngtph/airflow/airflow_venv/lib/python3.12/site-packages/airflow/task/task_runner/standard_task_runner.py:61 DeprecationWarning: This process (pid=620) is multi-threaded, use of fork() may lead to deadlocks in the child.
[2025-07-26T06:52:31.134+0700] {standard_task_runner.py:63} INFO - Started process 634 to run task
[2025-07-26T06:52:39.290+0700] {task_command.py:426} INFO - Running <TaskInstance: etl_local_postgres_pipeline.load_artist_dim_table scheduled__2025-07-25T19:00:00+00:00 [running]> on host DESKTOP-9M5T9P5.localdomain
[2025-07-26T06:52:53.236+0700] {taskinstance.py:2648} INFO - Exporting env vars: AIRFLOW_CTX_DAG_OWNER='phuongnt226' AIRFLOW_CTX_DAG_ID='etl_local_postgres_pipeline' AIRFLOW_CTX_TASK_ID='load_artist_dim_table' AIRFLOW_CTX_EXECUTION_DATE='2025-07-25T19:00:00+00:00' AIRFLOW_CTX_TRY_NUMBER='1' AIRFLOW_CTX_DAG_RUN_ID='scheduled__2025-07-25T19:00:00+00:00'
[2025-07-26T06:52:53.240+0700] {taskinstance.py:430} INFO - ::endgroup::
[2025-07-26T06:52:55.723+0700] {base.py:84} INFO - Using connection ID 'postgres_id' for task execution.
[2025-07-26T06:52:57.649+0700] {sql.py:470} INFO - Running statement: 
        SELECT distinct artist_id, artist_name, artist_location, artist_latitude, artist_longitude
        FROM staging_songs
    , parameters: None
[2025-07-26T06:52:58.057+0700] {sql.py:479} INFO - Rows affected: 69
[2025-07-26T06:52:58.134+0700] {python.py:237} INFO - Done. Returned value was: None
[2025-07-26T06:52:58.135+0700] {taskinstance.py:441} INFO - ::group::Post task execution logs
[2025-07-26T06:53:00.530+0700] {taskinstance.py:1206} INFO - Marking task as SUCCESS. dag_id=etl_local_postgres_pipeline, task_id=load_artist_dim_table, run_id=scheduled__2025-07-25T19:00:00+00:00, execution_date=20250725T190000, start_date=20250725T235230, end_date=20250725T235300
[2025-07-26T06:53:01.046+0700] {local_task_job_runner.py:240} INFO - Task exited with return code 0
[2025-07-26T06:53:04.075+0700] {taskinstance.py:3498} INFO - 0 downstream tasks scheduled from follow-on schedule check
[2025-07-26T06:53:04.171+0700] {local_task_job_runner.py:222} INFO - ::endgroup::
