[2025-07-26T06:58:28.926+0700] {local_task_job_runner.py:120} INFO - ::group::Pre task execution logs
[2025-07-26T06:58:30.898+0700] {taskinstance.py:2076} INFO - Dependencies all met for dep_context=non-requeueable deps ti=<TaskInstance: etl_local_postgres_pipeline.load_user_dim_table manual__2025-07-25T18:12:48.278884+00:00 [queued]>
[2025-07-26T06:58:31.092+0700] {taskinstance.py:2076} INFO - Dependencies all met for dep_context=requeueable deps ti=<TaskInstance: etl_local_postgres_pipeline.load_user_dim_table manual__2025-07-25T18:12:48.278884+00:00 [queued]>
[2025-07-26T06:58:31.093+0700] {taskinstance.py:2306} INFO - Starting attempt 1 of 4
[2025-07-26T06:58:35.051+0700] {taskinstance.py:2330} INFO - Executing <Task(PythonOperator): load_user_dim_table> on 2025-07-25 18:12:48.278884+00:00
[2025-07-26T06:58:35.069+0700] {standard_task_runner.py:90} INFO - Running: ['airflow', 'tasks', 'run', 'etl_local_postgres_pipeline', 'load_user_dim_table', 'manual__2025-07-25T18:12:48.278884+00:00', '--job-id', '298', '--raw', '--subdir', 'DAGS_FOLDER/etl_pipeline_pjt.py', '--cfg-path', '/tmp/tmpe9lpwk54']
[2025-07-26T06:58:35.071+0700] {standard_task_runner.py:91} INFO - Job 298: Subtask load_user_dim_table
[2025-07-26T06:58:35.071+0700] {logging_mixin.py:188} WARNING - /home/ngtph/airflow/airflow_venv/lib/python3.12/site-packages/airflow/task/task_runner/standard_task_runner.py:61 DeprecationWarning: This process (pid=758) is multi-threaded, use of fork() may lead to deadlocks in the child.
[2025-07-26T06:58:35.072+0700] {standard_task_runner.py:63} INFO - Started process 774 to run task
[2025-07-26T06:58:40.807+0700] {task_command.py:426} INFO - Running <TaskInstance: etl_local_postgres_pipeline.load_user_dim_table manual__2025-07-25T18:12:48.278884+00:00 [running]> on host DESKTOP-9M5T9P5.localdomain
[2025-07-26T06:58:50.188+0700] {taskinstance.py:2648} INFO - Exporting env vars: AIRFLOW_CTX_DAG_OWNER='phuongnt226' AIRFLOW_CTX_DAG_ID='etl_local_postgres_pipeline' AIRFLOW_CTX_TASK_ID='load_user_dim_table' AIRFLOW_CTX_EXECUTION_DATE='2025-07-25T18:12:48.278884+00:00' AIRFLOW_CTX_TRY_NUMBER='1' AIRFLOW_CTX_DAG_RUN_ID='manual__2025-07-25T18:12:48.278884+00:00'
[2025-07-26T06:58:50.188+0700] {taskinstance.py:430} INFO - ::endgroup::
[2025-07-26T06:58:52.774+0700] {base.py:84} INFO - Using connection ID 'postgres_id' for task execution.
[2025-07-26T06:58:54.366+0700] {sql.py:470} INFO - Running statement: 
        SELECT distinct userid, firstname, lastname, gender, level
        FROM staging_events
        WHERE page='NextSong'
    , parameters: None
[2025-07-26T06:58:54.906+0700] {sql.py:479} INFO - Rows affected: 104
[2025-07-26T06:58:54.958+0700] {python.py:237} INFO - Done. Returned value was: None
[2025-07-26T06:58:54.959+0700] {taskinstance.py:441} INFO - ::group::Post task execution logs
[2025-07-26T06:58:56.850+0700] {taskinstance.py:1206} INFO - Marking task as SUCCESS. dag_id=etl_local_postgres_pipeline, task_id=load_user_dim_table, run_id=manual__2025-07-25T18:12:48.278884+00:00, execution_date=20250725T181248, start_date=20250725T235830, end_date=20250725T235856
[2025-07-26T06:58:57.257+0700] {local_task_job_runner.py:240} INFO - Task exited with return code 0
[2025-07-26T06:58:59.016+0700] {local_task_job_runner.py:222} INFO - ::endgroup::
