[2025-07-25T18:19:26.396+0700] {local_task_job_runner.py:120} INFO - ::group::Pre task execution logs
[2025-07-25T18:19:27.198+0700] {taskinstance.py:2076} INFO - Dependencies all met for dep_context=non-requeueable deps ti=<TaskInstance: etl_local_postgres_pipeline.stage_songs scheduled__2025-07-25T11:00:00+00:00 [queued]>
[2025-07-25T18:19:27.363+0700] {taskinstance.py:2076} INFO - Dependencies all met for dep_context=requeueable deps ti=<TaskInstance: etl_local_postgres_pipeline.stage_songs scheduled__2025-07-25T11:00:00+00:00 [queued]>
[2025-07-25T18:19:27.364+0700] {taskinstance.py:2306} INFO - Starting attempt 1 of 4
[2025-07-25T18:19:27.582+0700] {taskinstance.py:2330} INFO - Executing <Task(PythonOperator): stage_songs> on 2025-07-25 11:00:00+00:00
[2025-07-25T18:19:27.610+0700] {logging_mixin.py:188} WARNING - /home/ngtph/airflow/airflow_venv/lib/python3.12/site-packages/airflow/task/task_runner/standard_task_runner.py:61 DeprecationWarning: This process (pid=18279) is multi-threaded, use of fork() may lead to deadlocks in the child.
[2025-07-25T18:19:27.604+0700] {standard_task_runner.py:90} INFO - Running: ['airflow', 'tasks', 'run', 'etl_local_postgres_pipeline', 'stage_songs', 'scheduled__2025-07-25T11:00:00+00:00', '--job-id', '62', '--raw', '--subdir', 'DAGS_FOLDER/etl_pipeline_pjt.py', '--cfg-path', '/tmp/tmpcotlbihx']
[2025-07-25T18:19:27.611+0700] {standard_task_runner.py:63} INFO - Started process 18286 to run task
[2025-07-25T18:19:27.611+0700] {standard_task_runner.py:91} INFO - Job 62: Subtask stage_songs
[2025-07-25T18:19:30.588+0700] {task_command.py:426} INFO - Running <TaskInstance: etl_local_postgres_pipeline.stage_songs scheduled__2025-07-25T11:00:00+00:00 [running]> on host DESKTOP-9M5T9P5.localdomain
[2025-07-25T18:19:35.432+0700] {taskinstance.py:2648} INFO - Exporting env vars: AIRFLOW_CTX_DAG_OWNER='phuongnt226' AIRFLOW_CTX_DAG_ID='etl_local_postgres_pipeline' AIRFLOW_CTX_TASK_ID='stage_songs' AIRFLOW_CTX_EXECUTION_DATE='2025-07-25T11:00:00+00:00' AIRFLOW_CTX_TRY_NUMBER='1' AIRFLOW_CTX_DAG_RUN_ID='scheduled__2025-07-25T11:00:00+00:00'
[2025-07-25T18:19:35.434+0700] {taskinstance.py:430} INFO - ::endgroup::
[2025-07-25T18:19:36.108+0700] {logging_mixin.py:188} INFO - Find out 71 song files.
[2025-07-25T18:19:44.713+0700] {logging_mixin.py:188} INFO - Close connection stage_songs.
[2025-07-25T18:19:44.714+0700] {python.py:237} INFO - Done. Returned value was: None
[2025-07-25T18:19:44.715+0700] {taskinstance.py:441} INFO - ::group::Post task execution logs
[2025-07-25T18:19:45.514+0700] {taskinstance.py:1206} INFO - Marking task as SUCCESS. dag_id=etl_local_postgres_pipeline, task_id=stage_songs, run_id=scheduled__2025-07-25T11:00:00+00:00, execution_date=20250725T110000, start_date=20250725T111927, end_date=20250725T111945
[2025-07-25T18:19:46.325+0700] {local_task_job_runner.py:240} INFO - Task exited with return code 0
[2025-07-25T18:19:47.253+0700] {taskinstance.py:3498} INFO - 0 downstream tasks scheduled from follow-on schedule check
[2025-07-25T18:19:47.321+0700] {local_task_job_runner.py:222} INFO - ::endgroup::
