[2025-07-26T08:38:48.790+0700] {local_task_job_runner.py:120} INFO - ::group::Pre task execution logs
[2025-07-26T08:38:49.628+0700] {taskinstance.py:2076} INFO - Dependencies all met for dep_context=non-requeueable deps ti=<TaskInstance: etl_local_postgres_pipeline.load_song_dim_table scheduled__2025-07-26T01:00:00+00:00 [queued]>
[2025-07-26T08:38:49.898+0700] {taskinstance.py:2076} INFO - Dependencies all met for dep_context=requeueable deps ti=<TaskInstance: etl_local_postgres_pipeline.load_song_dim_table scheduled__2025-07-26T01:00:00+00:00 [queued]>
[2025-07-26T08:38:49.899+0700] {taskinstance.py:2306} INFO - Starting attempt 6 of 9
[2025-07-26T08:38:50.211+0700] {taskinstance.py:2330} INFO - Executing <Task(PythonOperator): load_song_dim_table> on 2025-07-26 01:00:00+00:00
[2025-07-26T08:38:50.221+0700] {logging_mixin.py:188} WARNING - /home/ngtph/airflow/airflow_venv/lib/python3.12/site-packages/airflow/task/task_runner/standard_task_runner.py:61 DeprecationWarning: This process (pid=5974) is multi-threaded, use of fork() may lead to deadlocks in the child.
[2025-07-26T08:38:50.220+0700] {standard_task_runner.py:90} INFO - Running: ['airflow', 'tasks', 'run', 'etl_local_postgres_pipeline', 'load_song_dim_table', 'scheduled__2025-07-26T01:00:00+00:00', '--job-id', '426', '--raw', '--subdir', 'DAGS_FOLDER/etl_pipeline_pjt.py', '--cfg-path', '/tmp/tmpcrkdvt_3']
[2025-07-26T08:38:50.222+0700] {standard_task_runner.py:63} INFO - Started process 5982 to run task
[2025-07-26T08:38:50.222+0700] {standard_task_runner.py:91} INFO - Job 426: Subtask load_song_dim_table
[2025-07-26T08:38:53.752+0700] {task_command.py:426} INFO - Running <TaskInstance: etl_local_postgres_pipeline.load_song_dim_table scheduled__2025-07-26T01:00:00+00:00 [running]> on host DESKTOP-9M5T9P5.localdomain
[2025-07-26T08:38:58.921+0700] {taskinstance.py:2648} INFO - Exporting env vars: AIRFLOW_CTX_DAG_OWNER='phuongnt226' AIRFLOW_CTX_DAG_ID='etl_local_postgres_pipeline' AIRFLOW_CTX_TASK_ID='load_song_dim_table' AIRFLOW_CTX_EXECUTION_DATE='2025-07-26T01:00:00+00:00' AIRFLOW_CTX_TRY_NUMBER='6' AIRFLOW_CTX_DAG_RUN_ID='scheduled__2025-07-26T01:00:00+00:00'
[2025-07-26T08:38:58.922+0700] {taskinstance.py:430} INFO - ::endgroup::
[2025-07-26T08:38:59.754+0700] {base.py:84} INFO - Using connection ID 'postgres_id' for task execution.
[2025-07-26T08:39:01.381+0700] {sql.py:470} INFO - Running statement: 
    INSERT INTO songs (songid, title, artistid, year, duration)
    SELECT DISTINCT song_id, title, artist_id, year, duration
    FROM staging_songs
    ON CONFLICT (songid) DO NOTHING;
, parameters: None
[2025-07-26T08:39:01.498+0700] {sql.py:479} INFO - Rows affected: 0
[2025-07-26T08:39:01.562+0700] {logging_mixin.py:188} INFO - Executed SQL: 
    INSERT INTO songs (songid, title, artistid, y... -> Result: None
[2025-07-26T08:39:01.563+0700] {python.py:237} INFO - Done. Returned value was: None
[2025-07-26T08:39:01.563+0700] {taskinstance.py:441} INFO - ::group::Post task execution logs
[2025-07-26T08:39:02.465+0700] {taskinstance.py:1206} INFO - Marking task as SUCCESS. dag_id=etl_local_postgres_pipeline, task_id=load_song_dim_table, run_id=scheduled__2025-07-26T01:00:00+00:00, execution_date=20250726T010000, start_date=20250726T013849, end_date=20250726T013902
[2025-07-26T08:39:02.959+0700] {local_task_job_runner.py:240} INFO - Task exited with return code 0
[2025-07-26T08:39:03.808+0700] {taskinstance.py:3498} INFO - 0 downstream tasks scheduled from follow-on schedule check
[2025-07-26T08:39:03.855+0700] {local_task_job_runner.py:222} INFO - ::endgroup::
