[2025-07-25T18:53:21.062+0700] {local_task_job_runner.py:120} INFO - ::group::Pre task execution logs
[2025-07-25T18:53:22.298+0700] {taskinstance.py:2076} INFO - Dependencies all met for dep_context=non-requeueable deps ti=<TaskInstance: etl_local_postgres_pipeline.stage_events manual__2025-07-25T11:44:30.085491+00:00 [queued]>
[2025-07-25T18:53:22.775+0700] {taskinstance.py:2076} INFO - Dependencies all met for dep_context=requeueable deps ti=<TaskInstance: etl_local_postgres_pipeline.stage_events manual__2025-07-25T11:44:30.085491+00:00 [queued]>
[2025-07-25T18:53:22.775+0700] {taskinstance.py:2306} INFO - Starting attempt 2 of 4
[2025-07-25T18:53:23.511+0700] {taskinstance.py:2330} INFO - Executing <Task(PythonOperator): stage_events> on 2025-07-25 11:44:30.085491+00:00
[2025-07-25T18:53:23.524+0700] {standard_task_runner.py:90} INFO - Running: ['airflow', 'tasks', 'run', 'etl_local_postgres_pipeline', 'stage_events', 'manual__2025-07-25T11:44:30.085491+00:00', '--job-id', '77', '--raw', '--subdir', 'DAGS_FOLDER/etl_pipeline_pjt.py', '--cfg-path', '/tmp/tmpmlyuldbr']
[2025-07-25T18:53:23.528+0700] {standard_task_runner.py:91} INFO - Job 77: Subtask stage_events
[2025-07-25T18:53:23.529+0700] {logging_mixin.py:188} WARNING - /home/ngtph/airflow/airflow_venv/lib/python3.12/site-packages/airflow/task/task_runner/standard_task_runner.py:61 DeprecationWarning: This process (pid=19747) is multi-threaded, use of fork() may lead to deadlocks in the child.
[2025-07-25T18:53:23.530+0700] {standard_task_runner.py:63} INFO - Started process 19758 to run task
[2025-07-25T18:53:31.435+0700] {task_command.py:426} INFO - Running <TaskInstance: etl_local_postgres_pipeline.stage_events manual__2025-07-25T11:44:30.085491+00:00 [running]> on host DESKTOP-9M5T9P5.localdomain
[2025-07-25T18:53:39.490+0700] {taskinstance.py:2648} INFO - Exporting env vars: AIRFLOW_CTX_DAG_OWNER='phuongnt226' AIRFLOW_CTX_DAG_ID='etl_local_postgres_pipeline' AIRFLOW_CTX_TASK_ID='stage_events' AIRFLOW_CTX_EXECUTION_DATE='2025-07-25T11:44:30.085491+00:00' AIRFLOW_CTX_TRY_NUMBER='2' AIRFLOW_CTX_DAG_RUN_ID='manual__2025-07-25T11:44:30.085491+00:00'
[2025-07-25T18:53:39.491+0700] {taskinstance.py:430} INFO - ::endgroup::
[2025-07-25T18:53:41.633+0700] {base.py:84} INFO - Using connection ID 'postgres_id' for task execution.
[2025-07-25T18:53:42.543+0700] {logging_mixin.py:188} INFO - Found 30 event files.
[2025-07-25T19:03:09.677+0700] {logging_mixin.py:188} INFO - Finished stage_events_to_postgres
[2025-07-25T19:03:09.743+0700] {python.py:237} INFO - Done. Returned value was: None
[2025-07-25T19:03:09.776+0700] {taskinstance.py:441} INFO - ::group::Post task execution logs
[2025-07-25T19:03:11.210+0700] {taskinstance.py:1206} INFO - Marking task as SUCCESS. dag_id=etl_local_postgres_pipeline, task_id=stage_events, run_id=manual__2025-07-25T11:44:30.085491+00:00, execution_date=20250725T114430, start_date=20250725T115322, end_date=20250725T120311
[2025-07-25T19:03:11.661+0700] {local_task_job_runner.py:240} INFO - Task exited with return code 0
[2025-07-25T19:03:13.530+0700] {taskinstance.py:3498} INFO - 1 downstream tasks scheduled from follow-on schedule check
[2025-07-25T19:03:13.583+0700] {local_task_job_runner.py:222} INFO - ::endgroup::
