[2025-07-25T19:13:54.967+0700] {local_task_job_runner.py:120} INFO - ::group::Pre task execution logs
[2025-07-25T19:13:55.901+0700] {taskinstance.py:2076} INFO - Dependencies all met for dep_context=non-requeueable deps ti=<TaskInstance: etl_local_postgres_pipeline.stage_events manual__2025-07-25T12:13:37.030438+00:00 [queued]>
[2025-07-25T19:13:56.106+0700] {taskinstance.py:2076} INFO - Dependencies all met for dep_context=requeueable deps ti=<TaskInstance: etl_local_postgres_pipeline.stage_events manual__2025-07-25T12:13:37.030438+00:00 [queued]>
[2025-07-25T19:13:56.107+0700] {taskinstance.py:2306} INFO - Starting attempt 1 of 4
[2025-07-25T19:13:56.882+0700] {taskinstance.py:2330} INFO - Executing <Task(PythonOperator): stage_events> on 2025-07-25 12:13:37.030438+00:00
[2025-07-25T19:13:56.892+0700] {standard_task_runner.py:90} INFO - Running: ['airflow', 'tasks', 'run', 'etl_local_postgres_pipeline', 'stage_events', 'manual__2025-07-25T12:13:37.030438+00:00', '--job-id', '93', '--raw', '--subdir', 'DAGS_FOLDER/etl_pipeline_pjt.py', '--cfg-path', '/tmp/tmp6b16ing_']
[2025-07-25T19:13:56.896+0700] {standard_task_runner.py:91} INFO - Job 93: Subtask stage_events
[2025-07-25T19:13:56.896+0700] {logging_mixin.py:188} WARNING - /home/ngtph/airflow/airflow_venv/lib/python3.12/site-packages/airflow/task/task_runner/standard_task_runner.py:61 DeprecationWarning: This process (pid=20159) is multi-threaded, use of fork() may lead to deadlocks in the child.
[2025-07-25T19:13:56.896+0700] {standard_task_runner.py:63} INFO - Started process 20162 to run task
[2025-07-25T19:13:59.824+0700] {task_command.py:426} INFO - Running <TaskInstance: etl_local_postgres_pipeline.stage_events manual__2025-07-25T12:13:37.030438+00:00 [running]> on host DESKTOP-9M5T9P5.localdomain
[2025-07-25T19:14:05.414+0700] {taskinstance.py:2648} INFO - Exporting env vars: AIRFLOW_CTX_DAG_OWNER='phuongnt226' AIRFLOW_CTX_DAG_ID='etl_local_postgres_pipeline' AIRFLOW_CTX_TASK_ID='stage_events' AIRFLOW_CTX_EXECUTION_DATE='2025-07-25T12:13:37.030438+00:00' AIRFLOW_CTX_TRY_NUMBER='1' AIRFLOW_CTX_DAG_RUN_ID='manual__2025-07-25T12:13:37.030438+00:00'
[2025-07-25T19:14:05.415+0700] {taskinstance.py:430} INFO - ::endgroup::
[2025-07-25T19:14:06.305+0700] {base.py:84} INFO - Using connection ID 'postgres_id' for task execution.
[2025-07-25T19:14:06.929+0700] {logging_mixin.py:188} INFO - Found 30 event files.
[2025-07-25T19:22:23.987+0700] {logging_mixin.py:188} INFO - Finished stage_events_to_postgres
[2025-07-25T19:22:24.085+0700] {python.py:237} INFO - Done. Returned value was: None
[2025-07-25T19:22:24.120+0700] {taskinstance.py:441} INFO - ::group::Post task execution logs
[2025-07-25T19:22:25.905+0700] {taskinstance.py:1206} INFO - Marking task as SUCCESS. dag_id=etl_local_postgres_pipeline, task_id=stage_events, run_id=manual__2025-07-25T12:13:37.030438+00:00, execution_date=20250725T121337, start_date=20250725T121355, end_date=20250725T122225
[2025-07-25T19:22:28.491+0700] {local_task_job_runner.py:240} INFO - Task exited with return code 0
[2025-07-25T19:22:30.993+0700] {taskinstance.py:3498} INFO - 1 downstream tasks scheduled from follow-on schedule check
[2025-07-25T19:22:31.172+0700] {local_task_job_runner.py:222} INFO - ::endgroup::
