[2025-07-25T15:31:43.019+0700] {processor.py:161} INFO - Started process (PID=7090) to work on /home/ngtph/airflow/airflow_venv/lib/python3.11/site-packages/airflow/example_dags/plugins/event_listener.py
[2025-07-25T15:31:43.020+0700] {processor.py:830} INFO - Processing file /home/ngtph/airflow/airflow_venv/lib/python3.11/site-packages/airflow/example_dags/plugins/event_listener.py for tasks to queue
[2025-07-25T15:31:43.020+0700] {logging_mixin.py:188} INFO - [2025-07-25T15:31:43.020+0700] {dagbag.py:538} INFO - Filling up the DagBag from /home/ngtph/airflow/airflow_venv/lib/python3.11/site-packages/airflow/example_dags/plugins/event_listener.py
[2025-07-25T15:31:43.022+0700] {processor.py:842} WARNING - No viable dags retrieved from /home/ngtph/airflow/airflow_venv/lib/python3.11/site-packages/airflow/example_dags/plugins/event_listener.py
[2025-07-25T15:31:43.030+0700] {processor.py:183} INFO - Processing /home/ngtph/airflow/airflow_venv/lib/python3.11/site-packages/airflow/example_dags/plugins/event_listener.py took 0.014 seconds
[2025-07-25T15:32:35.107+0700] {processor.py:161} INFO - Started process (PID=7148) to work on /home/ngtph/airflow/airflow_venv/lib/python3.11/site-packages/airflow/example_dags/plugins/event_listener.py
[2025-07-25T15:32:35.109+0700] {processor.py:830} INFO - Processing file /home/ngtph/airflow/airflow_venv/lib/python3.11/site-packages/airflow/example_dags/plugins/event_listener.py for tasks to queue
[2025-07-25T15:32:35.111+0700] {logging_mixin.py:188} INFO - [2025-07-25T15:32:35.110+0700] {dagbag.py:538} INFO - Filling up the DagBag from /home/ngtph/airflow/airflow_venv/lib/python3.11/site-packages/airflow/example_dags/plugins/event_listener.py
[2025-07-25T15:32:35.113+0700] {processor.py:842} WARNING - No viable dags retrieved from /home/ngtph/airflow/airflow_venv/lib/python3.11/site-packages/airflow/example_dags/plugins/event_listener.py
[2025-07-25T15:32:35.122+0700] {processor.py:183} INFO - Processing /home/ngtph/airflow/airflow_venv/lib/python3.11/site-packages/airflow/example_dags/plugins/event_listener.py took 0.023 seconds
[2025-07-25T15:33:26.876+0700] {processor.py:161} INFO - Started process (PID=7201) to work on /home/ngtph/airflow/airflow_venv/lib/python3.11/site-packages/airflow/example_dags/plugins/event_listener.py
[2025-07-25T15:33:26.878+0700] {processor.py:830} INFO - Processing file /home/ngtph/airflow/airflow_venv/lib/python3.11/site-packages/airflow/example_dags/plugins/event_listener.py for tasks to queue
[2025-07-25T15:33:26.880+0700] {logging_mixin.py:188} INFO - [2025-07-25T15:33:26.879+0700] {dagbag.py:538} INFO - Filling up the DagBag from /home/ngtph/airflow/airflow_venv/lib/python3.11/site-packages/airflow/example_dags/plugins/event_listener.py
[2025-07-25T15:33:26.883+0700] {processor.py:842} WARNING - No viable dags retrieved from /home/ngtph/airflow/airflow_venv/lib/python3.11/site-packages/airflow/example_dags/plugins/event_listener.py
[2025-07-25T15:33:26.894+0700] {processor.py:183} INFO - Processing /home/ngtph/airflow/airflow_venv/lib/python3.11/site-packages/airflow/example_dags/plugins/event_listener.py took 0.021 seconds
[2025-07-25T15:34:13.970+0700] {processor.py:161} INFO - Started process (PID=7272) to work on /home/ngtph/airflow/airflow_venv/lib/python3.11/site-packages/airflow/example_dags/plugins/event_listener.py
[2025-07-25T15:34:13.971+0700] {processor.py:830} INFO - Processing file /home/ngtph/airflow/airflow_venv/lib/python3.11/site-packages/airflow/example_dags/plugins/event_listener.py for tasks to queue
[2025-07-25T15:34:13.971+0700] {logging_mixin.py:188} INFO - [2025-07-25T15:34:13.971+0700] {dagbag.py:538} INFO - Filling up the DagBag from /home/ngtph/airflow/airflow_venv/lib/python3.11/site-packages/airflow/example_dags/plugins/event_listener.py
[2025-07-25T15:34:13.973+0700] {processor.py:842} WARNING - No viable dags retrieved from /home/ngtph/airflow/airflow_venv/lib/python3.11/site-packages/airflow/example_dags/plugins/event_listener.py
[2025-07-25T15:34:13.980+0700] {processor.py:183} INFO - Processing /home/ngtph/airflow/airflow_venv/lib/python3.11/site-packages/airflow/example_dags/plugins/event_listener.py took 0.013 seconds
[2025-07-25T15:34:57.784+0700] {processor.py:161} INFO - Started process (PID=7324) to work on /home/ngtph/airflow/airflow_venv/lib/python3.11/site-packages/airflow/example_dags/plugins/event_listener.py
[2025-07-25T15:34:57.785+0700] {processor.py:830} INFO - Processing file /home/ngtph/airflow/airflow_venv/lib/python3.11/site-packages/airflow/example_dags/plugins/event_listener.py for tasks to queue
[2025-07-25T15:34:57.786+0700] {logging_mixin.py:188} INFO - [2025-07-25T15:34:57.786+0700] {dagbag.py:538} INFO - Filling up the DagBag from /home/ngtph/airflow/airflow_venv/lib/python3.11/site-packages/airflow/example_dags/plugins/event_listener.py
[2025-07-25T15:34:57.787+0700] {processor.py:842} WARNING - No viable dags retrieved from /home/ngtph/airflow/airflow_venv/lib/python3.11/site-packages/airflow/example_dags/plugins/event_listener.py
[2025-07-25T15:34:57.795+0700] {processor.py:183} INFO - Processing /home/ngtph/airflow/airflow_venv/lib/python3.11/site-packages/airflow/example_dags/plugins/event_listener.py took 0.013 seconds
[2025-07-25T15:35:42.758+0700] {processor.py:161} INFO - Started process (PID=7374) to work on /home/ngtph/airflow/airflow_venv/lib/python3.11/site-packages/airflow/example_dags/plugins/event_listener.py
[2025-07-25T15:35:42.761+0700] {processor.py:830} INFO - Processing file /home/ngtph/airflow/airflow_venv/lib/python3.11/site-packages/airflow/example_dags/plugins/event_listener.py for tasks to queue
[2025-07-25T15:35:42.762+0700] {logging_mixin.py:188} INFO - [2025-07-25T15:35:42.762+0700] {dagbag.py:538} INFO - Filling up the DagBag from /home/ngtph/airflow/airflow_venv/lib/python3.11/site-packages/airflow/example_dags/plugins/event_listener.py
[2025-07-25T15:35:42.764+0700] {processor.py:842} WARNING - No viable dags retrieved from /home/ngtph/airflow/airflow_venv/lib/python3.11/site-packages/airflow/example_dags/plugins/event_listener.py
[2025-07-25T15:35:42.774+0700] {processor.py:183} INFO - Processing /home/ngtph/airflow/airflow_venv/lib/python3.11/site-packages/airflow/example_dags/plugins/event_listener.py took 0.019 seconds
[2025-07-25T15:36:33.348+0700] {processor.py:161} INFO - Started process (PID=7431) to work on /home/ngtph/airflow/airflow_venv/lib/python3.11/site-packages/airflow/example_dags/plugins/event_listener.py
[2025-07-25T15:36:33.349+0700] {processor.py:830} INFO - Processing file /home/ngtph/airflow/airflow_venv/lib/python3.11/site-packages/airflow/example_dags/plugins/event_listener.py for tasks to queue
[2025-07-25T15:36:33.350+0700] {logging_mixin.py:188} INFO - [2025-07-25T15:36:33.350+0700] {dagbag.py:538} INFO - Filling up the DagBag from /home/ngtph/airflow/airflow_venv/lib/python3.11/site-packages/airflow/example_dags/plugins/event_listener.py
[2025-07-25T15:36:33.352+0700] {processor.py:842} WARNING - No viable dags retrieved from /home/ngtph/airflow/airflow_venv/lib/python3.11/site-packages/airflow/example_dags/plugins/event_listener.py
[2025-07-25T15:36:33.359+0700] {processor.py:183} INFO - Processing /home/ngtph/airflow/airflow_venv/lib/python3.11/site-packages/airflow/example_dags/plugins/event_listener.py took 0.014 seconds
[2025-07-25T15:40:34.849+0700] {processor.py:161} INFO - Started process (PID=7675) to work on /home/ngtph/airflow/airflow_venv/lib/python3.11/site-packages/airflow/example_dags/plugins/event_listener.py
[2025-07-25T15:40:34.851+0700] {processor.py:830} INFO - Processing file /home/ngtph/airflow/airflow_venv/lib/python3.11/site-packages/airflow/example_dags/plugins/event_listener.py for tasks to queue
[2025-07-25T15:40:34.851+0700] {logging_mixin.py:188} INFO - [2025-07-25T15:40:34.851+0700] {dagbag.py:538} INFO - Filling up the DagBag from /home/ngtph/airflow/airflow_venv/lib/python3.11/site-packages/airflow/example_dags/plugins/event_listener.py
[2025-07-25T15:40:34.853+0700] {processor.py:842} WARNING - No viable dags retrieved from /home/ngtph/airflow/airflow_venv/lib/python3.11/site-packages/airflow/example_dags/plugins/event_listener.py
[2025-07-25T15:40:36.128+0700] {processor.py:183} INFO - Processing /home/ngtph/airflow/airflow_venv/lib/python3.11/site-packages/airflow/example_dags/plugins/event_listener.py took 1.282 seconds
[2025-07-25T15:42:25.877+0700] {processor.py:161} INFO - Started process (PID=7932) to work on /home/ngtph/airflow/airflow_venv/lib/python3.11/site-packages/airflow/example_dags/plugins/event_listener.py
[2025-07-25T15:42:25.879+0700] {processor.py:830} INFO - Processing file /home/ngtph/airflow/airflow_venv/lib/python3.11/site-packages/airflow/example_dags/plugins/event_listener.py for tasks to queue
[2025-07-25T15:42:25.879+0700] {logging_mixin.py:188} INFO - [2025-07-25T15:42:25.879+0700] {dagbag.py:538} INFO - Filling up the DagBag from /home/ngtph/airflow/airflow_venv/lib/python3.11/site-packages/airflow/example_dags/plugins/event_listener.py
[2025-07-25T15:42:25.881+0700] {processor.py:842} WARNING - No viable dags retrieved from /home/ngtph/airflow/airflow_venv/lib/python3.11/site-packages/airflow/example_dags/plugins/event_listener.py
[2025-07-25T15:42:29.301+0700] {processor.py:183} INFO - Processing /home/ngtph/airflow/airflow_venv/lib/python3.11/site-packages/airflow/example_dags/plugins/event_listener.py took 1.092 seconds
[2025-07-25T15:54:21.653+0700] {processor.py:161} INFO - Started process (PID=8293) to work on /home/ngtph/airflow/airflow_venv/lib/python3.11/site-packages/airflow/example_dags/plugins/event_listener.py
[2025-07-25T15:54:21.655+0700] {processor.py:830} INFO - Processing file /home/ngtph/airflow/airflow_venv/lib/python3.11/site-packages/airflow/example_dags/plugins/event_listener.py for tasks to queue
[2025-07-25T15:54:21.655+0700] {logging_mixin.py:188} INFO - [2025-07-25T15:54:21.655+0700] {dagbag.py:538} INFO - Filling up the DagBag from /home/ngtph/airflow/airflow_venv/lib/python3.11/site-packages/airflow/example_dags/plugins/event_listener.py
[2025-07-25T15:54:21.657+0700] {processor.py:842} WARNING - No viable dags retrieved from /home/ngtph/airflow/airflow_venv/lib/python3.11/site-packages/airflow/example_dags/plugins/event_listener.py
[2025-07-25T15:54:22.975+0700] {processor.py:183} INFO - Processing /home/ngtph/airflow/airflow_venv/lib/python3.11/site-packages/airflow/example_dags/plugins/event_listener.py took 1.325 seconds
[2025-07-25T15:58:18.579+0700] {processor.py:161} INFO - Started process (PID=8825) to work on /home/ngtph/airflow/airflow_venv/lib/python3.11/site-packages/airflow/example_dags/plugins/event_listener.py
[2025-07-25T15:58:18.580+0700] {processor.py:830} INFO - Processing file /home/ngtph/airflow/airflow_venv/lib/python3.11/site-packages/airflow/example_dags/plugins/event_listener.py for tasks to queue
[2025-07-25T15:58:18.580+0700] {logging_mixin.py:188} INFO - [2025-07-25T15:58:18.580+0700] {dagbag.py:538} INFO - Filling up the DagBag from /home/ngtph/airflow/airflow_venv/lib/python3.11/site-packages/airflow/example_dags/plugins/event_listener.py
[2025-07-25T15:58:18.582+0700] {processor.py:842} WARNING - No viable dags retrieved from /home/ngtph/airflow/airflow_venv/lib/python3.11/site-packages/airflow/example_dags/plugins/event_listener.py
[2025-07-25T15:58:22.445+0700] {processor.py:183} INFO - Processing /home/ngtph/airflow/airflow_venv/lib/python3.11/site-packages/airflow/example_dags/plugins/event_listener.py took 3.870 seconds
[2025-07-25T15:59:33.528+0700] {processor.py:161} INFO - Started process (PID=9105) to work on /home/ngtph/airflow/airflow_venv/lib/python3.11/site-packages/airflow/example_dags/plugins/event_listener.py
[2025-07-25T15:59:33.529+0700] {processor.py:830} INFO - Processing file /home/ngtph/airflow/airflow_venv/lib/python3.11/site-packages/airflow/example_dags/plugins/event_listener.py for tasks to queue
[2025-07-25T15:59:33.530+0700] {logging_mixin.py:188} INFO - [2025-07-25T15:59:33.529+0700] {dagbag.py:538} INFO - Filling up the DagBag from /home/ngtph/airflow/airflow_venv/lib/python3.11/site-packages/airflow/example_dags/plugins/event_listener.py
[2025-07-25T15:59:33.532+0700] {processor.py:842} WARNING - No viable dags retrieved from /home/ngtph/airflow/airflow_venv/lib/python3.11/site-packages/airflow/example_dags/plugins/event_listener.py
[2025-07-25T15:59:34.877+0700] {processor.py:183} INFO - Processing /home/ngtph/airflow/airflow_venv/lib/python3.11/site-packages/airflow/example_dags/plugins/event_listener.py took 1.352 seconds
[2025-07-25T16:02:34.867+0700] {processor.py:161} INFO - Started process (PID=9552) to work on /home/ngtph/airflow/airflow_venv/lib/python3.11/site-packages/airflow/example_dags/plugins/event_listener.py
[2025-07-25T16:02:34.869+0700] {processor.py:830} INFO - Processing file /home/ngtph/airflow/airflow_venv/lib/python3.11/site-packages/airflow/example_dags/plugins/event_listener.py for tasks to queue
[2025-07-25T16:02:34.869+0700] {logging_mixin.py:188} INFO - [2025-07-25T16:02:34.869+0700] {dagbag.py:538} INFO - Filling up the DagBag from /home/ngtph/airflow/airflow_venv/lib/python3.11/site-packages/airflow/example_dags/plugins/event_listener.py
[2025-07-25T16:02:34.871+0700] {processor.py:842} WARNING - No viable dags retrieved from /home/ngtph/airflow/airflow_venv/lib/python3.11/site-packages/airflow/example_dags/plugins/event_listener.py
[2025-07-25T16:02:37.165+0700] {processor.py:183} INFO - Processing /home/ngtph/airflow/airflow_venv/lib/python3.11/site-packages/airflow/example_dags/plugins/event_listener.py took 2.301 seconds
[2025-07-25T16:03:50.391+0700] {processor.py:161} INFO - Started process (PID=9847) to work on /home/ngtph/airflow/airflow_venv/lib/python3.11/site-packages/airflow/example_dags/plugins/event_listener.py
[2025-07-25T16:03:50.393+0700] {processor.py:830} INFO - Processing file /home/ngtph/airflow/airflow_venv/lib/python3.11/site-packages/airflow/example_dags/plugins/event_listener.py for tasks to queue
[2025-07-25T16:03:50.394+0700] {logging_mixin.py:188} INFO - [2025-07-25T16:03:50.394+0700] {dagbag.py:538} INFO - Filling up the DagBag from /home/ngtph/airflow/airflow_venv/lib/python3.11/site-packages/airflow/example_dags/plugins/event_listener.py
[2025-07-25T16:03:50.396+0700] {processor.py:842} WARNING - No viable dags retrieved from /home/ngtph/airflow/airflow_venv/lib/python3.11/site-packages/airflow/example_dags/plugins/event_listener.py
[2025-07-25T16:03:51.558+0700] {processor.py:183} INFO - Processing /home/ngtph/airflow/airflow_venv/lib/python3.11/site-packages/airflow/example_dags/plugins/event_listener.py took 1.170 seconds
[2025-07-25T16:05:28.363+0700] {processor.py:161} INFO - Started process (PID=10193) to work on /home/ngtph/airflow/airflow_venv/lib/python3.11/site-packages/airflow/example_dags/plugins/event_listener.py
[2025-07-25T16:05:28.364+0700] {processor.py:830} INFO - Processing file /home/ngtph/airflow/airflow_venv/lib/python3.11/site-packages/airflow/example_dags/plugins/event_listener.py for tasks to queue
[2025-07-25T16:05:28.364+0700] {logging_mixin.py:188} INFO - [2025-07-25T16:05:28.364+0700] {dagbag.py:538} INFO - Filling up the DagBag from /home/ngtph/airflow/airflow_venv/lib/python3.11/site-packages/airflow/example_dags/plugins/event_listener.py
[2025-07-25T16:05:28.366+0700] {processor.py:842} WARNING - No viable dags retrieved from /home/ngtph/airflow/airflow_venv/lib/python3.11/site-packages/airflow/example_dags/plugins/event_listener.py
[2025-07-25T16:05:29.540+0700] {processor.py:183} INFO - Processing /home/ngtph/airflow/airflow_venv/lib/python3.11/site-packages/airflow/example_dags/plugins/event_listener.py took 1.180 seconds
[2025-07-25T16:07:04.490+0700] {processor.py:161} INFO - Started process (PID=10488) to work on /home/ngtph/airflow/airflow_venv/lib/python3.11/site-packages/airflow/example_dags/plugins/event_listener.py
[2025-07-25T16:07:04.491+0700] {processor.py:830} INFO - Processing file /home/ngtph/airflow/airflow_venv/lib/python3.11/site-packages/airflow/example_dags/plugins/event_listener.py for tasks to queue
[2025-07-25T16:07:04.492+0700] {logging_mixin.py:188} INFO - [2025-07-25T16:07:04.491+0700] {dagbag.py:538} INFO - Filling up the DagBag from /home/ngtph/airflow/airflow_venv/lib/python3.11/site-packages/airflow/example_dags/plugins/event_listener.py
[2025-07-25T16:07:04.493+0700] {processor.py:842} WARNING - No viable dags retrieved from /home/ngtph/airflow/airflow_venv/lib/python3.11/site-packages/airflow/example_dags/plugins/event_listener.py
[2025-07-25T16:07:05.796+0700] {processor.py:183} INFO - Processing /home/ngtph/airflow/airflow_venv/lib/python3.11/site-packages/airflow/example_dags/plugins/event_listener.py took 1.309 seconds
[2025-07-25T16:08:45.102+0700] {processor.py:161} INFO - Started process (PID=10810) to work on /home/ngtph/airflow/airflow_venv/lib/python3.11/site-packages/airflow/example_dags/plugins/event_listener.py
[2025-07-25T16:08:45.103+0700] {processor.py:830} INFO - Processing file /home/ngtph/airflow/airflow_venv/lib/python3.11/site-packages/airflow/example_dags/plugins/event_listener.py for tasks to queue
[2025-07-25T16:08:45.103+0700] {logging_mixin.py:188} INFO - [2025-07-25T16:08:45.103+0700] {dagbag.py:538} INFO - Filling up the DagBag from /home/ngtph/airflow/airflow_venv/lib/python3.11/site-packages/airflow/example_dags/plugins/event_listener.py
[2025-07-25T16:08:45.105+0700] {processor.py:842} WARNING - No viable dags retrieved from /home/ngtph/airflow/airflow_venv/lib/python3.11/site-packages/airflow/example_dags/plugins/event_listener.py
[2025-07-25T16:08:46.991+0700] {processor.py:183} INFO - Processing /home/ngtph/airflow/airflow_venv/lib/python3.11/site-packages/airflow/example_dags/plugins/event_listener.py took 1.893 seconds
[2025-07-25T16:10:14.022+0700] {processor.py:161} INFO - Started process (PID=11240) to work on /home/ngtph/airflow/airflow_venv/lib/python3.11/site-packages/airflow/example_dags/plugins/event_listener.py
[2025-07-25T16:10:14.024+0700] {processor.py:830} INFO - Processing file /home/ngtph/airflow/airflow_venv/lib/python3.11/site-packages/airflow/example_dags/plugins/event_listener.py for tasks to queue
[2025-07-25T16:10:14.024+0700] {logging_mixin.py:188} INFO - [2025-07-25T16:10:14.024+0700] {dagbag.py:538} INFO - Filling up the DagBag from /home/ngtph/airflow/airflow_venv/lib/python3.11/site-packages/airflow/example_dags/plugins/event_listener.py
[2025-07-25T16:10:14.026+0700] {processor.py:842} WARNING - No viable dags retrieved from /home/ngtph/airflow/airflow_venv/lib/python3.11/site-packages/airflow/example_dags/plugins/event_listener.py
[2025-07-25T16:10:15.168+0700] {processor.py:183} INFO - Processing /home/ngtph/airflow/airflow_venv/lib/python3.11/site-packages/airflow/example_dags/plugins/event_listener.py took 1.149 seconds
[2025-07-25T16:10:23.167+0700] {processor.py:161} INFO - Started process (PID=11275) to work on /home/ngtph/airflow/airflow_venv/lib/python3.11/site-packages/airflow/example_dags/plugins/event_listener.py
[2025-07-25T16:10:23.172+0700] {processor.py:830} INFO - Processing file /home/ngtph/airflow/airflow_venv/lib/python3.11/site-packages/airflow/example_dags/plugins/event_listener.py for tasks to queue
[2025-07-25T16:10:23.174+0700] {logging_mixin.py:188} INFO - [2025-07-25T16:10:23.173+0700] {dagbag.py:538} INFO - Filling up the DagBag from /home/ngtph/airflow/airflow_venv/lib/python3.11/site-packages/airflow/example_dags/plugins/event_listener.py
[2025-07-25T16:10:23.179+0700] {processor.py:842} WARNING - No viable dags retrieved from /home/ngtph/airflow/airflow_venv/lib/python3.11/site-packages/airflow/example_dags/plugins/event_listener.py
[2025-07-25T16:10:24.774+0700] {processor.py:183} INFO - Processing /home/ngtph/airflow/airflow_venv/lib/python3.11/site-packages/airflow/example_dags/plugins/event_listener.py took 1.616 seconds
[2025-07-25T16:11:36.233+0700] {processor.py:161} INFO - Started process (PID=11466) to work on /home/ngtph/airflow/airflow_venv/lib/python3.11/site-packages/airflow/example_dags/plugins/event_listener.py
[2025-07-25T16:11:36.234+0700] {processor.py:830} INFO - Processing file /home/ngtph/airflow/airflow_venv/lib/python3.11/site-packages/airflow/example_dags/plugins/event_listener.py for tasks to queue
[2025-07-25T16:11:36.236+0700] {logging_mixin.py:188} INFO - [2025-07-25T16:11:36.236+0700] {dagbag.py:538} INFO - Filling up the DagBag from /home/ngtph/airflow/airflow_venv/lib/python3.11/site-packages/airflow/example_dags/plugins/event_listener.py
[2025-07-25T16:11:36.240+0700] {processor.py:842} WARNING - No viable dags retrieved from /home/ngtph/airflow/airflow_venv/lib/python3.11/site-packages/airflow/example_dags/plugins/event_listener.py
[2025-07-25T16:11:37.649+0700] {processor.py:183} INFO - Processing /home/ngtph/airflow/airflow_venv/lib/python3.11/site-packages/airflow/example_dags/plugins/event_listener.py took 1.420 seconds
[2025-07-25T16:11:54.076+0700] {processor.py:161} INFO - Started process (PID=11642) to work on /home/ngtph/airflow/airflow_venv/lib/python3.11/site-packages/airflow/example_dags/plugins/event_listener.py
[2025-07-25T16:11:54.077+0700] {processor.py:830} INFO - Processing file /home/ngtph/airflow/airflow_venv/lib/python3.11/site-packages/airflow/example_dags/plugins/event_listener.py for tasks to queue
[2025-07-25T16:11:54.077+0700] {logging_mixin.py:188} INFO - [2025-07-25T16:11:54.077+0700] {dagbag.py:538} INFO - Filling up the DagBag from /home/ngtph/airflow/airflow_venv/lib/python3.11/site-packages/airflow/example_dags/plugins/event_listener.py
[2025-07-25T16:11:54.079+0700] {processor.py:842} WARNING - No viable dags retrieved from /home/ngtph/airflow/airflow_venv/lib/python3.11/site-packages/airflow/example_dags/plugins/event_listener.py
[2025-07-25T16:11:55.427+0700] {processor.py:183} INFO - Processing /home/ngtph/airflow/airflow_venv/lib/python3.11/site-packages/airflow/example_dags/plugins/event_listener.py took 1.355 seconds
[2025-07-25T16:13:24.940+0700] {processor.py:161} INFO - Started process (PID=11778) to work on /home/ngtph/airflow/airflow_venv/lib/python3.11/site-packages/airflow/example_dags/plugins/event_listener.py
[2025-07-25T16:13:24.941+0700] {processor.py:830} INFO - Processing file /home/ngtph/airflow/airflow_venv/lib/python3.11/site-packages/airflow/example_dags/plugins/event_listener.py for tasks to queue
[2025-07-25T16:13:24.942+0700] {logging_mixin.py:188} INFO - [2025-07-25T16:13:24.941+0700] {dagbag.py:538} INFO - Filling up the DagBag from /home/ngtph/airflow/airflow_venv/lib/python3.11/site-packages/airflow/example_dags/plugins/event_listener.py
[2025-07-25T16:13:24.945+0700] {processor.py:842} WARNING - No viable dags retrieved from /home/ngtph/airflow/airflow_venv/lib/python3.11/site-packages/airflow/example_dags/plugins/event_listener.py
[2025-07-25T16:13:26.231+0700] {processor.py:183} INFO - Processing /home/ngtph/airflow/airflow_venv/lib/python3.11/site-packages/airflow/example_dags/plugins/event_listener.py took 1.295 seconds
[2025-07-25T16:13:26.253+0700] {processor.py:161} INFO - Started process (PID=11779) to work on /home/ngtph/airflow/airflow_venv/lib/python3.11/site-packages/airflow/example_dags/plugins/event_listener.py
[2025-07-25T16:13:26.253+0700] {processor.py:830} INFO - Processing file /home/ngtph/airflow/airflow_venv/lib/python3.11/site-packages/airflow/example_dags/plugins/event_listener.py for tasks to queue
[2025-07-25T16:13:26.254+0700] {logging_mixin.py:188} INFO - [2025-07-25T16:13:26.254+0700] {dagbag.py:538} INFO - Filling up the DagBag from /home/ngtph/airflow/airflow_venv/lib/python3.11/site-packages/airflow/example_dags/plugins/event_listener.py
[2025-07-25T16:13:26.257+0700] {processor.py:842} WARNING - No viable dags retrieved from /home/ngtph/airflow/airflow_venv/lib/python3.11/site-packages/airflow/example_dags/plugins/event_listener.py
[2025-07-25T16:13:28.302+0700] {processor.py:183} INFO - Processing /home/ngtph/airflow/airflow_venv/lib/python3.11/site-packages/airflow/example_dags/plugins/event_listener.py took 2.053 seconds
[2025-07-25T16:15:11.123+0700] {processor.py:161} INFO - Started process (PID=12091) to work on /home/ngtph/airflow/airflow_venv/lib/python3.11/site-packages/airflow/example_dags/plugins/event_listener.py
[2025-07-25T16:15:11.124+0700] {processor.py:830} INFO - Processing file /home/ngtph/airflow/airflow_venv/lib/python3.11/site-packages/airflow/example_dags/plugins/event_listener.py for tasks to queue
[2025-07-25T16:15:11.125+0700] {logging_mixin.py:188} INFO - [2025-07-25T16:15:11.125+0700] {dagbag.py:538} INFO - Filling up the DagBag from /home/ngtph/airflow/airflow_venv/lib/python3.11/site-packages/airflow/example_dags/plugins/event_listener.py
[2025-07-25T16:15:11.128+0700] {processor.py:842} WARNING - No viable dags retrieved from /home/ngtph/airflow/airflow_venv/lib/python3.11/site-packages/airflow/example_dags/plugins/event_listener.py
[2025-07-25T16:15:12.313+0700] {processor.py:183} INFO - Processing /home/ngtph/airflow/airflow_venv/lib/python3.11/site-packages/airflow/example_dags/plugins/event_listener.py took 1.193 seconds
[2025-07-25T16:15:12.803+0700] {processor.py:161} INFO - Started process (PID=12097) to work on /home/ngtph/airflow/airflow_venv/lib/python3.11/site-packages/airflow/example_dags/plugins/event_listener.py
[2025-07-25T16:15:12.804+0700] {processor.py:830} INFO - Processing file /home/ngtph/airflow/airflow_venv/lib/python3.11/site-packages/airflow/example_dags/plugins/event_listener.py for tasks to queue
[2025-07-25T16:15:12.805+0700] {logging_mixin.py:188} INFO - [2025-07-25T16:15:12.804+0700] {dagbag.py:538} INFO - Filling up the DagBag from /home/ngtph/airflow/airflow_venv/lib/python3.11/site-packages/airflow/example_dags/plugins/event_listener.py
[2025-07-25T16:15:12.806+0700] {processor.py:842} WARNING - No viable dags retrieved from /home/ngtph/airflow/airflow_venv/lib/python3.11/site-packages/airflow/example_dags/plugins/event_listener.py
[2025-07-25T16:15:14.136+0700] {processor.py:183} INFO - Processing /home/ngtph/airflow/airflow_venv/lib/python3.11/site-packages/airflow/example_dags/plugins/event_listener.py took 1.336 seconds
[2025-07-25T16:16:35.037+0700] {processor.py:161} INFO - Started process (PID=12267) to work on /home/ngtph/airflow/airflow_venv/lib/python3.11/site-packages/airflow/example_dags/plugins/event_listener.py
[2025-07-25T16:16:35.039+0700] {processor.py:830} INFO - Processing file /home/ngtph/airflow/airflow_venv/lib/python3.11/site-packages/airflow/example_dags/plugins/event_listener.py for tasks to queue
[2025-07-25T16:16:35.039+0700] {logging_mixin.py:188} INFO - [2025-07-25T16:16:35.039+0700] {dagbag.py:538} INFO - Filling up the DagBag from /home/ngtph/airflow/airflow_venv/lib/python3.11/site-packages/airflow/example_dags/plugins/event_listener.py
[2025-07-25T16:16:35.041+0700] {processor.py:842} WARNING - No viable dags retrieved from /home/ngtph/airflow/airflow_venv/lib/python3.11/site-packages/airflow/example_dags/plugins/event_listener.py
[2025-07-25T16:16:36.133+0700] {processor.py:161} INFO - Started process (PID=12269) to work on /home/ngtph/airflow/airflow_venv/lib/python3.11/site-packages/airflow/example_dags/plugins/event_listener.py
[2025-07-25T16:16:36.134+0700] {processor.py:830} INFO - Processing file /home/ngtph/airflow/airflow_venv/lib/python3.11/site-packages/airflow/example_dags/plugins/event_listener.py for tasks to queue
[2025-07-25T16:16:36.134+0700] {logging_mixin.py:188} INFO - [2025-07-25T16:16:36.134+0700] {dagbag.py:538} INFO - Filling up the DagBag from /home/ngtph/airflow/airflow_venv/lib/python3.11/site-packages/airflow/example_dags/plugins/event_listener.py
[2025-07-25T16:16:36.136+0700] {processor.py:842} WARNING - No viable dags retrieved from /home/ngtph/airflow/airflow_venv/lib/python3.11/site-packages/airflow/example_dags/plugins/event_listener.py
[2025-07-25T16:16:36.263+0700] {processor.py:183} INFO - Processing /home/ngtph/airflow/airflow_venv/lib/python3.11/site-packages/airflow/example_dags/plugins/event_listener.py took 1.230 seconds
[2025-07-25T16:16:37.584+0700] {processor.py:183} INFO - Processing /home/ngtph/airflow/airflow_venv/lib/python3.11/site-packages/airflow/example_dags/plugins/event_listener.py took 1.454 seconds
[2025-07-25T16:17:32.665+0700] {processor.py:161} INFO - Started process (PID=12371) to work on /home/ngtph/airflow/airflow_venv/lib/python3.11/site-packages/airflow/example_dags/plugins/event_listener.py
[2025-07-25T16:17:32.668+0700] {processor.py:830} INFO - Processing file /home/ngtph/airflow/airflow_venv/lib/python3.11/site-packages/airflow/example_dags/plugins/event_listener.py for tasks to queue
[2025-07-25T16:17:32.668+0700] {logging_mixin.py:188} INFO - [2025-07-25T16:17:32.668+0700] {dagbag.py:538} INFO - Filling up the DagBag from /home/ngtph/airflow/airflow_venv/lib/python3.11/site-packages/airflow/example_dags/plugins/event_listener.py
[2025-07-25T16:17:32.670+0700] {processor.py:842} WARNING - No viable dags retrieved from /home/ngtph/airflow/airflow_venv/lib/python3.11/site-packages/airflow/example_dags/plugins/event_listener.py
[2025-07-25T16:17:34.078+0700] {processor.py:183} INFO - Processing /home/ngtph/airflow/airflow_venv/lib/python3.11/site-packages/airflow/example_dags/plugins/event_listener.py took 1.416 seconds
[2025-07-25T16:18:28.178+0700] {processor.py:161} INFO - Started process (PID=12463) to work on /home/ngtph/airflow/airflow_venv/lib/python3.11/site-packages/airflow/example_dags/plugins/event_listener.py
[2025-07-25T16:18:28.179+0700] {processor.py:830} INFO - Processing file /home/ngtph/airflow/airflow_venv/lib/python3.11/site-packages/airflow/example_dags/plugins/event_listener.py for tasks to queue
[2025-07-25T16:18:28.180+0700] {logging_mixin.py:188} INFO - [2025-07-25T16:18:28.180+0700] {dagbag.py:538} INFO - Filling up the DagBag from /home/ngtph/airflow/airflow_venv/lib/python3.11/site-packages/airflow/example_dags/plugins/event_listener.py
[2025-07-25T16:18:28.182+0700] {processor.py:842} WARNING - No viable dags retrieved from /home/ngtph/airflow/airflow_venv/lib/python3.11/site-packages/airflow/example_dags/plugins/event_listener.py
[2025-07-25T16:18:29.733+0700] {processor.py:183} INFO - Processing /home/ngtph/airflow/airflow_venv/lib/python3.11/site-packages/airflow/example_dags/plugins/event_listener.py took 1.558 seconds
[2025-07-25T16:19:13.117+0700] {processor.py:161} INFO - Started process (PID=12541) to work on /home/ngtph/airflow/airflow_venv/lib/python3.11/site-packages/airflow/example_dags/plugins/event_listener.py
[2025-07-25T16:19:13.118+0700] {processor.py:830} INFO - Processing file /home/ngtph/airflow/airflow_venv/lib/python3.11/site-packages/airflow/example_dags/plugins/event_listener.py for tasks to queue
[2025-07-25T16:19:13.119+0700] {logging_mixin.py:188} INFO - [2025-07-25T16:19:13.118+0700] {dagbag.py:538} INFO - Filling up the DagBag from /home/ngtph/airflow/airflow_venv/lib/python3.11/site-packages/airflow/example_dags/plugins/event_listener.py
[2025-07-25T16:19:13.121+0700] {processor.py:842} WARNING - No viable dags retrieved from /home/ngtph/airflow/airflow_venv/lib/python3.11/site-packages/airflow/example_dags/plugins/event_listener.py
[2025-07-25T16:19:14.421+0700] {processor.py:183} INFO - Processing /home/ngtph/airflow/airflow_venv/lib/python3.11/site-packages/airflow/example_dags/plugins/event_listener.py took 1.307 seconds
[2025-07-25T16:19:59.350+0700] {processor.py:161} INFO - Started process (PID=12628) to work on /home/ngtph/airflow/airflow_venv/lib/python3.11/site-packages/airflow/example_dags/plugins/event_listener.py
[2025-07-25T16:19:59.352+0700] {processor.py:830} INFO - Processing file /home/ngtph/airflow/airflow_venv/lib/python3.11/site-packages/airflow/example_dags/plugins/event_listener.py for tasks to queue
[2025-07-25T16:19:59.352+0700] {logging_mixin.py:188} INFO - [2025-07-25T16:19:59.352+0700] {dagbag.py:538} INFO - Filling up the DagBag from /home/ngtph/airflow/airflow_venv/lib/python3.11/site-packages/airflow/example_dags/plugins/event_listener.py
[2025-07-25T16:19:59.354+0700] {processor.py:842} WARNING - No viable dags retrieved from /home/ngtph/airflow/airflow_venv/lib/python3.11/site-packages/airflow/example_dags/plugins/event_listener.py
[2025-07-25T16:20:00.684+0700] {processor.py:183} INFO - Processing /home/ngtph/airflow/airflow_venv/lib/python3.11/site-packages/airflow/example_dags/plugins/event_listener.py took 1.336 seconds
[2025-07-25T16:20:35.629+0700] {processor.py:161} INFO - Started process (PID=12693) to work on /home/ngtph/airflow/airflow_venv/lib/python3.11/site-packages/airflow/example_dags/plugins/event_listener.py
[2025-07-25T16:20:35.630+0700] {processor.py:830} INFO - Processing file /home/ngtph/airflow/airflow_venv/lib/python3.11/site-packages/airflow/example_dags/plugins/event_listener.py for tasks to queue
[2025-07-25T16:20:35.630+0700] {logging_mixin.py:188} INFO - [2025-07-25T16:20:35.630+0700] {dagbag.py:538} INFO - Filling up the DagBag from /home/ngtph/airflow/airflow_venv/lib/python3.11/site-packages/airflow/example_dags/plugins/event_listener.py
[2025-07-25T16:20:35.632+0700] {processor.py:842} WARNING - No viable dags retrieved from /home/ngtph/airflow/airflow_venv/lib/python3.11/site-packages/airflow/example_dags/plugins/event_listener.py
[2025-07-25T16:20:36.747+0700] {processor.py:183} INFO - Processing /home/ngtph/airflow/airflow_venv/lib/python3.11/site-packages/airflow/example_dags/plugins/event_listener.py took 1.121 seconds
[2025-07-25T16:21:28.951+0700] {processor.py:161} INFO - Started process (PID=12787) to work on /home/ngtph/airflow/airflow_venv/lib/python3.11/site-packages/airflow/example_dags/plugins/event_listener.py
[2025-07-25T16:21:28.952+0700] {processor.py:830} INFO - Processing file /home/ngtph/airflow/airflow_venv/lib/python3.11/site-packages/airflow/example_dags/plugins/event_listener.py for tasks to queue
[2025-07-25T16:21:28.953+0700] {logging_mixin.py:188} INFO - [2025-07-25T16:21:28.953+0700] {dagbag.py:538} INFO - Filling up the DagBag from /home/ngtph/airflow/airflow_venv/lib/python3.11/site-packages/airflow/example_dags/plugins/event_listener.py
[2025-07-25T16:21:28.955+0700] {processor.py:842} WARNING - No viable dags retrieved from /home/ngtph/airflow/airflow_venv/lib/python3.11/site-packages/airflow/example_dags/plugins/event_listener.py
[2025-07-25T16:21:30.249+0700] {processor.py:183} INFO - Processing /home/ngtph/airflow/airflow_venv/lib/python3.11/site-packages/airflow/example_dags/plugins/event_listener.py took 1.301 seconds
[2025-07-25T16:21:34.008+0700] {processor.py:161} INFO - Started process (PID=12803) to work on /home/ngtph/airflow/airflow_venv/lib/python3.11/site-packages/airflow/example_dags/plugins/event_listener.py
[2025-07-25T16:21:34.009+0700] {processor.py:830} INFO - Processing file /home/ngtph/airflow/airflow_venv/lib/python3.11/site-packages/airflow/example_dags/plugins/event_listener.py for tasks to queue
[2025-07-25T16:21:34.010+0700] {logging_mixin.py:188} INFO - [2025-07-25T16:21:34.010+0700] {dagbag.py:538} INFO - Filling up the DagBag from /home/ngtph/airflow/airflow_venv/lib/python3.11/site-packages/airflow/example_dags/plugins/event_listener.py
[2025-07-25T16:21:34.012+0700] {processor.py:842} WARNING - No viable dags retrieved from /home/ngtph/airflow/airflow_venv/lib/python3.11/site-packages/airflow/example_dags/plugins/event_listener.py
[2025-07-25T16:21:36.363+0700] {processor.py:183} INFO - Processing /home/ngtph/airflow/airflow_venv/lib/python3.11/site-packages/airflow/example_dags/plugins/event_listener.py took 2.358 seconds
[2025-07-25T16:22:24.059+0700] {processor.py:161} INFO - Started process (PID=12883) to work on /home/ngtph/airflow/airflow_venv/lib/python3.11/site-packages/airflow/example_dags/plugins/event_listener.py
[2025-07-25T16:22:24.060+0700] {processor.py:830} INFO - Processing file /home/ngtph/airflow/airflow_venv/lib/python3.11/site-packages/airflow/example_dags/plugins/event_listener.py for tasks to queue
[2025-07-25T16:22:24.061+0700] {logging_mixin.py:188} INFO - [2025-07-25T16:22:24.061+0700] {dagbag.py:538} INFO - Filling up the DagBag from /home/ngtph/airflow/airflow_venv/lib/python3.11/site-packages/airflow/example_dags/plugins/event_listener.py
[2025-07-25T16:22:24.063+0700] {processor.py:842} WARNING - No viable dags retrieved from /home/ngtph/airflow/airflow_venv/lib/python3.11/site-packages/airflow/example_dags/plugins/event_listener.py
[2025-07-25T16:22:28.547+0700] {processor.py:183} INFO - Processing /home/ngtph/airflow/airflow_venv/lib/python3.11/site-packages/airflow/example_dags/plugins/event_listener.py took 2.158 seconds
[2025-07-25T16:23:18.591+0700] {processor.py:161} INFO - Started process (PID=12971) to work on /home/ngtph/airflow/airflow_venv/lib/python3.11/site-packages/airflow/example_dags/plugins/event_listener.py
[2025-07-25T16:23:18.592+0700] {processor.py:830} INFO - Processing file /home/ngtph/airflow/airflow_venv/lib/python3.11/site-packages/airflow/example_dags/plugins/event_listener.py for tasks to queue
[2025-07-25T16:23:18.593+0700] {logging_mixin.py:188} INFO - [2025-07-25T16:23:18.592+0700] {dagbag.py:538} INFO - Filling up the DagBag from /home/ngtph/airflow/airflow_venv/lib/python3.11/site-packages/airflow/example_dags/plugins/event_listener.py
[2025-07-25T16:23:18.594+0700] {processor.py:842} WARNING - No viable dags retrieved from /home/ngtph/airflow/airflow_venv/lib/python3.11/site-packages/airflow/example_dags/plugins/event_listener.py
[2025-07-25T16:23:20.041+0700] {processor.py:183} INFO - Processing /home/ngtph/airflow/airflow_venv/lib/python3.11/site-packages/airflow/example_dags/plugins/event_listener.py took 1.453 seconds
[2025-07-25T16:24:33.085+0700] {processor.py:161} INFO - Started process (PID=13077) to work on /home/ngtph/airflow/airflow_venv/lib/python3.11/site-packages/airflow/example_dags/plugins/event_listener.py
[2025-07-25T16:24:33.086+0700] {processor.py:830} INFO - Processing file /home/ngtph/airflow/airflow_venv/lib/python3.11/site-packages/airflow/example_dags/plugins/event_listener.py for tasks to queue
[2025-07-25T16:24:33.087+0700] {logging_mixin.py:188} INFO - [2025-07-25T16:24:33.087+0700] {dagbag.py:538} INFO - Filling up the DagBag from /home/ngtph/airflow/airflow_venv/lib/python3.11/site-packages/airflow/example_dags/plugins/event_listener.py
[2025-07-25T16:24:33.089+0700] {processor.py:842} WARNING - No viable dags retrieved from /home/ngtph/airflow/airflow_venv/lib/python3.11/site-packages/airflow/example_dags/plugins/event_listener.py
[2025-07-25T16:24:34.739+0700] {processor.py:161} INFO - Started process (PID=13079) to work on /home/ngtph/airflow/airflow_venv/lib/python3.11/site-packages/airflow/example_dags/plugins/event_listener.py
[2025-07-25T16:24:34.740+0700] {processor.py:830} INFO - Processing file /home/ngtph/airflow/airflow_venv/lib/python3.11/site-packages/airflow/example_dags/plugins/event_listener.py for tasks to queue
[2025-07-25T16:24:34.741+0700] {logging_mixin.py:188} INFO - [2025-07-25T16:24:34.740+0700] {dagbag.py:538} INFO - Filling up the DagBag from /home/ngtph/airflow/airflow_venv/lib/python3.11/site-packages/airflow/example_dags/plugins/event_listener.py
[2025-07-25T16:24:34.742+0700] {processor.py:842} WARNING - No viable dags retrieved from /home/ngtph/airflow/airflow_venv/lib/python3.11/site-packages/airflow/example_dags/plugins/event_listener.py
[2025-07-25T16:24:35.262+0700] {processor.py:183} INFO - Processing /home/ngtph/airflow/airflow_venv/lib/python3.11/site-packages/airflow/example_dags/plugins/event_listener.py took 2.180 seconds
[2025-07-25T16:24:35.929+0700] {processor.py:183} INFO - Processing /home/ngtph/airflow/airflow_venv/lib/python3.11/site-packages/airflow/example_dags/plugins/event_listener.py took 1.193 seconds
[2025-07-25T16:25:41.894+0700] {processor.py:161} INFO - Started process (PID=13189) to work on /home/ngtph/airflow/airflow_venv/lib/python3.11/site-packages/airflow/example_dags/plugins/event_listener.py
[2025-07-25T16:25:41.896+0700] {processor.py:830} INFO - Processing file /home/ngtph/airflow/airflow_venv/lib/python3.11/site-packages/airflow/example_dags/plugins/event_listener.py for tasks to queue
[2025-07-25T16:25:41.896+0700] {logging_mixin.py:188} INFO - [2025-07-25T16:25:41.896+0700] {dagbag.py:538} INFO - Filling up the DagBag from /home/ngtph/airflow/airflow_venv/lib/python3.11/site-packages/airflow/example_dags/plugins/event_listener.py
[2025-07-25T16:25:41.899+0700] {processor.py:842} WARNING - No viable dags retrieved from /home/ngtph/airflow/airflow_venv/lib/python3.11/site-packages/airflow/example_dags/plugins/event_listener.py
[2025-07-25T16:25:43.074+0700] {processor.py:183} INFO - Processing /home/ngtph/airflow/airflow_venv/lib/python3.11/site-packages/airflow/example_dags/plugins/event_listener.py took 1.185 seconds
[2025-07-25T16:25:43.154+0700] {processor.py:161} INFO - Started process (PID=13191) to work on /home/ngtph/airflow/airflow_venv/lib/python3.11/site-packages/airflow/example_dags/plugins/event_listener.py
[2025-07-25T16:25:43.155+0700] {processor.py:830} INFO - Processing file /home/ngtph/airflow/airflow_venv/lib/python3.11/site-packages/airflow/example_dags/plugins/event_listener.py for tasks to queue
[2025-07-25T16:25:43.155+0700] {logging_mixin.py:188} INFO - [2025-07-25T16:25:43.155+0700] {dagbag.py:538} INFO - Filling up the DagBag from /home/ngtph/airflow/airflow_venv/lib/python3.11/site-packages/airflow/example_dags/plugins/event_listener.py
[2025-07-25T16:25:43.157+0700] {processor.py:842} WARNING - No viable dags retrieved from /home/ngtph/airflow/airflow_venv/lib/python3.11/site-packages/airflow/example_dags/plugins/event_listener.py
[2025-07-25T16:25:44.225+0700] {processor.py:183} INFO - Processing /home/ngtph/airflow/airflow_venv/lib/python3.11/site-packages/airflow/example_dags/plugins/event_listener.py took 1.074 seconds
[2025-07-25T16:27:37.220+0700] {processor.py:161} INFO - Started process (PID=13353) to work on /home/ngtph/airflow/airflow_venv/lib/python3.11/site-packages/airflow/example_dags/plugins/event_listener.py
[2025-07-25T16:27:37.223+0700] {processor.py:830} INFO - Processing file /home/ngtph/airflow/airflow_venv/lib/python3.11/site-packages/airflow/example_dags/plugins/event_listener.py for tasks to queue
[2025-07-25T16:27:37.224+0700] {logging_mixin.py:188} INFO - [2025-07-25T16:27:37.224+0700] {dagbag.py:538} INFO - Filling up the DagBag from /home/ngtph/airflow/airflow_venv/lib/python3.11/site-packages/airflow/example_dags/plugins/event_listener.py
[2025-07-25T16:27:37.226+0700] {processor.py:842} WARNING - No viable dags retrieved from /home/ngtph/airflow/airflow_venv/lib/python3.11/site-packages/airflow/example_dags/plugins/event_listener.py
[2025-07-25T16:27:38.839+0700] {processor.py:183} INFO - Processing /home/ngtph/airflow/airflow_venv/lib/python3.11/site-packages/airflow/example_dags/plugins/event_listener.py took 1.622 seconds
[2025-07-25T16:27:40.364+0700] {processor.py:161} INFO - Started process (PID=13365) to work on /home/ngtph/airflow/airflow_venv/lib/python3.11/site-packages/airflow/example_dags/plugins/event_listener.py
[2025-07-25T16:27:40.365+0700] {processor.py:830} INFO - Processing file /home/ngtph/airflow/airflow_venv/lib/python3.11/site-packages/airflow/example_dags/plugins/event_listener.py for tasks to queue
[2025-07-25T16:27:40.365+0700] {logging_mixin.py:188} INFO - [2025-07-25T16:27:40.365+0700] {dagbag.py:538} INFO - Filling up the DagBag from /home/ngtph/airflow/airflow_venv/lib/python3.11/site-packages/airflow/example_dags/plugins/event_listener.py
[2025-07-25T16:27:40.367+0700] {processor.py:842} WARNING - No viable dags retrieved from /home/ngtph/airflow/airflow_venv/lib/python3.11/site-packages/airflow/example_dags/plugins/event_listener.py
[2025-07-25T16:27:42.100+0700] {processor.py:183} INFO - Processing /home/ngtph/airflow/airflow_venv/lib/python3.11/site-packages/airflow/example_dags/plugins/event_listener.py took 1.739 seconds
[2025-07-25T16:28:44.416+0700] {processor.py:161} INFO - Started process (PID=13449) to work on /home/ngtph/airflow/airflow_venv/lib/python3.11/site-packages/airflow/example_dags/plugins/event_listener.py
[2025-07-25T16:28:44.419+0700] {processor.py:830} INFO - Processing file /home/ngtph/airflow/airflow_venv/lib/python3.11/site-packages/airflow/example_dags/plugins/event_listener.py for tasks to queue
[2025-07-25T16:28:44.420+0700] {logging_mixin.py:188} INFO - [2025-07-25T16:28:44.420+0700] {dagbag.py:538} INFO - Filling up the DagBag from /home/ngtph/airflow/airflow_venv/lib/python3.11/site-packages/airflow/example_dags/plugins/event_listener.py
[2025-07-25T16:28:44.422+0700] {processor.py:842} WARNING - No viable dags retrieved from /home/ngtph/airflow/airflow_venv/lib/python3.11/site-packages/airflow/example_dags/plugins/event_listener.py
[2025-07-25T16:28:45.742+0700] {processor.py:183} INFO - Processing /home/ngtph/airflow/airflow_venv/lib/python3.11/site-packages/airflow/example_dags/plugins/event_listener.py took 1.328 seconds
[2025-07-25T16:28:46.730+0700] {processor.py:161} INFO - Started process (PID=13455) to work on /home/ngtph/airflow/airflow_venv/lib/python3.11/site-packages/airflow/example_dags/plugins/event_listener.py
[2025-07-25T16:28:46.731+0700] {processor.py:830} INFO - Processing file /home/ngtph/airflow/airflow_venv/lib/python3.11/site-packages/airflow/example_dags/plugins/event_listener.py for tasks to queue
[2025-07-25T16:28:46.732+0700] {logging_mixin.py:188} INFO - [2025-07-25T16:28:46.732+0700] {dagbag.py:538} INFO - Filling up the DagBag from /home/ngtph/airflow/airflow_venv/lib/python3.11/site-packages/airflow/example_dags/plugins/event_listener.py
[2025-07-25T16:28:46.734+0700] {processor.py:842} WARNING - No viable dags retrieved from /home/ngtph/airflow/airflow_venv/lib/python3.11/site-packages/airflow/example_dags/plugins/event_listener.py
[2025-07-25T16:28:47.978+0700] {processor.py:183} INFO - Processing /home/ngtph/airflow/airflow_venv/lib/python3.11/site-packages/airflow/example_dags/plugins/event_listener.py took 1.251 seconds
[2025-07-25T16:29:50.717+0700] {processor.py:161} INFO - Started process (PID=13557) to work on /home/ngtph/airflow/airflow_venv/lib/python3.11/site-packages/airflow/example_dags/plugins/event_listener.py
[2025-07-25T16:29:50.720+0700] {processor.py:830} INFO - Processing file /home/ngtph/airflow/airflow_venv/lib/python3.11/site-packages/airflow/example_dags/plugins/event_listener.py for tasks to queue
[2025-07-25T16:29:50.721+0700] {logging_mixin.py:188} INFO - [2025-07-25T16:29:50.720+0700] {dagbag.py:538} INFO - Filling up the DagBag from /home/ngtph/airflow/airflow_venv/lib/python3.11/site-packages/airflow/example_dags/plugins/event_listener.py
[2025-07-25T16:29:50.722+0700] {processor.py:842} WARNING - No viable dags retrieved from /home/ngtph/airflow/airflow_venv/lib/python3.11/site-packages/airflow/example_dags/plugins/event_listener.py
[2025-07-25T16:29:50.924+0700] {processor.py:161} INFO - Started process (PID=13558) to work on /home/ngtph/airflow/airflow_venv/lib/python3.11/site-packages/airflow/example_dags/plugins/event_listener.py
[2025-07-25T16:29:50.926+0700] {processor.py:830} INFO - Processing file /home/ngtph/airflow/airflow_venv/lib/python3.11/site-packages/airflow/example_dags/plugins/event_listener.py for tasks to queue
[2025-07-25T16:29:50.927+0700] {logging_mixin.py:188} INFO - [2025-07-25T16:29:50.927+0700] {dagbag.py:538} INFO - Filling up the DagBag from /home/ngtph/airflow/airflow_venv/lib/python3.11/site-packages/airflow/example_dags/plugins/event_listener.py
[2025-07-25T16:29:50.929+0700] {processor.py:842} WARNING - No viable dags retrieved from /home/ngtph/airflow/airflow_venv/lib/python3.11/site-packages/airflow/example_dags/plugins/event_listener.py
[2025-07-25T16:29:52.101+0700] {processor.py:183} INFO - Processing /home/ngtph/airflow/airflow_venv/lib/python3.11/site-packages/airflow/example_dags/plugins/event_listener.py took 1.388 seconds
[2025-07-25T16:29:53.004+0700] {processor.py:183} INFO - Processing /home/ngtph/airflow/airflow_venv/lib/python3.11/site-packages/airflow/example_dags/plugins/event_listener.py took 2.084 seconds
[2025-07-25T16:30:47.037+0700] {processor.py:161} INFO - Started process (PID=13659) to work on /home/ngtph/airflow/airflow_venv/lib/python3.11/site-packages/airflow/example_dags/plugins/event_listener.py
[2025-07-25T16:30:47.038+0700] {processor.py:830} INFO - Processing file /home/ngtph/airflow/airflow_venv/lib/python3.11/site-packages/airflow/example_dags/plugins/event_listener.py for tasks to queue
[2025-07-25T16:30:47.039+0700] {logging_mixin.py:188} INFO - [2025-07-25T16:30:47.039+0700] {dagbag.py:538} INFO - Filling up the DagBag from /home/ngtph/airflow/airflow_venv/lib/python3.11/site-packages/airflow/example_dags/plugins/event_listener.py
[2025-07-25T16:30:47.041+0700] {processor.py:842} WARNING - No viable dags retrieved from /home/ngtph/airflow/airflow_venv/lib/python3.11/site-packages/airflow/example_dags/plugins/event_listener.py
[2025-07-25T16:30:48.160+0700] {processor.py:183} INFO - Processing /home/ngtph/airflow/airflow_venv/lib/python3.11/site-packages/airflow/example_dags/plugins/event_listener.py took 1.126 seconds
[2025-07-25T16:31:43.175+0700] {processor.py:161} INFO - Started process (PID=13732) to work on /home/ngtph/airflow/airflow_venv/lib/python3.11/site-packages/airflow/example_dags/plugins/event_listener.py
[2025-07-25T16:31:43.176+0700] {processor.py:830} INFO - Processing file /home/ngtph/airflow/airflow_venv/lib/python3.11/site-packages/airflow/example_dags/plugins/event_listener.py for tasks to queue
[2025-07-25T16:31:43.177+0700] {logging_mixin.py:188} INFO - [2025-07-25T16:31:43.177+0700] {dagbag.py:538} INFO - Filling up the DagBag from /home/ngtph/airflow/airflow_venv/lib/python3.11/site-packages/airflow/example_dags/plugins/event_listener.py
[2025-07-25T16:31:43.184+0700] {processor.py:842} WARNING - No viable dags retrieved from /home/ngtph/airflow/airflow_venv/lib/python3.11/site-packages/airflow/example_dags/plugins/event_listener.py
[2025-07-25T16:31:46.042+0700] {processor.py:183} INFO - Processing /home/ngtph/airflow/airflow_venv/lib/python3.11/site-packages/airflow/example_dags/plugins/event_listener.py took 2.873 seconds
[2025-07-25T16:32:00.384+0700] {processor.py:161} INFO - Started process (PID=13760) to work on /home/ngtph/airflow/airflow_venv/lib/python3.11/site-packages/airflow/example_dags/plugins/event_listener.py
[2025-07-25T16:32:00.387+0700] {processor.py:830} INFO - Processing file /home/ngtph/airflow/airflow_venv/lib/python3.11/site-packages/airflow/example_dags/plugins/event_listener.py for tasks to queue
[2025-07-25T16:32:00.388+0700] {logging_mixin.py:188} INFO - [2025-07-25T16:32:00.388+0700] {dagbag.py:538} INFO - Filling up the DagBag from /home/ngtph/airflow/airflow_venv/lib/python3.11/site-packages/airflow/example_dags/plugins/event_listener.py
[2025-07-25T16:32:00.390+0700] {processor.py:842} WARNING - No viable dags retrieved from /home/ngtph/airflow/airflow_venv/lib/python3.11/site-packages/airflow/example_dags/plugins/event_listener.py
[2025-07-25T16:32:04.821+0700] {processor.py:183} INFO - Processing /home/ngtph/airflow/airflow_venv/lib/python3.11/site-packages/airflow/example_dags/plugins/event_listener.py took 1.516 seconds
[2025-07-25T16:32:49.729+0700] {processor.py:161} INFO - Started process (PID=13824) to work on /home/ngtph/airflow/airflow_venv/lib/python3.11/site-packages/airflow/example_dags/plugins/event_listener.py
[2025-07-25T16:32:49.732+0700] {processor.py:830} INFO - Processing file /home/ngtph/airflow/airflow_venv/lib/python3.11/site-packages/airflow/example_dags/plugins/event_listener.py for tasks to queue
[2025-07-25T16:32:49.732+0700] {logging_mixin.py:188} INFO - [2025-07-25T16:32:49.732+0700] {dagbag.py:538} INFO - Filling up the DagBag from /home/ngtph/airflow/airflow_venv/lib/python3.11/site-packages/airflow/example_dags/plugins/event_listener.py
[2025-07-25T16:32:49.734+0700] {processor.py:842} WARNING - No viable dags retrieved from /home/ngtph/airflow/airflow_venv/lib/python3.11/site-packages/airflow/example_dags/plugins/event_listener.py
[2025-07-25T16:32:50.973+0700] {processor.py:183} INFO - Processing /home/ngtph/airflow/airflow_venv/lib/python3.11/site-packages/airflow/example_dags/plugins/event_listener.py took 1.247 seconds
[2025-07-25T16:33:42.772+0700] {processor.py:161} INFO - Started process (PID=13916) to work on /home/ngtph/airflow/airflow_venv/lib/python3.11/site-packages/airflow/example_dags/plugins/event_listener.py
[2025-07-25T16:33:42.774+0700] {processor.py:830} INFO - Processing file /home/ngtph/airflow/airflow_venv/lib/python3.11/site-packages/airflow/example_dags/plugins/event_listener.py for tasks to queue
[2025-07-25T16:33:42.774+0700] {logging_mixin.py:188} INFO - [2025-07-25T16:33:42.774+0700] {dagbag.py:538} INFO - Filling up the DagBag from /home/ngtph/airflow/airflow_venv/lib/python3.11/site-packages/airflow/example_dags/plugins/event_listener.py
[2025-07-25T16:33:42.776+0700] {processor.py:842} WARNING - No viable dags retrieved from /home/ngtph/airflow/airflow_venv/lib/python3.11/site-packages/airflow/example_dags/plugins/event_listener.py
[2025-07-25T16:33:47.283+0700] {processor.py:161} INFO - Started process (PID=13922) to work on /home/ngtph/airflow/airflow_venv/lib/python3.11/site-packages/airflow/example_dags/plugins/event_listener.py
[2025-07-25T16:33:47.284+0700] {processor.py:830} INFO - Processing file /home/ngtph/airflow/airflow_venv/lib/python3.11/site-packages/airflow/example_dags/plugins/event_listener.py for tasks to queue
[2025-07-25T16:33:47.285+0700] {logging_mixin.py:188} INFO - [2025-07-25T16:33:47.285+0700] {dagbag.py:538} INFO - Filling up the DagBag from /home/ngtph/airflow/airflow_venv/lib/python3.11/site-packages/airflow/example_dags/plugins/event_listener.py
[2025-07-25T16:33:47.287+0700] {processor.py:842} WARNING - No viable dags retrieved from /home/ngtph/airflow/airflow_venv/lib/python3.11/site-packages/airflow/example_dags/plugins/event_listener.py
[2025-07-25T16:33:50.231+0700] {processor.py:183} INFO - Processing /home/ngtph/airflow/airflow_venv/lib/python3.11/site-packages/airflow/example_dags/plugins/event_listener.py took 4.889 seconds
[2025-07-25T16:33:53.356+0700] {processor.py:183} INFO - Processing /home/ngtph/airflow/airflow_venv/lib/python3.11/site-packages/airflow/example_dags/plugins/event_listener.py took 3.503 seconds
[2025-07-25T16:35:22.718+0700] {processor.py:161} INFO - Started process (PID=14080) to work on /home/ngtph/airflow/airflow_venv/lib/python3.11/site-packages/airflow/example_dags/plugins/event_listener.py
[2025-07-25T16:35:22.721+0700] {processor.py:830} INFO - Processing file /home/ngtph/airflow/airflow_venv/lib/python3.11/site-packages/airflow/example_dags/plugins/event_listener.py for tasks to queue
[2025-07-25T16:35:22.722+0700] {logging_mixin.py:188} INFO - [2025-07-25T16:35:22.721+0700] {dagbag.py:538} INFO - Filling up the DagBag from /home/ngtph/airflow/airflow_venv/lib/python3.11/site-packages/airflow/example_dags/plugins/event_listener.py
[2025-07-25T16:35:22.723+0700] {processor.py:842} WARNING - No viable dags retrieved from /home/ngtph/airflow/airflow_venv/lib/python3.11/site-packages/airflow/example_dags/plugins/event_listener.py
[2025-07-25T16:35:25.049+0700] {processor.py:183} INFO - Processing /home/ngtph/airflow/airflow_venv/lib/python3.11/site-packages/airflow/example_dags/plugins/event_listener.py took 2.334 seconds
[2025-07-25T16:35:25.473+0700] {processor.py:161} INFO - Started process (PID=14084) to work on /home/ngtph/airflow/airflow_venv/lib/python3.11/site-packages/airflow/example_dags/plugins/event_listener.py
[2025-07-25T16:35:25.474+0700] {processor.py:830} INFO - Processing file /home/ngtph/airflow/airflow_venv/lib/python3.11/site-packages/airflow/example_dags/plugins/event_listener.py for tasks to queue
[2025-07-25T16:35:25.475+0700] {logging_mixin.py:188} INFO - [2025-07-25T16:35:25.474+0700] {dagbag.py:538} INFO - Filling up the DagBag from /home/ngtph/airflow/airflow_venv/lib/python3.11/site-packages/airflow/example_dags/plugins/event_listener.py
[2025-07-25T16:35:25.483+0700] {processor.py:842} WARNING - No viable dags retrieved from /home/ngtph/airflow/airflow_venv/lib/python3.11/site-packages/airflow/example_dags/plugins/event_listener.py
[2025-07-25T16:35:27.654+0700] {processor.py:183} INFO - Processing /home/ngtph/airflow/airflow_venv/lib/python3.11/site-packages/airflow/example_dags/plugins/event_listener.py took 2.186 seconds
[2025-07-25T16:36:55.697+0700] {processor.py:161} INFO - Started process (PID=14239) to work on /home/ngtph/airflow/airflow_venv/lib/python3.11/site-packages/airflow/example_dags/plugins/event_listener.py
[2025-07-25T16:36:55.698+0700] {processor.py:830} INFO - Processing file /home/ngtph/airflow/airflow_venv/lib/python3.11/site-packages/airflow/example_dags/plugins/event_listener.py for tasks to queue
[2025-07-25T16:36:55.699+0700] {logging_mixin.py:188} INFO - [2025-07-25T16:36:55.699+0700] {dagbag.py:538} INFO - Filling up the DagBag from /home/ngtph/airflow/airflow_venv/lib/python3.11/site-packages/airflow/example_dags/plugins/event_listener.py
[2025-07-25T16:36:55.701+0700] {processor.py:842} WARNING - No viable dags retrieved from /home/ngtph/airflow/airflow_venv/lib/python3.11/site-packages/airflow/example_dags/plugins/event_listener.py
[2025-07-25T16:36:56.784+0700] {processor.py:183} INFO - Processing /home/ngtph/airflow/airflow_venv/lib/python3.11/site-packages/airflow/example_dags/plugins/event_listener.py took 1.091 seconds
[2025-07-25T16:36:58.597+0700] {processor.py:161} INFO - Started process (PID=14251) to work on /home/ngtph/airflow/airflow_venv/lib/python3.11/site-packages/airflow/example_dags/plugins/event_listener.py
[2025-07-25T16:36:58.599+0700] {processor.py:830} INFO - Processing file /home/ngtph/airflow/airflow_venv/lib/python3.11/site-packages/airflow/example_dags/plugins/event_listener.py for tasks to queue
[2025-07-25T16:36:58.599+0700] {logging_mixin.py:188} INFO - [2025-07-25T16:36:58.599+0700] {dagbag.py:538} INFO - Filling up the DagBag from /home/ngtph/airflow/airflow_venv/lib/python3.11/site-packages/airflow/example_dags/plugins/event_listener.py
[2025-07-25T16:36:58.601+0700] {processor.py:842} WARNING - No viable dags retrieved from /home/ngtph/airflow/airflow_venv/lib/python3.11/site-packages/airflow/example_dags/plugins/event_listener.py
[2025-07-25T16:36:59.832+0700] {processor.py:183} INFO - Processing /home/ngtph/airflow/airflow_venv/lib/python3.11/site-packages/airflow/example_dags/plugins/event_listener.py took 1.239 seconds
[2025-07-25T16:37:51.076+0700] {processor.py:161} INFO - Started process (PID=14326) to work on /home/ngtph/airflow/airflow_venv/lib/python3.11/site-packages/airflow/example_dags/plugins/event_listener.py
[2025-07-25T16:37:51.078+0700] {processor.py:830} INFO - Processing file /home/ngtph/airflow/airflow_venv/lib/python3.11/site-packages/airflow/example_dags/plugins/event_listener.py for tasks to queue
[2025-07-25T16:37:51.079+0700] {logging_mixin.py:188} INFO - [2025-07-25T16:37:51.078+0700] {dagbag.py:538} INFO - Filling up the DagBag from /home/ngtph/airflow/airflow_venv/lib/python3.11/site-packages/airflow/example_dags/plugins/event_listener.py
[2025-07-25T16:37:51.080+0700] {processor.py:842} WARNING - No viable dags retrieved from /home/ngtph/airflow/airflow_venv/lib/python3.11/site-packages/airflow/example_dags/plugins/event_listener.py
[2025-07-25T16:37:55.131+0700] {processor.py:183} INFO - Processing /home/ngtph/airflow/airflow_venv/lib/python3.11/site-packages/airflow/example_dags/plugins/event_listener.py took 1.462 seconds
[2025-07-25T16:38:45.012+0700] {processor.py:161} INFO - Started process (PID=14418) to work on /home/ngtph/airflow/airflow_venv/lib/python3.11/site-packages/airflow/example_dags/plugins/event_listener.py
[2025-07-25T16:38:45.014+0700] {processor.py:830} INFO - Processing file /home/ngtph/airflow/airflow_venv/lib/python3.11/site-packages/airflow/example_dags/plugins/event_listener.py for tasks to queue
[2025-07-25T16:38:45.014+0700] {logging_mixin.py:188} INFO - [2025-07-25T16:38:45.014+0700] {dagbag.py:538} INFO - Filling up the DagBag from /home/ngtph/airflow/airflow_venv/lib/python3.11/site-packages/airflow/example_dags/plugins/event_listener.py
[2025-07-25T16:38:45.016+0700] {processor.py:842} WARNING - No viable dags retrieved from /home/ngtph/airflow/airflow_venv/lib/python3.11/site-packages/airflow/example_dags/plugins/event_listener.py
[2025-07-25T16:38:47.056+0700] {processor.py:183} INFO - Processing /home/ngtph/airflow/airflow_venv/lib/python3.11/site-packages/airflow/example_dags/plugins/event_listener.py took 2.048 seconds
[2025-07-25T16:39:25.588+0700] {processor.py:161} INFO - Started process (PID=14488) to work on /home/ngtph/airflow/airflow_venv/lib/python3.11/site-packages/airflow/example_dags/plugins/event_listener.py
[2025-07-25T16:39:25.591+0700] {processor.py:830} INFO - Processing file /home/ngtph/airflow/airflow_venv/lib/python3.11/site-packages/airflow/example_dags/plugins/event_listener.py for tasks to queue
[2025-07-25T16:39:25.592+0700] {logging_mixin.py:188} INFO - [2025-07-25T16:39:25.591+0700] {dagbag.py:538} INFO - Filling up the DagBag from /home/ngtph/airflow/airflow_venv/lib/python3.11/site-packages/airflow/example_dags/plugins/event_listener.py
[2025-07-25T16:39:25.593+0700] {processor.py:842} WARNING - No viable dags retrieved from /home/ngtph/airflow/airflow_venv/lib/python3.11/site-packages/airflow/example_dags/plugins/event_listener.py
[2025-07-25T16:39:26.805+0700] {processor.py:183} INFO - Processing /home/ngtph/airflow/airflow_venv/lib/python3.11/site-packages/airflow/example_dags/plugins/event_listener.py took 1.220 seconds
[2025-07-25T16:40:17.159+0700] {processor.py:161} INFO - Started process (PID=14580) to work on /home/ngtph/airflow/airflow_venv/lib/python3.11/site-packages/airflow/example_dags/plugins/event_listener.py
[2025-07-25T16:40:17.162+0700] {processor.py:830} INFO - Processing file /home/ngtph/airflow/airflow_venv/lib/python3.11/site-packages/airflow/example_dags/plugins/event_listener.py for tasks to queue
[2025-07-25T16:40:17.163+0700] {logging_mixin.py:188} INFO - [2025-07-25T16:40:17.163+0700] {dagbag.py:538} INFO - Filling up the DagBag from /home/ngtph/airflow/airflow_venv/lib/python3.11/site-packages/airflow/example_dags/plugins/event_listener.py
[2025-07-25T16:40:17.166+0700] {processor.py:842} WARNING - No viable dags retrieved from /home/ngtph/airflow/airflow_venv/lib/python3.11/site-packages/airflow/example_dags/plugins/event_listener.py
[2025-07-25T16:40:18.505+0700] {processor.py:183} INFO - Processing /home/ngtph/airflow/airflow_venv/lib/python3.11/site-packages/airflow/example_dags/plugins/event_listener.py took 1.349 seconds
[2025-07-25T16:40:44.509+0700] {processor.py:161} INFO - Started process (PID=14629) to work on /home/ngtph/airflow/airflow_venv/lib/python3.11/site-packages/airflow/example_dags/plugins/event_listener.py
[2025-07-25T16:40:44.510+0700] {processor.py:830} INFO - Processing file /home/ngtph/airflow/airflow_venv/lib/python3.11/site-packages/airflow/example_dags/plugins/event_listener.py for tasks to queue
[2025-07-25T16:40:44.511+0700] {logging_mixin.py:188} INFO - [2025-07-25T16:40:44.511+0700] {dagbag.py:538} INFO - Filling up the DagBag from /home/ngtph/airflow/airflow_venv/lib/python3.11/site-packages/airflow/example_dags/plugins/event_listener.py
[2025-07-25T16:40:44.513+0700] {processor.py:842} WARNING - No viable dags retrieved from /home/ngtph/airflow/airflow_venv/lib/python3.11/site-packages/airflow/example_dags/plugins/event_listener.py
[2025-07-25T16:40:49.274+0700] {processor.py:183} INFO - Processing /home/ngtph/airflow/airflow_venv/lib/python3.11/site-packages/airflow/example_dags/plugins/event_listener.py took 1.931 seconds
[2025-07-25T16:41:43.315+0700] {processor.py:161} INFO - Started process (PID=14726) to work on /home/ngtph/airflow/airflow_venv/lib/python3.11/site-packages/airflow/example_dags/plugins/event_listener.py
[2025-07-25T16:41:43.318+0700] {processor.py:830} INFO - Processing file /home/ngtph/airflow/airflow_venv/lib/python3.11/site-packages/airflow/example_dags/plugins/event_listener.py for tasks to queue
[2025-07-25T16:41:43.319+0700] {logging_mixin.py:188} INFO - [2025-07-25T16:41:43.318+0700] {dagbag.py:538} INFO - Filling up the DagBag from /home/ngtph/airflow/airflow_venv/lib/python3.11/site-packages/airflow/example_dags/plugins/event_listener.py
[2025-07-25T16:41:43.320+0700] {processor.py:842} WARNING - No viable dags retrieved from /home/ngtph/airflow/airflow_venv/lib/python3.11/site-packages/airflow/example_dags/plugins/event_listener.py
[2025-07-25T16:41:44.876+0700] {processor.py:183} INFO - Processing /home/ngtph/airflow/airflow_venv/lib/python3.11/site-packages/airflow/example_dags/plugins/event_listener.py took 1.564 seconds
[2025-07-25T16:42:29.022+0700] {processor.py:161} INFO - Started process (PID=14792) to work on /home/ngtph/airflow/airflow_venv/lib/python3.11/site-packages/airflow/example_dags/plugins/event_listener.py
[2025-07-25T16:42:29.025+0700] {processor.py:830} INFO - Processing file /home/ngtph/airflow/airflow_venv/lib/python3.11/site-packages/airflow/example_dags/plugins/event_listener.py for tasks to queue
[2025-07-25T16:42:29.026+0700] {logging_mixin.py:188} INFO - [2025-07-25T16:42:29.026+0700] {dagbag.py:538} INFO - Filling up the DagBag from /home/ngtph/airflow/airflow_venv/lib/python3.11/site-packages/airflow/example_dags/plugins/event_listener.py
[2025-07-25T16:42:29.028+0700] {processor.py:842} WARNING - No viable dags retrieved from /home/ngtph/airflow/airflow_venv/lib/python3.11/site-packages/airflow/example_dags/plugins/event_listener.py
[2025-07-25T16:42:30.556+0700] {processor.py:183} INFO - Processing /home/ngtph/airflow/airflow_venv/lib/python3.11/site-packages/airflow/example_dags/plugins/event_listener.py took 1.537 seconds
[2025-07-25T16:42:37.961+0700] {processor.py:161} INFO - Started process (PID=14819) to work on /home/ngtph/airflow/airflow_venv/lib/python3.11/site-packages/airflow/example_dags/plugins/event_listener.py
[2025-07-25T16:42:37.962+0700] {processor.py:830} INFO - Processing file /home/ngtph/airflow/airflow_venv/lib/python3.11/site-packages/airflow/example_dags/plugins/event_listener.py for tasks to queue
[2025-07-25T16:42:37.963+0700] {logging_mixin.py:188} INFO - [2025-07-25T16:42:37.962+0700] {dagbag.py:538} INFO - Filling up the DagBag from /home/ngtph/airflow/airflow_venv/lib/python3.11/site-packages/airflow/example_dags/plugins/event_listener.py
[2025-07-25T16:42:37.964+0700] {processor.py:842} WARNING - No viable dags retrieved from /home/ngtph/airflow/airflow_venv/lib/python3.11/site-packages/airflow/example_dags/plugins/event_listener.py
[2025-07-25T16:42:40.737+0700] {processor.py:183} INFO - Processing /home/ngtph/airflow/airflow_venv/lib/python3.11/site-packages/airflow/example_dags/plugins/event_listener.py took 2.779 seconds
[2025-07-25T16:43:28.584+0700] {processor.py:161} INFO - Started process (PID=14897) to work on /home/ngtph/airflow/airflow_venv/lib/python3.11/site-packages/airflow/example_dags/plugins/event_listener.py
[2025-07-25T16:43:28.726+0700] {processor.py:830} INFO - Processing file /home/ngtph/airflow/airflow_venv/lib/python3.11/site-packages/airflow/example_dags/plugins/event_listener.py for tasks to queue
[2025-07-25T16:43:28.727+0700] {logging_mixin.py:188} INFO - [2025-07-25T16:43:28.727+0700] {dagbag.py:538} INFO - Filling up the DagBag from /home/ngtph/airflow/airflow_venv/lib/python3.11/site-packages/airflow/example_dags/plugins/event_listener.py
[2025-07-25T16:43:28.730+0700] {processor.py:842} WARNING - No viable dags retrieved from /home/ngtph/airflow/airflow_venv/lib/python3.11/site-packages/airflow/example_dags/plugins/event_listener.py
[2025-07-25T16:43:30.005+0700] {processor.py:183} INFO - Processing /home/ngtph/airflow/airflow_venv/lib/python3.11/site-packages/airflow/example_dags/plugins/event_listener.py took 1.424 seconds
[2025-07-25T16:44:10.321+0700] {processor.py:161} INFO - Started process (PID=14989) to work on /home/ngtph/airflow/airflow_venv/lib/python3.11/site-packages/airflow/example_dags/plugins/event_listener.py
[2025-07-25T16:44:10.322+0700] {processor.py:830} INFO - Processing file /home/ngtph/airflow/airflow_venv/lib/python3.11/site-packages/airflow/example_dags/plugins/event_listener.py for tasks to queue
[2025-07-25T16:44:10.323+0700] {logging_mixin.py:188} INFO - [2025-07-25T16:44:10.323+0700] {dagbag.py:538} INFO - Filling up the DagBag from /home/ngtph/airflow/airflow_venv/lib/python3.11/site-packages/airflow/example_dags/plugins/event_listener.py
[2025-07-25T16:44:10.325+0700] {processor.py:842} WARNING - No viable dags retrieved from /home/ngtph/airflow/airflow_venv/lib/python3.11/site-packages/airflow/example_dags/plugins/event_listener.py
[2025-07-25T16:44:12.342+0700] {processor.py:183} INFO - Processing /home/ngtph/airflow/airflow_venv/lib/python3.11/site-packages/airflow/example_dags/plugins/event_listener.py took 2.026 seconds
[2025-07-25T16:45:05.344+0700] {processor.py:161} INFO - Started process (PID=15079) to work on /home/ngtph/airflow/airflow_venv/lib/python3.11/site-packages/airflow/example_dags/plugins/event_listener.py
[2025-07-25T16:45:05.345+0700] {processor.py:830} INFO - Processing file /home/ngtph/airflow/airflow_venv/lib/python3.11/site-packages/airflow/example_dags/plugins/event_listener.py for tasks to queue
[2025-07-25T16:45:05.347+0700] {logging_mixin.py:188} INFO - [2025-07-25T16:45:05.346+0700] {dagbag.py:538} INFO - Filling up the DagBag from /home/ngtph/airflow/airflow_venv/lib/python3.11/site-packages/airflow/example_dags/plugins/event_listener.py
[2025-07-25T16:45:05.350+0700] {processor.py:842} WARNING - No viable dags retrieved from /home/ngtph/airflow/airflow_venv/lib/python3.11/site-packages/airflow/example_dags/plugins/event_listener.py
[2025-07-25T16:45:06.702+0700] {processor.py:183} INFO - Processing /home/ngtph/airflow/airflow_venv/lib/python3.11/site-packages/airflow/example_dags/plugins/event_listener.py took 1.364 seconds
[2025-07-25T16:46:49.227+0700] {processor.py:161} INFO - Started process (PID=15182) to work on /home/ngtph/airflow/airflow_venv/lib/python3.11/site-packages/airflow/example_dags/plugins/event_listener.py
[2025-07-25T16:46:49.230+0700] {processor.py:830} INFO - Processing file /home/ngtph/airflow/airflow_venv/lib/python3.11/site-packages/airflow/example_dags/plugins/event_listener.py for tasks to queue
[2025-07-25T16:46:49.231+0700] {logging_mixin.py:188} INFO - [2025-07-25T16:46:49.230+0700] {dagbag.py:538} INFO - Filling up the DagBag from /home/ngtph/airflow/airflow_venv/lib/python3.11/site-packages/airflow/example_dags/plugins/event_listener.py
[2025-07-25T16:46:49.234+0700] {processor.py:842} WARNING - No viable dags retrieved from /home/ngtph/airflow/airflow_venv/lib/python3.11/site-packages/airflow/example_dags/plugins/event_listener.py
[2025-07-25T16:46:50.803+0700] {processor.py:183} INFO - Processing /home/ngtph/airflow/airflow_venv/lib/python3.11/site-packages/airflow/example_dags/plugins/event_listener.py took 1.583 seconds
[2025-07-25T16:48:14.821+0700] {processor.py:161} INFO - Started process (PID=15246) to work on /home/ngtph/airflow/airflow_venv/lib/python3.11/site-packages/airflow/example_dags/plugins/event_listener.py
[2025-07-25T16:48:14.823+0700] {processor.py:830} INFO - Processing file /home/ngtph/airflow/airflow_venv/lib/python3.11/site-packages/airflow/example_dags/plugins/event_listener.py for tasks to queue
[2025-07-25T16:48:14.825+0700] {logging_mixin.py:188} INFO - [2025-07-25T16:48:14.824+0700] {dagbag.py:538} INFO - Filling up the DagBag from /home/ngtph/airflow/airflow_venv/lib/python3.11/site-packages/airflow/example_dags/plugins/event_listener.py
[2025-07-25T16:48:14.830+0700] {processor.py:842} WARNING - No viable dags retrieved from /home/ngtph/airflow/airflow_venv/lib/python3.11/site-packages/airflow/example_dags/plugins/event_listener.py
[2025-07-25T16:48:16.175+0700] {processor.py:183} INFO - Processing /home/ngtph/airflow/airflow_venv/lib/python3.11/site-packages/airflow/example_dags/plugins/event_listener.py took 1.364 seconds
[2025-07-25T16:49:33.827+0700] {processor.py:161} INFO - Started process (PID=15315) to work on /home/ngtph/airflow/airflow_venv/lib/python3.11/site-packages/airflow/example_dags/plugins/event_listener.py
[2025-07-25T16:49:33.830+0700] {processor.py:830} INFO - Processing file /home/ngtph/airflow/airflow_venv/lib/python3.11/site-packages/airflow/example_dags/plugins/event_listener.py for tasks to queue
[2025-07-25T16:49:33.832+0700] {logging_mixin.py:188} INFO - [2025-07-25T16:49:33.831+0700] {dagbag.py:538} INFO - Filling up the DagBag from /home/ngtph/airflow/airflow_venv/lib/python3.11/site-packages/airflow/example_dags/plugins/event_listener.py
[2025-07-25T16:49:33.837+0700] {processor.py:842} WARNING - No viable dags retrieved from /home/ngtph/airflow/airflow_venv/lib/python3.11/site-packages/airflow/example_dags/plugins/event_listener.py
[2025-07-25T16:49:36.377+0700] {processor.py:183} INFO - Processing /home/ngtph/airflow/airflow_venv/lib/python3.11/site-packages/airflow/example_dags/plugins/event_listener.py took 2.559 seconds
[2025-07-25T16:50:45.601+0700] {processor.py:161} INFO - Started process (PID=15383) to work on /home/ngtph/airflow/airflow_venv/lib/python3.11/site-packages/airflow/example_dags/plugins/event_listener.py
[2025-07-25T16:50:45.604+0700] {processor.py:830} INFO - Processing file /home/ngtph/airflow/airflow_venv/lib/python3.11/site-packages/airflow/example_dags/plugins/event_listener.py for tasks to queue
[2025-07-25T16:50:45.605+0700] {logging_mixin.py:188} INFO - [2025-07-25T16:50:45.605+0700] {dagbag.py:538} INFO - Filling up the DagBag from /home/ngtph/airflow/airflow_venv/lib/python3.11/site-packages/airflow/example_dags/plugins/event_listener.py
[2025-07-25T16:50:45.608+0700] {processor.py:842} WARNING - No viable dags retrieved from /home/ngtph/airflow/airflow_venv/lib/python3.11/site-packages/airflow/example_dags/plugins/event_listener.py
[2025-07-25T16:50:47.146+0700] {processor.py:183} INFO - Processing /home/ngtph/airflow/airflow_venv/lib/python3.11/site-packages/airflow/example_dags/plugins/event_listener.py took 1.551 seconds
[2025-07-25T16:52:23.565+0700] {processor.py:161} INFO - Started process (PID=15455) to work on /home/ngtph/airflow/airflow_venv/lib/python3.11/site-packages/airflow/example_dags/plugins/event_listener.py
[2025-07-25T16:52:23.568+0700] {processor.py:830} INFO - Processing file /home/ngtph/airflow/airflow_venv/lib/python3.11/site-packages/airflow/example_dags/plugins/event_listener.py for tasks to queue
[2025-07-25T16:52:23.569+0700] {logging_mixin.py:188} INFO - [2025-07-25T16:52:23.568+0700] {dagbag.py:538} INFO - Filling up the DagBag from /home/ngtph/airflow/airflow_venv/lib/python3.11/site-packages/airflow/example_dags/plugins/event_listener.py
[2025-07-25T16:52:23.571+0700] {processor.py:842} WARNING - No viable dags retrieved from /home/ngtph/airflow/airflow_venv/lib/python3.11/site-packages/airflow/example_dags/plugins/event_listener.py
[2025-07-25T16:52:25.216+0700] {processor.py:183} INFO - Processing /home/ngtph/airflow/airflow_venv/lib/python3.11/site-packages/airflow/example_dags/plugins/event_listener.py took 1.656 seconds
[2025-07-25T16:53:28.426+0700] {processor.py:161} INFO - Started process (PID=15515) to work on /home/ngtph/airflow/airflow_venv/lib/python3.11/site-packages/airflow/example_dags/plugins/event_listener.py
[2025-07-25T16:53:28.437+0700] {processor.py:830} INFO - Processing file /home/ngtph/airflow/airflow_venv/lib/python3.11/site-packages/airflow/example_dags/plugins/event_listener.py for tasks to queue
[2025-07-25T16:53:28.439+0700] {logging_mixin.py:188} INFO - [2025-07-25T16:53:28.438+0700] {dagbag.py:538} INFO - Filling up the DagBag from /home/ngtph/airflow/airflow_venv/lib/python3.11/site-packages/airflow/example_dags/plugins/event_listener.py
[2025-07-25T16:53:28.444+0700] {processor.py:842} WARNING - No viable dags retrieved from /home/ngtph/airflow/airflow_venv/lib/python3.11/site-packages/airflow/example_dags/plugins/event_listener.py
[2025-07-25T16:53:29.959+0700] {processor.py:183} INFO - Processing /home/ngtph/airflow/airflow_venv/lib/python3.11/site-packages/airflow/example_dags/plugins/event_listener.py took 1.542 seconds
[2025-07-25T16:54:47.375+0700] {processor.py:161} INFO - Started process (PID=15578) to work on /home/ngtph/airflow/airflow_venv/lib/python3.11/site-packages/airflow/example_dags/plugins/event_listener.py
[2025-07-25T16:54:47.379+0700] {processor.py:830} INFO - Processing file /home/ngtph/airflow/airflow_venv/lib/python3.11/site-packages/airflow/example_dags/plugins/event_listener.py for tasks to queue
[2025-07-25T16:54:47.382+0700] {logging_mixin.py:188} INFO - [2025-07-25T16:54:47.381+0700] {dagbag.py:538} INFO - Filling up the DagBag from /home/ngtph/airflow/airflow_venv/lib/python3.11/site-packages/airflow/example_dags/plugins/event_listener.py
[2025-07-25T16:54:47.389+0700] {processor.py:842} WARNING - No viable dags retrieved from /home/ngtph/airflow/airflow_venv/lib/python3.11/site-packages/airflow/example_dags/plugins/event_listener.py
[2025-07-25T16:54:50.073+0700] {processor.py:183} INFO - Processing /home/ngtph/airflow/airflow_venv/lib/python3.11/site-packages/airflow/example_dags/plugins/event_listener.py took 2.708 seconds
[2025-07-25T16:55:57.464+0700] {processor.py:161} INFO - Started process (PID=15661) to work on /home/ngtph/airflow/airflow_venv/lib/python3.11/site-packages/airflow/example_dags/plugins/event_listener.py
[2025-07-25T16:55:57.466+0700] {processor.py:830} INFO - Processing file /home/ngtph/airflow/airflow_venv/lib/python3.11/site-packages/airflow/example_dags/plugins/event_listener.py for tasks to queue
[2025-07-25T16:55:57.467+0700] {logging_mixin.py:188} INFO - [2025-07-25T16:55:57.466+0700] {dagbag.py:538} INFO - Filling up the DagBag from /home/ngtph/airflow/airflow_venv/lib/python3.11/site-packages/airflow/example_dags/plugins/event_listener.py
[2025-07-25T16:55:57.471+0700] {processor.py:842} WARNING - No viable dags retrieved from /home/ngtph/airflow/airflow_venv/lib/python3.11/site-packages/airflow/example_dags/plugins/event_listener.py
[2025-07-25T16:55:59.599+0700] {processor.py:183} INFO - Processing /home/ngtph/airflow/airflow_venv/lib/python3.11/site-packages/airflow/example_dags/plugins/event_listener.py took 2.140 seconds
[2025-07-25T16:57:03.912+0700] {processor.py:161} INFO - Started process (PID=15734) to work on /home/ngtph/airflow/airflow_venv/lib/python3.11/site-packages/airflow/example_dags/plugins/event_listener.py
[2025-07-25T16:57:03.916+0700] {processor.py:830} INFO - Processing file /home/ngtph/airflow/airflow_venv/lib/python3.11/site-packages/airflow/example_dags/plugins/event_listener.py for tasks to queue
[2025-07-25T16:57:03.919+0700] {logging_mixin.py:188} INFO - [2025-07-25T16:57:03.918+0700] {dagbag.py:538} INFO - Filling up the DagBag from /home/ngtph/airflow/airflow_venv/lib/python3.11/site-packages/airflow/example_dags/plugins/event_listener.py
[2025-07-25T16:57:03.928+0700] {processor.py:842} WARNING - No viable dags retrieved from /home/ngtph/airflow/airflow_venv/lib/python3.11/site-packages/airflow/example_dags/plugins/event_listener.py
[2025-07-25T16:57:05.205+0700] {processor.py:183} INFO - Processing /home/ngtph/airflow/airflow_venv/lib/python3.11/site-packages/airflow/example_dags/plugins/event_listener.py took 1.305 seconds
[2025-07-25T16:58:05.768+0700] {processor.py:161} INFO - Started process (PID=15825) to work on /home/ngtph/airflow/airflow_venv/lib/python3.11/site-packages/airflow/example_dags/plugins/event_listener.py
[2025-07-25T16:58:05.770+0700] {processor.py:830} INFO - Processing file /home/ngtph/airflow/airflow_venv/lib/python3.11/site-packages/airflow/example_dags/plugins/event_listener.py for tasks to queue
[2025-07-25T16:58:05.771+0700] {logging_mixin.py:188} INFO - [2025-07-25T16:58:05.771+0700] {dagbag.py:538} INFO - Filling up the DagBag from /home/ngtph/airflow/airflow_venv/lib/python3.11/site-packages/airflow/example_dags/plugins/event_listener.py
[2025-07-25T16:58:05.775+0700] {processor.py:842} WARNING - No viable dags retrieved from /home/ngtph/airflow/airflow_venv/lib/python3.11/site-packages/airflow/example_dags/plugins/event_listener.py
[2025-07-25T16:58:06.876+0700] {processor.py:183} INFO - Processing /home/ngtph/airflow/airflow_venv/lib/python3.11/site-packages/airflow/example_dags/plugins/event_listener.py took 1.118 seconds
[2025-07-25T16:59:09.305+0700] {processor.py:161} INFO - Started process (PID=15897) to work on /home/ngtph/airflow/airflow_venv/lib/python3.11/site-packages/airflow/example_dags/plugins/event_listener.py
[2025-07-25T16:59:09.306+0700] {processor.py:830} INFO - Processing file /home/ngtph/airflow/airflow_venv/lib/python3.11/site-packages/airflow/example_dags/plugins/event_listener.py for tasks to queue
[2025-07-25T16:59:09.307+0700] {logging_mixin.py:188} INFO - [2025-07-25T16:59:09.306+0700] {dagbag.py:538} INFO - Filling up the DagBag from /home/ngtph/airflow/airflow_venv/lib/python3.11/site-packages/airflow/example_dags/plugins/event_listener.py
[2025-07-25T16:59:09.309+0700] {processor.py:842} WARNING - No viable dags retrieved from /home/ngtph/airflow/airflow_venv/lib/python3.11/site-packages/airflow/example_dags/plugins/event_listener.py
[2025-07-25T16:59:10.525+0700] {processor.py:183} INFO - Processing /home/ngtph/airflow/airflow_venv/lib/python3.11/site-packages/airflow/example_dags/plugins/event_listener.py took 1.225 seconds
[2025-07-25T17:00:11.492+0700] {processor.py:161} INFO - Started process (PID=15961) to work on /home/ngtph/airflow/airflow_venv/lib/python3.11/site-packages/airflow/example_dags/plugins/event_listener.py
[2025-07-25T17:00:11.494+0700] {processor.py:830} INFO - Processing file /home/ngtph/airflow/airflow_venv/lib/python3.11/site-packages/airflow/example_dags/plugins/event_listener.py for tasks to queue
[2025-07-25T17:00:11.495+0700] {logging_mixin.py:188} INFO - [2025-07-25T17:00:11.495+0700] {dagbag.py:538} INFO - Filling up the DagBag from /home/ngtph/airflow/airflow_venv/lib/python3.11/site-packages/airflow/example_dags/plugins/event_listener.py
[2025-07-25T17:00:11.499+0700] {processor.py:842} WARNING - No viable dags retrieved from /home/ngtph/airflow/airflow_venv/lib/python3.11/site-packages/airflow/example_dags/plugins/event_listener.py
[2025-07-25T17:00:13.831+0700] {processor.py:183} INFO - Processing /home/ngtph/airflow/airflow_venv/lib/python3.11/site-packages/airflow/example_dags/plugins/event_listener.py took 2.344 seconds
[2025-07-25T17:01:10.582+0700] {processor.py:161} INFO - Started process (PID=16025) to work on /home/ngtph/airflow/airflow_venv/lib/python3.11/site-packages/airflow/example_dags/plugins/event_listener.py
[2025-07-25T17:01:10.584+0700] {processor.py:830} INFO - Processing file /home/ngtph/airflow/airflow_venv/lib/python3.11/site-packages/airflow/example_dags/plugins/event_listener.py for tasks to queue
[2025-07-25T17:01:10.586+0700] {logging_mixin.py:188} INFO - [2025-07-25T17:01:10.585+0700] {dagbag.py:538} INFO - Filling up the DagBag from /home/ngtph/airflow/airflow_venv/lib/python3.11/site-packages/airflow/example_dags/plugins/event_listener.py
[2025-07-25T17:01:10.590+0700] {processor.py:842} WARNING - No viable dags retrieved from /home/ngtph/airflow/airflow_venv/lib/python3.11/site-packages/airflow/example_dags/plugins/event_listener.py
[2025-07-25T17:01:11.968+0700] {processor.py:183} INFO - Processing /home/ngtph/airflow/airflow_venv/lib/python3.11/site-packages/airflow/example_dags/plugins/event_listener.py took 1.397 seconds
[2025-07-25T17:02:59.944+0700] {processor.py:161} INFO - Started process (PID=16133) to work on /home/ngtph/airflow/airflow_venv/lib/python3.11/site-packages/airflow/example_dags/plugins/event_listener.py
[2025-07-25T17:02:59.947+0700] {processor.py:830} INFO - Processing file /home/ngtph/airflow/airflow_venv/lib/python3.11/site-packages/airflow/example_dags/plugins/event_listener.py for tasks to queue
[2025-07-25T17:02:59.949+0700] {logging_mixin.py:188} INFO - [2025-07-25T17:02:59.948+0700] {dagbag.py:538} INFO - Filling up the DagBag from /home/ngtph/airflow/airflow_venv/lib/python3.11/site-packages/airflow/example_dags/plugins/event_listener.py
[2025-07-25T17:02:59.952+0700] {processor.py:842} WARNING - No viable dags retrieved from /home/ngtph/airflow/airflow_venv/lib/python3.11/site-packages/airflow/example_dags/plugins/event_listener.py
[2025-07-25T17:03:02.025+0700] {processor.py:183} INFO - Processing /home/ngtph/airflow/airflow_venv/lib/python3.11/site-packages/airflow/example_dags/plugins/event_listener.py took 2.089 seconds
[2025-07-25T17:04:05.716+0700] {processor.py:161} INFO - Started process (PID=16206) to work on /home/ngtph/airflow/airflow_venv/lib/python3.11/site-packages/airflow/example_dags/plugins/event_listener.py
[2025-07-25T17:04:05.718+0700] {processor.py:830} INFO - Processing file /home/ngtph/airflow/airflow_venv/lib/python3.11/site-packages/airflow/example_dags/plugins/event_listener.py for tasks to queue
[2025-07-25T17:04:05.719+0700] {logging_mixin.py:188} INFO - [2025-07-25T17:04:05.719+0700] {dagbag.py:538} INFO - Filling up the DagBag from /home/ngtph/airflow/airflow_venv/lib/python3.11/site-packages/airflow/example_dags/plugins/event_listener.py
[2025-07-25T17:04:05.722+0700] {processor.py:842} WARNING - No viable dags retrieved from /home/ngtph/airflow/airflow_venv/lib/python3.11/site-packages/airflow/example_dags/plugins/event_listener.py
[2025-07-25T17:04:08.232+0700] {processor.py:183} INFO - Processing /home/ngtph/airflow/airflow_venv/lib/python3.11/site-packages/airflow/example_dags/plugins/event_listener.py took 2.521 seconds
[2025-07-25T17:05:14.699+0700] {processor.py:161} INFO - Started process (PID=16294) to work on /home/ngtph/airflow/airflow_venv/lib/python3.11/site-packages/airflow/example_dags/plugins/event_listener.py
[2025-07-25T17:05:14.701+0700] {processor.py:830} INFO - Processing file /home/ngtph/airflow/airflow_venv/lib/python3.11/site-packages/airflow/example_dags/plugins/event_listener.py for tasks to queue
[2025-07-25T17:05:14.702+0700] {logging_mixin.py:188} INFO - [2025-07-25T17:05:14.702+0700] {dagbag.py:538} INFO - Filling up the DagBag from /home/ngtph/airflow/airflow_venv/lib/python3.11/site-packages/airflow/example_dags/plugins/event_listener.py
[2025-07-25T17:05:14.705+0700] {processor.py:842} WARNING - No viable dags retrieved from /home/ngtph/airflow/airflow_venv/lib/python3.11/site-packages/airflow/example_dags/plugins/event_listener.py
[2025-07-25T17:05:16.937+0700] {processor.py:183} INFO - Processing /home/ngtph/airflow/airflow_venv/lib/python3.11/site-packages/airflow/example_dags/plugins/event_listener.py took 2.248 seconds
[2025-07-25T17:06:41.859+0700] {processor.py:161} INFO - Started process (PID=16373) to work on /home/ngtph/airflow/airflow_venv/lib/python3.11/site-packages/airflow/example_dags/plugins/event_listener.py
[2025-07-25T17:06:41.864+0700] {processor.py:830} INFO - Processing file /home/ngtph/airflow/airflow_venv/lib/python3.11/site-packages/airflow/example_dags/plugins/event_listener.py for tasks to queue
[2025-07-25T17:06:41.868+0700] {logging_mixin.py:188} INFO - [2025-07-25T17:06:41.867+0700] {dagbag.py:538} INFO - Filling up the DagBag from /home/ngtph/airflow/airflow_venv/lib/python3.11/site-packages/airflow/example_dags/plugins/event_listener.py
[2025-07-25T17:06:41.873+0700] {processor.py:842} WARNING - No viable dags retrieved from /home/ngtph/airflow/airflow_venv/lib/python3.11/site-packages/airflow/example_dags/plugins/event_listener.py
[2025-07-25T17:06:45.616+0700] {processor.py:183} INFO - Processing /home/ngtph/airflow/airflow_venv/lib/python3.11/site-packages/airflow/example_dags/plugins/event_listener.py took 2.248 seconds
[2025-07-25T17:08:09.882+0700] {processor.py:161} INFO - Started process (PID=16459) to work on /home/ngtph/airflow/airflow_venv/lib/python3.11/site-packages/airflow/example_dags/plugins/event_listener.py
[2025-07-25T17:08:09.885+0700] {processor.py:830} INFO - Processing file /home/ngtph/airflow/airflow_venv/lib/python3.11/site-packages/airflow/example_dags/plugins/event_listener.py for tasks to queue
[2025-07-25T17:08:09.886+0700] {logging_mixin.py:188} INFO - [2025-07-25T17:08:09.886+0700] {dagbag.py:538} INFO - Filling up the DagBag from /home/ngtph/airflow/airflow_venv/lib/python3.11/site-packages/airflow/example_dags/plugins/event_listener.py
[2025-07-25T17:08:09.892+0700] {processor.py:842} WARNING - No viable dags retrieved from /home/ngtph/airflow/airflow_venv/lib/python3.11/site-packages/airflow/example_dags/plugins/event_listener.py
[2025-07-25T17:08:11.162+0700] {processor.py:183} INFO - Processing /home/ngtph/airflow/airflow_venv/lib/python3.11/site-packages/airflow/example_dags/plugins/event_listener.py took 1.290 seconds
[2025-07-25T17:09:16.913+0700] {processor.py:161} INFO - Started process (PID=16526) to work on /home/ngtph/airflow/airflow_venv/lib/python3.11/site-packages/airflow/example_dags/plugins/event_listener.py
[2025-07-25T17:09:16.918+0700] {processor.py:830} INFO - Processing file /home/ngtph/airflow/airflow_venv/lib/python3.11/site-packages/airflow/example_dags/plugins/event_listener.py for tasks to queue
[2025-07-25T17:09:16.920+0700] {logging_mixin.py:188} INFO - [2025-07-25T17:09:16.920+0700] {dagbag.py:538} INFO - Filling up the DagBag from /home/ngtph/airflow/airflow_venv/lib/python3.11/site-packages/airflow/example_dags/plugins/event_listener.py
[2025-07-25T17:09:16.926+0700] {processor.py:842} WARNING - No viable dags retrieved from /home/ngtph/airflow/airflow_venv/lib/python3.11/site-packages/airflow/example_dags/plugins/event_listener.py
[2025-07-25T17:09:18.499+0700] {processor.py:183} INFO - Processing /home/ngtph/airflow/airflow_venv/lib/python3.11/site-packages/airflow/example_dags/plugins/event_listener.py took 1.595 seconds
[2025-07-25T17:10:21.230+0700] {processor.py:161} INFO - Started process (PID=16594) to work on /home/ngtph/airflow/airflow_venv/lib/python3.11/site-packages/airflow/example_dags/plugins/event_listener.py
[2025-07-25T17:10:21.232+0700] {processor.py:830} INFO - Processing file /home/ngtph/airflow/airflow_venv/lib/python3.11/site-packages/airflow/example_dags/plugins/event_listener.py for tasks to queue
[2025-07-25T17:10:21.234+0700] {logging_mixin.py:188} INFO - [2025-07-25T17:10:21.233+0700] {dagbag.py:538} INFO - Filling up the DagBag from /home/ngtph/airflow/airflow_venv/lib/python3.11/site-packages/airflow/example_dags/plugins/event_listener.py
[2025-07-25T17:10:21.239+0700] {processor.py:842} WARNING - No viable dags retrieved from /home/ngtph/airflow/airflow_venv/lib/python3.11/site-packages/airflow/example_dags/plugins/event_listener.py
[2025-07-25T17:10:23.196+0700] {processor.py:183} INFO - Processing /home/ngtph/airflow/airflow_venv/lib/python3.11/site-packages/airflow/example_dags/plugins/event_listener.py took 1.975 seconds
[2025-07-25T17:11:24.771+0700] {processor.py:161} INFO - Started process (PID=16671) to work on /home/ngtph/airflow/airflow_venv/lib/python3.11/site-packages/airflow/example_dags/plugins/event_listener.py
[2025-07-25T17:11:24.773+0700] {processor.py:830} INFO - Processing file /home/ngtph/airflow/airflow_venv/lib/python3.11/site-packages/airflow/example_dags/plugins/event_listener.py for tasks to queue
[2025-07-25T17:11:24.774+0700] {logging_mixin.py:188} INFO - [2025-07-25T17:11:24.774+0700] {dagbag.py:538} INFO - Filling up the DagBag from /home/ngtph/airflow/airflow_venv/lib/python3.11/site-packages/airflow/example_dags/plugins/event_listener.py
[2025-07-25T17:11:24.777+0700] {processor.py:842} WARNING - No viable dags retrieved from /home/ngtph/airflow/airflow_venv/lib/python3.11/site-packages/airflow/example_dags/plugins/event_listener.py
[2025-07-25T17:11:25.981+0700] {processor.py:183} INFO - Processing /home/ngtph/airflow/airflow_venv/lib/python3.11/site-packages/airflow/example_dags/plugins/event_listener.py took 1.214 seconds
