[2025-07-25T15:31:43.187+0700] {processor.py:161} INFO - Started process (PID=7091) to work on /home/ngtph/airflow/airflow_venv/lib/python3.11/site-packages/airflow/example_dags/plugins/listener_plugin.py
[2025-07-25T15:31:43.188+0700] {processor.py:830} INFO - Processing file /home/ngtph/airflow/airflow_venv/lib/python3.11/site-packages/airflow/example_dags/plugins/listener_plugin.py for tasks to queue
[2025-07-25T15:31:43.188+0700] {logging_mixin.py:188} INFO - [2025-07-25T15:31:43.188+0700] {dagbag.py:538} INFO - Filling up the DagBag from /home/ngtph/airflow/airflow_venv/lib/python3.11/site-packages/airflow/example_dags/plugins/listener_plugin.py
[2025-07-25T15:31:43.190+0700] {processor.py:842} WARNING - No viable dags retrieved from /home/ngtph/airflow/airflow_venv/lib/python3.11/site-packages/airflow/example_dags/plugins/listener_plugin.py
[2025-07-25T15:31:43.199+0700] {processor.py:183} INFO - Processing /home/ngtph/airflow/airflow_venv/lib/python3.11/site-packages/airflow/example_dags/plugins/listener_plugin.py took 0.014 seconds
[2025-07-25T15:32:36.241+0700] {processor.py:161} INFO - Started process (PID=7149) to work on /home/ngtph/airflow/airflow_venv/lib/python3.11/site-packages/airflow/example_dags/plugins/listener_plugin.py
[2025-07-25T15:32:36.243+0700] {processor.py:830} INFO - Processing file /home/ngtph/airflow/airflow_venv/lib/python3.11/site-packages/airflow/example_dags/plugins/listener_plugin.py for tasks to queue
[2025-07-25T15:32:36.245+0700] {logging_mixin.py:188} INFO - [2025-07-25T15:32:36.244+0700] {dagbag.py:538} INFO - Filling up the DagBag from /home/ngtph/airflow/airflow_venv/lib/python3.11/site-packages/airflow/example_dags/plugins/listener_plugin.py
[2025-07-25T15:32:36.249+0700] {processor.py:842} WARNING - No viable dags retrieved from /home/ngtph/airflow/airflow_venv/lib/python3.11/site-packages/airflow/example_dags/plugins/listener_plugin.py
[2025-07-25T15:32:36.262+0700] {processor.py:183} INFO - Processing /home/ngtph/airflow/airflow_venv/lib/python3.11/site-packages/airflow/example_dags/plugins/listener_plugin.py took 0.030 seconds
[2025-07-25T15:33:27.083+0700] {processor.py:161} INFO - Started process (PID=7202) to work on /home/ngtph/airflow/airflow_venv/lib/python3.11/site-packages/airflow/example_dags/plugins/listener_plugin.py
[2025-07-25T15:33:27.085+0700] {processor.py:830} INFO - Processing file /home/ngtph/airflow/airflow_venv/lib/python3.11/site-packages/airflow/example_dags/plugins/listener_plugin.py for tasks to queue
[2025-07-25T15:33:27.086+0700] {logging_mixin.py:188} INFO - [2025-07-25T15:33:27.085+0700] {dagbag.py:538} INFO - Filling up the DagBag from /home/ngtph/airflow/airflow_venv/lib/python3.11/site-packages/airflow/example_dags/plugins/listener_plugin.py
[2025-07-25T15:33:27.089+0700] {processor.py:842} WARNING - No viable dags retrieved from /home/ngtph/airflow/airflow_venv/lib/python3.11/site-packages/airflow/example_dags/plugins/listener_plugin.py
[2025-07-25T15:33:27.099+0700] {processor.py:183} INFO - Processing /home/ngtph/airflow/airflow_venv/lib/python3.11/site-packages/airflow/example_dags/plugins/listener_plugin.py took 0.019 seconds
[2025-07-25T15:34:15.098+0700] {processor.py:161} INFO - Started process (PID=7273) to work on /home/ngtph/airflow/airflow_venv/lib/python3.11/site-packages/airflow/example_dags/plugins/listener_plugin.py
[2025-07-25T15:34:15.099+0700] {processor.py:830} INFO - Processing file /home/ngtph/airflow/airflow_venv/lib/python3.11/site-packages/airflow/example_dags/plugins/listener_plugin.py for tasks to queue
[2025-07-25T15:34:15.100+0700] {logging_mixin.py:188} INFO - [2025-07-25T15:34:15.099+0700] {dagbag.py:538} INFO - Filling up the DagBag from /home/ngtph/airflow/airflow_venv/lib/python3.11/site-packages/airflow/example_dags/plugins/listener_plugin.py
[2025-07-25T15:34:15.102+0700] {processor.py:842} WARNING - No viable dags retrieved from /home/ngtph/airflow/airflow_venv/lib/python3.11/site-packages/airflow/example_dags/plugins/listener_plugin.py
[2025-07-25T15:34:15.110+0700] {processor.py:183} INFO - Processing /home/ngtph/airflow/airflow_venv/lib/python3.11/site-packages/airflow/example_dags/plugins/listener_plugin.py took 0.015 seconds
[2025-07-25T15:35:07.852+0700] {processor.py:161} INFO - Started process (PID=7331) to work on /home/ngtph/airflow/airflow_venv/lib/python3.11/site-packages/airflow/example_dags/plugins/listener_plugin.py
[2025-07-25T15:35:07.855+0700] {processor.py:830} INFO - Processing file /home/ngtph/airflow/airflow_venv/lib/python3.11/site-packages/airflow/example_dags/plugins/listener_plugin.py for tasks to queue
[2025-07-25T15:35:07.856+0700] {logging_mixin.py:188} INFO - [2025-07-25T15:35:07.856+0700] {dagbag.py:538} INFO - Filling up the DagBag from /home/ngtph/airflow/airflow_venv/lib/python3.11/site-packages/airflow/example_dags/plugins/listener_plugin.py
[2025-07-25T15:35:07.858+0700] {processor.py:842} WARNING - No viable dags retrieved from /home/ngtph/airflow/airflow_venv/lib/python3.11/site-packages/airflow/example_dags/plugins/listener_plugin.py
[2025-07-25T15:35:07.866+0700] {processor.py:183} INFO - Processing /home/ngtph/airflow/airflow_venv/lib/python3.11/site-packages/airflow/example_dags/plugins/listener_plugin.py took 0.016 seconds
[2025-07-25T15:35:50.150+0700] {processor.py:161} INFO - Started process (PID=7383) to work on /home/ngtph/airflow/airflow_venv/lib/python3.11/site-packages/airflow/example_dags/plugins/listener_plugin.py
[2025-07-25T15:35:50.153+0700] {processor.py:830} INFO - Processing file /home/ngtph/airflow/airflow_venv/lib/python3.11/site-packages/airflow/example_dags/plugins/listener_plugin.py for tasks to queue
[2025-07-25T15:35:50.154+0700] {logging_mixin.py:188} INFO - [2025-07-25T15:35:50.154+0700] {dagbag.py:538} INFO - Filling up the DagBag from /home/ngtph/airflow/airflow_venv/lib/python3.11/site-packages/airflow/example_dags/plugins/listener_plugin.py
[2025-07-25T15:35:50.156+0700] {processor.py:842} WARNING - No viable dags retrieved from /home/ngtph/airflow/airflow_venv/lib/python3.11/site-packages/airflow/example_dags/plugins/listener_plugin.py
[2025-07-25T15:35:50.165+0700] {processor.py:183} INFO - Processing /home/ngtph/airflow/airflow_venv/lib/python3.11/site-packages/airflow/example_dags/plugins/listener_plugin.py took 0.019 seconds
[2025-07-25T15:36:34.142+0700] {processor.py:161} INFO - Started process (PID=7432) to work on /home/ngtph/airflow/airflow_venv/lib/python3.11/site-packages/airflow/example_dags/plugins/listener_plugin.py
[2025-07-25T15:36:34.143+0700] {processor.py:830} INFO - Processing file /home/ngtph/airflow/airflow_venv/lib/python3.11/site-packages/airflow/example_dags/plugins/listener_plugin.py for tasks to queue
[2025-07-25T15:36:34.144+0700] {logging_mixin.py:188} INFO - [2025-07-25T15:36:34.144+0700] {dagbag.py:538} INFO - Filling up the DagBag from /home/ngtph/airflow/airflow_venv/lib/python3.11/site-packages/airflow/example_dags/plugins/listener_plugin.py
[2025-07-25T15:36:34.146+0700] {processor.py:842} WARNING - No viable dags retrieved from /home/ngtph/airflow/airflow_venv/lib/python3.11/site-packages/airflow/example_dags/plugins/listener_plugin.py
[2025-07-25T15:36:34.153+0700] {processor.py:183} INFO - Processing /home/ngtph/airflow/airflow_venv/lib/python3.11/site-packages/airflow/example_dags/plugins/listener_plugin.py took 0.014 seconds
[2025-07-25T15:40:35.424+0700] {processor.py:161} INFO - Started process (PID=7680) to work on /home/ngtph/airflow/airflow_venv/lib/python3.11/site-packages/airflow/example_dags/plugins/listener_plugin.py
[2025-07-25T15:40:35.427+0700] {processor.py:830} INFO - Processing file /home/ngtph/airflow/airflow_venv/lib/python3.11/site-packages/airflow/example_dags/plugins/listener_plugin.py for tasks to queue
[2025-07-25T15:40:35.428+0700] {logging_mixin.py:188} INFO - [2025-07-25T15:40:35.428+0700] {dagbag.py:538} INFO - Filling up the DagBag from /home/ngtph/airflow/airflow_venv/lib/python3.11/site-packages/airflow/example_dags/plugins/listener_plugin.py
[2025-07-25T15:40:35.430+0700] {processor.py:842} WARNING - No viable dags retrieved from /home/ngtph/airflow/airflow_venv/lib/python3.11/site-packages/airflow/example_dags/plugins/listener_plugin.py
[2025-07-25T15:40:36.929+0700] {processor.py:183} INFO - Processing /home/ngtph/airflow/airflow_venv/lib/python3.11/site-packages/airflow/example_dags/plugins/listener_plugin.py took 1.507 seconds
[2025-07-25T15:42:25.882+0700] {processor.py:161} INFO - Started process (PID=7935) to work on /home/ngtph/airflow/airflow_venv/lib/python3.11/site-packages/airflow/example_dags/plugins/listener_plugin.py
[2025-07-25T15:42:25.883+0700] {processor.py:830} INFO - Processing file /home/ngtph/airflow/airflow_venv/lib/python3.11/site-packages/airflow/example_dags/plugins/listener_plugin.py for tasks to queue
[2025-07-25T15:42:25.884+0700] {logging_mixin.py:188} INFO - [2025-07-25T15:42:25.884+0700] {dagbag.py:538} INFO - Filling up the DagBag from /home/ngtph/airflow/airflow_venv/lib/python3.11/site-packages/airflow/example_dags/plugins/listener_plugin.py
[2025-07-25T15:42:25.886+0700] {processor.py:842} WARNING - No viable dags retrieved from /home/ngtph/airflow/airflow_venv/lib/python3.11/site-packages/airflow/example_dags/plugins/listener_plugin.py
[2025-07-25T15:42:29.928+0700] {processor.py:183} INFO - Processing /home/ngtph/airflow/airflow_venv/lib/python3.11/site-packages/airflow/example_dags/plugins/listener_plugin.py took 1.715 seconds
[2025-07-25T15:54:23.226+0700] {processor.py:161} INFO - Started process (PID=8298) to work on /home/ngtph/airflow/airflow_venv/lib/python3.11/site-packages/airflow/example_dags/plugins/listener_plugin.py
[2025-07-25T15:54:23.228+0700] {processor.py:830} INFO - Processing file /home/ngtph/airflow/airflow_venv/lib/python3.11/site-packages/airflow/example_dags/plugins/listener_plugin.py for tasks to queue
[2025-07-25T15:54:23.228+0700] {logging_mixin.py:188} INFO - [2025-07-25T15:54:23.228+0700] {dagbag.py:538} INFO - Filling up the DagBag from /home/ngtph/airflow/airflow_venv/lib/python3.11/site-packages/airflow/example_dags/plugins/listener_plugin.py
[2025-07-25T15:54:23.230+0700] {processor.py:842} WARNING - No viable dags retrieved from /home/ngtph/airflow/airflow_venv/lib/python3.11/site-packages/airflow/example_dags/plugins/listener_plugin.py
[2025-07-25T15:54:24.483+0700] {processor.py:183} INFO - Processing /home/ngtph/airflow/airflow_venv/lib/python3.11/site-packages/airflow/example_dags/plugins/listener_plugin.py took 1.259 seconds
[2025-07-25T15:58:21.279+0700] {processor.py:161} INFO - Started process (PID=8830) to work on /home/ngtph/airflow/airflow_venv/lib/python3.11/site-packages/airflow/example_dags/plugins/listener_plugin.py
[2025-07-25T15:58:21.281+0700] {processor.py:830} INFO - Processing file /home/ngtph/airflow/airflow_venv/lib/python3.11/site-packages/airflow/example_dags/plugins/listener_plugin.py for tasks to queue
[2025-07-25T15:58:21.282+0700] {logging_mixin.py:188} INFO - [2025-07-25T15:58:21.282+0700] {dagbag.py:538} INFO - Filling up the DagBag from /home/ngtph/airflow/airflow_venv/lib/python3.11/site-packages/airflow/example_dags/plugins/listener_plugin.py
[2025-07-25T15:58:21.284+0700] {processor.py:842} WARNING - No viable dags retrieved from /home/ngtph/airflow/airflow_venv/lib/python3.11/site-packages/airflow/example_dags/plugins/listener_plugin.py
[2025-07-25T15:58:23.335+0700] {processor.py:183} INFO - Processing /home/ngtph/airflow/airflow_venv/lib/python3.11/site-packages/airflow/example_dags/plugins/listener_plugin.py took 2.059 seconds
[2025-07-25T15:59:33.534+0700] {processor.py:161} INFO - Started process (PID=9108) to work on /home/ngtph/airflow/airflow_venv/lib/python3.11/site-packages/airflow/example_dags/plugins/listener_plugin.py
[2025-07-25T15:59:33.535+0700] {processor.py:830} INFO - Processing file /home/ngtph/airflow/airflow_venv/lib/python3.11/site-packages/airflow/example_dags/plugins/listener_plugin.py for tasks to queue
[2025-07-25T15:59:33.535+0700] {logging_mixin.py:188} INFO - [2025-07-25T15:59:33.535+0700] {dagbag.py:538} INFO - Filling up the DagBag from /home/ngtph/airflow/airflow_venv/lib/python3.11/site-packages/airflow/example_dags/plugins/listener_plugin.py
[2025-07-25T15:59:33.538+0700] {processor.py:842} WARNING - No viable dags retrieved from /home/ngtph/airflow/airflow_venv/lib/python3.11/site-packages/airflow/example_dags/plugins/listener_plugin.py
[2025-07-25T15:59:34.880+0700] {processor.py:183} INFO - Processing /home/ngtph/airflow/airflow_venv/lib/python3.11/site-packages/airflow/example_dags/plugins/listener_plugin.py took 1.349 seconds
[2025-07-25T16:02:35.178+0700] {processor.py:161} INFO - Started process (PID=9557) to work on /home/ngtph/airflow/airflow_venv/lib/python3.11/site-packages/airflow/example_dags/plugins/listener_plugin.py
[2025-07-25T16:02:35.179+0700] {processor.py:830} INFO - Processing file /home/ngtph/airflow/airflow_venv/lib/python3.11/site-packages/airflow/example_dags/plugins/listener_plugin.py for tasks to queue
[2025-07-25T16:02:35.180+0700] {logging_mixin.py:188} INFO - [2025-07-25T16:02:35.180+0700] {dagbag.py:538} INFO - Filling up the DagBag from /home/ngtph/airflow/airflow_venv/lib/python3.11/site-packages/airflow/example_dags/plugins/listener_plugin.py
[2025-07-25T16:02:35.182+0700] {processor.py:842} WARNING - No viable dags retrieved from /home/ngtph/airflow/airflow_venv/lib/python3.11/site-packages/airflow/example_dags/plugins/listener_plugin.py
[2025-07-25T16:02:36.259+0700] {processor.py:183} INFO - Processing /home/ngtph/airflow/airflow_venv/lib/python3.11/site-packages/airflow/example_dags/plugins/listener_plugin.py took 1.083 seconds
[2025-07-25T16:03:51.463+0700] {processor.py:161} INFO - Started process (PID=9852) to work on /home/ngtph/airflow/airflow_venv/lib/python3.11/site-packages/airflow/example_dags/plugins/listener_plugin.py
[2025-07-25T16:03:51.465+0700] {processor.py:830} INFO - Processing file /home/ngtph/airflow/airflow_venv/lib/python3.11/site-packages/airflow/example_dags/plugins/listener_plugin.py for tasks to queue
[2025-07-25T16:03:51.466+0700] {logging_mixin.py:188} INFO - [2025-07-25T16:03:51.466+0700] {dagbag.py:538} INFO - Filling up the DagBag from /home/ngtph/airflow/airflow_venv/lib/python3.11/site-packages/airflow/example_dags/plugins/listener_plugin.py
[2025-07-25T16:03:51.469+0700] {processor.py:842} WARNING - No viable dags retrieved from /home/ngtph/airflow/airflow_venv/lib/python3.11/site-packages/airflow/example_dags/plugins/listener_plugin.py
[2025-07-25T16:03:52.583+0700] {processor.py:183} INFO - Processing /home/ngtph/airflow/airflow_venv/lib/python3.11/site-packages/airflow/example_dags/plugins/listener_plugin.py took 1.123 seconds
[2025-07-25T16:05:29.222+0700] {processor.py:161} INFO - Started process (PID=10196) to work on /home/ngtph/airflow/airflow_venv/lib/python3.11/site-packages/airflow/example_dags/plugins/listener_plugin.py
[2025-07-25T16:05:29.223+0700] {processor.py:830} INFO - Processing file /home/ngtph/airflow/airflow_venv/lib/python3.11/site-packages/airflow/example_dags/plugins/listener_plugin.py for tasks to queue
[2025-07-25T16:05:29.223+0700] {logging_mixin.py:188} INFO - [2025-07-25T16:05:29.223+0700] {dagbag.py:538} INFO - Filling up the DagBag from /home/ngtph/airflow/airflow_venv/lib/python3.11/site-packages/airflow/example_dags/plugins/listener_plugin.py
[2025-07-25T16:05:29.226+0700] {processor.py:842} WARNING - No viable dags retrieved from /home/ngtph/airflow/airflow_venv/lib/python3.11/site-packages/airflow/example_dags/plugins/listener_plugin.py
[2025-07-25T16:05:31.058+0700] {processor.py:183} INFO - Processing /home/ngtph/airflow/airflow_venv/lib/python3.11/site-packages/airflow/example_dags/plugins/listener_plugin.py took 1.839 seconds
[2025-07-25T16:07:05.315+0700] {processor.py:161} INFO - Started process (PID=10493) to work on /home/ngtph/airflow/airflow_venv/lib/python3.11/site-packages/airflow/example_dags/plugins/listener_plugin.py
[2025-07-25T16:07:05.316+0700] {processor.py:830} INFO - Processing file /home/ngtph/airflow/airflow_venv/lib/python3.11/site-packages/airflow/example_dags/plugins/listener_plugin.py for tasks to queue
[2025-07-25T16:07:05.317+0700] {logging_mixin.py:188} INFO - [2025-07-25T16:07:05.317+0700] {dagbag.py:538} INFO - Filling up the DagBag from /home/ngtph/airflow/airflow_venv/lib/python3.11/site-packages/airflow/example_dags/plugins/listener_plugin.py
[2025-07-25T16:07:05.319+0700] {processor.py:842} WARNING - No viable dags retrieved from /home/ngtph/airflow/airflow_venv/lib/python3.11/site-packages/airflow/example_dags/plugins/listener_plugin.py
[2025-07-25T16:07:06.663+0700] {processor.py:183} INFO - Processing /home/ngtph/airflow/airflow_venv/lib/python3.11/site-packages/airflow/example_dags/plugins/listener_plugin.py took 1.353 seconds
[2025-07-25T16:08:47.160+0700] {processor.py:161} INFO - Started process (PID=10817) to work on /home/ngtph/airflow/airflow_venv/lib/python3.11/site-packages/airflow/example_dags/plugins/listener_plugin.py
[2025-07-25T16:08:47.163+0700] {processor.py:830} INFO - Processing file /home/ngtph/airflow/airflow_venv/lib/python3.11/site-packages/airflow/example_dags/plugins/listener_plugin.py for tasks to queue
[2025-07-25T16:08:47.164+0700] {logging_mixin.py:188} INFO - [2025-07-25T16:08:47.163+0700] {dagbag.py:538} INFO - Filling up the DagBag from /home/ngtph/airflow/airflow_venv/lib/python3.11/site-packages/airflow/example_dags/plugins/listener_plugin.py
[2025-07-25T16:08:47.166+0700] {processor.py:842} WARNING - No viable dags retrieved from /home/ngtph/airflow/airflow_venv/lib/python3.11/site-packages/airflow/example_dags/plugins/listener_plugin.py
[2025-07-25T16:08:48.795+0700] {processor.py:183} INFO - Processing /home/ngtph/airflow/airflow_venv/lib/python3.11/site-packages/airflow/example_dags/plugins/listener_plugin.py took 1.639 seconds
[2025-07-25T16:10:15.207+0700] {processor.py:161} INFO - Started process (PID=11247) to work on /home/ngtph/airflow/airflow_venv/lib/python3.11/site-packages/airflow/example_dags/plugins/listener_plugin.py
[2025-07-25T16:10:15.209+0700] {processor.py:830} INFO - Processing file /home/ngtph/airflow/airflow_venv/lib/python3.11/site-packages/airflow/example_dags/plugins/listener_plugin.py for tasks to queue
[2025-07-25T16:10:15.210+0700] {logging_mixin.py:188} INFO - [2025-07-25T16:10:15.209+0700] {dagbag.py:538} INFO - Filling up the DagBag from /home/ngtph/airflow/airflow_venv/lib/python3.11/site-packages/airflow/example_dags/plugins/listener_plugin.py
[2025-07-25T16:10:15.213+0700] {processor.py:842} WARNING - No viable dags retrieved from /home/ngtph/airflow/airflow_venv/lib/python3.11/site-packages/airflow/example_dags/plugins/listener_plugin.py
[2025-07-25T16:10:19.710+0700] {processor.py:183} INFO - Processing /home/ngtph/airflow/airflow_venv/lib/python3.11/site-packages/airflow/example_dags/plugins/listener_plugin.py took 2.269 seconds
[2025-07-25T16:10:23.894+0700] {processor.py:161} INFO - Started process (PID=11281) to work on /home/ngtph/airflow/airflow_venv/lib/python3.11/site-packages/airflow/example_dags/plugins/listener_plugin.py
[2025-07-25T16:10:23.896+0700] {processor.py:830} INFO - Processing file /home/ngtph/airflow/airflow_venv/lib/python3.11/site-packages/airflow/example_dags/plugins/listener_plugin.py for tasks to queue
[2025-07-25T16:10:23.898+0700] {logging_mixin.py:188} INFO - [2025-07-25T16:10:23.897+0700] {dagbag.py:538} INFO - Filling up the DagBag from /home/ngtph/airflow/airflow_venv/lib/python3.11/site-packages/airflow/example_dags/plugins/listener_plugin.py
[2025-07-25T16:10:23.921+0700] {processor.py:842} WARNING - No viable dags retrieved from /home/ngtph/airflow/airflow_venv/lib/python3.11/site-packages/airflow/example_dags/plugins/listener_plugin.py
[2025-07-25T16:10:25.159+0700] {processor.py:183} INFO - Processing /home/ngtph/airflow/airflow_venv/lib/python3.11/site-packages/airflow/example_dags/plugins/listener_plugin.py took 1.280 seconds
[2025-07-25T16:11:37.839+0700] {processor.py:161} INFO - Started process (PID=11467) to work on /home/ngtph/airflow/airflow_venv/lib/python3.11/site-packages/airflow/example_dags/plugins/listener_plugin.py
[2025-07-25T16:11:37.840+0700] {processor.py:830} INFO - Processing file /home/ngtph/airflow/airflow_venv/lib/python3.11/site-packages/airflow/example_dags/plugins/listener_plugin.py for tasks to queue
[2025-07-25T16:11:37.840+0700] {logging_mixin.py:188} INFO - [2025-07-25T16:11:37.840+0700] {dagbag.py:538} INFO - Filling up the DagBag from /home/ngtph/airflow/airflow_venv/lib/python3.11/site-packages/airflow/example_dags/plugins/listener_plugin.py
[2025-07-25T16:11:37.843+0700] {processor.py:842} WARNING - No viable dags retrieved from /home/ngtph/airflow/airflow_venv/lib/python3.11/site-packages/airflow/example_dags/plugins/listener_plugin.py
[2025-07-25T16:11:39.012+0700] {processor.py:183} INFO - Processing /home/ngtph/airflow/airflow_venv/lib/python3.11/site-packages/airflow/example_dags/plugins/listener_plugin.py took 1.175 seconds
[2025-07-25T16:11:55.340+0700] {processor.py:161} INFO - Started process (PID=11643) to work on /home/ngtph/airflow/airflow_venv/lib/python3.11/site-packages/airflow/example_dags/plugins/listener_plugin.py
[2025-07-25T16:11:55.341+0700] {processor.py:830} INFO - Processing file /home/ngtph/airflow/airflow_venv/lib/python3.11/site-packages/airflow/example_dags/plugins/listener_plugin.py for tasks to queue
[2025-07-25T16:11:55.341+0700] {logging_mixin.py:188} INFO - [2025-07-25T16:11:55.341+0700] {dagbag.py:538} INFO - Filling up the DagBag from /home/ngtph/airflow/airflow_venv/lib/python3.11/site-packages/airflow/example_dags/plugins/listener_plugin.py
[2025-07-25T16:11:55.345+0700] {processor.py:842} WARNING - No viable dags retrieved from /home/ngtph/airflow/airflow_venv/lib/python3.11/site-packages/airflow/example_dags/plugins/listener_plugin.py
[2025-07-25T16:11:56.832+0700] {processor.py:183} INFO - Processing /home/ngtph/airflow/airflow_venv/lib/python3.11/site-packages/airflow/example_dags/plugins/listener_plugin.py took 1.495 seconds
[2025-07-25T16:13:26.423+0700] {processor.py:161} INFO - Started process (PID=11780) to work on /home/ngtph/airflow/airflow_venv/lib/python3.11/site-packages/airflow/example_dags/plugins/listener_plugin.py
[2025-07-25T16:13:26.427+0700] {processor.py:830} INFO - Processing file /home/ngtph/airflow/airflow_venv/lib/python3.11/site-packages/airflow/example_dags/plugins/listener_plugin.py for tasks to queue
[2025-07-25T16:13:26.428+0700] {logging_mixin.py:188} INFO - [2025-07-25T16:13:26.428+0700] {dagbag.py:538} INFO - Filling up the DagBag from /home/ngtph/airflow/airflow_venv/lib/python3.11/site-packages/airflow/example_dags/plugins/listener_plugin.py
[2025-07-25T16:13:26.444+0700] {processor.py:842} WARNING - No viable dags retrieved from /home/ngtph/airflow/airflow_venv/lib/python3.11/site-packages/airflow/example_dags/plugins/listener_plugin.py
[2025-07-25T16:13:27.454+0700] {processor.py:161} INFO - Started process (PID=11790) to work on /home/ngtph/airflow/airflow_venv/lib/python3.11/site-packages/airflow/example_dags/plugins/listener_plugin.py
[2025-07-25T16:13:27.456+0700] {processor.py:830} INFO - Processing file /home/ngtph/airflow/airflow_venv/lib/python3.11/site-packages/airflow/example_dags/plugins/listener_plugin.py for tasks to queue
[2025-07-25T16:13:27.457+0700] {logging_mixin.py:188} INFO - [2025-07-25T16:13:27.457+0700] {dagbag.py:538} INFO - Filling up the DagBag from /home/ngtph/airflow/airflow_venv/lib/python3.11/site-packages/airflow/example_dags/plugins/listener_plugin.py
[2025-07-25T16:13:27.461+0700] {processor.py:842} WARNING - No viable dags retrieved from /home/ngtph/airflow/airflow_venv/lib/python3.11/site-packages/airflow/example_dags/plugins/listener_plugin.py
[2025-07-25T16:13:27.562+0700] {processor.py:183} INFO - Processing /home/ngtph/airflow/airflow_venv/lib/python3.11/site-packages/airflow/example_dags/plugins/listener_plugin.py took 1.149 seconds
[2025-07-25T16:13:28.870+0700] {processor.py:183} INFO - Processing /home/ngtph/airflow/airflow_venv/lib/python3.11/site-packages/airflow/example_dags/plugins/listener_plugin.py took 1.419 seconds
[2025-07-25T16:15:11.982+0700] {processor.py:161} INFO - Started process (PID=12095) to work on /home/ngtph/airflow/airflow_venv/lib/python3.11/site-packages/airflow/example_dags/plugins/listener_plugin.py
[2025-07-25T16:15:11.983+0700] {processor.py:830} INFO - Processing file /home/ngtph/airflow/airflow_venv/lib/python3.11/site-packages/airflow/example_dags/plugins/listener_plugin.py for tasks to queue
[2025-07-25T16:15:11.984+0700] {logging_mixin.py:188} INFO - [2025-07-25T16:15:11.984+0700] {dagbag.py:538} INFO - Filling up the DagBag from /home/ngtph/airflow/airflow_venv/lib/python3.11/site-packages/airflow/example_dags/plugins/listener_plugin.py
[2025-07-25T16:15:11.987+0700] {processor.py:842} WARNING - No viable dags retrieved from /home/ngtph/airflow/airflow_venv/lib/python3.11/site-packages/airflow/example_dags/plugins/listener_plugin.py
[2025-07-25T16:15:13.243+0700] {processor.py:183} INFO - Processing /home/ngtph/airflow/airflow_venv/lib/python3.11/site-packages/airflow/example_dags/plugins/listener_plugin.py took 1.265 seconds
[2025-07-25T16:15:14.359+0700] {processor.py:161} INFO - Started process (PID=12107) to work on /home/ngtph/airflow/airflow_venv/lib/python3.11/site-packages/airflow/example_dags/plugins/listener_plugin.py
[2025-07-25T16:15:14.360+0700] {processor.py:830} INFO - Processing file /home/ngtph/airflow/airflow_venv/lib/python3.11/site-packages/airflow/example_dags/plugins/listener_plugin.py for tasks to queue
[2025-07-25T16:15:14.360+0700] {logging_mixin.py:188} INFO - [2025-07-25T16:15:14.360+0700] {dagbag.py:538} INFO - Filling up the DagBag from /home/ngtph/airflow/airflow_venv/lib/python3.11/site-packages/airflow/example_dags/plugins/listener_plugin.py
[2025-07-25T16:15:14.363+0700] {processor.py:842} WARNING - No viable dags retrieved from /home/ngtph/airflow/airflow_venv/lib/python3.11/site-packages/airflow/example_dags/plugins/listener_plugin.py
[2025-07-25T16:15:15.684+0700] {processor.py:183} INFO - Processing /home/ngtph/airflow/airflow_venv/lib/python3.11/site-packages/airflow/example_dags/plugins/listener_plugin.py took 1.331 seconds
[2025-07-25T16:16:35.312+0700] {processor.py:161} INFO - Started process (PID=12268) to work on /home/ngtph/airflow/airflow_venv/lib/python3.11/site-packages/airflow/example_dags/plugins/listener_plugin.py
[2025-07-25T16:16:35.313+0700] {processor.py:830} INFO - Processing file /home/ngtph/airflow/airflow_venv/lib/python3.11/site-packages/airflow/example_dags/plugins/listener_plugin.py for tasks to queue
[2025-07-25T16:16:35.314+0700] {logging_mixin.py:188} INFO - [2025-07-25T16:16:35.314+0700] {dagbag.py:538} INFO - Filling up the DagBag from /home/ngtph/airflow/airflow_venv/lib/python3.11/site-packages/airflow/example_dags/plugins/listener_plugin.py
[2025-07-25T16:16:35.317+0700] {processor.py:842} WARNING - No viable dags retrieved from /home/ngtph/airflow/airflow_venv/lib/python3.11/site-packages/airflow/example_dags/plugins/listener_plugin.py
[2025-07-25T16:16:36.817+0700] {processor.py:161} INFO - Started process (PID=12278) to work on /home/ngtph/airflow/airflow_venv/lib/python3.11/site-packages/airflow/example_dags/plugins/listener_plugin.py
[2025-07-25T16:16:36.818+0700] {processor.py:830} INFO - Processing file /home/ngtph/airflow/airflow_venv/lib/python3.11/site-packages/airflow/example_dags/plugins/listener_plugin.py for tasks to queue
[2025-07-25T16:16:36.818+0700] {logging_mixin.py:188} INFO - [2025-07-25T16:16:36.818+0700] {dagbag.py:538} INFO - Filling up the DagBag from /home/ngtph/airflow/airflow_venv/lib/python3.11/site-packages/airflow/example_dags/plugins/listener_plugin.py
[2025-07-25T16:16:36.820+0700] {processor.py:842} WARNING - No viable dags retrieved from /home/ngtph/airflow/airflow_venv/lib/python3.11/site-packages/airflow/example_dags/plugins/listener_plugin.py
[2025-07-25T16:16:37.369+0700] {processor.py:183} INFO - Processing /home/ngtph/airflow/airflow_venv/lib/python3.11/site-packages/airflow/example_dags/plugins/listener_plugin.py took 2.062 seconds
[2025-07-25T16:16:40.480+0700] {processor.py:183} INFO - Processing /home/ngtph/airflow/airflow_venv/lib/python3.11/site-packages/airflow/example_dags/plugins/listener_plugin.py took 1.265 seconds
[2025-07-25T16:17:34.219+0700] {processor.py:161} INFO - Started process (PID=12375) to work on /home/ngtph/airflow/airflow_venv/lib/python3.11/site-packages/airflow/example_dags/plugins/listener_plugin.py
[2025-07-25T16:17:34.221+0700] {processor.py:830} INFO - Processing file /home/ngtph/airflow/airflow_venv/lib/python3.11/site-packages/airflow/example_dags/plugins/listener_plugin.py for tasks to queue
[2025-07-25T16:17:34.221+0700] {logging_mixin.py:188} INFO - [2025-07-25T16:17:34.221+0700] {dagbag.py:538} INFO - Filling up the DagBag from /home/ngtph/airflow/airflow_venv/lib/python3.11/site-packages/airflow/example_dags/plugins/listener_plugin.py
[2025-07-25T16:17:34.223+0700] {processor.py:842} WARNING - No viable dags retrieved from /home/ngtph/airflow/airflow_venv/lib/python3.11/site-packages/airflow/example_dags/plugins/listener_plugin.py
[2025-07-25T16:17:35.863+0700] {processor.py:183} INFO - Processing /home/ngtph/airflow/airflow_venv/lib/python3.11/site-packages/airflow/example_dags/plugins/listener_plugin.py took 1.646 seconds
[2025-07-25T16:18:29.290+0700] {processor.py:161} INFO - Started process (PID=12466) to work on /home/ngtph/airflow/airflow_venv/lib/python3.11/site-packages/airflow/example_dags/plugins/listener_plugin.py
[2025-07-25T16:18:29.291+0700] {processor.py:830} INFO - Processing file /home/ngtph/airflow/airflow_venv/lib/python3.11/site-packages/airflow/example_dags/plugins/listener_plugin.py for tasks to queue
[2025-07-25T16:18:29.292+0700] {logging_mixin.py:188} INFO - [2025-07-25T16:18:29.291+0700] {dagbag.py:538} INFO - Filling up the DagBag from /home/ngtph/airflow/airflow_venv/lib/python3.11/site-packages/airflow/example_dags/plugins/listener_plugin.py
[2025-07-25T16:18:29.294+0700] {processor.py:842} WARNING - No viable dags retrieved from /home/ngtph/airflow/airflow_venv/lib/python3.11/site-packages/airflow/example_dags/plugins/listener_plugin.py
[2025-07-25T16:18:30.482+0700] {processor.py:183} INFO - Processing /home/ngtph/airflow/airflow_venv/lib/python3.11/site-packages/airflow/example_dags/plugins/listener_plugin.py took 1.195 seconds
[2025-07-25T16:19:14.306+0700] {processor.py:161} INFO - Started process (PID=12545) to work on /home/ngtph/airflow/airflow_venv/lib/python3.11/site-packages/airflow/example_dags/plugins/listener_plugin.py
[2025-07-25T16:19:14.308+0700] {processor.py:830} INFO - Processing file /home/ngtph/airflow/airflow_venv/lib/python3.11/site-packages/airflow/example_dags/plugins/listener_plugin.py for tasks to queue
[2025-07-25T16:19:14.308+0700] {logging_mixin.py:188} INFO - [2025-07-25T16:19:14.308+0700] {dagbag.py:538} INFO - Filling up the DagBag from /home/ngtph/airflow/airflow_venv/lib/python3.11/site-packages/airflow/example_dags/plugins/listener_plugin.py
[2025-07-25T16:19:14.310+0700] {processor.py:842} WARNING - No viable dags retrieved from /home/ngtph/airflow/airflow_venv/lib/python3.11/site-packages/airflow/example_dags/plugins/listener_plugin.py
[2025-07-25T16:19:16.319+0700] {processor.py:183} INFO - Processing /home/ngtph/airflow/airflow_venv/lib/python3.11/site-packages/airflow/example_dags/plugins/listener_plugin.py took 2.015 seconds
[2025-07-25T16:20:01.206+0700] {processor.py:161} INFO - Started process (PID=12630) to work on /home/ngtph/airflow/airflow_venv/lib/python3.11/site-packages/airflow/example_dags/plugins/listener_plugin.py
[2025-07-25T16:20:01.209+0700] {processor.py:830} INFO - Processing file /home/ngtph/airflow/airflow_venv/lib/python3.11/site-packages/airflow/example_dags/plugins/listener_plugin.py for tasks to queue
[2025-07-25T16:20:01.209+0700] {logging_mixin.py:188} INFO - [2025-07-25T16:20:01.209+0700] {dagbag.py:538} INFO - Filling up the DagBag from /home/ngtph/airflow/airflow_venv/lib/python3.11/site-packages/airflow/example_dags/plugins/listener_plugin.py
[2025-07-25T16:20:01.212+0700] {processor.py:842} WARNING - No viable dags retrieved from /home/ngtph/airflow/airflow_venv/lib/python3.11/site-packages/airflow/example_dags/plugins/listener_plugin.py
[2025-07-25T16:20:02.335+0700] {processor.py:183} INFO - Processing /home/ngtph/airflow/airflow_venv/lib/python3.11/site-packages/airflow/example_dags/plugins/listener_plugin.py took 1.132 seconds
[2025-07-25T16:20:37.704+0700] {processor.py:161} INFO - Started process (PID=12696) to work on /home/ngtph/airflow/airflow_venv/lib/python3.11/site-packages/airflow/example_dags/plugins/listener_plugin.py
[2025-07-25T16:20:37.707+0700] {processor.py:830} INFO - Processing file /home/ngtph/airflow/airflow_venv/lib/python3.11/site-packages/airflow/example_dags/plugins/listener_plugin.py for tasks to queue
[2025-07-25T16:20:37.708+0700] {logging_mixin.py:188} INFO - [2025-07-25T16:20:37.707+0700] {dagbag.py:538} INFO - Filling up the DagBag from /home/ngtph/airflow/airflow_venv/lib/python3.11/site-packages/airflow/example_dags/plugins/listener_plugin.py
[2025-07-25T16:20:37.711+0700] {processor.py:842} WARNING - No viable dags retrieved from /home/ngtph/airflow/airflow_venv/lib/python3.11/site-packages/airflow/example_dags/plugins/listener_plugin.py
[2025-07-25T16:20:40.536+0700] {processor.py:183} INFO - Processing /home/ngtph/airflow/airflow_venv/lib/python3.11/site-packages/airflow/example_dags/plugins/listener_plugin.py took 2.836 seconds
[2025-07-25T16:21:29.776+0700] {processor.py:161} INFO - Started process (PID=12788) to work on /home/ngtph/airflow/airflow_venv/lib/python3.11/site-packages/airflow/example_dags/plugins/listener_plugin.py
[2025-07-25T16:21:29.777+0700] {processor.py:830} INFO - Processing file /home/ngtph/airflow/airflow_venv/lib/python3.11/site-packages/airflow/example_dags/plugins/listener_plugin.py for tasks to queue
[2025-07-25T16:21:29.778+0700] {logging_mixin.py:188} INFO - [2025-07-25T16:21:29.778+0700] {dagbag.py:538} INFO - Filling up the DagBag from /home/ngtph/airflow/airflow_venv/lib/python3.11/site-packages/airflow/example_dags/plugins/listener_plugin.py
[2025-07-25T16:21:29.780+0700] {processor.py:842} WARNING - No viable dags retrieved from /home/ngtph/airflow/airflow_venv/lib/python3.11/site-packages/airflow/example_dags/plugins/listener_plugin.py
[2025-07-25T16:21:32.361+0700] {processor.py:183} INFO - Processing /home/ngtph/airflow/airflow_venv/lib/python3.11/site-packages/airflow/example_dags/plugins/listener_plugin.py took 2.588 seconds
[2025-07-25T16:22:23.729+0700] {processor.py:161} INFO - Started process (PID=12882) to work on /home/ngtph/airflow/airflow_venv/lib/python3.11/site-packages/airflow/example_dags/plugins/listener_plugin.py
[2025-07-25T16:22:23.730+0700] {processor.py:830} INFO - Processing file /home/ngtph/airflow/airflow_venv/lib/python3.11/site-packages/airflow/example_dags/plugins/listener_plugin.py for tasks to queue
[2025-07-25T16:22:23.731+0700] {logging_mixin.py:188} INFO - [2025-07-25T16:22:23.730+0700] {dagbag.py:538} INFO - Filling up the DagBag from /home/ngtph/airflow/airflow_venv/lib/python3.11/site-packages/airflow/example_dags/plugins/listener_plugin.py
[2025-07-25T16:22:23.733+0700] {processor.py:842} WARNING - No viable dags retrieved from /home/ngtph/airflow/airflow_venv/lib/python3.11/site-packages/airflow/example_dags/plugins/listener_plugin.py
[2025-07-25T16:22:27.453+0700] {processor.py:183} INFO - Processing /home/ngtph/airflow/airflow_venv/lib/python3.11/site-packages/airflow/example_dags/plugins/listener_plugin.py took 1.395 seconds
[2025-07-25T16:23:18.844+0700] {processor.py:161} INFO - Started process (PID=12972) to work on /home/ngtph/airflow/airflow_venv/lib/python3.11/site-packages/airflow/example_dags/plugins/listener_plugin.py
[2025-07-25T16:23:18.846+0700] {processor.py:830} INFO - Processing file /home/ngtph/airflow/airflow_venv/lib/python3.11/site-packages/airflow/example_dags/plugins/listener_plugin.py for tasks to queue
[2025-07-25T16:23:18.847+0700] {logging_mixin.py:188} INFO - [2025-07-25T16:23:18.846+0700] {dagbag.py:538} INFO - Filling up the DagBag from /home/ngtph/airflow/airflow_venv/lib/python3.11/site-packages/airflow/example_dags/plugins/listener_plugin.py
[2025-07-25T16:23:18.849+0700] {processor.py:842} WARNING - No viable dags retrieved from /home/ngtph/airflow/airflow_venv/lib/python3.11/site-packages/airflow/example_dags/plugins/listener_plugin.py
[2025-07-25T16:23:20.190+0700] {processor.py:183} INFO - Processing /home/ngtph/airflow/airflow_venv/lib/python3.11/site-packages/airflow/example_dags/plugins/listener_plugin.py took 1.349 seconds
[2025-07-25T16:24:35.028+0700] {processor.py:161} INFO - Started process (PID=13080) to work on /home/ngtph/airflow/airflow_venv/lib/python3.11/site-packages/airflow/example_dags/plugins/listener_plugin.py
[2025-07-25T16:24:35.030+0700] {processor.py:830} INFO - Processing file /home/ngtph/airflow/airflow_venv/lib/python3.11/site-packages/airflow/example_dags/plugins/listener_plugin.py for tasks to queue
[2025-07-25T16:24:35.030+0700] {logging_mixin.py:188} INFO - [2025-07-25T16:24:35.030+0700] {dagbag.py:538} INFO - Filling up the DagBag from /home/ngtph/airflow/airflow_venv/lib/python3.11/site-packages/airflow/example_dags/plugins/listener_plugin.py
[2025-07-25T16:24:35.032+0700] {processor.py:842} WARNING - No viable dags retrieved from /home/ngtph/airflow/airflow_venv/lib/python3.11/site-packages/airflow/example_dags/plugins/listener_plugin.py
[2025-07-25T16:24:35.472+0700] {processor.py:161} INFO - Started process (PID=13081) to work on /home/ngtph/airflow/airflow_venv/lib/python3.11/site-packages/airflow/example_dags/plugins/listener_plugin.py
[2025-07-25T16:24:35.473+0700] {processor.py:830} INFO - Processing file /home/ngtph/airflow/airflow_venv/lib/python3.11/site-packages/airflow/example_dags/plugins/listener_plugin.py for tasks to queue
[2025-07-25T16:24:35.474+0700] {logging_mixin.py:188} INFO - [2025-07-25T16:24:35.473+0700] {dagbag.py:538} INFO - Filling up the DagBag from /home/ngtph/airflow/airflow_venv/lib/python3.11/site-packages/airflow/example_dags/plugins/listener_plugin.py
[2025-07-25T16:24:35.476+0700] {processor.py:842} WARNING - No viable dags retrieved from /home/ngtph/airflow/airflow_venv/lib/python3.11/site-packages/airflow/example_dags/plugins/listener_plugin.py
[2025-07-25T16:24:36.699+0700] {processor.py:183} INFO - Processing /home/ngtph/airflow/airflow_venv/lib/python3.11/site-packages/airflow/example_dags/plugins/listener_plugin.py took 1.229 seconds
[2025-07-25T16:24:40.610+0700] {processor.py:183} INFO - Processing /home/ngtph/airflow/airflow_venv/lib/python3.11/site-packages/airflow/example_dags/plugins/listener_plugin.py took 5.584 seconds
[2025-07-25T16:25:43.081+0700] {processor.py:161} INFO - Started process (PID=13190) to work on /home/ngtph/airflow/airflow_venv/lib/python3.11/site-packages/airflow/example_dags/plugins/listener_plugin.py
[2025-07-25T16:25:43.082+0700] {processor.py:830} INFO - Processing file /home/ngtph/airflow/airflow_venv/lib/python3.11/site-packages/airflow/example_dags/plugins/listener_plugin.py for tasks to queue
[2025-07-25T16:25:43.083+0700] {logging_mixin.py:188} INFO - [2025-07-25T16:25:43.083+0700] {dagbag.py:538} INFO - Filling up the DagBag from /home/ngtph/airflow/airflow_venv/lib/python3.11/site-packages/airflow/example_dags/plugins/listener_plugin.py
[2025-07-25T16:25:43.085+0700] {processor.py:842} WARNING - No viable dags retrieved from /home/ngtph/airflow/airflow_venv/lib/python3.11/site-packages/airflow/example_dags/plugins/listener_plugin.py
[2025-07-25T16:25:44.121+0700] {processor.py:161} INFO - Started process (PID=13200) to work on /home/ngtph/airflow/airflow_venv/lib/python3.11/site-packages/airflow/example_dags/plugins/listener_plugin.py
[2025-07-25T16:25:44.123+0700] {processor.py:830} INFO - Processing file /home/ngtph/airflow/airflow_venv/lib/python3.11/site-packages/airflow/example_dags/plugins/listener_plugin.py for tasks to queue
[2025-07-25T16:25:44.123+0700] {logging_mixin.py:188} INFO - [2025-07-25T16:25:44.123+0700] {dagbag.py:538} INFO - Filling up the DagBag from /home/ngtph/airflow/airflow_venv/lib/python3.11/site-packages/airflow/example_dags/plugins/listener_plugin.py
[2025-07-25T16:25:44.126+0700] {processor.py:842} WARNING - No viable dags retrieved from /home/ngtph/airflow/airflow_venv/lib/python3.11/site-packages/airflow/example_dags/plugins/listener_plugin.py
[2025-07-25T16:25:44.219+0700] {processor.py:183} INFO - Processing /home/ngtph/airflow/airflow_venv/lib/python3.11/site-packages/airflow/example_dags/plugins/listener_plugin.py took 1.141 seconds
[2025-07-25T16:25:45.319+0700] {processor.py:183} INFO - Processing /home/ngtph/airflow/airflow_venv/lib/python3.11/site-packages/airflow/example_dags/plugins/listener_plugin.py took 1.200 seconds
[2025-07-25T16:27:38.996+0700] {processor.py:161} INFO - Started process (PID=13356) to work on /home/ngtph/airflow/airflow_venv/lib/python3.11/site-packages/airflow/example_dags/plugins/listener_plugin.py
[2025-07-25T16:27:38.997+0700] {processor.py:830} INFO - Processing file /home/ngtph/airflow/airflow_venv/lib/python3.11/site-packages/airflow/example_dags/plugins/listener_plugin.py for tasks to queue
[2025-07-25T16:27:38.998+0700] {logging_mixin.py:188} INFO - [2025-07-25T16:27:38.998+0700] {dagbag.py:538} INFO - Filling up the DagBag from /home/ngtph/airflow/airflow_venv/lib/python3.11/site-packages/airflow/example_dags/plugins/listener_plugin.py
[2025-07-25T16:27:39.000+0700] {processor.py:842} WARNING - No viable dags retrieved from /home/ngtph/airflow/airflow_venv/lib/python3.11/site-packages/airflow/example_dags/plugins/listener_plugin.py
[2025-07-25T16:27:40.368+0700] {processor.py:161} INFO - Started process (PID=13366) to work on /home/ngtph/airflow/airflow_venv/lib/python3.11/site-packages/airflow/example_dags/plugins/listener_plugin.py
[2025-07-25T16:27:40.369+0700] {processor.py:830} INFO - Processing file /home/ngtph/airflow/airflow_venv/lib/python3.11/site-packages/airflow/example_dags/plugins/listener_plugin.py for tasks to queue
[2025-07-25T16:27:40.369+0700] {logging_mixin.py:188} INFO - [2025-07-25T16:27:40.369+0700] {dagbag.py:538} INFO - Filling up the DagBag from /home/ngtph/airflow/airflow_venv/lib/python3.11/site-packages/airflow/example_dags/plugins/listener_plugin.py
[2025-07-25T16:27:40.372+0700] {processor.py:842} WARNING - No viable dags retrieved from /home/ngtph/airflow/airflow_venv/lib/python3.11/site-packages/airflow/example_dags/plugins/listener_plugin.py
[2025-07-25T16:27:41.129+0700] {processor.py:183} INFO - Processing /home/ngtph/airflow/airflow_venv/lib/python3.11/site-packages/airflow/example_dags/plugins/listener_plugin.py took 2.136 seconds
[2025-07-25T16:27:42.636+0700] {processor.py:183} INFO - Processing /home/ngtph/airflow/airflow_venv/lib/python3.11/site-packages/airflow/example_dags/plugins/listener_plugin.py took 2.271 seconds
[2025-07-25T16:28:45.937+0700] {processor.py:161} INFO - Started process (PID=13451) to work on /home/ngtph/airflow/airflow_venv/lib/python3.11/site-packages/airflow/example_dags/plugins/listener_plugin.py
[2025-07-25T16:28:45.940+0700] {processor.py:830} INFO - Processing file /home/ngtph/airflow/airflow_venv/lib/python3.11/site-packages/airflow/example_dags/plugins/listener_plugin.py for tasks to queue
[2025-07-25T16:28:45.940+0700] {logging_mixin.py:188} INFO - [2025-07-25T16:28:45.940+0700] {dagbag.py:538} INFO - Filling up the DagBag from /home/ngtph/airflow/airflow_venv/lib/python3.11/site-packages/airflow/example_dags/plugins/listener_plugin.py
[2025-07-25T16:28:45.943+0700] {processor.py:842} WARNING - No viable dags retrieved from /home/ngtph/airflow/airflow_venv/lib/python3.11/site-packages/airflow/example_dags/plugins/listener_plugin.py
[2025-07-25T16:28:47.111+0700] {processor.py:183} INFO - Processing /home/ngtph/airflow/airflow_venv/lib/python3.11/site-packages/airflow/example_dags/plugins/listener_plugin.py took 1.178 seconds
[2025-07-25T16:28:48.158+0700] {processor.py:161} INFO - Started process (PID=13465) to work on /home/ngtph/airflow/airflow_venv/lib/python3.11/site-packages/airflow/example_dags/plugins/listener_plugin.py
[2025-07-25T16:28:48.161+0700] {processor.py:830} INFO - Processing file /home/ngtph/airflow/airflow_venv/lib/python3.11/site-packages/airflow/example_dags/plugins/listener_plugin.py for tasks to queue
[2025-07-25T16:28:48.162+0700] {logging_mixin.py:188} INFO - [2025-07-25T16:28:48.162+0700] {dagbag.py:538} INFO - Filling up the DagBag from /home/ngtph/airflow/airflow_venv/lib/python3.11/site-packages/airflow/example_dags/plugins/listener_plugin.py
[2025-07-25T16:28:48.164+0700] {processor.py:842} WARNING - No viable dags retrieved from /home/ngtph/airflow/airflow_venv/lib/python3.11/site-packages/airflow/example_dags/plugins/listener_plugin.py
[2025-07-25T16:28:49.453+0700] {processor.py:183} INFO - Processing /home/ngtph/airflow/airflow_venv/lib/python3.11/site-packages/airflow/example_dags/plugins/listener_plugin.py took 1.298 seconds
[2025-07-25T16:29:51.403+0700] {processor.py:161} INFO - Started process (PID=13559) to work on /home/ngtph/airflow/airflow_venv/lib/python3.11/site-packages/airflow/example_dags/plugins/listener_plugin.py
[2025-07-25T16:29:51.405+0700] {processor.py:830} INFO - Processing file /home/ngtph/airflow/airflow_venv/lib/python3.11/site-packages/airflow/example_dags/plugins/listener_plugin.py for tasks to queue
[2025-07-25T16:29:51.406+0700] {logging_mixin.py:188} INFO - [2025-07-25T16:29:51.405+0700] {dagbag.py:538} INFO - Filling up the DagBag from /home/ngtph/airflow/airflow_venv/lib/python3.11/site-packages/airflow/example_dags/plugins/listener_plugin.py
[2025-07-25T16:29:51.409+0700] {processor.py:842} WARNING - No viable dags retrieved from /home/ngtph/airflow/airflow_venv/lib/python3.11/site-packages/airflow/example_dags/plugins/listener_plugin.py
[2025-07-25T16:29:52.401+0700] {processor.py:161} INFO - Started process (PID=13560) to work on /home/ngtph/airflow/airflow_venv/lib/python3.11/site-packages/airflow/example_dags/plugins/listener_plugin.py
[2025-07-25T16:29:52.402+0700] {processor.py:830} INFO - Processing file /home/ngtph/airflow/airflow_venv/lib/python3.11/site-packages/airflow/example_dags/plugins/listener_plugin.py for tasks to queue
[2025-07-25T16:29:52.402+0700] {logging_mixin.py:188} INFO - [2025-07-25T16:29:52.402+0700] {dagbag.py:538} INFO - Filling up the DagBag from /home/ngtph/airflow/airflow_venv/lib/python3.11/site-packages/airflow/example_dags/plugins/listener_plugin.py
[2025-07-25T16:29:52.405+0700] {processor.py:842} WARNING - No viable dags retrieved from /home/ngtph/airflow/airflow_venv/lib/python3.11/site-packages/airflow/example_dags/plugins/listener_plugin.py
[2025-07-25T16:29:52.798+0700] {processor.py:183} INFO - Processing /home/ngtph/airflow/airflow_venv/lib/python3.11/site-packages/airflow/example_dags/plugins/listener_plugin.py took 1.398 seconds
[2025-07-25T16:29:55.306+0700] {processor.py:183} INFO - Processing /home/ngtph/airflow/airflow_venv/lib/python3.11/site-packages/airflow/example_dags/plugins/listener_plugin.py took 2.909 seconds
[2025-07-25T16:30:48.981+0700] {processor.py:161} INFO - Started process (PID=13661) to work on /home/ngtph/airflow/airflow_venv/lib/python3.11/site-packages/airflow/example_dags/plugins/listener_plugin.py
[2025-07-25T16:30:48.982+0700] {processor.py:830} INFO - Processing file /home/ngtph/airflow/airflow_venv/lib/python3.11/site-packages/airflow/example_dags/plugins/listener_plugin.py for tasks to queue
[2025-07-25T16:30:48.983+0700] {logging_mixin.py:188} INFO - [2025-07-25T16:30:48.983+0700] {dagbag.py:538} INFO - Filling up the DagBag from /home/ngtph/airflow/airflow_venv/lib/python3.11/site-packages/airflow/example_dags/plugins/listener_plugin.py
[2025-07-25T16:30:48.986+0700] {processor.py:842} WARNING - No viable dags retrieved from /home/ngtph/airflow/airflow_venv/lib/python3.11/site-packages/airflow/example_dags/plugins/listener_plugin.py
[2025-07-25T16:30:54.237+0700] {processor.py:183} INFO - Processing /home/ngtph/airflow/airflow_venv/lib/python3.11/site-packages/airflow/example_dags/plugins/listener_plugin.py took 2.048 seconds
[2025-07-25T16:31:43.182+0700] {processor.py:161} INFO - Started process (PID=13733) to work on /home/ngtph/airflow/airflow_venv/lib/python3.11/site-packages/airflow/example_dags/plugins/listener_plugin.py
[2025-07-25T16:31:43.184+0700] {processor.py:830} INFO - Processing file /home/ngtph/airflow/airflow_venv/lib/python3.11/site-packages/airflow/example_dags/plugins/listener_plugin.py for tasks to queue
[2025-07-25T16:31:43.186+0700] {logging_mixin.py:188} INFO - [2025-07-25T16:31:43.185+0700] {dagbag.py:538} INFO - Filling up the DagBag from /home/ngtph/airflow/airflow_venv/lib/python3.11/site-packages/airflow/example_dags/plugins/listener_plugin.py
[2025-07-25T16:31:43.190+0700] {processor.py:842} WARNING - No viable dags retrieved from /home/ngtph/airflow/airflow_venv/lib/python3.11/site-packages/airflow/example_dags/plugins/listener_plugin.py
[2025-07-25T16:31:47.396+0700] {processor.py:183} INFO - Processing /home/ngtph/airflow/airflow_venv/lib/python3.11/site-packages/airflow/example_dags/plugins/listener_plugin.py took 4.220 seconds
[2025-07-25T16:32:51.214+0700] {processor.py:161} INFO - Started process (PID=13829) to work on /home/ngtph/airflow/airflow_venv/lib/python3.11/site-packages/airflow/example_dags/plugins/listener_plugin.py
[2025-07-25T16:32:51.215+0700] {processor.py:830} INFO - Processing file /home/ngtph/airflow/airflow_venv/lib/python3.11/site-packages/airflow/example_dags/plugins/listener_plugin.py for tasks to queue
[2025-07-25T16:32:51.216+0700] {logging_mixin.py:188} INFO - [2025-07-25T16:32:51.216+0700] {dagbag.py:538} INFO - Filling up the DagBag from /home/ngtph/airflow/airflow_venv/lib/python3.11/site-packages/airflow/example_dags/plugins/listener_plugin.py
[2025-07-25T16:32:51.218+0700] {processor.py:842} WARNING - No viable dags retrieved from /home/ngtph/airflow/airflow_venv/lib/python3.11/site-packages/airflow/example_dags/plugins/listener_plugin.py
[2025-07-25T16:32:53.451+0700] {processor.py:183} INFO - Processing /home/ngtph/airflow/airflow_venv/lib/python3.11/site-packages/airflow/example_dags/plugins/listener_plugin.py took 2.240 seconds
[2025-07-25T16:32:56.601+0700] {processor.py:161} INFO - Started process (PID=13845) to work on /home/ngtph/airflow/airflow_venv/lib/python3.11/site-packages/airflow/example_dags/plugins/listener_plugin.py
[2025-07-25T16:32:56.604+0700] {processor.py:830} INFO - Processing file /home/ngtph/airflow/airflow_venv/lib/python3.11/site-packages/airflow/example_dags/plugins/listener_plugin.py for tasks to queue
[2025-07-25T16:32:56.605+0700] {logging_mixin.py:188} INFO - [2025-07-25T16:32:56.605+0700] {dagbag.py:538} INFO - Filling up the DagBag from /home/ngtph/airflow/airflow_venv/lib/python3.11/site-packages/airflow/example_dags/plugins/listener_plugin.py
[2025-07-25T16:32:56.610+0700] {processor.py:842} WARNING - No viable dags retrieved from /home/ngtph/airflow/airflow_venv/lib/python3.11/site-packages/airflow/example_dags/plugins/listener_plugin.py
[2025-07-25T16:32:57.915+0700] {processor.py:183} INFO - Processing /home/ngtph/airflow/airflow_venv/lib/python3.11/site-packages/airflow/example_dags/plugins/listener_plugin.py took 1.317 seconds
[2025-07-25T16:33:50.473+0700] {processor.py:161} INFO - Started process (PID=13924) to work on /home/ngtph/airflow/airflow_venv/lib/python3.11/site-packages/airflow/example_dags/plugins/listener_plugin.py
[2025-07-25T16:33:50.475+0700] {processor.py:830} INFO - Processing file /home/ngtph/airflow/airflow_venv/lib/python3.11/site-packages/airflow/example_dags/plugins/listener_plugin.py for tasks to queue
[2025-07-25T16:33:50.475+0700] {logging_mixin.py:188} INFO - [2025-07-25T16:33:50.475+0700] {dagbag.py:538} INFO - Filling up the DagBag from /home/ngtph/airflow/airflow_venv/lib/python3.11/site-packages/airflow/example_dags/plugins/listener_plugin.py
[2025-07-25T16:33:50.477+0700] {processor.py:842} WARNING - No viable dags retrieved from /home/ngtph/airflow/airflow_venv/lib/python3.11/site-packages/airflow/example_dags/plugins/listener_plugin.py
[2025-07-25T16:33:51.613+0700] {processor.py:183} INFO - Processing /home/ngtph/airflow/airflow_venv/lib/python3.11/site-packages/airflow/example_dags/plugins/listener_plugin.py took 1.142 seconds
[2025-07-25T16:34:37.519+0700] {processor.py:161} INFO - Started process (PID=14009) to work on /home/ngtph/airflow/airflow_venv/lib/python3.11/site-packages/airflow/example_dags/plugins/listener_plugin.py
[2025-07-25T16:34:37.522+0700] {processor.py:830} INFO - Processing file /home/ngtph/airflow/airflow_venv/lib/python3.11/site-packages/airflow/example_dags/plugins/listener_plugin.py for tasks to queue
[2025-07-25T16:34:37.523+0700] {logging_mixin.py:188} INFO - [2025-07-25T16:34:37.522+0700] {dagbag.py:538} INFO - Filling up the DagBag from /home/ngtph/airflow/airflow_venv/lib/python3.11/site-packages/airflow/example_dags/plugins/listener_plugin.py
[2025-07-25T16:34:37.525+0700] {processor.py:842} WARNING - No viable dags retrieved from /home/ngtph/airflow/airflow_venv/lib/python3.11/site-packages/airflow/example_dags/plugins/listener_plugin.py
[2025-07-25T16:34:38.666+0700] {processor.py:183} INFO - Processing /home/ngtph/airflow/airflow_venv/lib/python3.11/site-packages/airflow/example_dags/plugins/listener_plugin.py took 1.150 seconds
[2025-07-25T16:35:25.961+0700] {processor.py:161} INFO - Started process (PID=14085) to work on /home/ngtph/airflow/airflow_venv/lib/python3.11/site-packages/airflow/example_dags/plugins/listener_plugin.py
[2025-07-25T16:35:25.964+0700] {processor.py:830} INFO - Processing file /home/ngtph/airflow/airflow_venv/lib/python3.11/site-packages/airflow/example_dags/plugins/listener_plugin.py for tasks to queue
[2025-07-25T16:35:25.965+0700] {logging_mixin.py:188} INFO - [2025-07-25T16:35:25.965+0700] {dagbag.py:538} INFO - Filling up the DagBag from /home/ngtph/airflow/airflow_venv/lib/python3.11/site-packages/airflow/example_dags/plugins/listener_plugin.py
[2025-07-25T16:35:25.967+0700] {processor.py:842} WARNING - No viable dags retrieved from /home/ngtph/airflow/airflow_venv/lib/python3.11/site-packages/airflow/example_dags/plugins/listener_plugin.py
[2025-07-25T16:35:27.328+0700] {processor.py:183} INFO - Processing /home/ngtph/airflow/airflow_venv/lib/python3.11/site-packages/airflow/example_dags/plugins/listener_plugin.py took 1.371 seconds
[2025-07-25T16:36:05.669+0700] {processor.py:161} INFO - Started process (PID=14152) to work on /home/ngtph/airflow/airflow_venv/lib/python3.11/site-packages/airflow/example_dags/plugins/listener_plugin.py
[2025-07-25T16:36:05.670+0700] {processor.py:830} INFO - Processing file /home/ngtph/airflow/airflow_venv/lib/python3.11/site-packages/airflow/example_dags/plugins/listener_plugin.py for tasks to queue
[2025-07-25T16:36:05.671+0700] {logging_mixin.py:188} INFO - [2025-07-25T16:36:05.670+0700] {dagbag.py:538} INFO - Filling up the DagBag from /home/ngtph/airflow/airflow_venv/lib/python3.11/site-packages/airflow/example_dags/plugins/listener_plugin.py
[2025-07-25T16:36:05.673+0700] {processor.py:842} WARNING - No viable dags retrieved from /home/ngtph/airflow/airflow_venv/lib/python3.11/site-packages/airflow/example_dags/plugins/listener_plugin.py
[2025-07-25T16:36:06.809+0700] {processor.py:183} INFO - Processing /home/ngtph/airflow/airflow_venv/lib/python3.11/site-packages/airflow/example_dags/plugins/listener_plugin.py took 1.143 seconds
[2025-07-25T16:36:55.954+0700] {processor.py:161} INFO - Started process (PID=14240) to work on /home/ngtph/airflow/airflow_venv/lib/python3.11/site-packages/airflow/example_dags/plugins/listener_plugin.py
[2025-07-25T16:36:55.955+0700] {processor.py:830} INFO - Processing file /home/ngtph/airflow/airflow_venv/lib/python3.11/site-packages/airflow/example_dags/plugins/listener_plugin.py for tasks to queue
[2025-07-25T16:36:55.956+0700] {logging_mixin.py:188} INFO - [2025-07-25T16:36:55.956+0700] {dagbag.py:538} INFO - Filling up the DagBag from /home/ngtph/airflow/airflow_venv/lib/python3.11/site-packages/airflow/example_dags/plugins/listener_plugin.py
[2025-07-25T16:36:55.958+0700] {processor.py:842} WARNING - No viable dags retrieved from /home/ngtph/airflow/airflow_venv/lib/python3.11/site-packages/airflow/example_dags/plugins/listener_plugin.py
[2025-07-25T16:36:57.276+0700] {processor.py:183} INFO - Processing /home/ngtph/airflow/airflow_venv/lib/python3.11/site-packages/airflow/example_dags/plugins/listener_plugin.py took 1.326 seconds
[2025-07-25T16:37:54.788+0700] {processor.py:161} INFO - Started process (PID=14333) to work on /home/ngtph/airflow/airflow_venv/lib/python3.11/site-packages/airflow/example_dags/plugins/listener_plugin.py
[2025-07-25T16:37:54.791+0700] {processor.py:830} INFO - Processing file /home/ngtph/airflow/airflow_venv/lib/python3.11/site-packages/airflow/example_dags/plugins/listener_plugin.py for tasks to queue
[2025-07-25T16:37:54.792+0700] {logging_mixin.py:188} INFO - [2025-07-25T16:37:54.792+0700] {dagbag.py:538} INFO - Filling up the DagBag from /home/ngtph/airflow/airflow_venv/lib/python3.11/site-packages/airflow/example_dags/plugins/listener_plugin.py
[2025-07-25T16:37:54.795+0700] {processor.py:842} WARNING - No viable dags retrieved from /home/ngtph/airflow/airflow_venv/lib/python3.11/site-packages/airflow/example_dags/plugins/listener_plugin.py
[2025-07-25T16:37:55.960+0700] {processor.py:183} INFO - Processing /home/ngtph/airflow/airflow_venv/lib/python3.11/site-packages/airflow/example_dags/plugins/listener_plugin.py took 1.175 seconds
[2025-07-25T16:38:46.307+0700] {processor.py:161} INFO - Started process (PID=14419) to work on /home/ngtph/airflow/airflow_venv/lib/python3.11/site-packages/airflow/example_dags/plugins/listener_plugin.py
[2025-07-25T16:38:46.309+0700] {processor.py:830} INFO - Processing file /home/ngtph/airflow/airflow_venv/lib/python3.11/site-packages/airflow/example_dags/plugins/listener_plugin.py for tasks to queue
[2025-07-25T16:38:46.309+0700] {logging_mixin.py:188} INFO - [2025-07-25T16:38:46.309+0700] {dagbag.py:538} INFO - Filling up the DagBag from /home/ngtph/airflow/airflow_venv/lib/python3.11/site-packages/airflow/example_dags/plugins/listener_plugin.py
[2025-07-25T16:38:46.311+0700] {processor.py:842} WARNING - No viable dags retrieved from /home/ngtph/airflow/airflow_venv/lib/python3.11/site-packages/airflow/example_dags/plugins/listener_plugin.py
[2025-07-25T16:38:47.395+0700] {processor.py:183} INFO - Processing /home/ngtph/airflow/airflow_venv/lib/python3.11/site-packages/airflow/example_dags/plugins/listener_plugin.py took 1.090 seconds
[2025-07-25T16:39:27.001+0700] {processor.py:161} INFO - Started process (PID=14491) to work on /home/ngtph/airflow/airflow_venv/lib/python3.11/site-packages/airflow/example_dags/plugins/listener_plugin.py
[2025-07-25T16:39:27.002+0700] {processor.py:830} INFO - Processing file /home/ngtph/airflow/airflow_venv/lib/python3.11/site-packages/airflow/example_dags/plugins/listener_plugin.py for tasks to queue
[2025-07-25T16:39:27.003+0700] {logging_mixin.py:188} INFO - [2025-07-25T16:39:27.003+0700] {dagbag.py:538} INFO - Filling up the DagBag from /home/ngtph/airflow/airflow_venv/lib/python3.11/site-packages/airflow/example_dags/plugins/listener_plugin.py
[2025-07-25T16:39:27.006+0700] {processor.py:842} WARNING - No viable dags retrieved from /home/ngtph/airflow/airflow_venv/lib/python3.11/site-packages/airflow/example_dags/plugins/listener_plugin.py
[2025-07-25T16:39:28.296+0700] {processor.py:183} INFO - Processing /home/ngtph/airflow/airflow_venv/lib/python3.11/site-packages/airflow/example_dags/plugins/listener_plugin.py took 1.299 seconds
[2025-07-25T16:40:18.138+0700] {processor.py:161} INFO - Started process (PID=14581) to work on /home/ngtph/airflow/airflow_venv/lib/python3.11/site-packages/airflow/example_dags/plugins/listener_plugin.py
[2025-07-25T16:40:18.157+0700] {processor.py:830} INFO - Processing file /home/ngtph/airflow/airflow_venv/lib/python3.11/site-packages/airflow/example_dags/plugins/listener_plugin.py for tasks to queue
[2025-07-25T16:40:18.158+0700] {logging_mixin.py:188} INFO - [2025-07-25T16:40:18.158+0700] {dagbag.py:538} INFO - Filling up the DagBag from /home/ngtph/airflow/airflow_venv/lib/python3.11/site-packages/airflow/example_dags/plugins/listener_plugin.py
[2025-07-25T16:40:18.161+0700] {processor.py:842} WARNING - No viable dags retrieved from /home/ngtph/airflow/airflow_venv/lib/python3.11/site-packages/airflow/example_dags/plugins/listener_plugin.py
[2025-07-25T16:40:19.326+0700] {processor.py:183} INFO - Processing /home/ngtph/airflow/airflow_venv/lib/python3.11/site-packages/airflow/example_dags/plugins/listener_plugin.py took 1.192 seconds
[2025-07-25T16:40:45.473+0700] {processor.py:161} INFO - Started process (PID=14631) to work on /home/ngtph/airflow/airflow_venv/lib/python3.11/site-packages/airflow/example_dags/plugins/listener_plugin.py
[2025-07-25T16:40:45.474+0700] {processor.py:830} INFO - Processing file /home/ngtph/airflow/airflow_venv/lib/python3.11/site-packages/airflow/example_dags/plugins/listener_plugin.py for tasks to queue
[2025-07-25T16:40:45.475+0700] {logging_mixin.py:188} INFO - [2025-07-25T16:40:45.475+0700] {dagbag.py:538} INFO - Filling up the DagBag from /home/ngtph/airflow/airflow_venv/lib/python3.11/site-packages/airflow/example_dags/plugins/listener_plugin.py
[2025-07-25T16:40:45.477+0700] {processor.py:842} WARNING - No viable dags retrieved from /home/ngtph/airflow/airflow_venv/lib/python3.11/site-packages/airflow/example_dags/plugins/listener_plugin.py
[2025-07-25T16:40:49.628+0700] {processor.py:183} INFO - Processing /home/ngtph/airflow/airflow_venv/lib/python3.11/site-packages/airflow/example_dags/plugins/listener_plugin.py took 1.322 seconds
[2025-07-25T16:41:44.202+0700] {processor.py:161} INFO - Started process (PID=14727) to work on /home/ngtph/airflow/airflow_venv/lib/python3.11/site-packages/airflow/example_dags/plugins/listener_plugin.py
[2025-07-25T16:41:44.205+0700] {processor.py:830} INFO - Processing file /home/ngtph/airflow/airflow_venv/lib/python3.11/site-packages/airflow/example_dags/plugins/listener_plugin.py for tasks to queue
[2025-07-25T16:41:44.205+0700] {logging_mixin.py:188} INFO - [2025-07-25T16:41:44.205+0700] {dagbag.py:538} INFO - Filling up the DagBag from /home/ngtph/airflow/airflow_venv/lib/python3.11/site-packages/airflow/example_dags/plugins/listener_plugin.py
[2025-07-25T16:41:44.208+0700] {processor.py:842} WARNING - No viable dags retrieved from /home/ngtph/airflow/airflow_venv/lib/python3.11/site-packages/airflow/example_dags/plugins/listener_plugin.py
[2025-07-25T16:41:46.397+0700] {processor.py:183} INFO - Processing /home/ngtph/airflow/airflow_venv/lib/python3.11/site-packages/airflow/example_dags/plugins/listener_plugin.py took 2.199 seconds
[2025-07-25T16:42:31.562+0700] {processor.py:161} INFO - Started process (PID=14798) to work on /home/ngtph/airflow/airflow_venv/lib/python3.11/site-packages/airflow/example_dags/plugins/listener_plugin.py
[2025-07-25T16:42:31.564+0700] {processor.py:830} INFO - Processing file /home/ngtph/airflow/airflow_venv/lib/python3.11/site-packages/airflow/example_dags/plugins/listener_plugin.py for tasks to queue
[2025-07-25T16:42:31.565+0700] {logging_mixin.py:188} INFO - [2025-07-25T16:42:31.565+0700] {dagbag.py:538} INFO - Filling up the DagBag from /home/ngtph/airflow/airflow_venv/lib/python3.11/site-packages/airflow/example_dags/plugins/listener_plugin.py
[2025-07-25T16:42:31.567+0700] {processor.py:842} WARNING - No viable dags retrieved from /home/ngtph/airflow/airflow_venv/lib/python3.11/site-packages/airflow/example_dags/plugins/listener_plugin.py
[2025-07-25T16:42:33.211+0700] {processor.py:183} INFO - Processing /home/ngtph/airflow/airflow_venv/lib/python3.11/site-packages/airflow/example_dags/plugins/listener_plugin.py took 1.652 seconds
[2025-07-25T16:42:38.865+0700] {processor.py:161} INFO - Started process (PID=14821) to work on /home/ngtph/airflow/airflow_venv/lib/python3.11/site-packages/airflow/example_dags/plugins/listener_plugin.py
[2025-07-25T16:42:38.866+0700] {processor.py:830} INFO - Processing file /home/ngtph/airflow/airflow_venv/lib/python3.11/site-packages/airflow/example_dags/plugins/listener_plugin.py for tasks to queue
[2025-07-25T16:42:38.867+0700] {logging_mixin.py:188} INFO - [2025-07-25T16:42:38.867+0700] {dagbag.py:538} INFO - Filling up the DagBag from /home/ngtph/airflow/airflow_venv/lib/python3.11/site-packages/airflow/example_dags/plugins/listener_plugin.py
[2025-07-25T16:42:38.869+0700] {processor.py:842} WARNING - No viable dags retrieved from /home/ngtph/airflow/airflow_venv/lib/python3.11/site-packages/airflow/example_dags/plugins/listener_plugin.py
[2025-07-25T16:42:41.208+0700] {processor.py:183} INFO - Processing /home/ngtph/airflow/airflow_venv/lib/python3.11/site-packages/airflow/example_dags/plugins/listener_plugin.py took 2.346 seconds
[2025-07-25T16:43:29.148+0700] {processor.py:161} INFO - Started process (PID=14898) to work on /home/ngtph/airflow/airflow_venv/lib/python3.11/site-packages/airflow/example_dags/plugins/listener_plugin.py
[2025-07-25T16:43:29.150+0700] {processor.py:830} INFO - Processing file /home/ngtph/airflow/airflow_venv/lib/python3.11/site-packages/airflow/example_dags/plugins/listener_plugin.py for tasks to queue
[2025-07-25T16:43:29.150+0700] {logging_mixin.py:188} INFO - [2025-07-25T16:43:29.150+0700] {dagbag.py:538} INFO - Filling up the DagBag from /home/ngtph/airflow/airflow_venv/lib/python3.11/site-packages/airflow/example_dags/plugins/listener_plugin.py
[2025-07-25T16:43:29.153+0700] {processor.py:842} WARNING - No viable dags retrieved from /home/ngtph/airflow/airflow_venv/lib/python3.11/site-packages/airflow/example_dags/plugins/listener_plugin.py
[2025-07-25T16:43:30.330+0700] {processor.py:183} INFO - Processing /home/ngtph/airflow/airflow_venv/lib/python3.11/site-packages/airflow/example_dags/plugins/listener_plugin.py took 1.185 seconds
[2025-07-25T16:44:12.560+0700] {processor.py:161} INFO - Started process (PID=14992) to work on /home/ngtph/airflow/airflow_venv/lib/python3.11/site-packages/airflow/example_dags/plugins/listener_plugin.py
[2025-07-25T16:44:12.562+0700] {processor.py:830} INFO - Processing file /home/ngtph/airflow/airflow_venv/lib/python3.11/site-packages/airflow/example_dags/plugins/listener_plugin.py for tasks to queue
[2025-07-25T16:44:12.562+0700] {logging_mixin.py:188} INFO - [2025-07-25T16:44:12.562+0700] {dagbag.py:538} INFO - Filling up the DagBag from /home/ngtph/airflow/airflow_venv/lib/python3.11/site-packages/airflow/example_dags/plugins/listener_plugin.py
[2025-07-25T16:44:12.565+0700] {processor.py:842} WARNING - No viable dags retrieved from /home/ngtph/airflow/airflow_venv/lib/python3.11/site-packages/airflow/example_dags/plugins/listener_plugin.py
[2025-07-25T16:44:13.717+0700] {processor.py:183} INFO - Processing /home/ngtph/airflow/airflow_venv/lib/python3.11/site-packages/airflow/example_dags/plugins/listener_plugin.py took 1.160 seconds
[2025-07-25T16:45:05.353+0700] {processor.py:161} INFO - Started process (PID=15080) to work on /home/ngtph/airflow/airflow_venv/lib/python3.11/site-packages/airflow/example_dags/plugins/listener_plugin.py
[2025-07-25T16:45:05.355+0700] {processor.py:830} INFO - Processing file /home/ngtph/airflow/airflow_venv/lib/python3.11/site-packages/airflow/example_dags/plugins/listener_plugin.py for tasks to queue
[2025-07-25T16:45:05.356+0700] {logging_mixin.py:188} INFO - [2025-07-25T16:45:05.356+0700] {dagbag.py:538} INFO - Filling up the DagBag from /home/ngtph/airflow/airflow_venv/lib/python3.11/site-packages/airflow/example_dags/plugins/listener_plugin.py
[2025-07-25T16:45:05.361+0700] {processor.py:842} WARNING - No viable dags retrieved from /home/ngtph/airflow/airflow_venv/lib/python3.11/site-packages/airflow/example_dags/plugins/listener_plugin.py
[2025-07-25T16:45:06.806+0700] {processor.py:183} INFO - Processing /home/ngtph/airflow/airflow_venv/lib/python3.11/site-packages/airflow/example_dags/plugins/listener_plugin.py took 1.460 seconds
[2025-07-25T16:46:51.052+0700] {processor.py:161} INFO - Started process (PID=15183) to work on /home/ngtph/airflow/airflow_venv/lib/python3.11/site-packages/airflow/example_dags/plugins/listener_plugin.py
[2025-07-25T16:46:51.054+0700] {processor.py:830} INFO - Processing file /home/ngtph/airflow/airflow_venv/lib/python3.11/site-packages/airflow/example_dags/plugins/listener_plugin.py for tasks to queue
[2025-07-25T16:46:51.056+0700] {logging_mixin.py:188} INFO - [2025-07-25T16:46:51.055+0700] {dagbag.py:538} INFO - Filling up the DagBag from /home/ngtph/airflow/airflow_venv/lib/python3.11/site-packages/airflow/example_dags/plugins/listener_plugin.py
[2025-07-25T16:46:51.059+0700] {processor.py:842} WARNING - No viable dags retrieved from /home/ngtph/airflow/airflow_venv/lib/python3.11/site-packages/airflow/example_dags/plugins/listener_plugin.py
[2025-07-25T16:46:52.200+0700] {processor.py:183} INFO - Processing /home/ngtph/airflow/airflow_venv/lib/python3.11/site-packages/airflow/example_dags/plugins/listener_plugin.py took 1.154 seconds
[2025-07-25T16:48:16.393+0700] {processor.py:161} INFO - Started process (PID=15249) to work on /home/ngtph/airflow/airflow_venv/lib/python3.11/site-packages/airflow/example_dags/plugins/listener_plugin.py
[2025-07-25T16:48:16.396+0700] {processor.py:830} INFO - Processing file /home/ngtph/airflow/airflow_venv/lib/python3.11/site-packages/airflow/example_dags/plugins/listener_plugin.py for tasks to queue
[2025-07-25T16:48:16.399+0700] {logging_mixin.py:188} INFO - [2025-07-25T16:48:16.398+0700] {dagbag.py:538} INFO - Filling up the DagBag from /home/ngtph/airflow/airflow_venv/lib/python3.11/site-packages/airflow/example_dags/plugins/listener_plugin.py
[2025-07-25T16:48:16.405+0700] {processor.py:842} WARNING - No viable dags retrieved from /home/ngtph/airflow/airflow_venv/lib/python3.11/site-packages/airflow/example_dags/plugins/listener_plugin.py
[2025-07-25T16:48:17.834+0700] {processor.py:183} INFO - Processing /home/ngtph/airflow/airflow_venv/lib/python3.11/site-packages/airflow/example_dags/plugins/listener_plugin.py took 1.449 seconds
[2025-07-25T16:49:34.538+0700] {processor.py:161} INFO - Started process (PID=15316) to work on /home/ngtph/airflow/airflow_venv/lib/python3.11/site-packages/airflow/example_dags/plugins/listener_plugin.py
[2025-07-25T16:49:34.541+0700] {processor.py:830} INFO - Processing file /home/ngtph/airflow/airflow_venv/lib/python3.11/site-packages/airflow/example_dags/plugins/listener_plugin.py for tasks to queue
[2025-07-25T16:49:34.543+0700] {logging_mixin.py:188} INFO - [2025-07-25T16:49:34.542+0700] {dagbag.py:538} INFO - Filling up the DagBag from /home/ngtph/airflow/airflow_venv/lib/python3.11/site-packages/airflow/example_dags/plugins/listener_plugin.py
[2025-07-25T16:49:34.549+0700] {processor.py:842} WARNING - No viable dags retrieved from /home/ngtph/airflow/airflow_venv/lib/python3.11/site-packages/airflow/example_dags/plugins/listener_plugin.py
[2025-07-25T16:49:35.875+0700] {processor.py:183} INFO - Processing /home/ngtph/airflow/airflow_venv/lib/python3.11/site-packages/airflow/example_dags/plugins/listener_plugin.py took 1.342 seconds
[2025-07-25T16:50:48.093+0700] {processor.py:161} INFO - Started process (PID=15384) to work on /home/ngtph/airflow/airflow_venv/lib/python3.11/site-packages/airflow/example_dags/plugins/listener_plugin.py
[2025-07-25T16:50:48.098+0700] {processor.py:830} INFO - Processing file /home/ngtph/airflow/airflow_venv/lib/python3.11/site-packages/airflow/example_dags/plugins/listener_plugin.py for tasks to queue
[2025-07-25T16:50:48.101+0700] {logging_mixin.py:188} INFO - [2025-07-25T16:50:48.100+0700] {dagbag.py:538} INFO - Filling up the DagBag from /home/ngtph/airflow/airflow_venv/lib/python3.11/site-packages/airflow/example_dags/plugins/listener_plugin.py
[2025-07-25T16:50:48.109+0700] {processor.py:842} WARNING - No viable dags retrieved from /home/ngtph/airflow/airflow_venv/lib/python3.11/site-packages/airflow/example_dags/plugins/listener_plugin.py
[2025-07-25T16:50:49.797+0700] {processor.py:183} INFO - Processing /home/ngtph/airflow/airflow_venv/lib/python3.11/site-packages/airflow/example_dags/plugins/listener_plugin.py took 1.714 seconds
[2025-07-25T16:52:24.508+0700] {processor.py:161} INFO - Started process (PID=15456) to work on /home/ngtph/airflow/airflow_venv/lib/python3.11/site-packages/airflow/example_dags/plugins/listener_plugin.py
[2025-07-25T16:52:24.511+0700] {processor.py:830} INFO - Processing file /home/ngtph/airflow/airflow_venv/lib/python3.11/site-packages/airflow/example_dags/plugins/listener_plugin.py for tasks to queue
[2025-07-25T16:52:24.512+0700] {logging_mixin.py:188} INFO - [2025-07-25T16:52:24.511+0700] {dagbag.py:538} INFO - Filling up the DagBag from /home/ngtph/airflow/airflow_venv/lib/python3.11/site-packages/airflow/example_dags/plugins/listener_plugin.py
[2025-07-25T16:52:24.515+0700] {processor.py:842} WARNING - No viable dags retrieved from /home/ngtph/airflow/airflow_venv/lib/python3.11/site-packages/airflow/example_dags/plugins/listener_plugin.py
[2025-07-25T16:52:26.201+0700] {processor.py:183} INFO - Processing /home/ngtph/airflow/airflow_venv/lib/python3.11/site-packages/airflow/example_dags/plugins/listener_plugin.py took 1.697 seconds
[2025-07-25T16:53:29.277+0700] {processor.py:161} INFO - Started process (PID=15516) to work on /home/ngtph/airflow/airflow_venv/lib/python3.11/site-packages/airflow/example_dags/plugins/listener_plugin.py
[2025-07-25T16:53:29.289+0700] {processor.py:830} INFO - Processing file /home/ngtph/airflow/airflow_venv/lib/python3.11/site-packages/airflow/example_dags/plugins/listener_plugin.py for tasks to queue
[2025-07-25T16:53:29.290+0700] {logging_mixin.py:188} INFO - [2025-07-25T16:53:29.290+0700] {dagbag.py:538} INFO - Filling up the DagBag from /home/ngtph/airflow/airflow_venv/lib/python3.11/site-packages/airflow/example_dags/plugins/listener_plugin.py
[2025-07-25T16:53:29.296+0700] {processor.py:842} WARNING - No viable dags retrieved from /home/ngtph/airflow/airflow_venv/lib/python3.11/site-packages/airflow/example_dags/plugins/listener_plugin.py
[2025-07-25T16:53:30.462+0700] {processor.py:183} INFO - Processing /home/ngtph/airflow/airflow_venv/lib/python3.11/site-packages/airflow/example_dags/plugins/listener_plugin.py took 1.194 seconds
[2025-07-25T16:54:50.426+0700] {processor.py:161} INFO - Started process (PID=15579) to work on /home/ngtph/airflow/airflow_venv/lib/python3.11/site-packages/airflow/example_dags/plugins/listener_plugin.py
[2025-07-25T16:54:50.431+0700] {processor.py:830} INFO - Processing file /home/ngtph/airflow/airflow_venv/lib/python3.11/site-packages/airflow/example_dags/plugins/listener_plugin.py for tasks to queue
[2025-07-25T16:54:50.433+0700] {logging_mixin.py:188} INFO - [2025-07-25T16:54:50.432+0700] {dagbag.py:538} INFO - Filling up the DagBag from /home/ngtph/airflow/airflow_venv/lib/python3.11/site-packages/airflow/example_dags/plugins/listener_plugin.py
[2025-07-25T16:54:50.440+0700] {processor.py:842} WARNING - No viable dags retrieved from /home/ngtph/airflow/airflow_venv/lib/python3.11/site-packages/airflow/example_dags/plugins/listener_plugin.py
[2025-07-25T16:54:53.241+0700] {processor.py:183} INFO - Processing /home/ngtph/airflow/airflow_venv/lib/python3.11/site-packages/airflow/example_dags/plugins/listener_plugin.py took 2.825 seconds
[2025-07-25T16:55:58.971+0700] {processor.py:161} INFO - Started process (PID=15666) to work on /home/ngtph/airflow/airflow_venv/lib/python3.11/site-packages/airflow/example_dags/plugins/listener_plugin.py
[2025-07-25T16:55:58.973+0700] {processor.py:830} INFO - Processing file /home/ngtph/airflow/airflow_venv/lib/python3.11/site-packages/airflow/example_dags/plugins/listener_plugin.py for tasks to queue
[2025-07-25T16:55:58.974+0700] {logging_mixin.py:188} INFO - [2025-07-25T16:55:58.974+0700] {dagbag.py:538} INFO - Filling up the DagBag from /home/ngtph/airflow/airflow_venv/lib/python3.11/site-packages/airflow/example_dags/plugins/listener_plugin.py
[2025-07-25T16:55:58.977+0700] {processor.py:842} WARNING - No viable dags retrieved from /home/ngtph/airflow/airflow_venv/lib/python3.11/site-packages/airflow/example_dags/plugins/listener_plugin.py
[2025-07-25T16:56:00.242+0700] {processor.py:183} INFO - Processing /home/ngtph/airflow/airflow_venv/lib/python3.11/site-packages/airflow/example_dags/plugins/listener_plugin.py took 1.276 seconds
[2025-07-25T16:57:03.925+0700] {processor.py:161} INFO - Started process (PID=15735) to work on /home/ngtph/airflow/airflow_venv/lib/python3.11/site-packages/airflow/example_dags/plugins/listener_plugin.py
[2025-07-25T16:57:03.929+0700] {processor.py:830} INFO - Processing file /home/ngtph/airflow/airflow_venv/lib/python3.11/site-packages/airflow/example_dags/plugins/listener_plugin.py for tasks to queue
[2025-07-25T16:57:03.931+0700] {logging_mixin.py:188} INFO - [2025-07-25T16:57:03.930+0700] {dagbag.py:538} INFO - Filling up the DagBag from /home/ngtph/airflow/airflow_venv/lib/python3.11/site-packages/airflow/example_dags/plugins/listener_plugin.py
[2025-07-25T16:57:03.941+0700] {processor.py:842} WARNING - No viable dags retrieved from /home/ngtph/airflow/airflow_venv/lib/python3.11/site-packages/airflow/example_dags/plugins/listener_plugin.py
[2025-07-25T16:57:05.271+0700] {processor.py:183} INFO - Processing /home/ngtph/airflow/airflow_venv/lib/python3.11/site-packages/airflow/example_dags/plugins/listener_plugin.py took 1.359 seconds
[2025-07-25T16:58:06.165+0700] {processor.py:161} INFO - Started process (PID=15826) to work on /home/ngtph/airflow/airflow_venv/lib/python3.11/site-packages/airflow/example_dags/plugins/listener_plugin.py
[2025-07-25T16:58:06.168+0700] {processor.py:830} INFO - Processing file /home/ngtph/airflow/airflow_venv/lib/python3.11/site-packages/airflow/example_dags/plugins/listener_plugin.py for tasks to queue
[2025-07-25T16:58:06.171+0700] {logging_mixin.py:188} INFO - [2025-07-25T16:58:06.169+0700] {dagbag.py:538} INFO - Filling up the DagBag from /home/ngtph/airflow/airflow_venv/lib/python3.11/site-packages/airflow/example_dags/plugins/listener_plugin.py
[2025-07-25T16:58:06.177+0700] {processor.py:842} WARNING - No viable dags retrieved from /home/ngtph/airflow/airflow_venv/lib/python3.11/site-packages/airflow/example_dags/plugins/listener_plugin.py
[2025-07-25T16:58:07.362+0700] {processor.py:183} INFO - Processing /home/ngtph/airflow/airflow_venv/lib/python3.11/site-packages/airflow/example_dags/plugins/listener_plugin.py took 1.209 seconds
[2025-07-25T16:59:10.111+0700] {processor.py:161} INFO - Started process (PID=15898) to work on /home/ngtph/airflow/airflow_venv/lib/python3.11/site-packages/airflow/example_dags/plugins/listener_plugin.py
[2025-07-25T16:59:10.112+0700] {processor.py:830} INFO - Processing file /home/ngtph/airflow/airflow_venv/lib/python3.11/site-packages/airflow/example_dags/plugins/listener_plugin.py for tasks to queue
[2025-07-25T16:59:10.113+0700] {logging_mixin.py:188} INFO - [2025-07-25T16:59:10.113+0700] {dagbag.py:538} INFO - Filling up the DagBag from /home/ngtph/airflow/airflow_venv/lib/python3.11/site-packages/airflow/example_dags/plugins/listener_plugin.py
[2025-07-25T16:59:10.116+0700] {processor.py:842} WARNING - No viable dags retrieved from /home/ngtph/airflow/airflow_venv/lib/python3.11/site-packages/airflow/example_dags/plugins/listener_plugin.py
[2025-07-25T16:59:11.197+0700] {processor.py:183} INFO - Processing /home/ngtph/airflow/airflow_venv/lib/python3.11/site-packages/airflow/example_dags/plugins/listener_plugin.py took 1.091 seconds
[2025-07-25T17:00:12.428+0700] {processor.py:161} INFO - Started process (PID=15964) to work on /home/ngtph/airflow/airflow_venv/lib/python3.11/site-packages/airflow/example_dags/plugins/listener_plugin.py
[2025-07-25T17:00:12.430+0700] {processor.py:830} INFO - Processing file /home/ngtph/airflow/airflow_venv/lib/python3.11/site-packages/airflow/example_dags/plugins/listener_plugin.py for tasks to queue
[2025-07-25T17:00:12.432+0700] {logging_mixin.py:188} INFO - [2025-07-25T17:00:12.431+0700] {dagbag.py:538} INFO - Filling up the DagBag from /home/ngtph/airflow/airflow_venv/lib/python3.11/site-packages/airflow/example_dags/plugins/listener_plugin.py
[2025-07-25T17:00:12.438+0700] {processor.py:842} WARNING - No viable dags retrieved from /home/ngtph/airflow/airflow_venv/lib/python3.11/site-packages/airflow/example_dags/plugins/listener_plugin.py
[2025-07-25T17:00:13.814+0700] {processor.py:183} INFO - Processing /home/ngtph/airflow/airflow_venv/lib/python3.11/site-packages/airflow/example_dags/plugins/listener_plugin.py took 1.396 seconds
[2025-07-25T17:01:11.159+0700] {processor.py:161} INFO - Started process (PID=16026) to work on /home/ngtph/airflow/airflow_venv/lib/python3.11/site-packages/airflow/example_dags/plugins/listener_plugin.py
[2025-07-25T17:01:11.162+0700] {processor.py:830} INFO - Processing file /home/ngtph/airflow/airflow_venv/lib/python3.11/site-packages/airflow/example_dags/plugins/listener_plugin.py for tasks to queue
[2025-07-25T17:01:11.164+0700] {logging_mixin.py:188} INFO - [2025-07-25T17:01:11.163+0700] {dagbag.py:538} INFO - Filling up the DagBag from /home/ngtph/airflow/airflow_venv/lib/python3.11/site-packages/airflow/example_dags/plugins/listener_plugin.py
[2025-07-25T17:01:11.171+0700] {processor.py:842} WARNING - No viable dags retrieved from /home/ngtph/airflow/airflow_venv/lib/python3.11/site-packages/airflow/example_dags/plugins/listener_plugin.py
[2025-07-25T17:01:12.568+0700] {processor.py:183} INFO - Processing /home/ngtph/airflow/airflow_venv/lib/python3.11/site-packages/airflow/example_dags/plugins/listener_plugin.py took 1.418 seconds
[2025-07-25T17:02:59.952+0700] {processor.py:161} INFO - Started process (PID=16134) to work on /home/ngtph/airflow/airflow_venv/lib/python3.11/site-packages/airflow/example_dags/plugins/listener_plugin.py
[2025-07-25T17:02:59.953+0700] {processor.py:830} INFO - Processing file /home/ngtph/airflow/airflow_venv/lib/python3.11/site-packages/airflow/example_dags/plugins/listener_plugin.py for tasks to queue
[2025-07-25T17:02:59.955+0700] {logging_mixin.py:188} INFO - [2025-07-25T17:02:59.954+0700] {dagbag.py:538} INFO - Filling up the DagBag from /home/ngtph/airflow/airflow_venv/lib/python3.11/site-packages/airflow/example_dags/plugins/listener_plugin.py
[2025-07-25T17:02:59.960+0700] {processor.py:842} WARNING - No viable dags retrieved from /home/ngtph/airflow/airflow_venv/lib/python3.11/site-packages/airflow/example_dags/plugins/listener_plugin.py
[2025-07-25T17:03:01.086+0700] {processor.py:183} INFO - Processing /home/ngtph/airflow/airflow_venv/lib/python3.11/site-packages/airflow/example_dags/plugins/listener_plugin.py took 1.140 seconds
[2025-07-25T17:04:06.108+0700] {processor.py:161} INFO - Started process (PID=16209) to work on /home/ngtph/airflow/airflow_venv/lib/python3.11/site-packages/airflow/example_dags/plugins/listener_plugin.py
[2025-07-25T17:04:06.110+0700] {processor.py:830} INFO - Processing file /home/ngtph/airflow/airflow_venv/lib/python3.11/site-packages/airflow/example_dags/plugins/listener_plugin.py for tasks to queue
[2025-07-25T17:04:06.111+0700] {logging_mixin.py:188} INFO - [2025-07-25T17:04:06.110+0700] {dagbag.py:538} INFO - Filling up the DagBag from /home/ngtph/airflow/airflow_venv/lib/python3.11/site-packages/airflow/example_dags/plugins/listener_plugin.py
[2025-07-25T17:04:06.115+0700] {processor.py:842} WARNING - No viable dags retrieved from /home/ngtph/airflow/airflow_venv/lib/python3.11/site-packages/airflow/example_dags/plugins/listener_plugin.py
[2025-07-25T17:04:07.551+0700] {processor.py:183} INFO - Processing /home/ngtph/airflow/airflow_venv/lib/python3.11/site-packages/airflow/example_dags/plugins/listener_plugin.py took 1.451 seconds
[2025-07-25T17:05:14.967+0700] {processor.py:161} INFO - Started process (PID=16295) to work on /home/ngtph/airflow/airflow_venv/lib/python3.11/site-packages/airflow/example_dags/plugins/listener_plugin.py
[2025-07-25T17:05:14.971+0700] {processor.py:830} INFO - Processing file /home/ngtph/airflow/airflow_venv/lib/python3.11/site-packages/airflow/example_dags/plugins/listener_plugin.py for tasks to queue
[2025-07-25T17:05:14.973+0700] {logging_mixin.py:188} INFO - [2025-07-25T17:05:14.972+0700] {dagbag.py:538} INFO - Filling up the DagBag from /home/ngtph/airflow/airflow_venv/lib/python3.11/site-packages/airflow/example_dags/plugins/listener_plugin.py
[2025-07-25T17:05:14.980+0700] {processor.py:842} WARNING - No viable dags retrieved from /home/ngtph/airflow/airflow_venv/lib/python3.11/site-packages/airflow/example_dags/plugins/listener_plugin.py
[2025-07-25T17:05:16.192+0700] {processor.py:183} INFO - Processing /home/ngtph/airflow/airflow_venv/lib/python3.11/site-packages/airflow/example_dags/plugins/listener_plugin.py took 1.237 seconds
[2025-07-25T17:06:42.259+0700] {processor.py:161} INFO - Started process (PID=16374) to work on /home/ngtph/airflow/airflow_venv/lib/python3.11/site-packages/airflow/example_dags/plugins/listener_plugin.py
[2025-07-25T17:06:42.262+0700] {processor.py:830} INFO - Processing file /home/ngtph/airflow/airflow_venv/lib/python3.11/site-packages/airflow/example_dags/plugins/listener_plugin.py for tasks to queue
[2025-07-25T17:06:42.264+0700] {logging_mixin.py:188} INFO - [2025-07-25T17:06:42.263+0700] {dagbag.py:538} INFO - Filling up the DagBag from /home/ngtph/airflow/airflow_venv/lib/python3.11/site-packages/airflow/example_dags/plugins/listener_plugin.py
[2025-07-25T17:06:42.270+0700] {processor.py:842} WARNING - No viable dags retrieved from /home/ngtph/airflow/airflow_venv/lib/python3.11/site-packages/airflow/example_dags/plugins/listener_plugin.py
[2025-07-25T17:06:45.216+0700] {processor.py:183} INFO - Processing /home/ngtph/airflow/airflow_venv/lib/python3.11/site-packages/airflow/example_dags/plugins/listener_plugin.py took 1.450 seconds
[2025-07-25T17:08:10.220+0700] {processor.py:161} INFO - Started process (PID=16460) to work on /home/ngtph/airflow/airflow_venv/lib/python3.11/site-packages/airflow/example_dags/plugins/listener_plugin.py
[2025-07-25T17:08:10.222+0700] {processor.py:830} INFO - Processing file /home/ngtph/airflow/airflow_venv/lib/python3.11/site-packages/airflow/example_dags/plugins/listener_plugin.py for tasks to queue
[2025-07-25T17:08:10.224+0700] {logging_mixin.py:188} INFO - [2025-07-25T17:08:10.223+0700] {dagbag.py:538} INFO - Filling up the DagBag from /home/ngtph/airflow/airflow_venv/lib/python3.11/site-packages/airflow/example_dags/plugins/listener_plugin.py
[2025-07-25T17:08:10.230+0700] {processor.py:842} WARNING - No viable dags retrieved from /home/ngtph/airflow/airflow_venv/lib/python3.11/site-packages/airflow/example_dags/plugins/listener_plugin.py
[2025-07-25T17:08:11.644+0700] {processor.py:183} INFO - Processing /home/ngtph/airflow/airflow_venv/lib/python3.11/site-packages/airflow/example_dags/plugins/listener_plugin.py took 1.430 seconds
[2025-07-25T17:09:17.159+0700] {processor.py:161} INFO - Started process (PID=16529) to work on /home/ngtph/airflow/airflow_venv/lib/python3.11/site-packages/airflow/example_dags/plugins/listener_plugin.py
[2025-07-25T17:09:17.164+0700] {processor.py:830} INFO - Processing file /home/ngtph/airflow/airflow_venv/lib/python3.11/site-packages/airflow/example_dags/plugins/listener_plugin.py for tasks to queue
[2025-07-25T17:09:17.166+0700] {logging_mixin.py:188} INFO - [2025-07-25T17:09:17.165+0700] {dagbag.py:538} INFO - Filling up the DagBag from /home/ngtph/airflow/airflow_venv/lib/python3.11/site-packages/airflow/example_dags/plugins/listener_plugin.py
[2025-07-25T17:09:17.171+0700] {processor.py:842} WARNING - No viable dags retrieved from /home/ngtph/airflow/airflow_venv/lib/python3.11/site-packages/airflow/example_dags/plugins/listener_plugin.py
[2025-07-25T17:09:18.671+0700] {processor.py:183} INFO - Processing /home/ngtph/airflow/airflow_venv/lib/python3.11/site-packages/airflow/example_dags/plugins/listener_plugin.py took 1.519 seconds
[2025-07-25T17:10:23.452+0700] {processor.py:161} INFO - Started process (PID=16598) to work on /home/ngtph/airflow/airflow_venv/lib/python3.11/site-packages/airflow/example_dags/plugins/listener_plugin.py
[2025-07-25T17:10:23.455+0700] {processor.py:830} INFO - Processing file /home/ngtph/airflow/airflow_venv/lib/python3.11/site-packages/airflow/example_dags/plugins/listener_plugin.py for tasks to queue
[2025-07-25T17:10:23.457+0700] {logging_mixin.py:188} INFO - [2025-07-25T17:10:23.456+0700] {dagbag.py:538} INFO - Filling up the DagBag from /home/ngtph/airflow/airflow_venv/lib/python3.11/site-packages/airflow/example_dags/plugins/listener_plugin.py
[2025-07-25T17:10:23.462+0700] {processor.py:842} WARNING - No viable dags retrieved from /home/ngtph/airflow/airflow_venv/lib/python3.11/site-packages/airflow/example_dags/plugins/listener_plugin.py
[2025-07-25T17:10:24.800+0700] {processor.py:183} INFO - Processing /home/ngtph/airflow/airflow_venv/lib/python3.11/site-packages/airflow/example_dags/plugins/listener_plugin.py took 1.358 seconds
[2025-07-25T17:11:25.671+0700] {processor.py:161} INFO - Started process (PID=16672) to work on /home/ngtph/airflow/airflow_venv/lib/python3.11/site-packages/airflow/example_dags/plugins/listener_plugin.py
[2025-07-25T17:11:25.675+0700] {processor.py:830} INFO - Processing file /home/ngtph/airflow/airflow_venv/lib/python3.11/site-packages/airflow/example_dags/plugins/listener_plugin.py for tasks to queue
[2025-07-25T17:11:25.676+0700] {logging_mixin.py:188} INFO - [2025-07-25T17:11:25.676+0700] {dagbag.py:538} INFO - Filling up the DagBag from /home/ngtph/airflow/airflow_venv/lib/python3.11/site-packages/airflow/example_dags/plugins/listener_plugin.py
[2025-07-25T17:11:25.682+0700] {processor.py:842} WARNING - No viable dags retrieved from /home/ngtph/airflow/airflow_venv/lib/python3.11/site-packages/airflow/example_dags/plugins/listener_plugin.py
[2025-07-25T17:11:26.795+0700] {processor.py:183} INFO - Processing /home/ngtph/airflow/airflow_venv/lib/python3.11/site-packages/airflow/example_dags/plugins/listener_plugin.py took 1.132 seconds
