[2025-07-25T15:31:43.430+0700] {processor.py:161} INFO - Started process (PID=7092) to work on /home/ngtph/airflow/airflow_venv/lib/python3.11/site-packages/airflow/example_dags/plugins/workday.py
[2025-07-25T15:31:43.431+0700] {processor.py:830} INFO - Processing file /home/ngtph/airflow/airflow_venv/lib/python3.11/site-packages/airflow/example_dags/plugins/workday.py for tasks to queue
[2025-07-25T15:31:43.432+0700] {logging_mixin.py:188} INFO - [2025-07-25T15:31:43.431+0700] {dagbag.py:538} INFO - Filling up the DagBag from /home/ngtph/airflow/airflow_venv/lib/python3.11/site-packages/airflow/example_dags/plugins/workday.py
[2025-07-25T15:31:43.965+0700] {processor.py:842} WARNING - No viable dags retrieved from /home/ngtph/airflow/airflow_venv/lib/python3.11/site-packages/airflow/example_dags/plugins/workday.py
[2025-07-25T15:31:43.973+0700] {processor.py:183} INFO - Processing /home/ngtph/airflow/airflow_venv/lib/python3.11/site-packages/airflow/example_dags/plugins/workday.py took 0.546 seconds
[2025-07-25T15:32:37.392+0700] {processor.py:161} INFO - Started process (PID=7150) to work on /home/ngtph/airflow/airflow_venv/lib/python3.11/site-packages/airflow/example_dags/plugins/workday.py
[2025-07-25T15:32:37.394+0700] {processor.py:830} INFO - Processing file /home/ngtph/airflow/airflow_venv/lib/python3.11/site-packages/airflow/example_dags/plugins/workday.py for tasks to queue
[2025-07-25T15:32:37.395+0700] {logging_mixin.py:188} INFO - [2025-07-25T15:32:37.394+0700] {dagbag.py:538} INFO - Filling up the DagBag from /home/ngtph/airflow/airflow_venv/lib/python3.11/site-packages/airflow/example_dags/plugins/workday.py
[2025-07-25T15:32:37.895+0700] {processor.py:842} WARNING - No viable dags retrieved from /home/ngtph/airflow/airflow_venv/lib/python3.11/site-packages/airflow/example_dags/plugins/workday.py
[2025-07-25T15:32:37.903+0700] {processor.py:183} INFO - Processing /home/ngtph/airflow/airflow_venv/lib/python3.11/site-packages/airflow/example_dags/plugins/workday.py took 0.514 seconds
[2025-07-25T15:33:28.223+0700] {processor.py:161} INFO - Started process (PID=7203) to work on /home/ngtph/airflow/airflow_venv/lib/python3.11/site-packages/airflow/example_dags/plugins/workday.py
[2025-07-25T15:33:28.224+0700] {processor.py:830} INFO - Processing file /home/ngtph/airflow/airflow_venv/lib/python3.11/site-packages/airflow/example_dags/plugins/workday.py for tasks to queue
[2025-07-25T15:33:28.225+0700] {logging_mixin.py:188} INFO - [2025-07-25T15:33:28.225+0700] {dagbag.py:538} INFO - Filling up the DagBag from /home/ngtph/airflow/airflow_venv/lib/python3.11/site-packages/airflow/example_dags/plugins/workday.py
[2025-07-25T15:33:28.902+0700] {processor.py:842} WARNING - No viable dags retrieved from /home/ngtph/airflow/airflow_venv/lib/python3.11/site-packages/airflow/example_dags/plugins/workday.py
[2025-07-25T15:33:28.913+0700] {processor.py:183} INFO - Processing /home/ngtph/airflow/airflow_venv/lib/python3.11/site-packages/airflow/example_dags/plugins/workday.py took 0.694 seconds
[2025-07-25T15:34:16.228+0700] {processor.py:161} INFO - Started process (PID=7274) to work on /home/ngtph/airflow/airflow_venv/lib/python3.11/site-packages/airflow/example_dags/plugins/workday.py
[2025-07-25T15:34:16.229+0700] {processor.py:830} INFO - Processing file /home/ngtph/airflow/airflow_venv/lib/python3.11/site-packages/airflow/example_dags/plugins/workday.py for tasks to queue
[2025-07-25T15:34:16.230+0700] {logging_mixin.py:188} INFO - [2025-07-25T15:34:16.230+0700] {dagbag.py:538} INFO - Filling up the DagBag from /home/ngtph/airflow/airflow_venv/lib/python3.11/site-packages/airflow/example_dags/plugins/workday.py
[2025-07-25T15:34:16.525+0700] {processor.py:842} WARNING - No viable dags retrieved from /home/ngtph/airflow/airflow_venv/lib/python3.11/site-packages/airflow/example_dags/plugins/workday.py
[2025-07-25T15:34:16.537+0700] {processor.py:183} INFO - Processing /home/ngtph/airflow/airflow_venv/lib/python3.11/site-packages/airflow/example_dags/plugins/workday.py took 0.312 seconds
[2025-07-25T15:35:08.663+0700] {processor.py:161} INFO - Started process (PID=7332) to work on /home/ngtph/airflow/airflow_venv/lib/python3.11/site-packages/airflow/example_dags/plugins/workday.py
[2025-07-25T15:35:08.664+0700] {processor.py:830} INFO - Processing file /home/ngtph/airflow/airflow_venv/lib/python3.11/site-packages/airflow/example_dags/plugins/workday.py for tasks to queue
[2025-07-25T15:35:08.665+0700] {logging_mixin.py:188} INFO - [2025-07-25T15:35:08.664+0700] {dagbag.py:538} INFO - Filling up the DagBag from /home/ngtph/airflow/airflow_venv/lib/python3.11/site-packages/airflow/example_dags/plugins/workday.py
[2025-07-25T15:35:08.900+0700] {processor.py:842} WARNING - No viable dags retrieved from /home/ngtph/airflow/airflow_venv/lib/python3.11/site-packages/airflow/example_dags/plugins/workday.py
[2025-07-25T15:35:08.912+0700] {processor.py:183} INFO - Processing /home/ngtph/airflow/airflow_venv/lib/python3.11/site-packages/airflow/example_dags/plugins/workday.py took 0.252 seconds
[2025-07-25T15:35:51.282+0700] {processor.py:161} INFO - Started process (PID=7384) to work on /home/ngtph/airflow/airflow_venv/lib/python3.11/site-packages/airflow/example_dags/plugins/workday.py
[2025-07-25T15:35:51.284+0700] {processor.py:830} INFO - Processing file /home/ngtph/airflow/airflow_venv/lib/python3.11/site-packages/airflow/example_dags/plugins/workday.py for tasks to queue
[2025-07-25T15:35:51.284+0700] {logging_mixin.py:188} INFO - [2025-07-25T15:35:51.284+0700] {dagbag.py:538} INFO - Filling up the DagBag from /home/ngtph/airflow/airflow_venv/lib/python3.11/site-packages/airflow/example_dags/plugins/workday.py
[2025-07-25T15:35:51.543+0700] {processor.py:842} WARNING - No viable dags retrieved from /home/ngtph/airflow/airflow_venv/lib/python3.11/site-packages/airflow/example_dags/plugins/workday.py
[2025-07-25T15:35:51.555+0700] {processor.py:183} INFO - Processing /home/ngtph/airflow/airflow_venv/lib/python3.11/site-packages/airflow/example_dags/plugins/workday.py took 0.275 seconds
[2025-07-25T15:36:35.274+0700] {processor.py:161} INFO - Started process (PID=7433) to work on /home/ngtph/airflow/airflow_venv/lib/python3.11/site-packages/airflow/example_dags/plugins/workday.py
[2025-07-25T15:36:35.275+0700] {processor.py:830} INFO - Processing file /home/ngtph/airflow/airflow_venv/lib/python3.11/site-packages/airflow/example_dags/plugins/workday.py for tasks to queue
[2025-07-25T15:36:35.275+0700] {logging_mixin.py:188} INFO - [2025-07-25T15:36:35.275+0700] {dagbag.py:538} INFO - Filling up the DagBag from /home/ngtph/airflow/airflow_venv/lib/python3.11/site-packages/airflow/example_dags/plugins/workday.py
[2025-07-25T15:36:35.530+0700] {processor.py:842} WARNING - No viable dags retrieved from /home/ngtph/airflow/airflow_venv/lib/python3.11/site-packages/airflow/example_dags/plugins/workday.py
[2025-07-25T15:36:35.542+0700] {processor.py:183} INFO - Processing /home/ngtph/airflow/airflow_venv/lib/python3.11/site-packages/airflow/example_dags/plugins/workday.py took 0.270 seconds
[2025-07-25T15:40:36.318+0700] {processor.py:161} INFO - Started process (PID=7685) to work on /home/ngtph/airflow/airflow_venv/lib/python3.11/site-packages/airflow/example_dags/plugins/workday.py
[2025-07-25T15:40:36.319+0700] {processor.py:830} INFO - Processing file /home/ngtph/airflow/airflow_venv/lib/python3.11/site-packages/airflow/example_dags/plugins/workday.py for tasks to queue
[2025-07-25T15:40:36.320+0700] {logging_mixin.py:188} INFO - [2025-07-25T15:40:36.319+0700] {dagbag.py:538} INFO - Filling up the DagBag from /home/ngtph/airflow/airflow_venv/lib/python3.11/site-packages/airflow/example_dags/plugins/workday.py
[2025-07-25T15:40:36.888+0700] {processor.py:842} WARNING - No viable dags retrieved from /home/ngtph/airflow/airflow_venv/lib/python3.11/site-packages/airflow/example_dags/plugins/workday.py
[2025-07-25T15:40:38.403+0700] {processor.py:183} INFO - Processing /home/ngtph/airflow/airflow_venv/lib/python3.11/site-packages/airflow/example_dags/plugins/workday.py took 2.088 seconds
[2025-07-25T15:42:30.106+0700] {processor.py:161} INFO - Started process (PID=7942) to work on /home/ngtph/airflow/airflow_venv/lib/python3.11/site-packages/airflow/example_dags/plugins/workday.py
[2025-07-25T15:42:30.108+0700] {processor.py:830} INFO - Processing file /home/ngtph/airflow/airflow_venv/lib/python3.11/site-packages/airflow/example_dags/plugins/workday.py for tasks to queue
[2025-07-25T15:42:30.109+0700] {logging_mixin.py:188} INFO - [2025-07-25T15:42:30.108+0700] {dagbag.py:538} INFO - Filling up the DagBag from /home/ngtph/airflow/airflow_venv/lib/python3.11/site-packages/airflow/example_dags/plugins/workday.py
[2025-07-25T15:42:30.727+0700] {processor.py:842} WARNING - No viable dags retrieved from /home/ngtph/airflow/airflow_venv/lib/python3.11/site-packages/airflow/example_dags/plugins/workday.py
[2025-07-25T15:42:32.354+0700] {processor.py:183} INFO - Processing /home/ngtph/airflow/airflow_venv/lib/python3.11/site-packages/airflow/example_dags/plugins/workday.py took 2.251 seconds
[2025-07-25T15:54:24.742+0700] {processor.py:161} INFO - Started process (PID=8303) to work on /home/ngtph/airflow/airflow_venv/lib/python3.11/site-packages/airflow/example_dags/plugins/workday.py
[2025-07-25T15:54:24.743+0700] {processor.py:830} INFO - Processing file /home/ngtph/airflow/airflow_venv/lib/python3.11/site-packages/airflow/example_dags/plugins/workday.py for tasks to queue
[2025-07-25T15:54:24.744+0700] {logging_mixin.py:188} INFO - [2025-07-25T15:54:24.743+0700] {dagbag.py:538} INFO - Filling up the DagBag from /home/ngtph/airflow/airflow_venv/lib/python3.11/site-packages/airflow/example_dags/plugins/workday.py
[2025-07-25T15:54:25.546+0700] {processor.py:842} WARNING - No viable dags retrieved from /home/ngtph/airflow/airflow_venv/lib/python3.11/site-packages/airflow/example_dags/plugins/workday.py
[2025-07-25T15:54:27.783+0700] {processor.py:183} INFO - Processing /home/ngtph/airflow/airflow_venv/lib/python3.11/site-packages/airflow/example_dags/plugins/workday.py took 3.044 seconds
[2025-07-25T15:58:22.645+0700] {processor.py:161} INFO - Started process (PID=8835) to work on /home/ngtph/airflow/airflow_venv/lib/python3.11/site-packages/airflow/example_dags/plugins/workday.py
[2025-07-25T15:58:22.647+0700] {processor.py:830} INFO - Processing file /home/ngtph/airflow/airflow_venv/lib/python3.11/site-packages/airflow/example_dags/plugins/workday.py for tasks to queue
[2025-07-25T15:58:22.648+0700] {logging_mixin.py:188} INFO - [2025-07-25T15:58:22.647+0700] {dagbag.py:538} INFO - Filling up the DagBag from /home/ngtph/airflow/airflow_venv/lib/python3.11/site-packages/airflow/example_dags/plugins/workday.py
[2025-07-25T15:58:23.726+0700] {processor.py:842} WARNING - No viable dags retrieved from /home/ngtph/airflow/airflow_venv/lib/python3.11/site-packages/airflow/example_dags/plugins/workday.py
[2025-07-25T15:58:25.654+0700] {processor.py:183} INFO - Processing /home/ngtph/airflow/airflow_venv/lib/python3.11/site-packages/airflow/example_dags/plugins/workday.py took 3.012 seconds
[2025-07-25T15:59:35.156+0700] {processor.py:161} INFO - Started process (PID=9115) to work on /home/ngtph/airflow/airflow_venv/lib/python3.11/site-packages/airflow/example_dags/plugins/workday.py
[2025-07-25T15:59:35.157+0700] {processor.py:830} INFO - Processing file /home/ngtph/airflow/airflow_venv/lib/python3.11/site-packages/airflow/example_dags/plugins/workday.py for tasks to queue
[2025-07-25T15:59:35.158+0700] {logging_mixin.py:188} INFO - [2025-07-25T15:59:35.158+0700] {dagbag.py:538} INFO - Filling up the DagBag from /home/ngtph/airflow/airflow_venv/lib/python3.11/site-packages/airflow/example_dags/plugins/workday.py
[2025-07-25T15:59:35.807+0700] {processor.py:842} WARNING - No viable dags retrieved from /home/ngtph/airflow/airflow_venv/lib/python3.11/site-packages/airflow/example_dags/plugins/workday.py
[2025-07-25T15:59:36.966+0700] {processor.py:183} INFO - Processing /home/ngtph/airflow/airflow_venv/lib/python3.11/site-packages/airflow/example_dags/plugins/workday.py took 1.814 seconds
[2025-07-25T16:02:37.279+0700] {processor.py:161} INFO - Started process (PID=9564) to work on /home/ngtph/airflow/airflow_venv/lib/python3.11/site-packages/airflow/example_dags/plugins/workday.py
[2025-07-25T16:02:37.280+0700] {processor.py:830} INFO - Processing file /home/ngtph/airflow/airflow_venv/lib/python3.11/site-packages/airflow/example_dags/plugins/workday.py for tasks to queue
[2025-07-25T16:02:37.280+0700] {logging_mixin.py:188} INFO - [2025-07-25T16:02:37.280+0700] {dagbag.py:538} INFO - Filling up the DagBag from /home/ngtph/airflow/airflow_venv/lib/python3.11/site-packages/airflow/example_dags/plugins/workday.py
[2025-07-25T16:02:38.611+0700] {processor.py:842} WARNING - No viable dags retrieved from /home/ngtph/airflow/airflow_venv/lib/python3.11/site-packages/airflow/example_dags/plugins/workday.py
[2025-07-25T16:02:40.021+0700] {processor.py:183} INFO - Processing /home/ngtph/airflow/airflow_venv/lib/python3.11/site-packages/airflow/example_dags/plugins/workday.py took 2.745 seconds
[2025-07-25T16:03:51.779+0700] {processor.py:161} INFO - Started process (PID=9857) to work on /home/ngtph/airflow/airflow_venv/lib/python3.11/site-packages/airflow/example_dags/plugins/workday.py
[2025-07-25T16:03:51.780+0700] {processor.py:830} INFO - Processing file /home/ngtph/airflow/airflow_venv/lib/python3.11/site-packages/airflow/example_dags/plugins/workday.py for tasks to queue
[2025-07-25T16:03:51.781+0700] {logging_mixin.py:188} INFO - [2025-07-25T16:03:51.781+0700] {dagbag.py:538} INFO - Filling up the DagBag from /home/ngtph/airflow/airflow_venv/lib/python3.11/site-packages/airflow/example_dags/plugins/workday.py
[2025-07-25T16:03:52.510+0700] {processor.py:842} WARNING - No viable dags retrieved from /home/ngtph/airflow/airflow_venv/lib/python3.11/site-packages/airflow/example_dags/plugins/workday.py
[2025-07-25T16:03:56.372+0700] {processor.py:183} INFO - Processing /home/ngtph/airflow/airflow_venv/lib/python3.11/site-packages/airflow/example_dags/plugins/workday.py took 1.998 seconds
[2025-07-25T16:05:30.517+0700] {processor.py:161} INFO - Started process (PID=10201) to work on /home/ngtph/airflow/airflow_venv/lib/python3.11/site-packages/airflow/example_dags/plugins/workday.py
[2025-07-25T16:05:30.518+0700] {processor.py:830} INFO - Processing file /home/ngtph/airflow/airflow_venv/lib/python3.11/site-packages/airflow/example_dags/plugins/workday.py for tasks to queue
[2025-07-25T16:05:30.519+0700] {logging_mixin.py:188} INFO - [2025-07-25T16:05:30.519+0700] {dagbag.py:538} INFO - Filling up the DagBag from /home/ngtph/airflow/airflow_venv/lib/python3.11/site-packages/airflow/example_dags/plugins/workday.py
[2025-07-25T16:05:31.232+0700] {processor.py:842} WARNING - No viable dags retrieved from /home/ngtph/airflow/airflow_venv/lib/python3.11/site-packages/airflow/example_dags/plugins/workday.py
[2025-07-25T16:05:32.605+0700] {processor.py:183} INFO - Processing /home/ngtph/airflow/airflow_venv/lib/python3.11/site-packages/airflow/example_dags/plugins/workday.py took 2.091 seconds
[2025-07-25T16:07:06.002+0700] {processor.py:161} INFO - Started process (PID=10498) to work on /home/ngtph/airflow/airflow_venv/lib/python3.11/site-packages/airflow/example_dags/plugins/workday.py
[2025-07-25T16:07:06.005+0700] {processor.py:830} INFO - Processing file /home/ngtph/airflow/airflow_venv/lib/python3.11/site-packages/airflow/example_dags/plugins/workday.py for tasks to queue
[2025-07-25T16:07:06.006+0700] {logging_mixin.py:188} INFO - [2025-07-25T16:07:06.006+0700] {dagbag.py:538} INFO - Filling up the DagBag from /home/ngtph/airflow/airflow_venv/lib/python3.11/site-packages/airflow/example_dags/plugins/workday.py
[2025-07-25T16:07:06.326+0700] {processor.py:842} WARNING - No viable dags retrieved from /home/ngtph/airflow/airflow_venv/lib/python3.11/site-packages/airflow/example_dags/plugins/workday.py
[2025-07-25T16:07:08.444+0700] {processor.py:183} INFO - Processing /home/ngtph/airflow/airflow_venv/lib/python3.11/site-packages/airflow/example_dags/plugins/workday.py took 2.445 seconds
[2025-07-25T16:08:48.013+0700] {processor.py:161} INFO - Started process (PID=10820) to work on /home/ngtph/airflow/airflow_venv/lib/python3.11/site-packages/airflow/example_dags/plugins/workday.py
[2025-07-25T16:08:48.017+0700] {processor.py:830} INFO - Processing file /home/ngtph/airflow/airflow_venv/lib/python3.11/site-packages/airflow/example_dags/plugins/workday.py for tasks to queue
[2025-07-25T16:08:48.018+0700] {logging_mixin.py:188} INFO - [2025-07-25T16:08:48.018+0700] {dagbag.py:538} INFO - Filling up the DagBag from /home/ngtph/airflow/airflow_venv/lib/python3.11/site-packages/airflow/example_dags/plugins/workday.py
[2025-07-25T16:08:48.300+0700] {processor.py:842} WARNING - No viable dags retrieved from /home/ngtph/airflow/airflow_venv/lib/python3.11/site-packages/airflow/example_dags/plugins/workday.py
[2025-07-25T16:08:50.571+0700] {processor.py:183} INFO - Processing /home/ngtph/airflow/airflow_venv/lib/python3.11/site-packages/airflow/example_dags/plugins/workday.py took 2.561 seconds
[2025-07-25T16:10:15.676+0700] {processor.py:161} INFO - Started process (PID=11251) to work on /home/ngtph/airflow/airflow_venv/lib/python3.11/site-packages/airflow/example_dags/plugins/workday.py
[2025-07-25T16:10:15.677+0700] {processor.py:830} INFO - Processing file /home/ngtph/airflow/airflow_venv/lib/python3.11/site-packages/airflow/example_dags/plugins/workday.py for tasks to queue
[2025-07-25T16:10:15.678+0700] {logging_mixin.py:188} INFO - [2025-07-25T16:10:15.677+0700] {dagbag.py:538} INFO - Filling up the DagBag from /home/ngtph/airflow/airflow_venv/lib/python3.11/site-packages/airflow/example_dags/plugins/workday.py
[2025-07-25T16:10:16.318+0700] {processor.py:842} WARNING - No viable dags retrieved from /home/ngtph/airflow/airflow_venv/lib/python3.11/site-packages/airflow/example_dags/plugins/workday.py
[2025-07-25T16:10:19.818+0700] {processor.py:183} INFO - Processing /home/ngtph/airflow/airflow_venv/lib/python3.11/site-packages/airflow/example_dags/plugins/workday.py took 1.908 seconds
[2025-07-25T16:10:25.005+0700] {processor.py:161} INFO - Started process (PID=11285) to work on /home/ngtph/airflow/airflow_venv/lib/python3.11/site-packages/airflow/example_dags/plugins/workday.py
[2025-07-25T16:10:25.007+0700] {processor.py:830} INFO - Processing file /home/ngtph/airflow/airflow_venv/lib/python3.11/site-packages/airflow/example_dags/plugins/workday.py for tasks to queue
[2025-07-25T16:10:25.008+0700] {logging_mixin.py:188} INFO - [2025-07-25T16:10:25.008+0700] {dagbag.py:538} INFO - Filling up the DagBag from /home/ngtph/airflow/airflow_venv/lib/python3.11/site-packages/airflow/example_dags/plugins/workday.py
[2025-07-25T16:10:25.933+0700] {processor.py:842} WARNING - No viable dags retrieved from /home/ngtph/airflow/airflow_venv/lib/python3.11/site-packages/airflow/example_dags/plugins/workday.py
[2025-07-25T16:10:27.662+0700] {processor.py:183} INFO - Processing /home/ngtph/airflow/airflow_venv/lib/python3.11/site-packages/airflow/example_dags/plugins/workday.py took 2.661 seconds
[2025-07-25T16:11:38.148+0700] {processor.py:161} INFO - Started process (PID=11468) to work on /home/ngtph/airflow/airflow_venv/lib/python3.11/site-packages/airflow/example_dags/plugins/workday.py
[2025-07-25T16:11:38.149+0700] {processor.py:830} INFO - Processing file /home/ngtph/airflow/airflow_venv/lib/python3.11/site-packages/airflow/example_dags/plugins/workday.py for tasks to queue
[2025-07-25T16:11:38.150+0700] {logging_mixin.py:188} INFO - [2025-07-25T16:11:38.150+0700] {dagbag.py:538} INFO - Filling up the DagBag from /home/ngtph/airflow/airflow_venv/lib/python3.11/site-packages/airflow/example_dags/plugins/workday.py
[2025-07-25T16:11:39.037+0700] {processor.py:842} WARNING - No viable dags retrieved from /home/ngtph/airflow/airflow_venv/lib/python3.11/site-packages/airflow/example_dags/plugins/workday.py
[2025-07-25T16:11:40.532+0700] {processor.py:183} INFO - Processing /home/ngtph/airflow/airflow_venv/lib/python3.11/site-packages/airflow/example_dags/plugins/workday.py took 2.387 seconds
[2025-07-25T16:11:55.730+0700] {processor.py:161} INFO - Started process (PID=11645) to work on /home/ngtph/airflow/airflow_venv/lib/python3.11/site-packages/airflow/example_dags/plugins/workday.py
[2025-07-25T16:11:55.731+0700] {processor.py:830} INFO - Processing file /home/ngtph/airflow/airflow_venv/lib/python3.11/site-packages/airflow/example_dags/plugins/workday.py for tasks to queue
[2025-07-25T16:11:55.732+0700] {logging_mixin.py:188} INFO - [2025-07-25T16:11:55.732+0700] {dagbag.py:538} INFO - Filling up the DagBag from /home/ngtph/airflow/airflow_venv/lib/python3.11/site-packages/airflow/example_dags/plugins/workday.py
[2025-07-25T16:11:56.463+0700] {processor.py:842} WARNING - No viable dags retrieved from /home/ngtph/airflow/airflow_venv/lib/python3.11/site-packages/airflow/example_dags/plugins/workday.py
[2025-07-25T16:11:58.995+0700] {processor.py:183} INFO - Processing /home/ngtph/airflow/airflow_venv/lib/python3.11/site-packages/airflow/example_dags/plugins/workday.py took 3.268 seconds
[2025-07-25T16:13:26.643+0700] {processor.py:161} INFO - Started process (PID=11781) to work on /home/ngtph/airflow/airflow_venv/lib/python3.11/site-packages/airflow/example_dags/plugins/workday.py
[2025-07-25T16:13:26.645+0700] {processor.py:830} INFO - Processing file /home/ngtph/airflow/airflow_venv/lib/python3.11/site-packages/airflow/example_dags/plugins/workday.py for tasks to queue
[2025-07-25T16:13:26.646+0700] {logging_mixin.py:188} INFO - [2025-07-25T16:13:26.645+0700] {dagbag.py:538} INFO - Filling up the DagBag from /home/ngtph/airflow/airflow_venv/lib/python3.11/site-packages/airflow/example_dags/plugins/workday.py
[2025-07-25T16:13:28.453+0700] {processor.py:842} WARNING - No viable dags retrieved from /home/ngtph/airflow/airflow_venv/lib/python3.11/site-packages/airflow/example_dags/plugins/workday.py
[2025-07-25T16:13:28.689+0700] {processor.py:161} INFO - Started process (PID=11793) to work on /home/ngtph/airflow/airflow_venv/lib/python3.11/site-packages/airflow/example_dags/plugins/workday.py
[2025-07-25T16:13:28.692+0700] {processor.py:830} INFO - Processing file /home/ngtph/airflow/airflow_venv/lib/python3.11/site-packages/airflow/example_dags/plugins/workday.py for tasks to queue
[2025-07-25T16:13:28.695+0700] {logging_mixin.py:188} INFO - [2025-07-25T16:13:28.693+0700] {dagbag.py:538} INFO - Filling up the DagBag from /home/ngtph/airflow/airflow_venv/lib/python3.11/site-packages/airflow/example_dags/plugins/workday.py
[2025-07-25T16:13:30.039+0700] {processor.py:842} WARNING - No viable dags retrieved from /home/ngtph/airflow/airflow_venv/lib/python3.11/site-packages/airflow/example_dags/plugins/workday.py
[2025-07-25T16:13:30.799+0700] {processor.py:183} INFO - Processing /home/ngtph/airflow/airflow_venv/lib/python3.11/site-packages/airflow/example_dags/plugins/workday.py took 4.135 seconds
[2025-07-25T16:13:31.818+0700] {processor.py:183} INFO - Processing /home/ngtph/airflow/airflow_venv/lib/python3.11/site-packages/airflow/example_dags/plugins/workday.py took 3.144 seconds
[2025-07-25T16:15:13.202+0700] {processor.py:161} INFO - Started process (PID=12098) to work on /home/ngtph/airflow/airflow_venv/lib/python3.11/site-packages/airflow/example_dags/plugins/workday.py
[2025-07-25T16:15:13.203+0700] {processor.py:830} INFO - Processing file /home/ngtph/airflow/airflow_venv/lib/python3.11/site-packages/airflow/example_dags/plugins/workday.py for tasks to queue
[2025-07-25T16:15:13.204+0700] {logging_mixin.py:188} INFO - [2025-07-25T16:15:13.204+0700] {dagbag.py:538} INFO - Filling up the DagBag from /home/ngtph/airflow/airflow_venv/lib/python3.11/site-packages/airflow/example_dags/plugins/workday.py
[2025-07-25T16:15:13.905+0700] {processor.py:842} WARNING - No viable dags retrieved from /home/ngtph/airflow/airflow_venv/lib/python3.11/site-packages/airflow/example_dags/plugins/workday.py
[2025-07-25T16:15:15.204+0700] {processor.py:161} INFO - Started process (PID=12110) to work on /home/ngtph/airflow/airflow_venv/lib/python3.11/site-packages/airflow/example_dags/plugins/workday.py
[2025-07-25T16:15:15.206+0700] {processor.py:830} INFO - Processing file /home/ngtph/airflow/airflow_venv/lib/python3.11/site-packages/airflow/example_dags/plugins/workday.py for tasks to queue
[2025-07-25T16:15:15.206+0700] {logging_mixin.py:188} INFO - [2025-07-25T16:15:15.206+0700] {dagbag.py:538} INFO - Filling up the DagBag from /home/ngtph/airflow/airflow_venv/lib/python3.11/site-packages/airflow/example_dags/plugins/workday.py
[2025-07-25T16:15:15.239+0700] {processor.py:183} INFO - Processing /home/ngtph/airflow/airflow_venv/lib/python3.11/site-packages/airflow/example_dags/plugins/workday.py took 2.039 seconds
[2025-07-25T16:15:15.592+0700] {processor.py:842} WARNING - No viable dags retrieved from /home/ngtph/airflow/airflow_venv/lib/python3.11/site-packages/airflow/example_dags/plugins/workday.py
[2025-07-25T16:15:16.764+0700] {processor.py:183} INFO - Processing /home/ngtph/airflow/airflow_venv/lib/python3.11/site-packages/airflow/example_dags/plugins/workday.py took 1.563 seconds
[2025-07-25T16:16:36.481+0700] {processor.py:161} INFO - Started process (PID=12270) to work on /home/ngtph/airflow/airflow_venv/lib/python3.11/site-packages/airflow/example_dags/plugins/workday.py
[2025-07-25T16:16:36.484+0700] {processor.py:830} INFO - Processing file /home/ngtph/airflow/airflow_venv/lib/python3.11/site-packages/airflow/example_dags/plugins/workday.py for tasks to queue
[2025-07-25T16:16:36.485+0700] {logging_mixin.py:188} INFO - [2025-07-25T16:16:36.485+0700] {dagbag.py:538} INFO - Filling up the DagBag from /home/ngtph/airflow/airflow_venv/lib/python3.11/site-packages/airflow/example_dags/plugins/workday.py
[2025-07-25T16:16:36.716+0700] {processor.py:842} WARNING - No viable dags retrieved from /home/ngtph/airflow/airflow_venv/lib/python3.11/site-packages/airflow/example_dags/plugins/workday.py
[2025-07-25T16:16:37.779+0700] {processor.py:161} INFO - Started process (PID=12280) to work on /home/ngtph/airflow/airflow_venv/lib/python3.11/site-packages/airflow/example_dags/plugins/workday.py
[2025-07-25T16:16:37.780+0700] {processor.py:830} INFO - Processing file /home/ngtph/airflow/airflow_venv/lib/python3.11/site-packages/airflow/example_dags/plugins/workday.py for tasks to queue
[2025-07-25T16:16:37.781+0700] {logging_mixin.py:188} INFO - [2025-07-25T16:16:37.781+0700] {dagbag.py:538} INFO - Filling up the DagBag from /home/ngtph/airflow/airflow_venv/lib/python3.11/site-packages/airflow/example_dags/plugins/workday.py
[2025-07-25T16:16:37.927+0700] {processor.py:183} INFO - Processing /home/ngtph/airflow/airflow_venv/lib/python3.11/site-packages/airflow/example_dags/plugins/workday.py took 1.449 seconds
[2025-07-25T16:16:40.451+0700] {processor.py:842} WARNING - No viable dags retrieved from /home/ngtph/airflow/airflow_venv/lib/python3.11/site-packages/airflow/example_dags/plugins/workday.py
[2025-07-25T16:16:43.143+0700] {processor.py:183} INFO - Processing /home/ngtph/airflow/airflow_venv/lib/python3.11/site-packages/airflow/example_dags/plugins/workday.py took 2.966 seconds
[2025-07-25T16:17:35.080+0700] {processor.py:161} INFO - Started process (PID=12376) to work on /home/ngtph/airflow/airflow_venv/lib/python3.11/site-packages/airflow/example_dags/plugins/workday.py
[2025-07-25T16:17:35.082+0700] {processor.py:830} INFO - Processing file /home/ngtph/airflow/airflow_venv/lib/python3.11/site-packages/airflow/example_dags/plugins/workday.py for tasks to queue
[2025-07-25T16:17:35.082+0700] {logging_mixin.py:188} INFO - [2025-07-25T16:17:35.082+0700] {dagbag.py:538} INFO - Filling up the DagBag from /home/ngtph/airflow/airflow_venv/lib/python3.11/site-packages/airflow/example_dags/plugins/workday.py
[2025-07-25T16:17:35.333+0700] {processor.py:842} WARNING - No viable dags retrieved from /home/ngtph/airflow/airflow_venv/lib/python3.11/site-packages/airflow/example_dags/plugins/workday.py
[2025-07-25T16:17:36.590+0700] {processor.py:183} INFO - Processing /home/ngtph/airflow/airflow_venv/lib/python3.11/site-packages/airflow/example_dags/plugins/workday.py took 1.514 seconds
[2025-07-25T16:18:29.939+0700] {processor.py:161} INFO - Started process (PID=12468) to work on /home/ngtph/airflow/airflow_venv/lib/python3.11/site-packages/airflow/example_dags/plugins/workday.py
[2025-07-25T16:18:29.940+0700] {processor.py:830} INFO - Processing file /home/ngtph/airflow/airflow_venv/lib/python3.11/site-packages/airflow/example_dags/plugins/workday.py for tasks to queue
[2025-07-25T16:18:29.941+0700] {logging_mixin.py:188} INFO - [2025-07-25T16:18:29.940+0700] {dagbag.py:538} INFO - Filling up the DagBag from /home/ngtph/airflow/airflow_venv/lib/python3.11/site-packages/airflow/example_dags/plugins/workday.py
[2025-07-25T16:18:30.215+0700] {processor.py:842} WARNING - No viable dags retrieved from /home/ngtph/airflow/airflow_venv/lib/python3.11/site-packages/airflow/example_dags/plugins/workday.py
[2025-07-25T16:18:32.208+0700] {processor.py:183} INFO - Processing /home/ngtph/airflow/airflow_venv/lib/python3.11/site-packages/airflow/example_dags/plugins/workday.py took 2.272 seconds
[2025-07-25T16:19:14.627+0700] {processor.py:161} INFO - Started process (PID=12546) to work on /home/ngtph/airflow/airflow_venv/lib/python3.11/site-packages/airflow/example_dags/plugins/workday.py
[2025-07-25T16:19:14.628+0700] {processor.py:830} INFO - Processing file /home/ngtph/airflow/airflow_venv/lib/python3.11/site-packages/airflow/example_dags/plugins/workday.py for tasks to queue
[2025-07-25T16:19:14.629+0700] {logging_mixin.py:188} INFO - [2025-07-25T16:19:14.628+0700] {dagbag.py:538} INFO - Filling up the DagBag from /home/ngtph/airflow/airflow_venv/lib/python3.11/site-packages/airflow/example_dags/plugins/workday.py
[2025-07-25T16:19:14.956+0700] {processor.py:842} WARNING - No viable dags retrieved from /home/ngtph/airflow/airflow_venv/lib/python3.11/site-packages/airflow/example_dags/plugins/workday.py
[2025-07-25T16:19:16.228+0700] {processor.py:183} INFO - Processing /home/ngtph/airflow/airflow_venv/lib/python3.11/site-packages/airflow/example_dags/plugins/workday.py took 1.604 seconds
[2025-07-25T16:20:01.211+0700] {processor.py:161} INFO - Started process (PID=12631) to work on /home/ngtph/airflow/airflow_venv/lib/python3.11/site-packages/airflow/example_dags/plugins/workday.py
[2025-07-25T16:20:01.212+0700] {processor.py:830} INFO - Processing file /home/ngtph/airflow/airflow_venv/lib/python3.11/site-packages/airflow/example_dags/plugins/workday.py for tasks to queue
[2025-07-25T16:20:01.213+0700] {logging_mixin.py:188} INFO - [2025-07-25T16:20:01.213+0700] {dagbag.py:538} INFO - Filling up the DagBag from /home/ngtph/airflow/airflow_venv/lib/python3.11/site-packages/airflow/example_dags/plugins/workday.py
[2025-07-25T16:20:01.508+0700] {processor.py:842} WARNING - No viable dags retrieved from /home/ngtph/airflow/airflow_venv/lib/python3.11/site-packages/airflow/example_dags/plugins/workday.py
[2025-07-25T16:20:02.647+0700] {processor.py:183} INFO - Processing /home/ngtph/airflow/airflow_venv/lib/python3.11/site-packages/airflow/example_dags/plugins/workday.py took 1.439 seconds
[2025-07-25T16:20:37.710+0700] {processor.py:161} INFO - Started process (PID=12697) to work on /home/ngtph/airflow/airflow_venv/lib/python3.11/site-packages/airflow/example_dags/plugins/workday.py
[2025-07-25T16:20:37.712+0700] {processor.py:830} INFO - Processing file /home/ngtph/airflow/airflow_venv/lib/python3.11/site-packages/airflow/example_dags/plugins/workday.py for tasks to queue
[2025-07-25T16:20:37.712+0700] {logging_mixin.py:188} INFO - [2025-07-25T16:20:37.712+0700] {dagbag.py:538} INFO - Filling up the DagBag from /home/ngtph/airflow/airflow_venv/lib/python3.11/site-packages/airflow/example_dags/plugins/workday.py
[2025-07-25T16:20:37.950+0700] {processor.py:842} WARNING - No viable dags retrieved from /home/ngtph/airflow/airflow_venv/lib/python3.11/site-packages/airflow/example_dags/plugins/workday.py
[2025-07-25T16:20:39.738+0700] {processor.py:183} INFO - Processing /home/ngtph/airflow/airflow_venv/lib/python3.11/site-packages/airflow/example_dags/plugins/workday.py took 2.032 seconds
[2025-07-25T16:21:30.446+0700] {processor.py:161} INFO - Started process (PID=12791) to work on /home/ngtph/airflow/airflow_venv/lib/python3.11/site-packages/airflow/example_dags/plugins/workday.py
[2025-07-25T16:21:30.447+0700] {processor.py:830} INFO - Processing file /home/ngtph/airflow/airflow_venv/lib/python3.11/site-packages/airflow/example_dags/plugins/workday.py for tasks to queue
[2025-07-25T16:21:30.448+0700] {logging_mixin.py:188} INFO - [2025-07-25T16:21:30.447+0700] {dagbag.py:538} INFO - Filling up the DagBag from /home/ngtph/airflow/airflow_venv/lib/python3.11/site-packages/airflow/example_dags/plugins/workday.py
[2025-07-25T16:21:30.731+0700] {processor.py:842} WARNING - No viable dags retrieved from /home/ngtph/airflow/airflow_venv/lib/python3.11/site-packages/airflow/example_dags/plugins/workday.py
[2025-07-25T16:21:32.534+0700] {processor.py:183} INFO - Processing /home/ngtph/airflow/airflow_venv/lib/python3.11/site-packages/airflow/example_dags/plugins/workday.py took 2.091 seconds
[2025-07-25T16:21:34.281+0700] {processor.py:161} INFO - Started process (PID=12804) to work on /home/ngtph/airflow/airflow_venv/lib/python3.11/site-packages/airflow/example_dags/plugins/workday.py
[2025-07-25T16:21:34.282+0700] {processor.py:830} INFO - Processing file /home/ngtph/airflow/airflow_venv/lib/python3.11/site-packages/airflow/example_dags/plugins/workday.py for tasks to queue
[2025-07-25T16:21:34.283+0700] {logging_mixin.py:188} INFO - [2025-07-25T16:21:34.282+0700] {dagbag.py:538} INFO - Filling up the DagBag from /home/ngtph/airflow/airflow_venv/lib/python3.11/site-packages/airflow/example_dags/plugins/workday.py
[2025-07-25T16:21:34.527+0700] {processor.py:842} WARNING - No viable dags retrieved from /home/ngtph/airflow/airflow_venv/lib/python3.11/site-packages/airflow/example_dags/plugins/workday.py
[2025-07-25T16:21:35.817+0700] {processor.py:183} INFO - Processing /home/ngtph/airflow/airflow_venv/lib/python3.11/site-packages/airflow/example_dags/plugins/workday.py took 1.540 seconds
[2025-07-25T16:23:20.031+0700] {processor.py:161} INFO - Started process (PID=12973) to work on /home/ngtph/airflow/airflow_venv/lib/python3.11/site-packages/airflow/example_dags/plugins/workday.py
[2025-07-25T16:23:20.033+0700] {processor.py:830} INFO - Processing file /home/ngtph/airflow/airflow_venv/lib/python3.11/site-packages/airflow/example_dags/plugins/workday.py for tasks to queue
[2025-07-25T16:23:20.034+0700] {logging_mixin.py:188} INFO - [2025-07-25T16:23:20.033+0700] {dagbag.py:538} INFO - Filling up the DagBag from /home/ngtph/airflow/airflow_venv/lib/python3.11/site-packages/airflow/example_dags/plugins/workday.py
[2025-07-25T16:23:20.149+0700] {processor.py:161} INFO - Started process (PID=12981) to work on /home/ngtph/airflow/airflow_venv/lib/python3.11/site-packages/airflow/example_dags/plugins/workday.py
[2025-07-25T16:23:20.150+0700] {processor.py:830} INFO - Processing file /home/ngtph/airflow/airflow_venv/lib/python3.11/site-packages/airflow/example_dags/plugins/workday.py for tasks to queue
[2025-07-25T16:23:20.150+0700] {logging_mixin.py:188} INFO - [2025-07-25T16:23:20.150+0700] {dagbag.py:538} INFO - Filling up the DagBag from /home/ngtph/airflow/airflow_venv/lib/python3.11/site-packages/airflow/example_dags/plugins/workday.py
[2025-07-25T16:23:20.324+0700] {processor.py:842} WARNING - No viable dags retrieved from /home/ngtph/airflow/airflow_venv/lib/python3.11/site-packages/airflow/example_dags/plugins/workday.py
[2025-07-25T16:23:20.441+0700] {processor.py:842} WARNING - No viable dags retrieved from /home/ngtph/airflow/airflow_venv/lib/python3.11/site-packages/airflow/example_dags/plugins/workday.py
[2025-07-25T16:23:21.933+0700] {processor.py:183} INFO - Processing /home/ngtph/airflow/airflow_venv/lib/python3.11/site-packages/airflow/example_dags/plugins/workday.py took 1.788 seconds
[2025-07-25T16:23:22.207+0700] {processor.py:183} INFO - Processing /home/ngtph/airflow/airflow_venv/lib/python3.11/site-packages/airflow/example_dags/plugins/workday.py took 2.178 seconds
[2025-07-25T16:24:36.177+0700] {processor.py:161} INFO - Started process (PID=13082) to work on /home/ngtph/airflow/airflow_venv/lib/python3.11/site-packages/airflow/example_dags/plugins/workday.py
[2025-07-25T16:24:36.180+0700] {processor.py:830} INFO - Processing file /home/ngtph/airflow/airflow_venv/lib/python3.11/site-packages/airflow/example_dags/plugins/workday.py for tasks to queue
[2025-07-25T16:24:36.181+0700] {logging_mixin.py:188} INFO - [2025-07-25T16:24:36.181+0700] {dagbag.py:538} INFO - Filling up the DagBag from /home/ngtph/airflow/airflow_venv/lib/python3.11/site-packages/airflow/example_dags/plugins/workday.py
[2025-07-25T16:24:36.488+0700] {processor.py:842} WARNING - No viable dags retrieved from /home/ngtph/airflow/airflow_venv/lib/python3.11/site-packages/airflow/example_dags/plugins/workday.py
[2025-07-25T16:24:36.933+0700] {processor.py:161} INFO - Started process (PID=13090) to work on /home/ngtph/airflow/airflow_venv/lib/python3.11/site-packages/airflow/example_dags/plugins/workday.py
[2025-07-25T16:24:36.933+0700] {processor.py:830} INFO - Processing file /home/ngtph/airflow/airflow_venv/lib/python3.11/site-packages/airflow/example_dags/plugins/workday.py for tasks to queue
[2025-07-25T16:24:36.934+0700] {logging_mixin.py:188} INFO - [2025-07-25T16:24:36.934+0700] {dagbag.py:538} INFO - Filling up the DagBag from /home/ngtph/airflow/airflow_venv/lib/python3.11/site-packages/airflow/example_dags/plugins/workday.py
[2025-07-25T16:24:37.187+0700] {processor.py:842} WARNING - No viable dags retrieved from /home/ngtph/airflow/airflow_venv/lib/python3.11/site-packages/airflow/example_dags/plugins/workday.py
[2025-07-25T16:24:42.288+0700] {processor.py:183} INFO - Processing /home/ngtph/airflow/airflow_venv/lib/python3.11/site-packages/airflow/example_dags/plugins/workday.py took 6.114 seconds
[2025-07-25T16:24:43.136+0700] {processor.py:183} INFO - Processing /home/ngtph/airflow/airflow_venv/lib/python3.11/site-packages/airflow/example_dags/plugins/workday.py took 6.206 seconds
[2025-07-25T16:25:43.278+0700] {processor.py:161} INFO - Started process (PID=13192) to work on /home/ngtph/airflow/airflow_venv/lib/python3.11/site-packages/airflow/example_dags/plugins/workday.py
[2025-07-25T16:25:43.280+0700] {processor.py:830} INFO - Processing file /home/ngtph/airflow/airflow_venv/lib/python3.11/site-packages/airflow/example_dags/plugins/workday.py for tasks to queue
[2025-07-25T16:25:43.280+0700] {logging_mixin.py:188} INFO - [2025-07-25T16:25:43.280+0700] {dagbag.py:538} INFO - Filling up the DagBag from /home/ngtph/airflow/airflow_venv/lib/python3.11/site-packages/airflow/example_dags/plugins/workday.py
[2025-07-25T16:25:43.558+0700] {processor.py:842} WARNING - No viable dags retrieved from /home/ngtph/airflow/airflow_venv/lib/python3.11/site-packages/airflow/example_dags/plugins/workday.py
[2025-07-25T16:25:44.754+0700] {processor.py:183} INFO - Processing /home/ngtph/airflow/airflow_venv/lib/python3.11/site-packages/airflow/example_dags/plugins/workday.py took 1.479 seconds
[2025-07-25T16:25:45.333+0700] {processor.py:161} INFO - Started process (PID=13203) to work on /home/ngtph/airflow/airflow_venv/lib/python3.11/site-packages/airflow/example_dags/plugins/workday.py
[2025-07-25T16:25:45.334+0700] {processor.py:830} INFO - Processing file /home/ngtph/airflow/airflow_venv/lib/python3.11/site-packages/airflow/example_dags/plugins/workday.py for tasks to queue
[2025-07-25T16:25:45.335+0700] {logging_mixin.py:188} INFO - [2025-07-25T16:25:45.334+0700] {dagbag.py:538} INFO - Filling up the DagBag from /home/ngtph/airflow/airflow_venv/lib/python3.11/site-packages/airflow/example_dags/plugins/workday.py
[2025-07-25T16:25:45.549+0700] {processor.py:842} WARNING - No viable dags retrieved from /home/ngtph/airflow/airflow_venv/lib/python3.11/site-packages/airflow/example_dags/plugins/workday.py
[2025-07-25T16:25:46.612+0700] {processor.py:183} INFO - Processing /home/ngtph/airflow/airflow_venv/lib/python3.11/site-packages/airflow/example_dags/plugins/workday.py took 1.282 seconds
[2025-07-25T16:27:39.867+0700] {processor.py:161} INFO - Started process (PID=13357) to work on /home/ngtph/airflow/airflow_venv/lib/python3.11/site-packages/airflow/example_dags/plugins/workday.py
[2025-07-25T16:27:39.868+0700] {processor.py:830} INFO - Processing file /home/ngtph/airflow/airflow_venv/lib/python3.11/site-packages/airflow/example_dags/plugins/workday.py for tasks to queue
[2025-07-25T16:27:39.869+0700] {logging_mixin.py:188} INFO - [2025-07-25T16:27:39.868+0700] {dagbag.py:538} INFO - Filling up the DagBag from /home/ngtph/airflow/airflow_venv/lib/python3.11/site-packages/airflow/example_dags/plugins/workday.py
[2025-07-25T16:27:40.116+0700] {processor.py:842} WARNING - No viable dags retrieved from /home/ngtph/airflow/airflow_venv/lib/python3.11/site-packages/airflow/example_dags/plugins/workday.py
[2025-07-25T16:27:42.048+0700] {processor.py:183} INFO - Processing /home/ngtph/airflow/airflow_venv/lib/python3.11/site-packages/airflow/example_dags/plugins/workday.py took 2.185 seconds
[2025-07-25T16:27:42.322+0700] {processor.py:161} INFO - Started process (PID=13369) to work on /home/ngtph/airflow/airflow_venv/lib/python3.11/site-packages/airflow/example_dags/plugins/workday.py
[2025-07-25T16:27:42.322+0700] {processor.py:830} INFO - Processing file /home/ngtph/airflow/airflow_venv/lib/python3.11/site-packages/airflow/example_dags/plugins/workday.py for tasks to queue
[2025-07-25T16:27:42.323+0700] {logging_mixin.py:188} INFO - [2025-07-25T16:27:42.323+0700] {dagbag.py:538} INFO - Filling up the DagBag from /home/ngtph/airflow/airflow_venv/lib/python3.11/site-packages/airflow/example_dags/plugins/workday.py
[2025-07-25T16:27:42.626+0700] {processor.py:842} WARNING - No viable dags retrieved from /home/ngtph/airflow/airflow_venv/lib/python3.11/site-packages/airflow/example_dags/plugins/workday.py
[2025-07-25T16:27:43.985+0700] {processor.py:183} INFO - Processing /home/ngtph/airflow/airflow_venv/lib/python3.11/site-packages/airflow/example_dags/plugins/workday.py took 1.666 seconds
[2025-07-25T16:28:47.313+0700] {processor.py:161} INFO - Started process (PID=13456) to work on /home/ngtph/airflow/airflow_venv/lib/python3.11/site-packages/airflow/example_dags/plugins/workday.py
[2025-07-25T16:28:47.314+0700] {processor.py:830} INFO - Processing file /home/ngtph/airflow/airflow_venv/lib/python3.11/site-packages/airflow/example_dags/plugins/workday.py for tasks to queue
[2025-07-25T16:28:47.315+0700] {logging_mixin.py:188} INFO - [2025-07-25T16:28:47.314+0700] {dagbag.py:538} INFO - Filling up the DagBag from /home/ngtph/airflow/airflow_venv/lib/python3.11/site-packages/airflow/example_dags/plugins/workday.py
[2025-07-25T16:28:47.595+0700] {processor.py:842} WARNING - No viable dags retrieved from /home/ngtph/airflow/airflow_venv/lib/python3.11/site-packages/airflow/example_dags/plugins/workday.py
[2025-07-25T16:28:49.077+0700] {processor.py:161} INFO - Started process (PID=13468) to work on /home/ngtph/airflow/airflow_venv/lib/python3.11/site-packages/airflow/example_dags/plugins/workday.py
[2025-07-25T16:28:49.078+0700] {processor.py:830} INFO - Processing file /home/ngtph/airflow/airflow_venv/lib/python3.11/site-packages/airflow/example_dags/plugins/workday.py for tasks to queue
[2025-07-25T16:28:49.079+0700] {logging_mixin.py:188} INFO - [2025-07-25T16:28:49.079+0700] {dagbag.py:538} INFO - Filling up the DagBag from /home/ngtph/airflow/airflow_venv/lib/python3.11/site-packages/airflow/example_dags/plugins/workday.py
[2025-07-25T16:28:49.360+0700] {processor.py:842} WARNING - No viable dags retrieved from /home/ngtph/airflow/airflow_venv/lib/python3.11/site-packages/airflow/example_dags/plugins/workday.py
[2025-07-25T16:28:49.452+0700] {processor.py:183} INFO - Processing /home/ngtph/airflow/airflow_venv/lib/python3.11/site-packages/airflow/example_dags/plugins/workday.py took 2.144 seconds
[2025-07-25T16:28:51.760+0700] {processor.py:183} INFO - Processing /home/ngtph/airflow/airflow_venv/lib/python3.11/site-packages/airflow/example_dags/plugins/workday.py took 2.685 seconds
[2025-07-25T16:29:52.989+0700] {processor.py:161} INFO - Started process (PID=13564) to work on /home/ngtph/airflow/airflow_venv/lib/python3.11/site-packages/airflow/example_dags/plugins/workday.py
[2025-07-25T16:29:52.992+0700] {processor.py:830} INFO - Processing file /home/ngtph/airflow/airflow_venv/lib/python3.11/site-packages/airflow/example_dags/plugins/workday.py for tasks to queue
[2025-07-25T16:29:52.993+0700] {logging_mixin.py:188} INFO - [2025-07-25T16:29:52.993+0700] {dagbag.py:538} INFO - Filling up the DagBag from /home/ngtph/airflow/airflow_venv/lib/python3.11/site-packages/airflow/example_dags/plugins/workday.py
[2025-07-25T16:29:53.012+0700] {processor.py:161} INFO - Started process (PID=13565) to work on /home/ngtph/airflow/airflow_venv/lib/python3.11/site-packages/airflow/example_dags/plugins/workday.py
[2025-07-25T16:29:53.020+0700] {processor.py:830} INFO - Processing file /home/ngtph/airflow/airflow_venv/lib/python3.11/site-packages/airflow/example_dags/plugins/workday.py for tasks to queue
[2025-07-25T16:29:53.021+0700] {logging_mixin.py:188} INFO - [2025-07-25T16:29:53.020+0700] {dagbag.py:538} INFO - Filling up the DagBag from /home/ngtph/airflow/airflow_venv/lib/python3.11/site-packages/airflow/example_dags/plugins/workday.py
[2025-07-25T16:29:53.438+0700] {processor.py:842} WARNING - No viable dags retrieved from /home/ngtph/airflow/airflow_venv/lib/python3.11/site-packages/airflow/example_dags/plugins/workday.py
[2025-07-25T16:29:54.568+0700] {processor.py:183} INFO - Processing /home/ngtph/airflow/airflow_venv/lib/python3.11/site-packages/airflow/example_dags/plugins/workday.py took 1.561 seconds
[2025-07-25T16:29:55.985+0700] {processor.py:842} WARNING - No viable dags retrieved from /home/ngtph/airflow/airflow_venv/lib/python3.11/site-packages/airflow/example_dags/plugins/workday.py
[2025-07-25T16:29:57.195+0700] {processor.py:183} INFO - Processing /home/ngtph/airflow/airflow_venv/lib/python3.11/site-packages/airflow/example_dags/plugins/workday.py took 4.215 seconds
[2025-07-25T16:30:48.988+0700] {processor.py:161} INFO - Started process (PID=13662) to work on /home/ngtph/airflow/airflow_venv/lib/python3.11/site-packages/airflow/example_dags/plugins/workday.py
[2025-07-25T16:30:48.989+0700] {processor.py:830} INFO - Processing file /home/ngtph/airflow/airflow_venv/lib/python3.11/site-packages/airflow/example_dags/plugins/workday.py for tasks to queue
[2025-07-25T16:30:48.990+0700] {logging_mixin.py:188} INFO - [2025-07-25T16:30:48.989+0700] {dagbag.py:538} INFO - Filling up the DagBag from /home/ngtph/airflow/airflow_venv/lib/python3.11/site-packages/airflow/example_dags/plugins/workday.py
[2025-07-25T16:30:49.234+0700] {processor.py:842} WARNING - No viable dags retrieved from /home/ngtph/airflow/airflow_venv/lib/python3.11/site-packages/airflow/example_dags/plugins/workday.py
[2025-07-25T16:30:50.382+0700] {processor.py:183} INFO - Processing /home/ngtph/airflow/airflow_venv/lib/python3.11/site-packages/airflow/example_dags/plugins/workday.py took 1.397 seconds
[2025-07-25T16:31:46.742+0700] {processor.py:161} INFO - Started process (PID=13737) to work on /home/ngtph/airflow/airflow_venv/lib/python3.11/site-packages/airflow/example_dags/plugins/workday.py
[2025-07-25T16:31:46.743+0700] {processor.py:830} INFO - Processing file /home/ngtph/airflow/airflow_venv/lib/python3.11/site-packages/airflow/example_dags/plugins/workday.py for tasks to queue
[2025-07-25T16:31:46.744+0700] {logging_mixin.py:188} INFO - [2025-07-25T16:31:46.743+0700] {dagbag.py:538} INFO - Filling up the DagBag from /home/ngtph/airflow/airflow_venv/lib/python3.11/site-packages/airflow/example_dags/plugins/workday.py
[2025-07-25T16:31:47.054+0700] {processor.py:842} WARNING - No viable dags retrieved from /home/ngtph/airflow/airflow_venv/lib/python3.11/site-packages/airflow/example_dags/plugins/workday.py
[2025-07-25T16:31:48.333+0700] {processor.py:183} INFO - Processing /home/ngtph/airflow/airflow_venv/lib/python3.11/site-packages/airflow/example_dags/plugins/workday.py took 1.593 seconds
[2025-07-25T16:32:52.178+0700] {processor.py:161} INFO - Started process (PID=13831) to work on /home/ngtph/airflow/airflow_venv/lib/python3.11/site-packages/airflow/example_dags/plugins/workday.py
[2025-07-25T16:32:52.179+0700] {processor.py:830} INFO - Processing file /home/ngtph/airflow/airflow_venv/lib/python3.11/site-packages/airflow/example_dags/plugins/workday.py for tasks to queue
[2025-07-25T16:32:52.179+0700] {logging_mixin.py:188} INFO - [2025-07-25T16:32:52.179+0700] {dagbag.py:538} INFO - Filling up the DagBag from /home/ngtph/airflow/airflow_venv/lib/python3.11/site-packages/airflow/example_dags/plugins/workday.py
[2025-07-25T16:32:52.480+0700] {processor.py:842} WARNING - No viable dags retrieved from /home/ngtph/airflow/airflow_venv/lib/python3.11/site-packages/airflow/example_dags/plugins/workday.py
[2025-07-25T16:32:54.275+0700] {processor.py:183} INFO - Processing /home/ngtph/airflow/airflow_venv/lib/python3.11/site-packages/airflow/example_dags/plugins/workday.py took 2.101 seconds
[2025-07-25T16:32:57.793+0700] {processor.py:161} INFO - Started process (PID=13848) to work on /home/ngtph/airflow/airflow_venv/lib/python3.11/site-packages/airflow/example_dags/plugins/workday.py
[2025-07-25T16:32:57.795+0700] {processor.py:830} INFO - Processing file /home/ngtph/airflow/airflow_venv/lib/python3.11/site-packages/airflow/example_dags/plugins/workday.py for tasks to queue
[2025-07-25T16:32:57.796+0700] {logging_mixin.py:188} INFO - [2025-07-25T16:32:57.795+0700] {dagbag.py:538} INFO - Filling up the DagBag from /home/ngtph/airflow/airflow_venv/lib/python3.11/site-packages/airflow/example_dags/plugins/workday.py
[2025-07-25T16:32:58.065+0700] {processor.py:842} WARNING - No viable dags retrieved from /home/ngtph/airflow/airflow_venv/lib/python3.11/site-packages/airflow/example_dags/plugins/workday.py
[2025-07-25T16:32:59.408+0700] {processor.py:183} INFO - Processing /home/ngtph/airflow/airflow_venv/lib/python3.11/site-packages/airflow/example_dags/plugins/workday.py took 1.619 seconds
[2025-07-25T16:33:52.396+0700] {processor.py:161} INFO - Started process (PID=13928) to work on /home/ngtph/airflow/airflow_venv/lib/python3.11/site-packages/airflow/example_dags/plugins/workday.py
[2025-07-25T16:33:52.399+0700] {processor.py:830} INFO - Processing file /home/ngtph/airflow/airflow_venv/lib/python3.11/site-packages/airflow/example_dags/plugins/workday.py for tasks to queue
[2025-07-25T16:33:52.400+0700] {logging_mixin.py:188} INFO - [2025-07-25T16:33:52.399+0700] {dagbag.py:538} INFO - Filling up the DagBag from /home/ngtph/airflow/airflow_venv/lib/python3.11/site-packages/airflow/example_dags/plugins/workday.py
[2025-07-25T16:33:52.722+0700] {processor.py:842} WARNING - No viable dags retrieved from /home/ngtph/airflow/airflow_venv/lib/python3.11/site-packages/airflow/example_dags/plugins/workday.py
[2025-07-25T16:33:53.856+0700] {processor.py:183} INFO - Processing /home/ngtph/airflow/airflow_venv/lib/python3.11/site-packages/airflow/example_dags/plugins/workday.py took 1.463 seconds
[2025-07-25T16:34:37.737+0700] {processor.py:161} INFO - Started process (PID=14010) to work on /home/ngtph/airflow/airflow_venv/lib/python3.11/site-packages/airflow/example_dags/plugins/workday.py
[2025-07-25T16:34:37.738+0700] {processor.py:830} INFO - Processing file /home/ngtph/airflow/airflow_venv/lib/python3.11/site-packages/airflow/example_dags/plugins/workday.py for tasks to queue
[2025-07-25T16:34:37.739+0700] {logging_mixin.py:188} INFO - [2025-07-25T16:34:37.739+0700] {dagbag.py:538} INFO - Filling up the DagBag from /home/ngtph/airflow/airflow_venv/lib/python3.11/site-packages/airflow/example_dags/plugins/workday.py
[2025-07-25T16:34:37.969+0700] {processor.py:842} WARNING - No viable dags retrieved from /home/ngtph/airflow/airflow_venv/lib/python3.11/site-packages/airflow/example_dags/plugins/workday.py
[2025-07-25T16:34:39.109+0700] {processor.py:183} INFO - Processing /home/ngtph/airflow/airflow_venv/lib/python3.11/site-packages/airflow/example_dags/plugins/workday.py took 1.375 seconds
[2025-07-25T16:35:27.541+0700] {processor.py:161} INFO - Started process (PID=14088) to work on /home/ngtph/airflow/airflow_venv/lib/python3.11/site-packages/airflow/example_dags/plugins/workday.py
[2025-07-25T16:35:27.542+0700] {processor.py:830} INFO - Processing file /home/ngtph/airflow/airflow_venv/lib/python3.11/site-packages/airflow/example_dags/plugins/workday.py for tasks to queue
[2025-07-25T16:35:27.542+0700] {logging_mixin.py:188} INFO - [2025-07-25T16:35:27.542+0700] {dagbag.py:538} INFO - Filling up the DagBag from /home/ngtph/airflow/airflow_venv/lib/python3.11/site-packages/airflow/example_dags/plugins/workday.py
[2025-07-25T16:35:27.930+0700] {processor.py:842} WARNING - No viable dags retrieved from /home/ngtph/airflow/airflow_venv/lib/python3.11/site-packages/airflow/example_dags/plugins/workday.py
[2025-07-25T16:35:29.395+0700] {processor.py:183} INFO - Processing /home/ngtph/airflow/airflow_venv/lib/python3.11/site-packages/airflow/example_dags/plugins/workday.py took 1.858 seconds
[2025-07-25T16:36:06.567+0700] {processor.py:161} INFO - Started process (PID=14154) to work on /home/ngtph/airflow/airflow_venv/lib/python3.11/site-packages/airflow/example_dags/plugins/workday.py
[2025-07-25T16:36:06.568+0700] {processor.py:830} INFO - Processing file /home/ngtph/airflow/airflow_venv/lib/python3.11/site-packages/airflow/example_dags/plugins/workday.py for tasks to queue
[2025-07-25T16:36:06.569+0700] {logging_mixin.py:188} INFO - [2025-07-25T16:36:06.569+0700] {dagbag.py:538} INFO - Filling up the DagBag from /home/ngtph/airflow/airflow_venv/lib/python3.11/site-packages/airflow/example_dags/plugins/workday.py
[2025-07-25T16:36:06.823+0700] {processor.py:842} WARNING - No viable dags retrieved from /home/ngtph/airflow/airflow_venv/lib/python3.11/site-packages/airflow/example_dags/plugins/workday.py
[2025-07-25T16:36:11.428+0700] {processor.py:183} INFO - Processing /home/ngtph/airflow/airflow_venv/lib/python3.11/site-packages/airflow/example_dags/plugins/workday.py took 2.292 seconds
[2025-07-25T16:36:57.158+0700] {processor.py:161} INFO - Started process (PID=14242) to work on /home/ngtph/airflow/airflow_venv/lib/python3.11/site-packages/airflow/example_dags/plugins/workday.py
[2025-07-25T16:36:57.159+0700] {processor.py:830} INFO - Processing file /home/ngtph/airflow/airflow_venv/lib/python3.11/site-packages/airflow/example_dags/plugins/workday.py for tasks to queue
[2025-07-25T16:36:57.160+0700] {logging_mixin.py:188} INFO - [2025-07-25T16:36:57.160+0700] {dagbag.py:538} INFO - Filling up the DagBag from /home/ngtph/airflow/airflow_venv/lib/python3.11/site-packages/airflow/example_dags/plugins/workday.py
[2025-07-25T16:36:57.804+0700] {processor.py:842} WARNING - No viable dags retrieved from /home/ngtph/airflow/airflow_venv/lib/python3.11/site-packages/airflow/example_dags/plugins/workday.py
[2025-07-25T16:36:59.822+0700] {processor.py:183} INFO - Processing /home/ngtph/airflow/airflow_venv/lib/python3.11/site-packages/airflow/example_dags/plugins/workday.py took 2.668 seconds
[2025-07-25T16:37:55.346+0700] {processor.py:161} INFO - Started process (PID=14335) to work on /home/ngtph/airflow/airflow_venv/lib/python3.11/site-packages/airflow/example_dags/plugins/workday.py
[2025-07-25T16:37:55.348+0700] {processor.py:830} INFO - Processing file /home/ngtph/airflow/airflow_venv/lib/python3.11/site-packages/airflow/example_dags/plugins/workday.py for tasks to queue
[2025-07-25T16:37:55.348+0700] {logging_mixin.py:188} INFO - [2025-07-25T16:37:55.348+0700] {dagbag.py:538} INFO - Filling up the DagBag from /home/ngtph/airflow/airflow_venv/lib/python3.11/site-packages/airflow/example_dags/plugins/workday.py
[2025-07-25T16:37:55.589+0700] {processor.py:842} WARNING - No viable dags retrieved from /home/ngtph/airflow/airflow_venv/lib/python3.11/site-packages/airflow/example_dags/plugins/workday.py
[2025-07-25T16:37:57.845+0700] {processor.py:183} INFO - Processing /home/ngtph/airflow/airflow_venv/lib/python3.11/site-packages/airflow/example_dags/plugins/workday.py took 2.502 seconds
[2025-07-25T16:38:47.277+0700] {processor.py:161} INFO - Started process (PID=14420) to work on /home/ngtph/airflow/airflow_venv/lib/python3.11/site-packages/airflow/example_dags/plugins/workday.py
[2025-07-25T16:38:47.278+0700] {processor.py:830} INFO - Processing file /home/ngtph/airflow/airflow_venv/lib/python3.11/site-packages/airflow/example_dags/plugins/workday.py for tasks to queue
[2025-07-25T16:38:47.279+0700] {logging_mixin.py:188} INFO - [2025-07-25T16:38:47.278+0700] {dagbag.py:538} INFO - Filling up the DagBag from /home/ngtph/airflow/airflow_venv/lib/python3.11/site-packages/airflow/example_dags/plugins/workday.py
[2025-07-25T16:38:47.617+0700] {processor.py:842} WARNING - No viable dags retrieved from /home/ngtph/airflow/airflow_venv/lib/python3.11/site-packages/airflow/example_dags/plugins/workday.py
[2025-07-25T16:38:48.788+0700] {processor.py:183} INFO - Processing /home/ngtph/airflow/airflow_venv/lib/python3.11/site-packages/airflow/example_dags/plugins/workday.py took 1.514 seconds
[2025-07-25T16:39:27.009+0700] {processor.py:161} INFO - Started process (PID=14492) to work on /home/ngtph/airflow/airflow_venv/lib/python3.11/site-packages/airflow/example_dags/plugins/workday.py
[2025-07-25T16:39:27.010+0700] {processor.py:830} INFO - Processing file /home/ngtph/airflow/airflow_venv/lib/python3.11/site-packages/airflow/example_dags/plugins/workday.py for tasks to queue
[2025-07-25T16:39:27.011+0700] {logging_mixin.py:188} INFO - [2025-07-25T16:39:27.010+0700] {dagbag.py:538} INFO - Filling up the DagBag from /home/ngtph/airflow/airflow_venv/lib/python3.11/site-packages/airflow/example_dags/plugins/workday.py
[2025-07-25T16:39:27.386+0700] {processor.py:842} WARNING - No viable dags retrieved from /home/ngtph/airflow/airflow_venv/lib/python3.11/site-packages/airflow/example_dags/plugins/workday.py
[2025-07-25T16:39:28.631+0700] {processor.py:183} INFO - Processing /home/ngtph/airflow/airflow_venv/lib/python3.11/site-packages/airflow/example_dags/plugins/workday.py took 1.625 seconds
[2025-07-25T16:40:18.729+0700] {processor.py:161} INFO - Started process (PID=14583) to work on /home/ngtph/airflow/airflow_venv/lib/python3.11/site-packages/airflow/example_dags/plugins/workday.py
[2025-07-25T16:40:18.730+0700] {processor.py:830} INFO - Processing file /home/ngtph/airflow/airflow_venv/lib/python3.11/site-packages/airflow/example_dags/plugins/workday.py for tasks to queue
[2025-07-25T16:40:18.731+0700] {logging_mixin.py:188} INFO - [2025-07-25T16:40:18.731+0700] {dagbag.py:538} INFO - Filling up the DagBag from /home/ngtph/airflow/airflow_venv/lib/python3.11/site-packages/airflow/example_dags/plugins/workday.py
[2025-07-25T16:40:19.265+0700] {processor.py:842} WARNING - No viable dags retrieved from /home/ngtph/airflow/airflow_venv/lib/python3.11/site-packages/airflow/example_dags/plugins/workday.py
[2025-07-25T16:40:20.594+0700] {processor.py:183} INFO - Processing /home/ngtph/airflow/airflow_venv/lib/python3.11/site-packages/airflow/example_dags/plugins/workday.py took 1.868 seconds
[2025-07-25T16:40:49.462+0700] {processor.py:161} INFO - Started process (PID=14635) to work on /home/ngtph/airflow/airflow_venv/lib/python3.11/site-packages/airflow/example_dags/plugins/workday.py
[2025-07-25T16:40:49.463+0700] {processor.py:830} INFO - Processing file /home/ngtph/airflow/airflow_venv/lib/python3.11/site-packages/airflow/example_dags/plugins/workday.py for tasks to queue
[2025-07-25T16:40:49.464+0700] {logging_mixin.py:188} INFO - [2025-07-25T16:40:49.463+0700] {dagbag.py:538} INFO - Filling up the DagBag from /home/ngtph/airflow/airflow_venv/lib/python3.11/site-packages/airflow/example_dags/plugins/workday.py
[2025-07-25T16:40:49.864+0700] {processor.py:842} WARNING - No viable dags retrieved from /home/ngtph/airflow/airflow_venv/lib/python3.11/site-packages/airflow/example_dags/plugins/workday.py
[2025-07-25T16:40:51.945+0700] {processor.py:183} INFO - Processing /home/ngtph/airflow/airflow_venv/lib/python3.11/site-packages/airflow/example_dags/plugins/workday.py took 2.486 seconds
[2025-07-25T16:41:45.091+0700] {processor.py:161} INFO - Started process (PID=14729) to work on /home/ngtph/airflow/airflow_venv/lib/python3.11/site-packages/airflow/example_dags/plugins/workday.py
[2025-07-25T16:41:45.095+0700] {processor.py:830} INFO - Processing file /home/ngtph/airflow/airflow_venv/lib/python3.11/site-packages/airflow/example_dags/plugins/workday.py for tasks to queue
[2025-07-25T16:41:45.095+0700] {logging_mixin.py:188} INFO - [2025-07-25T16:41:45.095+0700] {dagbag.py:538} INFO - Filling up the DagBag from /home/ngtph/airflow/airflow_venv/lib/python3.11/site-packages/airflow/example_dags/plugins/workday.py
[2025-07-25T16:41:45.480+0700] {processor.py:842} WARNING - No viable dags retrieved from /home/ngtph/airflow/airflow_venv/lib/python3.11/site-packages/airflow/example_dags/plugins/workday.py
[2025-07-25T16:41:46.832+0700] {processor.py:183} INFO - Processing /home/ngtph/airflow/airflow_venv/lib/python3.11/site-packages/airflow/example_dags/plugins/workday.py took 1.744 seconds
[2025-07-25T16:42:31.571+0700] {processor.py:161} INFO - Started process (PID=14800) to work on /home/ngtph/airflow/airflow_venv/lib/python3.11/site-packages/airflow/example_dags/plugins/workday.py
[2025-07-25T16:42:31.572+0700] {processor.py:830} INFO - Processing file /home/ngtph/airflow/airflow_venv/lib/python3.11/site-packages/airflow/example_dags/plugins/workday.py for tasks to queue
[2025-07-25T16:42:31.573+0700] {logging_mixin.py:188} INFO - [2025-07-25T16:42:31.572+0700] {dagbag.py:538} INFO - Filling up the DagBag from /home/ngtph/airflow/airflow_venv/lib/python3.11/site-packages/airflow/example_dags/plugins/workday.py
[2025-07-25T16:42:32.808+0700] {processor.py:842} WARNING - No viable dags retrieved from /home/ngtph/airflow/airflow_venv/lib/python3.11/site-packages/airflow/example_dags/plugins/workday.py
[2025-07-25T16:42:33.968+0700] {processor.py:183} INFO - Processing /home/ngtph/airflow/airflow_venv/lib/python3.11/site-packages/airflow/example_dags/plugins/workday.py took 2.402 seconds
[2025-07-25T16:42:40.996+0700] {processor.py:161} INFO - Started process (PID=14824) to work on /home/ngtph/airflow/airflow_venv/lib/python3.11/site-packages/airflow/example_dags/plugins/workday.py
[2025-07-25T16:42:40.997+0700] {processor.py:830} INFO - Processing file /home/ngtph/airflow/airflow_venv/lib/python3.11/site-packages/airflow/example_dags/plugins/workday.py for tasks to queue
[2025-07-25T16:42:40.998+0700] {logging_mixin.py:188} INFO - [2025-07-25T16:42:40.997+0700] {dagbag.py:538} INFO - Filling up the DagBag from /home/ngtph/airflow/airflow_venv/lib/python3.11/site-packages/airflow/example_dags/plugins/workday.py
[2025-07-25T16:42:41.340+0700] {processor.py:842} WARNING - No viable dags retrieved from /home/ngtph/airflow/airflow_venv/lib/python3.11/site-packages/airflow/example_dags/plugins/workday.py
[2025-07-25T16:42:42.667+0700] {processor.py:183} INFO - Processing /home/ngtph/airflow/airflow_venv/lib/python3.11/site-packages/airflow/example_dags/plugins/workday.py took 1.673 seconds
[2025-07-25T16:43:30.202+0700] {processor.py:161} INFO - Started process (PID=14900) to work on /home/ngtph/airflow/airflow_venv/lib/python3.11/site-packages/airflow/example_dags/plugins/workday.py
[2025-07-25T16:43:30.205+0700] {processor.py:830} INFO - Processing file /home/ngtph/airflow/airflow_venv/lib/python3.11/site-packages/airflow/example_dags/plugins/workday.py for tasks to queue
[2025-07-25T16:43:30.206+0700] {logging_mixin.py:188} INFO - [2025-07-25T16:43:30.205+0700] {dagbag.py:538} INFO - Filling up the DagBag from /home/ngtph/airflow/airflow_venv/lib/python3.11/site-packages/airflow/example_dags/plugins/workday.py
[2025-07-25T16:43:30.483+0700] {processor.py:842} WARNING - No viable dags retrieved from /home/ngtph/airflow/airflow_venv/lib/python3.11/site-packages/airflow/example_dags/plugins/workday.py
[2025-07-25T16:43:32.774+0700] {processor.py:183} INFO - Processing /home/ngtph/airflow/airflow_venv/lib/python3.11/site-packages/airflow/example_dags/plugins/workday.py took 2.575 seconds
[2025-07-25T16:44:13.388+0700] {processor.py:161} INFO - Started process (PID=14993) to work on /home/ngtph/airflow/airflow_venv/lib/python3.11/site-packages/airflow/example_dags/plugins/workday.py
[2025-07-25T16:44:13.390+0700] {processor.py:830} INFO - Processing file /home/ngtph/airflow/airflow_venv/lib/python3.11/site-packages/airflow/example_dags/plugins/workday.py for tasks to queue
[2025-07-25T16:44:13.391+0700] {logging_mixin.py:188} INFO - [2025-07-25T16:44:13.390+0700] {dagbag.py:538} INFO - Filling up the DagBag from /home/ngtph/airflow/airflow_venv/lib/python3.11/site-packages/airflow/example_dags/plugins/workday.py
[2025-07-25T16:44:13.795+0700] {processor.py:842} WARNING - No viable dags retrieved from /home/ngtph/airflow/airflow_venv/lib/python3.11/site-packages/airflow/example_dags/plugins/workday.py
[2025-07-25T16:44:15.138+0700] {processor.py:183} INFO - Processing /home/ngtph/airflow/airflow_venv/lib/python3.11/site-packages/airflow/example_dags/plugins/workday.py took 1.753 seconds
[2025-07-25T16:45:11.046+0700] {processor.py:161} INFO - Started process (PID=15081) to work on /home/ngtph/airflow/airflow_venv/lib/python3.11/site-packages/airflow/example_dags/plugins/workday.py
[2025-07-25T16:45:11.049+0700] {processor.py:830} INFO - Processing file /home/ngtph/airflow/airflow_venv/lib/python3.11/site-packages/airflow/example_dags/plugins/workday.py for tasks to queue
[2025-07-25T16:45:11.051+0700] {logging_mixin.py:188} INFO - [2025-07-25T16:45:11.050+0700] {dagbag.py:538} INFO - Filling up the DagBag from /home/ngtph/airflow/airflow_venv/lib/python3.11/site-packages/airflow/example_dags/plugins/workday.py
[2025-07-25T16:45:12.518+0700] {processor.py:842} WARNING - No viable dags retrieved from /home/ngtph/airflow/airflow_venv/lib/python3.11/site-packages/airflow/example_dags/plugins/workday.py
[2025-07-25T16:45:14.200+0700] {processor.py:183} INFO - Processing /home/ngtph/airflow/airflow_venv/lib/python3.11/site-packages/airflow/example_dags/plugins/workday.py took 3.164 seconds
[2025-07-25T16:46:51.831+0700] {processor.py:161} INFO - Started process (PID=15184) to work on /home/ngtph/airflow/airflow_venv/lib/python3.11/site-packages/airflow/example_dags/plugins/workday.py
[2025-07-25T16:46:51.832+0700] {processor.py:830} INFO - Processing file /home/ngtph/airflow/airflow_venv/lib/python3.11/site-packages/airflow/example_dags/plugins/workday.py for tasks to queue
[2025-07-25T16:46:51.833+0700] {logging_mixin.py:188} INFO - [2025-07-25T16:46:51.833+0700] {dagbag.py:538} INFO - Filling up the DagBag from /home/ngtph/airflow/airflow_venv/lib/python3.11/site-packages/airflow/example_dags/plugins/workday.py
[2025-07-25T16:46:52.301+0700] {processor.py:842} WARNING - No viable dags retrieved from /home/ngtph/airflow/airflow_venv/lib/python3.11/site-packages/airflow/example_dags/plugins/workday.py
[2025-07-25T16:46:57.180+0700] {processor.py:183} INFO - Processing /home/ngtph/airflow/airflow_venv/lib/python3.11/site-packages/airflow/example_dags/plugins/workday.py took 2.870 seconds
[2025-07-25T16:48:16.409+0700] {processor.py:161} INFO - Started process (PID=15250) to work on /home/ngtph/airflow/airflow_venv/lib/python3.11/site-packages/airflow/example_dags/plugins/workday.py
[2025-07-25T16:48:16.412+0700] {processor.py:830} INFO - Processing file /home/ngtph/airflow/airflow_venv/lib/python3.11/site-packages/airflow/example_dags/plugins/workday.py for tasks to queue
[2025-07-25T16:48:16.413+0700] {logging_mixin.py:188} INFO - [2025-07-25T16:48:16.413+0700] {dagbag.py:538} INFO - Filling up the DagBag from /home/ngtph/airflow/airflow_venv/lib/python3.11/site-packages/airflow/example_dags/plugins/workday.py
[2025-07-25T16:48:16.869+0700] {processor.py:842} WARNING - No viable dags retrieved from /home/ngtph/airflow/airflow_venv/lib/python3.11/site-packages/airflow/example_dags/plugins/workday.py
[2025-07-25T16:48:19.371+0700] {processor.py:183} INFO - Processing /home/ngtph/airflow/airflow_venv/lib/python3.11/site-packages/airflow/example_dags/plugins/workday.py took 2.972 seconds
[2025-07-25T16:49:36.092+0700] {processor.py:161} INFO - Started process (PID=15317) to work on /home/ngtph/airflow/airflow_venv/lib/python3.11/site-packages/airflow/example_dags/plugins/workday.py
[2025-07-25T16:49:36.094+0700] {processor.py:830} INFO - Processing file /home/ngtph/airflow/airflow_venv/lib/python3.11/site-packages/airflow/example_dags/plugins/workday.py for tasks to queue
[2025-07-25T16:49:36.096+0700] {logging_mixin.py:188} INFO - [2025-07-25T16:49:36.095+0700] {dagbag.py:538} INFO - Filling up the DagBag from /home/ngtph/airflow/airflow_venv/lib/python3.11/site-packages/airflow/example_dags/plugins/workday.py
[2025-07-25T16:49:36.653+0700] {processor.py:842} WARNING - No viable dags retrieved from /home/ngtph/airflow/airflow_venv/lib/python3.11/site-packages/airflow/example_dags/plugins/workday.py
[2025-07-25T16:49:39.164+0700] {processor.py:183} INFO - Processing /home/ngtph/airflow/airflow_venv/lib/python3.11/site-packages/airflow/example_dags/plugins/workday.py took 3.077 seconds
[2025-07-25T16:50:48.105+0700] {processor.py:161} INFO - Started process (PID=15385) to work on /home/ngtph/airflow/airflow_venv/lib/python3.11/site-packages/airflow/example_dags/plugins/workday.py
[2025-07-25T16:50:48.108+0700] {processor.py:830} INFO - Processing file /home/ngtph/airflow/airflow_venv/lib/python3.11/site-packages/airflow/example_dags/plugins/workday.py for tasks to queue
[2025-07-25T16:50:48.110+0700] {logging_mixin.py:188} INFO - [2025-07-25T16:50:48.109+0700] {dagbag.py:538} INFO - Filling up the DagBag from /home/ngtph/airflow/airflow_venv/lib/python3.11/site-packages/airflow/example_dags/plugins/workday.py
[2025-07-25T16:50:48.658+0700] {processor.py:842} WARNING - No viable dags retrieved from /home/ngtph/airflow/airflow_venv/lib/python3.11/site-packages/airflow/example_dags/plugins/workday.py
[2025-07-25T16:50:50.177+0700] {processor.py:183} INFO - Processing /home/ngtph/airflow/airflow_venv/lib/python3.11/site-packages/airflow/example_dags/plugins/workday.py took 2.083 seconds
[2025-07-25T16:52:26.047+0700] {processor.py:161} INFO - Started process (PID=15457) to work on /home/ngtph/airflow/airflow_venv/lib/python3.11/site-packages/airflow/example_dags/plugins/workday.py
[2025-07-25T16:52:26.049+0700] {processor.py:830} INFO - Processing file /home/ngtph/airflow/airflow_venv/lib/python3.11/site-packages/airflow/example_dags/plugins/workday.py for tasks to queue
[2025-07-25T16:52:26.050+0700] {logging_mixin.py:188} INFO - [2025-07-25T16:52:26.049+0700] {dagbag.py:538} INFO - Filling up the DagBag from /home/ngtph/airflow/airflow_venv/lib/python3.11/site-packages/airflow/example_dags/plugins/workday.py
[2025-07-25T16:52:26.498+0700] {processor.py:842} WARNING - No viable dags retrieved from /home/ngtph/airflow/airflow_venv/lib/python3.11/site-packages/airflow/example_dags/plugins/workday.py
[2025-07-25T16:52:28.355+0700] {processor.py:183} INFO - Processing /home/ngtph/airflow/airflow_venv/lib/python3.11/site-packages/airflow/example_dags/plugins/workday.py took 2.311 seconds
[2025-07-25T16:53:30.181+0700] {processor.py:161} INFO - Started process (PID=15517) to work on /home/ngtph/airflow/airflow_venv/lib/python3.11/site-packages/airflow/example_dags/plugins/workday.py
[2025-07-25T16:53:30.190+0700] {processor.py:830} INFO - Processing file /home/ngtph/airflow/airflow_venv/lib/python3.11/site-packages/airflow/example_dags/plugins/workday.py for tasks to queue
[2025-07-25T16:53:30.191+0700] {logging_mixin.py:188} INFO - [2025-07-25T16:53:30.191+0700] {dagbag.py:538} INFO - Filling up the DagBag from /home/ngtph/airflow/airflow_venv/lib/python3.11/site-packages/airflow/example_dags/plugins/workday.py
[2025-07-25T16:53:30.800+0700] {processor.py:842} WARNING - No viable dags retrieved from /home/ngtph/airflow/airflow_venv/lib/python3.11/site-packages/airflow/example_dags/plugins/workday.py
[2025-07-25T16:53:33.631+0700] {processor.py:183} INFO - Processing /home/ngtph/airflow/airflow_venv/lib/python3.11/site-packages/airflow/example_dags/plugins/workday.py took 3.458 seconds
[2025-07-25T16:54:50.445+0700] {processor.py:161} INFO - Started process (PID=15580) to work on /home/ngtph/airflow/airflow_venv/lib/python3.11/site-packages/airflow/example_dags/plugins/workday.py
[2025-07-25T16:54:50.448+0700] {processor.py:830} INFO - Processing file /home/ngtph/airflow/airflow_venv/lib/python3.11/site-packages/airflow/example_dags/plugins/workday.py for tasks to queue
[2025-07-25T16:54:50.449+0700] {logging_mixin.py:188} INFO - [2025-07-25T16:54:50.448+0700] {dagbag.py:538} INFO - Filling up the DagBag from /home/ngtph/airflow/airflow_venv/lib/python3.11/site-packages/airflow/example_dags/plugins/workday.py
[2025-07-25T16:54:50.935+0700] {processor.py:842} WARNING - No viable dags retrieved from /home/ngtph/airflow/airflow_venv/lib/python3.11/site-packages/airflow/example_dags/plugins/workday.py
[2025-07-25T16:54:52.673+0700] {processor.py:183} INFO - Processing /home/ngtph/airflow/airflow_venv/lib/python3.11/site-packages/airflow/example_dags/plugins/workday.py took 2.237 seconds
[2025-07-25T16:55:59.821+0700] {processor.py:161} INFO - Started process (PID=15667) to work on /home/ngtph/airflow/airflow_venv/lib/python3.11/site-packages/airflow/example_dags/plugins/workday.py
[2025-07-25T16:55:59.824+0700] {processor.py:830} INFO - Processing file /home/ngtph/airflow/airflow_venv/lib/python3.11/site-packages/airflow/example_dags/plugins/workday.py for tasks to queue
[2025-07-25T16:55:59.825+0700] {logging_mixin.py:188} INFO - [2025-07-25T16:55:59.825+0700] {dagbag.py:538} INFO - Filling up the DagBag from /home/ngtph/airflow/airflow_venv/lib/python3.11/site-packages/airflow/example_dags/plugins/workday.py
[2025-07-25T16:56:00.416+0700] {processor.py:842} WARNING - No viable dags retrieved from /home/ngtph/airflow/airflow_venv/lib/python3.11/site-packages/airflow/example_dags/plugins/workday.py
[2025-07-25T16:56:01.607+0700] {processor.py:183} INFO - Processing /home/ngtph/airflow/airflow_venv/lib/python3.11/site-packages/airflow/example_dags/plugins/workday.py took 1.794 seconds
[2025-07-25T16:57:05.433+0700] {processor.py:161} INFO - Started process (PID=15738) to work on /home/ngtph/airflow/airflow_venv/lib/python3.11/site-packages/airflow/example_dags/plugins/workday.py
[2025-07-25T16:57:05.437+0700] {processor.py:830} INFO - Processing file /home/ngtph/airflow/airflow_venv/lib/python3.11/site-packages/airflow/example_dags/plugins/workday.py for tasks to queue
[2025-07-25T16:57:05.439+0700] {logging_mixin.py:188} INFO - [2025-07-25T16:57:05.438+0700] {dagbag.py:538} INFO - Filling up the DagBag from /home/ngtph/airflow/airflow_venv/lib/python3.11/site-packages/airflow/example_dags/plugins/workday.py
[2025-07-25T16:57:06.106+0700] {processor.py:842} WARNING - No viable dags retrieved from /home/ngtph/airflow/airflow_venv/lib/python3.11/site-packages/airflow/example_dags/plugins/workday.py
[2025-07-25T16:57:07.582+0700] {processor.py:183} INFO - Processing /home/ngtph/airflow/airflow_venv/lib/python3.11/site-packages/airflow/example_dags/plugins/workday.py took 2.158 seconds
[2025-07-25T16:58:07.347+0700] {processor.py:161} INFO - Started process (PID=15829) to work on /home/ngtph/airflow/airflow_venv/lib/python3.11/site-packages/airflow/example_dags/plugins/workday.py
[2025-07-25T16:58:07.351+0700] {processor.py:830} INFO - Processing file /home/ngtph/airflow/airflow_venv/lib/python3.11/site-packages/airflow/example_dags/plugins/workday.py for tasks to queue
[2025-07-25T16:58:07.353+0700] {logging_mixin.py:188} INFO - [2025-07-25T16:58:07.352+0700] {dagbag.py:538} INFO - Filling up the DagBag from /home/ngtph/airflow/airflow_venv/lib/python3.11/site-packages/airflow/example_dags/plugins/workday.py
[2025-07-25T16:58:07.843+0700] {processor.py:842} WARNING - No viable dags retrieved from /home/ngtph/airflow/airflow_venv/lib/python3.11/site-packages/airflow/example_dags/plugins/workday.py
[2025-07-25T16:58:08.961+0700] {processor.py:183} INFO - Processing /home/ngtph/airflow/airflow_venv/lib/python3.11/site-packages/airflow/example_dags/plugins/workday.py took 1.624 seconds
[2025-07-25T16:59:10.763+0700] {processor.py:161} INFO - Started process (PID=15899) to work on /home/ngtph/airflow/airflow_venv/lib/python3.11/site-packages/airflow/example_dags/plugins/workday.py
[2025-07-25T16:59:10.766+0700] {processor.py:830} INFO - Processing file /home/ngtph/airflow/airflow_venv/lib/python3.11/site-packages/airflow/example_dags/plugins/workday.py for tasks to queue
[2025-07-25T16:59:10.769+0700] {logging_mixin.py:188} INFO - [2025-07-25T16:59:10.768+0700] {dagbag.py:538} INFO - Filling up the DagBag from /home/ngtph/airflow/airflow_venv/lib/python3.11/site-packages/airflow/example_dags/plugins/workday.py
[2025-07-25T16:59:11.526+0700] {processor.py:842} WARNING - No viable dags retrieved from /home/ngtph/airflow/airflow_venv/lib/python3.11/site-packages/airflow/example_dags/plugins/workday.py
[2025-07-25T16:59:15.835+0700] {processor.py:183} INFO - Processing /home/ngtph/airflow/airflow_venv/lib/python3.11/site-packages/airflow/example_dags/plugins/workday.py took 1.981 seconds
[2025-07-25T17:00:14.020+0700] {processor.py:161} INFO - Started process (PID=15969) to work on /home/ngtph/airflow/airflow_venv/lib/python3.11/site-packages/airflow/example_dags/plugins/workday.py
[2025-07-25T17:00:14.024+0700] {processor.py:830} INFO - Processing file /home/ngtph/airflow/airflow_venv/lib/python3.11/site-packages/airflow/example_dags/plugins/workday.py for tasks to queue
[2025-07-25T17:00:14.026+0700] {logging_mixin.py:188} INFO - [2025-07-25T17:00:14.025+0700] {dagbag.py:538} INFO - Filling up the DagBag from /home/ngtph/airflow/airflow_venv/lib/python3.11/site-packages/airflow/example_dags/plugins/workday.py
[2025-07-25T17:00:14.650+0700] {processor.py:842} WARNING - No viable dags retrieved from /home/ngtph/airflow/airflow_venv/lib/python3.11/site-packages/airflow/example_dags/plugins/workday.py
[2025-07-25T17:00:15.889+0700] {processor.py:183} INFO - Processing /home/ngtph/airflow/airflow_venv/lib/python3.11/site-packages/airflow/example_dags/plugins/workday.py took 1.877 seconds
[2025-07-25T17:01:12.352+0700] {processor.py:161} INFO - Started process (PID=16027) to work on /home/ngtph/airflow/airflow_venv/lib/python3.11/site-packages/airflow/example_dags/plugins/workday.py
[2025-07-25T17:01:12.356+0700] {processor.py:830} INFO - Processing file /home/ngtph/airflow/airflow_venv/lib/python3.11/site-packages/airflow/example_dags/plugins/workday.py for tasks to queue
[2025-07-25T17:01:12.358+0700] {logging_mixin.py:188} INFO - [2025-07-25T17:01:12.357+0700] {dagbag.py:538} INFO - Filling up the DagBag from /home/ngtph/airflow/airflow_venv/lib/python3.11/site-packages/airflow/example_dags/plugins/workday.py
[2025-07-25T17:01:12.822+0700] {processor.py:842} WARNING - No viable dags retrieved from /home/ngtph/airflow/airflow_venv/lib/python3.11/site-packages/airflow/example_dags/plugins/workday.py
[2025-07-25T17:01:14.035+0700] {processor.py:183} INFO - Processing /home/ngtph/airflow/airflow_venv/lib/python3.11/site-packages/airflow/example_dags/plugins/workday.py took 1.692 seconds
[2025-07-25T17:03:01.899+0700] {processor.py:161} INFO - Started process (PID=16135) to work on /home/ngtph/airflow/airflow_venv/lib/python3.11/site-packages/airflow/example_dags/plugins/workday.py
[2025-07-25T17:03:01.903+0700] {processor.py:830} INFO - Processing file /home/ngtph/airflow/airflow_venv/lib/python3.11/site-packages/airflow/example_dags/plugins/workday.py for tasks to queue
[2025-07-25T17:03:01.904+0700] {logging_mixin.py:188} INFO - [2025-07-25T17:03:01.904+0700] {dagbag.py:538} INFO - Filling up the DagBag from /home/ngtph/airflow/airflow_venv/lib/python3.11/site-packages/airflow/example_dags/plugins/workday.py
[2025-07-25T17:03:02.524+0700] {processor.py:842} WARNING - No viable dags retrieved from /home/ngtph/airflow/airflow_venv/lib/python3.11/site-packages/airflow/example_dags/plugins/workday.py
[2025-07-25T17:03:04.195+0700] {processor.py:183} INFO - Processing /home/ngtph/airflow/airflow_venv/lib/python3.11/site-packages/airflow/example_dags/plugins/workday.py took 2.305 seconds
[2025-07-25T17:04:07.783+0700] {processor.py:161} INFO - Started process (PID=16210) to work on /home/ngtph/airflow/airflow_venv/lib/python3.11/site-packages/airflow/example_dags/plugins/workday.py
[2025-07-25T17:04:07.785+0700] {processor.py:830} INFO - Processing file /home/ngtph/airflow/airflow_venv/lib/python3.11/site-packages/airflow/example_dags/plugins/workday.py for tasks to queue
[2025-07-25T17:04:07.787+0700] {logging_mixin.py:188} INFO - [2025-07-25T17:04:07.786+0700] {dagbag.py:538} INFO - Filling up the DagBag from /home/ngtph/airflow/airflow_venv/lib/python3.11/site-packages/airflow/example_dags/plugins/workday.py
[2025-07-25T17:04:08.419+0700] {processor.py:842} WARNING - No viable dags retrieved from /home/ngtph/airflow/airflow_venv/lib/python3.11/site-packages/airflow/example_dags/plugins/workday.py
[2025-07-25T17:04:09.863+0700] {processor.py:183} INFO - Processing /home/ngtph/airflow/airflow_venv/lib/python3.11/site-packages/airflow/example_dags/plugins/workday.py took 2.087 seconds
[2025-07-25T17:05:16.462+0700] {processor.py:161} INFO - Started process (PID=16298) to work on /home/ngtph/airflow/airflow_venv/lib/python3.11/site-packages/airflow/example_dags/plugins/workday.py
[2025-07-25T17:05:16.465+0700] {processor.py:830} INFO - Processing file /home/ngtph/airflow/airflow_venv/lib/python3.11/site-packages/airflow/example_dags/plugins/workday.py for tasks to queue
[2025-07-25T17:05:16.468+0700] {logging_mixin.py:188} INFO - [2025-07-25T17:05:16.467+0700] {dagbag.py:538} INFO - Filling up the DagBag from /home/ngtph/airflow/airflow_venv/lib/python3.11/site-packages/airflow/example_dags/plugins/workday.py
[2025-07-25T17:05:17.226+0700] {processor.py:842} WARNING - No viable dags retrieved from /home/ngtph/airflow/airflow_venv/lib/python3.11/site-packages/airflow/example_dags/plugins/workday.py
[2025-07-25T17:05:18.454+0700] {processor.py:183} INFO - Processing /home/ngtph/airflow/airflow_venv/lib/python3.11/site-packages/airflow/example_dags/plugins/workday.py took 2.005 seconds
[2025-07-25T17:06:45.482+0700] {processor.py:161} INFO - Started process (PID=16375) to work on /home/ngtph/airflow/airflow_venv/lib/python3.11/site-packages/airflow/example_dags/plugins/workday.py
[2025-07-25T17:06:45.486+0700] {processor.py:830} INFO - Processing file /home/ngtph/airflow/airflow_venv/lib/python3.11/site-packages/airflow/example_dags/plugins/workday.py for tasks to queue
[2025-07-25T17:06:45.488+0700] {logging_mixin.py:188} INFO - [2025-07-25T17:06:45.487+0700] {dagbag.py:538} INFO - Filling up the DagBag from /home/ngtph/airflow/airflow_venv/lib/python3.11/site-packages/airflow/example_dags/plugins/workday.py
[2025-07-25T17:06:46.080+0700] {processor.py:842} WARNING - No viable dags retrieved from /home/ngtph/airflow/airflow_venv/lib/python3.11/site-packages/airflow/example_dags/plugins/workday.py
[2025-07-25T17:06:47.178+0700] {processor.py:183} INFO - Processing /home/ngtph/airflow/airflow_venv/lib/python3.11/site-packages/airflow/example_dags/plugins/workday.py took 1.703 seconds
[2025-07-25T17:08:11.393+0700] {processor.py:161} INFO - Started process (PID=16461) to work on /home/ngtph/airflow/airflow_venv/lib/python3.11/site-packages/airflow/example_dags/plugins/workday.py
[2025-07-25T17:08:11.398+0700] {processor.py:830} INFO - Processing file /home/ngtph/airflow/airflow_venv/lib/python3.11/site-packages/airflow/example_dags/plugins/workday.py for tasks to queue
[2025-07-25T17:08:11.399+0700] {logging_mixin.py:188} INFO - [2025-07-25T17:08:11.398+0700] {dagbag.py:538} INFO - Filling up the DagBag from /home/ngtph/airflow/airflow_venv/lib/python3.11/site-packages/airflow/example_dags/plugins/workday.py
[2025-07-25T17:08:12.000+0700] {processor.py:842} WARNING - No viable dags retrieved from /home/ngtph/airflow/airflow_venv/lib/python3.11/site-packages/airflow/example_dags/plugins/workday.py
[2025-07-25T17:08:14.320+0700] {processor.py:183} INFO - Processing /home/ngtph/airflow/airflow_venv/lib/python3.11/site-packages/airflow/example_dags/plugins/workday.py took 2.936 seconds
[2025-07-25T17:09:18.726+0700] {processor.py:161} INFO - Started process (PID=16531) to work on /home/ngtph/airflow/airflow_venv/lib/python3.11/site-packages/airflow/example_dags/plugins/workday.py
[2025-07-25T17:09:18.729+0700] {processor.py:830} INFO - Processing file /home/ngtph/airflow/airflow_venv/lib/python3.11/site-packages/airflow/example_dags/plugins/workday.py for tasks to queue
[2025-07-25T17:09:18.732+0700] {logging_mixin.py:188} INFO - [2025-07-25T17:09:18.731+0700] {dagbag.py:538} INFO - Filling up the DagBag from /home/ngtph/airflow/airflow_venv/lib/python3.11/site-packages/airflow/example_dags/plugins/workday.py
[2025-07-25T17:09:19.509+0700] {processor.py:842} WARNING - No viable dags retrieved from /home/ngtph/airflow/airflow_venv/lib/python3.11/site-packages/airflow/example_dags/plugins/workday.py
[2025-07-25T17:09:20.858+0700] {processor.py:183} INFO - Processing /home/ngtph/airflow/airflow_venv/lib/python3.11/site-packages/airflow/example_dags/plugins/workday.py took 2.144 seconds
[2025-07-25T17:10:23.706+0700] {processor.py:161} INFO - Started process (PID=16599) to work on /home/ngtph/airflow/airflow_venv/lib/python3.11/site-packages/airflow/example_dags/plugins/workday.py
[2025-07-25T17:10:23.709+0700] {processor.py:830} INFO - Processing file /home/ngtph/airflow/airflow_venv/lib/python3.11/site-packages/airflow/example_dags/plugins/workday.py for tasks to queue
[2025-07-25T17:10:23.710+0700] {logging_mixin.py:188} INFO - [2025-07-25T17:10:23.709+0700] {dagbag.py:538} INFO - Filling up the DagBag from /home/ngtph/airflow/airflow_venv/lib/python3.11/site-packages/airflow/example_dags/plugins/workday.py
[2025-07-25T17:10:24.448+0700] {processor.py:842} WARNING - No viable dags retrieved from /home/ngtph/airflow/airflow_venv/lib/python3.11/site-packages/airflow/example_dags/plugins/workday.py
[2025-07-25T17:10:26.007+0700] {processor.py:183} INFO - Processing /home/ngtph/airflow/airflow_venv/lib/python3.11/site-packages/airflow/example_dags/plugins/workday.py took 2.307 seconds
[2025-07-25T17:11:26.920+0700] {processor.py:161} INFO - Started process (PID=16673) to work on /home/ngtph/airflow/airflow_venv/lib/python3.11/site-packages/airflow/example_dags/plugins/workday.py
[2025-07-25T17:11:26.923+0700] {processor.py:830} INFO - Processing file /home/ngtph/airflow/airflow_venv/lib/python3.11/site-packages/airflow/example_dags/plugins/workday.py for tasks to queue
[2025-07-25T17:11:26.925+0700] {logging_mixin.py:188} INFO - [2025-07-25T17:11:26.924+0700] {dagbag.py:538} INFO - Filling up the DagBag from /home/ngtph/airflow/airflow_venv/lib/python3.11/site-packages/airflow/example_dags/plugins/workday.py
[2025-07-25T17:11:27.521+0700] {processor.py:842} WARNING - No viable dags retrieved from /home/ngtph/airflow/airflow_venv/lib/python3.11/site-packages/airflow/example_dags/plugins/workday.py
[2025-07-25T17:11:28.702+0700] {processor.py:183} INFO - Processing /home/ngtph/airflow/airflow_venv/lib/python3.11/site-packages/airflow/example_dags/plugins/workday.py took 1.792 seconds
