[2025-07-26T08:38:50.955+0700] {local_task_job_runner.py:120} INFO - ::group::Pre task execution logs
[2025-07-26T08:38:51.844+0700] {taskinstance.py:2076} INFO - Dependencies all met for dep_context=non-requeueable deps ti=<TaskInstance: etl_local_postgres_pipeline.load_time_dim_table scheduled__2025-07-26T01:00:00+00:00 [queued]>
[2025-07-26T08:38:52.197+0700] {taskinstance.py:2076} INFO - Dependencies all met for dep_context=requeueable deps ti=<TaskInstance: etl_local_postgres_pipeline.load_time_dim_table scheduled__2025-07-26T01:00:00+00:00 [queued]>
[2025-07-26T08:38:52.198+0700] {taskinstance.py:2306} INFO - Starting attempt 6 of 9
[2025-07-26T08:38:52.514+0700] {taskinstance.py:2330} INFO - Executing <Task(PythonOperator): load_time_dim_table> on 2025-07-26 01:00:00+00:00
[2025-07-26T08:38:52.528+0700] {standard_task_runner.py:90} INFO - Running: ['airflow', 'tasks', 'run', 'etl_local_postgres_pipeline', 'load_time_dim_table', 'scheduled__2025-07-26T01:00:00+00:00', '--job-id', '428', '--raw', '--subdir', 'DAGS_FOLDER/etl_pipeline_pjt.py', '--cfg-path', '/tmp/tmpdtozreao']
[2025-07-26T08:38:52.531+0700] {standard_task_runner.py:91} INFO - Job 428: Subtask load_time_dim_table
[2025-07-26T08:38:52.534+0700] {logging_mixin.py:188} WARNING - /home/ngtph/airflow/airflow_venv/lib/python3.12/site-packages/airflow/task/task_runner/standard_task_runner.py:61 DeprecationWarning: This process (pid=5975) is multi-threaded, use of fork() may lead to deadlocks in the child.
[2025-07-26T08:38:52.535+0700] {standard_task_runner.py:63} INFO - Started process 5984 to run task
[2025-07-26T08:38:55.144+0700] {task_command.py:426} INFO - Running <TaskInstance: etl_local_postgres_pipeline.load_time_dim_table scheduled__2025-07-26T01:00:00+00:00 [running]> on host DESKTOP-9M5T9P5.localdomain
[2025-07-26T08:39:00.252+0700] {taskinstance.py:2648} INFO - Exporting env vars: AIRFLOW_CTX_DAG_OWNER='phuongnt226' AIRFLOW_CTX_DAG_ID='etl_local_postgres_pipeline' AIRFLOW_CTX_TASK_ID='load_time_dim_table' AIRFLOW_CTX_EXECUTION_DATE='2025-07-26T01:00:00+00:00' AIRFLOW_CTX_TRY_NUMBER='6' AIRFLOW_CTX_DAG_RUN_ID='scheduled__2025-07-26T01:00:00+00:00'
[2025-07-26T08:39:00.254+0700] {taskinstance.py:430} INFO - ::endgroup::
[2025-07-26T08:39:01.141+0700] {base.py:84} INFO - Using connection ID 'postgres_id' for task execution.
[2025-07-26T08:39:01.734+0700] {sql.py:470} INFO - Running statement: 
    INSERT INTO time (start_time, hour, day, week, month, year, weekday)
    SELECT 
        start_time, 
        EXTRACT(hour FROM start_time), 
        EXTRACT(day FROM start_time), 
        EXTRACT(week FROM start_time), 
        EXTRACT(month FROM start_time), 
        EXTRACT(year FROM start_time), 
        EXTRACT(dow FROM start_time)
    FROM songplays
    ON CONFLICT (start_time) DO NOTHING                     
, parameters: None
[2025-07-26T08:39:02.449+0700] {sql.py:479} INFO - Rows affected: 0
[2025-07-26T08:39:02.549+0700] {logging_mixin.py:188} INFO - Executed SQL: 
    INSERT INTO time (start_time, hour, day, week... -> Result: None
[2025-07-26T08:39:02.549+0700] {python.py:237} INFO - Done. Returned value was: None
[2025-07-26T08:39:02.549+0700] {taskinstance.py:441} INFO - ::group::Post task execution logs
[2025-07-26T08:39:04.214+0700] {taskinstance.py:1206} INFO - Marking task as SUCCESS. dag_id=etl_local_postgres_pipeline, task_id=load_time_dim_table, run_id=scheduled__2025-07-26T01:00:00+00:00, execution_date=20250726T010000, start_date=20250726T013851, end_date=20250726T013904
[2025-07-26T08:39:04.729+0700] {local_task_job_runner.py:240} INFO - Task exited with return code 0
[2025-07-26T08:39:05.679+0700] {local_task_job_runner.py:222} INFO - ::endgroup::
