[2025-07-26T08:54:50.589+0700] {local_task_job_runner.py:120} INFO - ::group::Pre task execution logs
[2025-07-26T08:54:51.360+0700] {taskinstance.py:2076} INFO - Dependencies all met for dep_context=non-requeueable deps ti=<TaskInstance: etl_local_postgres_pipeline.load_time_dim_table scheduled__2025-07-26T01:00:00+00:00 [queued]>
[2025-07-26T08:54:51.647+0700] {taskinstance.py:2076} INFO - Dependencies all met for dep_context=requeueable deps ti=<TaskInstance: etl_local_postgres_pipeline.load_time_dim_table scheduled__2025-07-26T01:00:00+00:00 [queued]>
[2025-07-26T08:54:51.648+0700] {taskinstance.py:2306} INFO - Starting attempt 8 of 11
[2025-07-26T08:54:51.946+0700] {taskinstance.py:2330} INFO - Executing <Task(PythonOperator): load_time_dim_table> on 2025-07-26 01:00:00+00:00
[2025-07-26T08:54:51.950+0700] {logging_mixin.py:188} WARNING - /home/ngtph/airflow/airflow_venv/lib/python3.12/site-packages/airflow/task/task_runner/standard_task_runner.py:61 DeprecationWarning: This process (pid=6459) is multi-threaded, use of fork() may lead to deadlocks in the child.
[2025-07-26T08:54:51.951+0700] {standard_task_runner.py:63} INFO - Started process 6472 to run task
[2025-07-26T08:54:51.951+0700] {standard_task_runner.py:90} INFO - Running: ['airflow', 'tasks', 'run', 'etl_local_postgres_pipeline', 'load_time_dim_table', 'scheduled__2025-07-26T01:00:00+00:00', '--job-id', '521', '--raw', '--subdir', 'DAGS_FOLDER/etl_pipeline_pjt.py', '--cfg-path', '/tmp/tmplpulaams']
[2025-07-26T08:54:51.953+0700] {standard_task_runner.py:91} INFO - Job 521: Subtask load_time_dim_table
[2025-07-26T08:54:56.039+0700] {task_command.py:426} INFO - Running <TaskInstance: etl_local_postgres_pipeline.load_time_dim_table scheduled__2025-07-26T01:00:00+00:00 [running]> on host DESKTOP-9M5T9P5.localdomain
[2025-07-26T08:55:00.875+0700] {taskinstance.py:2648} INFO - Exporting env vars: AIRFLOW_CTX_DAG_OWNER='phuongnt226' AIRFLOW_CTX_DAG_ID='etl_local_postgres_pipeline' AIRFLOW_CTX_TASK_ID='load_time_dim_table' AIRFLOW_CTX_EXECUTION_DATE='2025-07-26T01:00:00+00:00' AIRFLOW_CTX_TRY_NUMBER='8' AIRFLOW_CTX_DAG_RUN_ID='scheduled__2025-07-26T01:00:00+00:00'
[2025-07-26T08:55:00.877+0700] {taskinstance.py:430} INFO - ::endgroup::
[2025-07-26T08:55:01.668+0700] {base.py:84} INFO - Using connection ID 'postgres_id' for task execution.
[2025-07-26T08:55:03.229+0700] {sql.py:470} INFO - Running statement: 
    INSERT INTO time (start_time, hour, day, week, month, year, weekday)
    SELECT 
        start_time, 
        EXTRACT(hour FROM start_time), 
        EXTRACT(day FROM start_time), 
        EXTRACT(week FROM start_time), 
        EXTRACT(month FROM start_time), 
        EXTRACT(year FROM start_time), 
        EXTRACT(dow FROM start_time)
    FROM songplays
    ON CONFLICT (start_time) DO NOTHING                     
, parameters: None
[2025-07-26T08:55:03.920+0700] {sql.py:479} INFO - Rows affected: 0
[2025-07-26T08:55:03.983+0700] {logging_mixin.py:188} INFO - Executed SQL: 
    INSERT INTO time (start_time, hour, day, week... -> Result: None
[2025-07-26T08:55:03.983+0700] {python.py:237} INFO - Done. Returned value was: None
[2025-07-26T08:55:03.984+0700] {taskinstance.py:441} INFO - ::group::Post task execution logs
[2025-07-26T08:55:05.821+0700] {taskinstance.py:1206} INFO - Marking task as SUCCESS. dag_id=etl_local_postgres_pipeline, task_id=load_time_dim_table, run_id=scheduled__2025-07-26T01:00:00+00:00, execution_date=20250726T010000, start_date=20250726T015451, end_date=20250726T015505
[2025-07-26T08:55:06.649+0700] {local_task_job_runner.py:240} INFO - Task exited with return code 0
[2025-07-26T08:55:07.423+0700] {local_task_job_runner.py:222} INFO - ::endgroup::
