[2025-07-26T07:37:10.746+0700] {local_task_job_runner.py:120} INFO - ::group::Pre task execution logs
[2025-07-26T07:37:11.567+0700] {taskinstance.py:2076} INFO - Dependencies all met for dep_context=non-requeueable deps ti=<TaskInstance: etl_local_postgres_pipeline.load_songplays_fact_table scheduled__2025-07-26T00:00:00+00:00 [queued]>
[2025-07-26T07:37:11.796+0700] {taskinstance.py:2076} INFO - Dependencies all met for dep_context=requeueable deps ti=<TaskInstance: etl_local_postgres_pipeline.load_songplays_fact_table scheduled__2025-07-26T00:00:00+00:00 [queued]>
[2025-07-26T07:37:11.796+0700] {taskinstance.py:2306} INFO - Starting attempt 5 of 8
[2025-07-26T07:37:12.159+0700] {taskinstance.py:2330} INFO - Executing <Task(PythonOperator): load_songplays_fact_table> on 2025-07-26 00:00:00+00:00
[2025-07-26T07:37:12.167+0700] {standard_task_runner.py:90} INFO - Running: ['airflow', 'tasks', 'run', 'etl_local_postgres_pipeline', 'load_songplays_fact_table', 'scheduled__2025-07-26T00:00:00+00:00', '--job-id', '351', '--raw', '--subdir', 'DAGS_FOLDER/etl_pipeline_pjt.py', '--cfg-path', '/tmp/tmpr91q82q8']
[2025-07-26T07:37:12.171+0700] {standard_task_runner.py:91} INFO - Job 351: Subtask load_songplays_fact_table
[2025-07-26T07:37:12.172+0700] {logging_mixin.py:188} WARNING - /home/ngtph/airflow/airflow_venv/lib/python3.12/site-packages/airflow/task/task_runner/standard_task_runner.py:61 DeprecationWarning: This process (pid=1745) is multi-threaded, use of fork() may lead to deadlocks in the child.
[2025-07-26T07:37:12.172+0700] {standard_task_runner.py:63} INFO - Started process 1751 to run task
[2025-07-26T07:37:14.463+0700] {task_command.py:426} INFO - Running <TaskInstance: etl_local_postgres_pipeline.load_songplays_fact_table scheduled__2025-07-26T00:00:00+00:00 [running]> on host DESKTOP-9M5T9P5.localdomain
[2025-07-26T07:37:19.459+0700] {taskinstance.py:2648} INFO - Exporting env vars: AIRFLOW_CTX_DAG_OWNER='phuongnt226' AIRFLOW_CTX_DAG_ID='etl_local_postgres_pipeline' AIRFLOW_CTX_TASK_ID='load_songplays_fact_table' AIRFLOW_CTX_EXECUTION_DATE='2025-07-26T00:00:00+00:00' AIRFLOW_CTX_TRY_NUMBER='5' AIRFLOW_CTX_DAG_RUN_ID='scheduled__2025-07-26T00:00:00+00:00'
[2025-07-26T07:37:19.459+0700] {taskinstance.py:430} INFO - ::endgroup::
[2025-07-26T07:37:20.335+0700] {base.py:84} INFO - Using connection ID 'postgres_id' for task execution.
[2025-07-26T07:37:20.965+0700] {sql.py:470} INFO - Running statement: 
    INSERT INTO songplays (
        playid, start_time, userid, level,
        songid, artistid, sessionid, location, user_agent
    )
    SELECT
        md5(CAST(events.sessionid AS TEXT) || CAST(events.start_time AS TEXT)) AS playid,
        events.start_time, 
        events.userid, 
        events.level, 
        songs.song_id,
        songs.artist_id, 
        events.sessionid, 
        events.location, 
        events.useragent
    FROM (
        SELECT TIMESTAMP 'epoch' + ts/1000 * interval '1 second' AS start_time, *
        FROM staging_events
        WHERE page='NextSong'
    ) events
    LEFT JOIN staging_songs songs
    ON events.song = songs.title
        AND events.artist = songs.artist_name
        AND events.length = songs.duration
, parameters: None
[2025-07-26T07:37:21.735+0700] {taskinstance.py:441} INFO - ::group::Post task execution logs
[2025-07-26T07:37:21.735+0700] {taskinstance.py:2905} ERROR - Task failed with exception
Traceback (most recent call last):
  File "/home/ngtph/airflow/airflow_venv/lib/python3.12/site-packages/airflow/models/taskinstance.py", line 465, in _execute_task
    result = _execute_callable(context=context, **execute_callable_kwargs)
             ^^^^^^^^^^^^^^^^^^^^^^^^^^^^^^^^^^^^^^^^^^^^^^^^^^^^^^^^^^^^^
  File "/home/ngtph/airflow/airflow_venv/lib/python3.12/site-packages/airflow/models/taskinstance.py", line 432, in _execute_callable
    return execute_callable(context=context, **execute_callable_kwargs)
           ^^^^^^^^^^^^^^^^^^^^^^^^^^^^^^^^^^^^^^^^^^^^^^^^^^^^^^^^^^^^
  File "/home/ngtph/airflow/airflow_venv/lib/python3.12/site-packages/airflow/models/baseoperator.py", line 400, in wrapper
    return func(self, *args, **kwargs)
           ^^^^^^^^^^^^^^^^^^^^^^^^^^^
  File "/home/ngtph/airflow/airflow_venv/lib/python3.12/site-packages/airflow/operators/python.py", line 235, in execute
    return_value = self.execute_callable()
                   ^^^^^^^^^^^^^^^^^^^^^^^
  File "/home/ngtph/airflow/airflow_venv/lib/python3.12/site-packages/airflow/operators/python.py", line 252, in execute_callable
    return self.python_callable(*self.op_args, **self.op_kwargs)
           ^^^^^^^^^^^^^^^^^^^^^^^^^^^^^^^^^^^^^^^^^^^^^^^^^^^^^
  File "/home/ngtph/airflow/dags/etl_pipeline_pjt.py", line 98, in load_songplays_table
    execute_sql(sql_queries.SqlQueries.songplay_table_insert)
  File "/home/ngtph/airflow/dags/etl_pipeline_pjt.py", line 17, in execute_sql
    result = hook.run(sql_statement)
             ^^^^^^^^^^^^^^^^^^^^^^^
  File "/home/ngtph/airflow/airflow_venv/lib/python3.12/site-packages/airflow/providers/common/sql/hooks/sql.py", line 418, in run
    self._run_command(cur, sql_statement, parameters)
  File "/home/ngtph/airflow/airflow_venv/lib/python3.12/site-packages/airflow/providers/common/sql/hooks/sql.py", line 475, in _run_command
    cur.execute(sql_statement)
psycopg2.errors.UniqueViolation: duplicate key value violates unique constraint "songplays_pkey"
DETAIL:  Key (playid)=(e7fff0a17ae0bba393903eb22979737b) already exists.

[2025-07-26T07:37:22.466+0700] {taskinstance.py:1206} INFO - Marking task as UP_FOR_RETRY. dag_id=etl_local_postgres_pipeline, task_id=load_songplays_fact_table, run_id=scheduled__2025-07-26T00:00:00+00:00, execution_date=20250726T000000, start_date=20250726T003711, end_date=20250726T003722
[2025-07-26T07:37:22.795+0700] {standard_task_runner.py:110} ERROR - Failed to execute job 351 for task load_songplays_fact_table (duplicate key value violates unique constraint "songplays_pkey"
DETAIL:  Key (playid)=(e7fff0a17ae0bba393903eb22979737b) already exists.
; 1751)
[2025-07-26T07:37:22.802+0700] {local_task_job_runner.py:240} INFO - Task exited with return code 1
[2025-07-26T07:37:23.617+0700] {taskinstance.py:3498} INFO - 0 downstream tasks scheduled from follow-on schedule check
[2025-07-26T07:37:23.665+0700] {local_task_job_runner.py:222} INFO - ::endgroup::
