[2025-07-25T23:01:23.877+0700] {local_task_job_runner.py:120} INFO - ::group::Pre task execution logs
[2025-07-25T23:01:24.720+0700] {taskinstance.py:2076} INFO - Dependencies all met for dep_context=non-requeueable deps ti=<TaskInstance: etl_local_postgres_pipeline.load_songplays_fact_table manual__2025-07-25T15:48:58.838400+00:00 [queued]>
[2025-07-25T23:01:24.997+0700] {taskinstance.py:2076} INFO - Dependencies all met for dep_context=requeueable deps ti=<TaskInstance: etl_local_postgres_pipeline.load_songplays_fact_table manual__2025-07-25T15:48:58.838400+00:00 [queued]>
[2025-07-25T23:01:24.997+0700] {taskinstance.py:2306} INFO - Starting attempt 1 of 4
[2025-07-25T23:01:25.348+0700] {taskinstance.py:2330} INFO - Executing <Task(PythonOperator): load_songplays_fact_table> on 2025-07-25 15:48:58.838400+00:00
[2025-07-25T23:01:25.357+0700] {standard_task_runner.py:90} INFO - Running: ['airflow', 'tasks', 'run', 'etl_local_postgres_pipeline', 'load_songplays_fact_table', 'manual__2025-07-25T15:48:58.838400+00:00', '--job-id', '173', '--raw', '--subdir', 'DAGS_FOLDER/etl_pipeline_pjt.py', '--cfg-path', '/tmp/tmp7imyabyd']
[2025-07-25T23:01:25.359+0700] {standard_task_runner.py:91} INFO - Job 173: Subtask load_songplays_fact_table
[2025-07-25T23:01:25.359+0700] {logging_mixin.py:188} WARNING - /home/ngtph/airflow/airflow_venv/lib/python3.12/site-packages/airflow/task/task_runner/standard_task_runner.py:61 DeprecationWarning: This process (pid=956) is multi-threaded, use of fork() may lead to deadlocks in the child.
[2025-07-25T23:01:25.359+0700] {standard_task_runner.py:63} INFO - Started process 961 to run task
[2025-07-25T23:01:27.649+0700] {task_command.py:426} INFO - Running <TaskInstance: etl_local_postgres_pipeline.load_songplays_fact_table manual__2025-07-25T15:48:58.838400+00:00 [running]> on host DESKTOP-9M5T9P5.localdomain
[2025-07-25T23:01:33.108+0700] {taskinstance.py:2648} INFO - Exporting env vars: AIRFLOW_CTX_DAG_OWNER='phuongnt226' AIRFLOW_CTX_DAG_ID='etl_local_postgres_pipeline' AIRFLOW_CTX_TASK_ID='load_songplays_fact_table' AIRFLOW_CTX_EXECUTION_DATE='2025-07-25T15:48:58.838400+00:00' AIRFLOW_CTX_TRY_NUMBER='1' AIRFLOW_CTX_DAG_RUN_ID='manual__2025-07-25T15:48:58.838400+00:00'
[2025-07-25T23:01:33.109+0700] {taskinstance.py:430} INFO - ::endgroup::
[2025-07-25T23:01:33.927+0700] {base.py:84} INFO - Using connection ID 'postgres_id' for task execution.
[2025-07-25T23:01:34.563+0700] {sql.py:470} INFO - Running statement: 
        SELECT
                md5(CAST(events.sessionid AS TEXT) || CAST(events.start_time AS TEXT)) AS songplay_id,
                events.start_time, 
                events.userid, 
                events.level, 
                songs.song_id,
                songs.artist_id, 
                events.sessionid, 
                events.location, 
                events.useragent
                FROM (SELECT TIMESTAMP 'epoch' + ts/1000 * interval '1 second' AS start_time, *
            FROM staging_events
            WHERE page='NextSong') events
            LEFT JOIN staging_songs songs
            ON events.song = songs.title
                AND events.artist = songs.artist_name
                AND events.length = songs.duration
    , parameters: None
[2025-07-25T23:01:41.877+0700] {sql.py:479} INFO - Rows affected: 34105
[2025-07-25T23:01:41.941+0700] {python.py:237} INFO - Done. Returned value was: None
[2025-07-25T23:01:41.941+0700] {taskinstance.py:441} INFO - ::group::Post task execution logs
[2025-07-25T23:01:42.690+0700] {taskinstance.py:1206} INFO - Marking task as SUCCESS. dag_id=etl_local_postgres_pipeline, task_id=load_songplays_fact_table, run_id=manual__2025-07-25T15:48:58.838400+00:00, execution_date=20250725T154858, start_date=20250725T160124, end_date=20250725T160142
[2025-07-25T23:01:43.182+0700] {local_task_job_runner.py:240} INFO - Task exited with return code 0
[2025-07-25T23:01:44.125+0700] {taskinstance.py:3498} INFO - 4 downstream tasks scheduled from follow-on schedule check
[2025-07-25T23:01:44.183+0700] {local_task_job_runner.py:222} INFO - ::endgroup::
