[2025-07-26T06:57:32.246+0700] {local_task_job_runner.py:120} INFO - ::group::Pre task execution logs
[2025-07-26T06:57:33.279+0700] {taskinstance.py:2076} INFO - Dependencies all met for dep_context=non-requeueable deps ti=<TaskInstance: etl_local_postgres_pipeline.stage_events manual__2025-07-25T18:12:48.278884+00:00 [queued]>
[2025-07-26T06:57:33.539+0700] {taskinstance.py:2076} INFO - Dependencies all met for dep_context=requeueable deps ti=<TaskInstance: etl_local_postgres_pipeline.stage_events manual__2025-07-25T18:12:48.278884+00:00 [queued]>
[2025-07-26T06:57:33.540+0700] {taskinstance.py:2306} INFO - Starting attempt 5 of 8
[2025-07-26T06:57:34.381+0700] {taskinstance.py:2330} INFO - Executing <Task(PythonOperator): stage_events> on 2025-07-25 18:12:48.278884+00:00
[2025-07-26T06:57:34.393+0700] {logging_mixin.py:188} WARNING - /home/ngtph/airflow/airflow_venv/lib/python3.12/site-packages/airflow/task/task_runner/standard_task_runner.py:61 DeprecationWarning: This process (pid=732) is multi-threaded, use of fork() may lead to deadlocks in the child.
[2025-07-26T06:57:34.392+0700] {standard_task_runner.py:90} INFO - Running: ['airflow', 'tasks', 'run', 'etl_local_postgres_pipeline', 'stage_events', 'manual__2025-07-25T18:12:48.278884+00:00', '--job-id', '290', '--raw', '--subdir', 'DAGS_FOLDER/etl_pipeline_pjt.py', '--cfg-path', '/tmp/tmplkn8_ucp']
[2025-07-26T06:57:34.394+0700] {standard_task_runner.py:91} INFO - Job 290: Subtask stage_events
[2025-07-26T06:57:34.394+0700] {standard_task_runner.py:63} INFO - Started process 736 to run task
[2025-07-26T06:57:38.224+0700] {task_command.py:426} INFO - Running <TaskInstance: etl_local_postgres_pipeline.stage_events manual__2025-07-25T18:12:48.278884+00:00 [running]> on host DESKTOP-9M5T9P5.localdomain
[2025-07-26T06:57:45.277+0700] {taskinstance.py:2648} INFO - Exporting env vars: AIRFLOW_CTX_DAG_OWNER='phuongnt226' AIRFLOW_CTX_DAG_ID='etl_local_postgres_pipeline' AIRFLOW_CTX_TASK_ID='stage_events' AIRFLOW_CTX_EXECUTION_DATE='2025-07-25T18:12:48.278884+00:00' AIRFLOW_CTX_TRY_NUMBER='5' AIRFLOW_CTX_DAG_RUN_ID='manual__2025-07-25T18:12:48.278884+00:00'
[2025-07-26T06:57:45.278+0700] {taskinstance.py:430} INFO - ::endgroup::
[2025-07-26T06:57:46.133+0700] {base.py:84} INFO - Using connection ID 'postgres_id' for task execution.
[2025-07-26T06:57:46.750+0700] {logging_mixin.py:188} INFO - Found 30 event files.
[2025-07-26T06:57:46.863+0700] {logging_mixin.py:188} INFO - Skipped (already processed): /home/ngtph/airflow/data/log_data/2018-11-08-events.json
[2025-07-26T06:57:46.920+0700] {logging_mixin.py:188} INFO - Skipped (already processed): /home/ngtph/airflow/data/log_data/2018-11-15-events.json
[2025-07-26T06:57:46.976+0700] {logging_mixin.py:188} INFO - Skipped (already processed): /home/ngtph/airflow/data/log_data/2018-11-07-events.json
[2025-07-26T06:57:47.032+0700] {logging_mixin.py:188} INFO - Skipped (already processed): /home/ngtph/airflow/data/log_data/2018-11-17-events.json
[2025-07-26T06:57:47.089+0700] {logging_mixin.py:188} INFO - Skipped (already processed): /home/ngtph/airflow/data/log_data/2018-11-06-events.json
[2025-07-26T06:57:47.144+0700] {logging_mixin.py:188} INFO - Skipped (already processed): /home/ngtph/airflow/data/log_data/2018-11-29-events.json
[2025-07-26T06:57:47.200+0700] {logging_mixin.py:188} INFO - Skipped (already processed): /home/ngtph/airflow/data/log_data/2018-11-03-events.json
[2025-07-26T06:57:47.255+0700] {logging_mixin.py:188} INFO - Skipped (already processed): /home/ngtph/airflow/data/log_data/2018-11-25-events.json
[2025-07-26T06:57:47.310+0700] {logging_mixin.py:188} INFO - Skipped (already processed): /home/ngtph/airflow/data/log_data/2018-11-12-events.json
[2025-07-26T06:57:47.371+0700] {logging_mixin.py:188} INFO - Skipped (already processed): /home/ngtph/airflow/data/log_data/2018-11-19-events.json
[2025-07-26T06:57:47.427+0700] {logging_mixin.py:188} INFO - Skipped (already processed): /home/ngtph/airflow/data/log_data/2018-11-24-events.json
[2025-07-26T06:57:47.483+0700] {logging_mixin.py:188} INFO - Skipped (already processed): /home/ngtph/airflow/data/log_data/2018-11-16-events.json
[2025-07-26T06:57:47.539+0700] {logging_mixin.py:188} INFO - Skipped (already processed): /home/ngtph/airflow/data/log_data/2018-11-28-events.json
[2025-07-26T06:57:47.595+0700] {logging_mixin.py:188} INFO - Skipped (already processed): /home/ngtph/airflow/data/log_data/2018-11-26-events.json
[2025-07-26T06:57:47.651+0700] {logging_mixin.py:188} INFO - Skipped (already processed): /home/ngtph/airflow/data/log_data/2018-11-23-events.json
[2025-07-26T06:57:47.706+0700] {logging_mixin.py:188} INFO - Skipped (already processed): /home/ngtph/airflow/data/log_data/2018-11-05-events.json
[2025-07-26T06:57:47.762+0700] {logging_mixin.py:188} INFO - Skipped (already processed): /home/ngtph/airflow/data/log_data/2018-11-18-events.json
[2025-07-26T06:57:47.818+0700] {logging_mixin.py:188} INFO - Skipped (already processed): /home/ngtph/airflow/data/log_data/2018-11-14-events.json
[2025-07-26T06:57:47.878+0700] {logging_mixin.py:188} INFO - Skipped (already processed): /home/ngtph/airflow/data/log_data/2018-11-27-events.json
[2025-07-26T06:57:47.935+0700] {logging_mixin.py:188} INFO - Skipped (already processed): /home/ngtph/airflow/data/log_data/2018-11-11-events.json
[2025-07-26T06:57:47.990+0700] {logging_mixin.py:188} INFO - Skipped (already processed): /home/ngtph/airflow/data/log_data/2018-11-22-events.json
[2025-07-26T06:57:48.046+0700] {logging_mixin.py:188} INFO - Skipped (already processed): /home/ngtph/airflow/data/log_data/2018-11-01-events.json
[2025-07-26T06:57:48.101+0700] {logging_mixin.py:188} INFO - Skipped (already processed): /home/ngtph/airflow/data/log_data/2018-11-09-events.json
[2025-07-26T06:57:48.156+0700] {logging_mixin.py:188} INFO - Skipped (already processed): /home/ngtph/airflow/data/log_data/2018-11-04-events.json
[2025-07-26T06:57:48.220+0700] {logging_mixin.py:188} INFO - Skipped (already processed): /home/ngtph/airflow/data/log_data/2018-11-21-events.json
[2025-07-26T06:57:48.276+0700] {logging_mixin.py:188} INFO - Skipped (already processed): /home/ngtph/airflow/data/log_data/2018-11-13-events.json
[2025-07-26T06:57:48.334+0700] {logging_mixin.py:188} INFO - Skipped (already processed): /home/ngtph/airflow/data/log_data/2018-11-20-events.json
[2025-07-26T06:57:48.395+0700] {logging_mixin.py:188} INFO - Skipped (already processed): /home/ngtph/airflow/data/log_data/2018-11-02-events.json
[2025-07-26T06:57:48.451+0700] {logging_mixin.py:188} INFO - Skipped (already processed): /home/ngtph/airflow/data/log_data/2018-11-10-events.json
[2025-07-26T06:57:48.534+0700] {logging_mixin.py:188} INFO - Skipped (already processed): /home/ngtph/airflow/data/log_data/2018-11-30-events.json
[2025-07-26T06:57:48.592+0700] {logging_mixin.py:188} INFO - Finished stage_events_to_postgres
[2025-07-26T06:57:48.593+0700] {python.py:237} INFO - Done. Returned value was: None
[2025-07-26T06:57:48.593+0700] {taskinstance.py:441} INFO - ::group::Post task execution logs
[2025-07-26T06:57:49.299+0700] {taskinstance.py:1206} INFO - Marking task as SUCCESS. dag_id=etl_local_postgres_pipeline, task_id=stage_events, run_id=manual__2025-07-25T18:12:48.278884+00:00, execution_date=20250725T181248, start_date=20250725T235733, end_date=20250725T235749
[2025-07-26T06:57:50.382+0700] {local_task_job_runner.py:240} INFO - Task exited with return code 0
[2025-07-26T06:57:51.208+0700] {local_task_job_runner.py:222} INFO - ::endgroup::
