[2025-07-25T19:21:23.810+0700] {local_task_job_runner.py:120} INFO - ::group::Pre task execution logs
[2025-07-25T19:21:25.976+0700] {taskinstance.py:2076} INFO - Dependencies all met for dep_context=non-requeueable deps ti=<TaskInstance: etl_local_postgres_pipeline.stage_songs manual__2025-07-25T09:55:31.488694+00:00 [queued]>
[2025-07-25T19:21:29.159+0700] {taskinstance.py:2076} INFO - Dependencies all met for dep_context=requeueable deps ti=<TaskInstance: etl_local_postgres_pipeline.stage_songs manual__2025-07-25T09:55:31.488694+00:00 [queued]>
[2025-07-25T19:21:29.159+0700] {taskinstance.py:2306} INFO - Starting attempt 2 of 5
[2025-07-25T19:21:29.728+0700] {taskinstance.py:2330} INFO - Executing <Task(PythonOperator): stage_songs> on 2025-07-25 09:55:31.488694+00:00
[2025-07-25T19:21:29.741+0700] {standard_task_runner.py:90} INFO - Running: ['airflow', 'tasks', 'run', 'etl_local_postgres_pipeline', 'stage_songs', 'manual__2025-07-25T09:55:31.488694+00:00', '--job-id', '114', '--raw', '--subdir', 'DAGS_FOLDER/etl_pipeline_pjt.py', '--cfg-path', '/tmp/tmpe1v_aaqs']
[2025-07-25T19:21:29.744+0700] {standard_task_runner.py:91} INFO - Job 114: Subtask stage_songs
[2025-07-25T19:21:29.745+0700] {logging_mixin.py:188} WARNING - /home/ngtph/airflow/airflow_venv/lib/python3.12/site-packages/airflow/task/task_runner/standard_task_runner.py:61 DeprecationWarning: This process (pid=20298) is multi-threaded, use of fork() may lead to deadlocks in the child.
[2025-07-25T19:21:29.745+0700] {standard_task_runner.py:63} INFO - Started process 20313 to run task
[2025-07-25T19:21:37.176+0700] {task_command.py:426} INFO - Running <TaskInstance: etl_local_postgres_pipeline.stage_songs manual__2025-07-25T09:55:31.488694+00:00 [running]> on host DESKTOP-9M5T9P5.localdomain
[2025-07-25T19:21:47.164+0700] {taskinstance.py:2648} INFO - Exporting env vars: AIRFLOW_CTX_DAG_OWNER='phuongnt226' AIRFLOW_CTX_DAG_ID='etl_local_postgres_pipeline' AIRFLOW_CTX_TASK_ID='stage_songs' AIRFLOW_CTX_EXECUTION_DATE='2025-07-25T09:55:31.488694+00:00' AIRFLOW_CTX_TRY_NUMBER='2' AIRFLOW_CTX_DAG_RUN_ID='manual__2025-07-25T09:55:31.488694+00:00'
[2025-07-25T19:21:47.167+0700] {taskinstance.py:430} INFO - ::endgroup::
[2025-07-25T19:21:50.264+0700] {base.py:84} INFO - Using connection ID 'postgres_id' for task execution.
[2025-07-25T19:21:51.911+0700] {logging_mixin.py:188} INFO - Found 71 song files.
[2025-07-25T19:21:58.979+0700] {logging_mixin.py:188} INFO - Finished stage_songs_to_postgres
[2025-07-25T19:21:58.980+0700] {python.py:237} INFO - Done. Returned value was: None
[2025-07-25T19:21:58.981+0700] {taskinstance.py:441} INFO - ::group::Post task execution logs
[2025-07-25T19:22:00.177+0700] {taskinstance.py:1206} INFO - Marking task as SUCCESS. dag_id=etl_local_postgres_pipeline, task_id=stage_songs, run_id=manual__2025-07-25T09:55:31.488694+00:00, execution_date=20250725T095531, start_date=20250725T122125, end_date=20250725T122200
[2025-07-25T19:22:00.958+0700] {local_task_job_runner.py:240} INFO - Task exited with return code 0
[2025-07-25T19:22:05.813+0700] {local_task_job_runner.py:222} INFO - ::endgroup::
