[2025-07-26T08:51:49.132+0700] {local_task_job_runner.py:120} INFO - ::group::Pre task execution logs
[2025-07-26T08:51:52.847+0700] {taskinstance.py:2076} INFO - Dependencies all met for dep_context=non-requeueable deps ti=<TaskInstance: etl_local_postgres_pipeline.load_songplays_fact_table manual__2025-07-25T18:16:00.933196+00:00 [queued]>
[2025-07-26T08:51:53.356+0700] {taskinstance.py:2076} INFO - Dependencies all met for dep_context=requeueable deps ti=<TaskInstance: etl_local_postgres_pipeline.load_songplays_fact_table manual__2025-07-25T18:16:00.933196+00:00 [queued]>
[2025-07-26T08:51:53.356+0700] {taskinstance.py:2306} INFO - Starting attempt 2 of 5
[2025-07-26T08:51:56.443+0700] {taskinstance.py:2330} INFO - Executing <Task(PythonOperator): load_songplays_fact_table> on 2025-07-25 18:16:00.933196+00:00
[2025-07-26T08:51:56.449+0700] {logging_mixin.py:188} WARNING - /home/ngtph/airflow/airflow_venv/lib/python3.12/site-packages/airflow/task/task_runner/standard_task_runner.py:61 DeprecationWarning: This process (pid=6343) is multi-threaded, use of fork() may lead to deadlocks in the child.
[2025-07-26T08:51:56.450+0700] {standard_task_runner.py:63} INFO - Started process 6359 to run task
[2025-07-26T08:51:56.449+0700] {standard_task_runner.py:90} INFO - Running: ['airflow', 'tasks', 'run', 'etl_local_postgres_pipeline', 'load_songplays_fact_table', 'manual__2025-07-25T18:16:00.933196+00:00', '--job-id', '483', '--raw', '--subdir', 'DAGS_FOLDER/etl_pipeline_pjt.py', '--cfg-path', '/tmp/tmpq43r3gtr']
[2025-07-26T08:51:56.451+0700] {standard_task_runner.py:91} INFO - Job 483: Subtask load_songplays_fact_table
[2025-07-26T08:52:05.284+0700] {task_command.py:426} INFO - Running <TaskInstance: etl_local_postgres_pipeline.load_songplays_fact_table manual__2025-07-25T18:16:00.933196+00:00 [running]> on host DESKTOP-9M5T9P5.localdomain
[2025-07-26T08:52:19.804+0700] {taskinstance.py:2648} INFO - Exporting env vars: AIRFLOW_CTX_DAG_OWNER='phuongnt226' AIRFLOW_CTX_DAG_ID='etl_local_postgres_pipeline' AIRFLOW_CTX_TASK_ID='load_songplays_fact_table' AIRFLOW_CTX_EXECUTION_DATE='2025-07-25T18:16:00.933196+00:00' AIRFLOW_CTX_TRY_NUMBER='2' AIRFLOW_CTX_DAG_RUN_ID='manual__2025-07-25T18:16:00.933196+00:00'
[2025-07-26T08:52:19.806+0700] {taskinstance.py:430} INFO - ::endgroup::
[2025-07-26T08:52:22.754+0700] {base.py:84} INFO - Using connection ID 'postgres_id' for task execution.
[2025-07-26T08:52:24.956+0700] {sql.py:470} INFO - Running statement: 
    WITH songplay_data AS (
        SELECT
            md5(CAST(events.sessionid AS TEXT) || CAST(events.start_time AS TEXT)) AS playid,
            events.start_time, 
            events.userid, 
            events.level, 
            songs.song_id,
            songs.artist_id, 
            events.sessionid, 
            events.location, 
            events.useragent
        FROM (
            SELECT TIMESTAMP 'epoch' + ts/1000 * interval '1 second' AS start_time, *
            FROM staging_events
            WHERE page='NextSong'
        ) events
        LEFT JOIN staging_songs songs
            ON events.song = songs.title
            AND events.artist = songs.artist_name
            AND events.length = songs.duration
    )
    INSERT INTO songplays (
        playid, start_time, userid, level,
        songid, artistid, sessionid, location, user_agent
    )
    SELECT * FROM songplay_data
    ON CONFLICT (playid) DO NOTHING;
    , parameters: None
[2025-07-26T08:52:36.707+0700] {sql.py:479} INFO - Rows affected: 0
[2025-07-26T08:52:36.897+0700] {logging_mixin.py:188} INFO - Executed SQL: 
    WITH songplay_data AS (
        SELECT
      ... -> Result: None
[2025-07-26T08:52:36.897+0700] {python.py:237} INFO - Done. Returned value was: None
[2025-07-26T08:52:36.897+0700] {taskinstance.py:441} INFO - ::group::Post task execution logs
[2025-07-26T08:52:39.269+0700] {taskinstance.py:1206} INFO - Marking task as SUCCESS. dag_id=etl_local_postgres_pipeline, task_id=load_songplays_fact_table, run_id=manual__2025-07-25T18:16:00.933196+00:00, execution_date=20250725T181600, start_date=20250726T015152, end_date=20250726T015239
[2025-07-26T08:52:42.068+0700] {local_task_job_runner.py:240} INFO - Task exited with return code 0
[2025-07-26T08:52:46.793+0700] {taskinstance.py:3498} INFO - 4 downstream tasks scheduled from follow-on schedule check
[2025-07-26T08:52:47.194+0700] {local_task_job_runner.py:222} INFO - ::endgroup::
