[2025-07-25T23:01:57.975+0700] {local_task_job_runner.py:120} INFO - ::group::Pre task execution logs
[2025-07-25T23:01:58.826+0700] {taskinstance.py:2076} INFO - Dependencies all met for dep_context=non-requeueable deps ti=<TaskInstance: etl_local_postgres_pipeline.load_time_dim_table manual__2025-07-25T15:48:58.838400+00:00 [queued]>
[2025-07-25T23:01:59.193+0700] {taskinstance.py:2076} INFO - Dependencies all met for dep_context=requeueable deps ti=<TaskInstance: etl_local_postgres_pipeline.load_time_dim_table manual__2025-07-25T15:48:58.838400+00:00 [queued]>
[2025-07-25T23:01:59.193+0700] {taskinstance.py:2306} INFO - Starting attempt 1 of 4
[2025-07-25T23:01:59.593+0700] {taskinstance.py:2330} INFO - Executing <Task(PythonOperator): load_time_dim_table> on 2025-07-25 15:48:58.838400+00:00
[2025-07-25T23:01:59.602+0700] {standard_task_runner.py:90} INFO - Running: ['airflow', 'tasks', 'run', 'etl_local_postgres_pipeline', 'load_time_dim_table', 'manual__2025-07-25T15:48:58.838400+00:00', '--job-id', '181', '--raw', '--subdir', 'DAGS_FOLDER/etl_pipeline_pjt.py', '--cfg-path', '/tmp/tmpqvmnb0md']
[2025-07-25T23:01:59.604+0700] {standard_task_runner.py:91} INFO - Job 181: Subtask load_time_dim_table
[2025-07-25T23:01:59.604+0700] {logging_mixin.py:188} WARNING - /home/ngtph/airflow/airflow_venv/lib/python3.12/site-packages/airflow/task/task_runner/standard_task_runner.py:61 DeprecationWarning: This process (pid=975) is multi-threaded, use of fork() may lead to deadlocks in the child.
[2025-07-25T23:01:59.604+0700] {standard_task_runner.py:63} INFO - Started process 985 to run task
[2025-07-25T23:02:05.427+0700] {task_command.py:426} INFO - Running <TaskInstance: etl_local_postgres_pipeline.load_time_dim_table manual__2025-07-25T15:48:58.838400+00:00 [running]> on host DESKTOP-9M5T9P5.localdomain
[2025-07-25T23:02:13.665+0700] {taskinstance.py:2648} INFO - Exporting env vars: AIRFLOW_CTX_DAG_OWNER='phuongnt226' AIRFLOW_CTX_DAG_ID='etl_local_postgres_pipeline' AIRFLOW_CTX_TASK_ID='load_time_dim_table' AIRFLOW_CTX_EXECUTION_DATE='2025-07-25T15:48:58.838400+00:00' AIRFLOW_CTX_TRY_NUMBER='1' AIRFLOW_CTX_DAG_RUN_ID='manual__2025-07-25T15:48:58.838400+00:00'
[2025-07-25T23:02:13.666+0700] {taskinstance.py:430} INFO - ::endgroup::
[2025-07-25T23:02:16.599+0700] {base.py:84} INFO - Using connection ID 'postgres_id' for task execution.
[2025-07-25T23:02:17.606+0700] {sql.py:470} INFO - Running statement: 
        SELECT start_time, extract(hour from start_time), extract(day from start_time), extract(week from start_time), 
               extract(month from start_time), extract(year from start_time), extract(dayofweek from start_time)
        FROM songplays
    , parameters: None
[2025-07-25T23:02:17.787+0700] {sql.py:479} INFO - Rows affected: 0
[2025-07-25T23:02:17.830+0700] {python.py:237} INFO - Done. Returned value was: None
[2025-07-25T23:02:17.830+0700] {taskinstance.py:441} INFO - ::group::Post task execution logs
[2025-07-25T23:02:19.716+0700] {taskinstance.py:1206} INFO - Marking task as SUCCESS. dag_id=etl_local_postgres_pipeline, task_id=load_time_dim_table, run_id=manual__2025-07-25T15:48:58.838400+00:00, execution_date=20250725T154858, start_date=20250725T160158, end_date=20250725T160219
[2025-07-25T23:02:23.136+0700] {local_task_job_runner.py:240} INFO - Task exited with return code 0
[2025-07-25T23:02:24.216+0700] {taskinstance.py:3498} INFO - 1 downstream tasks scheduled from follow-on schedule check
[2025-07-25T23:02:24.263+0700] {local_task_job_runner.py:222} INFO - ::endgroup::
