[2025-07-26T06:58:24.574+0700] {local_task_job_runner.py:120} INFO - ::group::Pre task execution logs
[2025-07-26T06:58:25.444+0700] {taskinstance.py:2076} INFO - Dependencies all met for dep_context=non-requeueable deps ti=<TaskInstance: etl_local_postgres_pipeline.load_user_dim_table manual__2025-07-25T18:16:00.933196+00:00 [queued]>
[2025-07-26T06:58:25.648+0700] {taskinstance.py:2076} INFO - Dependencies all met for dep_context=requeueable deps ti=<TaskInstance: etl_local_postgres_pipeline.load_user_dim_table manual__2025-07-25T18:16:00.933196+00:00 [queued]>
[2025-07-26T06:58:25.649+0700] {taskinstance.py:2306} INFO - Starting attempt 1 of 4
[2025-07-26T06:58:26.982+0700] {taskinstance.py:2330} INFO - Executing <Task(PythonOperator): load_user_dim_table> on 2025-07-25 18:16:00.933196+00:00
[2025-07-26T06:58:26.992+0700] {standard_task_runner.py:90} INFO - Running: ['airflow', 'tasks', 'run', 'etl_local_postgres_pipeline', 'load_user_dim_table', 'manual__2025-07-25T18:16:00.933196+00:00', '--job-id', '297', '--raw', '--subdir', 'DAGS_FOLDER/etl_pipeline_pjt.py', '--cfg-path', '/tmp/tmp99rqshxc']
[2025-07-26T06:58:26.994+0700] {standard_task_runner.py:91} INFO - Job 297: Subtask load_user_dim_table
[2025-07-26T06:58:26.995+0700] {logging_mixin.py:188} WARNING - /home/ngtph/airflow/airflow_venv/lib/python3.12/site-packages/airflow/task/task_runner/standard_task_runner.py:61 DeprecationWarning: This process (pid=752) is multi-threaded, use of fork() may lead to deadlocks in the child.
[2025-07-26T06:58:26.995+0700] {standard_task_runner.py:63} INFO - Started process 769 to run task
[2025-07-26T06:58:31.195+0700] {task_command.py:426} INFO - Running <TaskInstance: etl_local_postgres_pipeline.load_user_dim_table manual__2025-07-25T18:16:00.933196+00:00 [running]> on host DESKTOP-9M5T9P5.localdomain
[2025-07-26T06:58:37.983+0700] {taskinstance.py:2648} INFO - Exporting env vars: AIRFLOW_CTX_DAG_OWNER='phuongnt226' AIRFLOW_CTX_DAG_ID='etl_local_postgres_pipeline' AIRFLOW_CTX_TASK_ID='load_user_dim_table' AIRFLOW_CTX_EXECUTION_DATE='2025-07-25T18:16:00.933196+00:00' AIRFLOW_CTX_TRY_NUMBER='1' AIRFLOW_CTX_DAG_RUN_ID='manual__2025-07-25T18:16:00.933196+00:00'
[2025-07-26T06:58:37.984+0700] {taskinstance.py:430} INFO - ::endgroup::
[2025-07-26T06:58:38.805+0700] {base.py:84} INFO - Using connection ID 'postgres_id' for task execution.
[2025-07-26T06:58:39.804+0700] {sql.py:470} INFO - Running statement: 
        SELECT distinct userid, firstname, lastname, gender, level
        FROM staging_events
        WHERE page='NextSong'
    , parameters: None
[2025-07-26T06:58:40.911+0700] {sql.py:479} INFO - Rows affected: 104
[2025-07-26T06:58:41.108+0700] {python.py:237} INFO - Done. Returned value was: None
[2025-07-26T06:58:41.109+0700] {taskinstance.py:441} INFO - ::group::Post task execution logs
[2025-07-26T06:58:44.299+0700] {taskinstance.py:1206} INFO - Marking task as SUCCESS. dag_id=etl_local_postgres_pipeline, task_id=load_user_dim_table, run_id=manual__2025-07-25T18:16:00.933196+00:00, execution_date=20250725T181600, start_date=20250725T235825, end_date=20250725T235844
[2025-07-26T06:58:46.602+0700] {local_task_job_runner.py:240} INFO - Task exited with return code 0
[2025-07-26T06:58:48.010+0700] {taskinstance.py:3498} INFO - 0 downstream tasks scheduled from follow-on schedule check
[2025-07-26T06:58:48.103+0700] {local_task_job_runner.py:222} INFO - ::endgroup::
