[2025-07-25T16:20:55.263+0700] {taskinstance.py:1956} INFO - Dependencies all met for dep_context=non-requeueable deps ti=<TaskInstance: etl_local_postgres_pipeline.stage_events manual__2025-07-25T09:04:03.615728+00:00 [queued]>
[2025-07-25T16:20:55.512+0700] {taskinstance.py:1956} INFO - Dependencies all met for dep_context=requeueable deps ti=<TaskInstance: etl_local_postgres_pipeline.stage_events manual__2025-07-25T09:04:03.615728+00:00 [queued]>
[2025-07-25T16:20:55.513+0700] {taskinstance.py:2170} INFO - Starting attempt 4 of 4
[2025-07-25T16:20:55.821+0700] {taskinstance.py:2191} INFO - Executing <Task(PythonOperator): stage_events> on 2025-07-25 09:04:03.615728+00:00
[2025-07-25T16:20:55.830+0700] {standard_task_runner.py:60} INFO - Started process 12737 to run task
[2025-07-25T16:20:55.833+0700] {standard_task_runner.py:87} INFO - Running: ['airflow', 'tasks', 'run', 'etl_local_postgres_pipeline', 'stage_events', 'manual__2025-07-25T09:04:03.615728+00:00', '--job-id', '21', '--raw', '--subdir', 'DAGS_FOLDER/etl_pipeline_pjt.py', '--cfg-path', '/tmp/tmpb99c96l0']
[2025-07-25T16:20:55.835+0700] {standard_task_runner.py:88} INFO - Job 21: Subtask stage_events
[2025-07-25T16:20:58.488+0700] {task_command.py:423} INFO - Running <TaskInstance: etl_local_postgres_pipeline.stage_events manual__2025-07-25T09:04:03.615728+00:00 [running]> on host DESKTOP-9M5T9P5.localdomain
[2025-07-25T16:21:03.348+0700] {taskinstance.py:2480} INFO - Exporting env vars: AIRFLOW_CTX_DAG_OWNER='phuongnt226' AIRFLOW_CTX_DAG_ID='etl_local_postgres_pipeline' AIRFLOW_CTX_TASK_ID='stage_events' AIRFLOW_CTX_EXECUTION_DATE='2025-07-25T09:04:03.615728+00:00' AIRFLOW_CTX_TRY_NUMBER='4' AIRFLOW_CTX_DAG_RUN_ID='manual__2025-07-25T09:04:03.615728+00:00'
[2025-07-25T16:21:03.942+0700] {logging_mixin.py:188} INFO - Find out 30 envent files.
[2025-07-25T16:21:03.943+0700] {logging_mixin.py:188} INFO - Close connection to stage_events.
[2025-07-25T16:21:03.943+0700] {taskinstance.py:2698} ERROR - Task failed with exception
Traceback (most recent call last):
  File "/home/ngtph/airflow/airflow_venv/lib/python3.11/site-packages/airflow/models/taskinstance.py", line 433, in _execute_task
    result = execute_callable(context=context, **execute_callable_kwargs)
             ^^^^^^^^^^^^^^^^^^^^^^^^^^^^^^^^^^^^^^^^^^^^^^^^^^^^^^^^^^^^
  File "/home/ngtph/airflow/airflow_venv/lib/python3.11/site-packages/airflow/operators/python.py", line 199, in execute
    return_value = self.execute_callable()
                   ^^^^^^^^^^^^^^^^^^^^^^^
  File "/home/ngtph/airflow/airflow_venv/lib/python3.11/site-packages/airflow/operators/python.py", line 216, in execute_callable
    return self.python_callable(*self.op_args, **self.op_kwargs)
           ^^^^^^^^^^^^^^^^^^^^^^^^^^^^^^^^^^^^^^^^^^^^^^^^^^^^^
  File "/home/ngtph/airflow/dags/etl_pipeline_pjt.py", line 73, in stage_events_to_postgres
    cur.execute(sql_queries.SqlQueries.event_table_insert, (
                ^^^^^^^^^^^^^^^^^^^^^^^^^^^^^^^^^^^^^^^^^
AttributeError: type object 'SqlQueries' has no attribute 'event_table_insert'
[2025-07-25T16:21:04.635+0700] {taskinstance.py:1138} INFO - Marking task as FAILED. dag_id=etl_local_postgres_pipeline, task_id=stage_events, execution_date=20250725T090403, start_date=20250725T092055, end_date=20250725T092104
[2025-07-25T16:21:04.969+0700] {standard_task_runner.py:107} ERROR - Failed to execute job 21 for task stage_events (type object 'SqlQueries' has no attribute 'event_table_insert'; 12737)
[2025-07-25T16:21:04.982+0700] {local_task_job_runner.py:234} INFO - Task exited with return code 1
[2025-07-25T16:21:06.617+0700] {taskinstance.py:3280} INFO - 0 downstream tasks scheduled from follow-on schedule check
