[2025-07-25T19:12:59.115+0700] {local_task_job_runner.py:120} INFO - ::group::Pre task execution logs
[2025-07-25T19:13:00.003+0700] {taskinstance.py:2076} INFO - Dependencies all met for dep_context=non-requeueable deps ti=<TaskInstance: etl_local_postgres_pipeline.stage_events manual__2025-07-25T09:04:03.615728+00:00 [queued]>
[2025-07-25T19:13:00.192+0700] {taskinstance.py:2076} INFO - Dependencies all met for dep_context=requeueable deps ti=<TaskInstance: etl_local_postgres_pipeline.stage_events manual__2025-07-25T09:04:03.615728+00:00 [queued]>
[2025-07-25T19:13:00.192+0700] {taskinstance.py:2306} INFO - Starting attempt 5 of 8
[2025-07-25T19:13:00.447+0700] {taskinstance.py:2330} INFO - Executing <Task(PythonOperator): stage_events> on 2025-07-25 09:04:03.615728+00:00
[2025-07-25T19:13:00.462+0700] {logging_mixin.py:188} WARNING - /home/ngtph/airflow/airflow_venv/lib/python3.12/site-packages/airflow/task/task_runner/standard_task_runner.py:61 DeprecationWarning: This process (pid=20143) is multi-threaded, use of fork() may lead to deadlocks in the child.
[2025-07-25T19:13:00.459+0700] {standard_task_runner.py:90} INFO - Running: ['airflow', 'tasks', 'run', 'etl_local_postgres_pipeline', 'stage_events', 'manual__2025-07-25T09:04:03.615728+00:00', '--job-id', '89', '--raw', '--subdir', 'DAGS_FOLDER/etl_pipeline_pjt.py', '--cfg-path', '/tmp/tmput1e26v6']
[2025-07-25T19:13:00.463+0700] {standard_task_runner.py:91} INFO - Job 89: Subtask stage_events
[2025-07-25T19:13:00.463+0700] {standard_task_runner.py:63} INFO - Started process 20148 to run task
[2025-07-25T19:13:04.196+0700] {task_command.py:426} INFO - Running <TaskInstance: etl_local_postgres_pipeline.stage_events manual__2025-07-25T09:04:03.615728+00:00 [running]> on host DESKTOP-9M5T9P5.localdomain
[2025-07-25T19:13:10.090+0700] {taskinstance.py:2648} INFO - Exporting env vars: AIRFLOW_CTX_DAG_OWNER='phuongnt226' AIRFLOW_CTX_DAG_ID='etl_local_postgres_pipeline' AIRFLOW_CTX_TASK_ID='stage_events' AIRFLOW_CTX_EXECUTION_DATE='2025-07-25T09:04:03.615728+00:00' AIRFLOW_CTX_TRY_NUMBER='5' AIRFLOW_CTX_DAG_RUN_ID='manual__2025-07-25T09:04:03.615728+00:00'
[2025-07-25T19:13:10.091+0700] {taskinstance.py:430} INFO - ::endgroup::
[2025-07-25T19:13:10.942+0700] {base.py:84} INFO - Using connection ID 'postgres_id' for task execution.
[2025-07-25T19:13:11.499+0700] {logging_mixin.py:188} INFO - Found 30 event files.
[2025-07-25T19:19:12.658+0700] {logging_mixin.py:188} INFO - Finished stage_events_to_postgres
[2025-07-25T19:19:12.722+0700] {python.py:237} INFO - Done. Returned value was: None
[2025-07-25T19:19:12.754+0700] {taskinstance.py:441} INFO - ::group::Post task execution logs
[2025-07-25T19:19:13.754+0700] {taskinstance.py:1206} INFO - Marking task as SUCCESS. dag_id=etl_local_postgres_pipeline, task_id=stage_events, run_id=manual__2025-07-25T09:04:03.615728+00:00, execution_date=20250725T090403, start_date=20250725T121300, end_date=20250725T121913
[2025-07-25T19:19:14.314+0700] {local_task_job_runner.py:240} INFO - Task exited with return code 0
[2025-07-25T19:19:16.137+0700] {taskinstance.py:3498} INFO - 1 downstream tasks scheduled from follow-on schedule check
[2025-07-25T19:19:16.190+0700] {local_task_job_runner.py:222} INFO - ::endgroup::
