[2025-07-26T08:50:23.044+0700] {local_task_job_runner.py:120} INFO - ::group::Pre task execution logs
[2025-07-26T08:50:26.316+0700] {taskinstance.py:2076} INFO - Dependencies all met for dep_context=non-requeueable deps ti=<TaskInstance: etl_local_postgres_pipeline.load_songplays_fact_table scheduled__2025-07-25T20:00:00+00:00 [queued]>
[2025-07-26T08:50:26.804+0700] {taskinstance.py:2076} INFO - Dependencies all met for dep_context=requeueable deps ti=<TaskInstance: etl_local_postgres_pipeline.load_songplays_fact_table scheduled__2025-07-25T20:00:00+00:00 [queued]>
[2025-07-26T08:50:26.805+0700] {taskinstance.py:2306} INFO - Starting attempt 2 of 5
[2025-07-26T08:50:27.398+0700] {taskinstance.py:2330} INFO - Executing <Task(PythonOperator): load_songplays_fact_table> on 2025-07-25 20:00:00+00:00
[2025-07-26T08:50:27.407+0700] {standard_task_runner.py:90} INFO - Running: ['airflow', 'tasks', 'run', 'etl_local_postgres_pipeline', 'load_songplays_fact_table', 'scheduled__2025-07-25T20:00:00+00:00', '--job-id', '466', '--raw', '--subdir', 'DAGS_FOLDER/etl_pipeline_pjt.py', '--cfg-path', '/tmp/tmp79gfe2rt']
[2025-07-26T08:50:27.409+0700] {standard_task_runner.py:91} INFO - Job 466: Subtask load_songplays_fact_table
[2025-07-26T08:50:27.410+0700] {logging_mixin.py:188} WARNING - /home/ngtph/airflow/airflow_venv/lib/python3.12/site-packages/airflow/task/task_runner/standard_task_runner.py:61 DeprecationWarning: This process (pid=6268) is multi-threaded, use of fork() may lead to deadlocks in the child.
[2025-07-26T08:50:27.411+0700] {standard_task_runner.py:63} INFO - Started process 6283 to run task
[2025-07-26T08:50:36.215+0700] {task_command.py:426} INFO - Running <TaskInstance: etl_local_postgres_pipeline.load_songplays_fact_table scheduled__2025-07-25T20:00:00+00:00 [running]> on host DESKTOP-9M5T9P5.localdomain
[2025-07-26T08:50:53.633+0700] {taskinstance.py:2648} INFO - Exporting env vars: AIRFLOW_CTX_DAG_OWNER='phuongnt226' AIRFLOW_CTX_DAG_ID='etl_local_postgres_pipeline' AIRFLOW_CTX_TASK_ID='load_songplays_fact_table' AIRFLOW_CTX_EXECUTION_DATE='2025-07-25T20:00:00+00:00' AIRFLOW_CTX_TRY_NUMBER='2' AIRFLOW_CTX_DAG_RUN_ID='scheduled__2025-07-25T20:00:00+00:00'
[2025-07-26T08:50:53.637+0700] {taskinstance.py:430} INFO - ::endgroup::
[2025-07-26T08:50:57.316+0700] {base.py:84} INFO - Using connection ID 'postgres_id' for task execution.
[2025-07-26T08:50:58.820+0700] {sql.py:470} INFO - Running statement: 
    WITH songplay_data AS (
        SELECT
            md5(CAST(events.sessionid AS TEXT) || CAST(events.start_time AS TEXT)) AS playid,
            events.start_time, 
            events.userid, 
            events.level, 
            songs.song_id,
            songs.artist_id, 
            events.sessionid, 
            events.location, 
            events.useragent
        FROM (
            SELECT TIMESTAMP 'epoch' + ts/1000 * interval '1 second' AS start_time, *
            FROM staging_events
            WHERE page='NextSong'
        ) events
        LEFT JOIN staging_songs songs
            ON events.song = songs.title
            AND events.artist = songs.artist_name
            AND events.length = songs.duration
    )
    INSERT INTO songplays (
        playid, start_time, userid, level,
        songid, artistid, sessionid, location, user_agent
    )
    SELECT * FROM songplay_data
    ON CONFLICT (playid) DO NOTHING;
    , parameters: None
[2025-07-26T08:51:16.729+0700] {sql.py:479} INFO - Rows affected: 0
[2025-07-26T08:51:16.826+0700] {logging_mixin.py:188} INFO - Executed SQL: 
    WITH songplay_data AS (
        SELECT
      ... -> Result: None
[2025-07-26T08:51:16.826+0700] {python.py:237} INFO - Done. Returned value was: None
[2025-07-26T08:51:16.827+0700] {taskinstance.py:441} INFO - ::group::Post task execution logs
[2025-07-26T08:51:19.845+0700] {taskinstance.py:1206} INFO - Marking task as SUCCESS. dag_id=etl_local_postgres_pipeline, task_id=load_songplays_fact_table, run_id=scheduled__2025-07-25T20:00:00+00:00, execution_date=20250725T200000, start_date=20250726T015026, end_date=20250726T015119
[2025-07-26T08:51:26.438+0700] {local_task_job_runner.py:240} INFO - Task exited with return code 0
[2025-07-26T08:51:29.222+0700] {taskinstance.py:3498} INFO - 4 downstream tasks scheduled from follow-on schedule check
[2025-07-26T08:51:29.517+0700] {local_task_job_runner.py:222} INFO - ::endgroup::
