[2025-07-25T19:20:35.795+0700] {local_task_job_runner.py:120} INFO - ::group::Pre task execution logs
[2025-07-25T19:20:37.410+0700] {taskinstance.py:2076} INFO - Dependencies all met for dep_context=non-requeueable deps ti=<TaskInstance: etl_local_postgres_pipeline.stage_songs manual__2025-07-25T12:20:19.289451+00:00 [queued]>
[2025-07-25T19:20:37.606+0700] {taskinstance.py:2076} INFO - Dependencies all met for dep_context=requeueable deps ti=<TaskInstance: etl_local_postgres_pipeline.stage_songs manual__2025-07-25T12:20:19.289451+00:00 [queued]>
[2025-07-25T19:20:37.606+0700] {taskinstance.py:2306} INFO - Starting attempt 1 of 4
[2025-07-25T19:20:38.690+0700] {taskinstance.py:2330} INFO - Executing <Task(PythonOperator): stage_songs> on 2025-07-25 12:20:19.289451+00:00
[2025-07-25T19:20:38.699+0700] {standard_task_runner.py:90} INFO - Running: ['airflow', 'tasks', 'run', 'etl_local_postgres_pipeline', 'stage_songs', 'manual__2025-07-25T12:20:19.289451+00:00', '--job-id', '106', '--raw', '--subdir', 'DAGS_FOLDER/etl_pipeline_pjt.py', '--cfg-path', '/tmp/tmpmxfeaqaw']
[2025-07-25T19:20:38.701+0700] {standard_task_runner.py:91} INFO - Job 106: Subtask stage_songs
[2025-07-25T19:20:38.701+0700] {logging_mixin.py:188} WARNING - /home/ngtph/airflow/airflow_venv/lib/python3.12/site-packages/airflow/task/task_runner/standard_task_runner.py:61 DeprecationWarning: This process (pid=20279) is multi-threaded, use of fork() may lead to deadlocks in the child.
[2025-07-25T19:20:38.701+0700] {standard_task_runner.py:63} INFO - Started process 20282 to run task
[2025-07-25T19:20:41.609+0700] {task_command.py:426} INFO - Running <TaskInstance: etl_local_postgres_pipeline.stage_songs manual__2025-07-25T12:20:19.289451+00:00 [running]> on host DESKTOP-9M5T9P5.localdomain
[2025-07-25T19:20:46.593+0700] {taskinstance.py:2648} INFO - Exporting env vars: AIRFLOW_CTX_DAG_OWNER='phuongnt226' AIRFLOW_CTX_DAG_ID='etl_local_postgres_pipeline' AIRFLOW_CTX_TASK_ID='stage_songs' AIRFLOW_CTX_EXECUTION_DATE='2025-07-25T12:20:19.289451+00:00' AIRFLOW_CTX_TRY_NUMBER='1' AIRFLOW_CTX_DAG_RUN_ID='manual__2025-07-25T12:20:19.289451+00:00'
[2025-07-25T19:20:46.595+0700] {taskinstance.py:430} INFO - ::endgroup::
[2025-07-25T19:23:18.043+0700] {base.py:84} INFO - Using connection ID 'postgres_id' for task execution.
[2025-07-25T19:23:19.286+0700] {logging_mixin.py:188} INFO - Found 71 song files.
[2025-07-25T19:23:24.624+0700] {logging_mixin.py:188} INFO - Finished stage_songs_to_postgres
[2025-07-25T19:23:24.628+0700] {python.py:237} INFO - Done. Returned value was: None
[2025-07-25T19:23:24.630+0700] {taskinstance.py:441} INFO - ::group::Post task execution logs
[2025-07-25T19:23:26.264+0700] {taskinstance.py:1206} INFO - Marking task as SUCCESS. dag_id=etl_local_postgres_pipeline, task_id=stage_songs, run_id=manual__2025-07-25T12:20:19.289451+00:00, execution_date=20250725T122019, start_date=20250725T122037, end_date=20250725T122326
[2025-07-25T19:23:32.917+0700] {local_task_job_runner.py:240} INFO - Task exited with return code 0
[2025-07-25T19:23:34.187+0700] {taskinstance.py:3498} INFO - 0 downstream tasks scheduled from follow-on schedule check
[2025-07-25T19:23:34.231+0700] {local_task_job_runner.py:222} INFO - ::endgroup::
