[2025-07-25T19:05:17.470+0700] {local_task_job_runner.py:120} INFO - ::group::Pre task execution logs
[2025-07-25T19:05:18.262+0700] {taskinstance.py:2076} INFO - Dependencies all met for dep_context=non-requeueable deps ti=<TaskInstance: etl_local_postgres_pipeline.stage_songs scheduled__2025-07-25T12:00:00+00:00 [queued]>
[2025-07-25T19:05:18.493+0700] {taskinstance.py:2076} INFO - Dependencies all met for dep_context=requeueable deps ti=<TaskInstance: etl_local_postgres_pipeline.stage_songs scheduled__2025-07-25T12:00:00+00:00 [queued]>
[2025-07-25T19:05:18.494+0700] {taskinstance.py:2306} INFO - Starting attempt 2 of 4
[2025-07-25T19:05:18.740+0700] {taskinstance.py:2330} INFO - Executing <Task(PythonOperator): stage_songs> on 2025-07-25 12:00:00+00:00
[2025-07-25T19:05:18.764+0700] {logging_mixin.py:188} WARNING - /home/ngtph/airflow/airflow_venv/lib/python3.12/site-packages/airflow/task/task_runner/standard_task_runner.py:61 DeprecationWarning: This process (pid=19997) is multi-threaded, use of fork() may lead to deadlocks in the child.
[2025-07-25T19:05:18.760+0700] {standard_task_runner.py:90} INFO - Running: ['airflow', 'tasks', 'run', 'etl_local_postgres_pipeline', 'stage_songs', 'scheduled__2025-07-25T12:00:00+00:00', '--job-id', '83', '--raw', '--subdir', 'DAGS_FOLDER/etl_pipeline_pjt.py', '--cfg-path', '/tmp/tmpi7xvd503']
[2025-07-25T19:05:18.764+0700] {standard_task_runner.py:91} INFO - Job 83: Subtask stage_songs
[2025-07-25T19:05:18.764+0700] {standard_task_runner.py:63} INFO - Started process 20005 to run task
[2025-07-25T19:05:22.111+0700] {task_command.py:426} INFO - Running <TaskInstance: etl_local_postgres_pipeline.stage_songs scheduled__2025-07-25T12:00:00+00:00 [running]> on host DESKTOP-9M5T9P5.localdomain
[2025-07-25T19:05:26.355+0700] {taskinstance.py:2648} INFO - Exporting env vars: AIRFLOW_CTX_DAG_OWNER='phuongnt226' AIRFLOW_CTX_DAG_ID='etl_local_postgres_pipeline' AIRFLOW_CTX_TASK_ID='stage_songs' AIRFLOW_CTX_EXECUTION_DATE='2025-07-25T12:00:00+00:00' AIRFLOW_CTX_TRY_NUMBER='2' AIRFLOW_CTX_DAG_RUN_ID='scheduled__2025-07-25T12:00:00+00:00'
[2025-07-25T19:05:26.356+0700] {taskinstance.py:430} INFO - ::endgroup::
[2025-07-25T19:05:27.029+0700] {base.py:84} INFO - Using connection ID 'postgres_id' for task execution.
[2025-07-25T19:05:27.551+0700] {logging_mixin.py:188} INFO - Found 71 song files.
[2025-07-25T19:05:31.094+0700] {logging_mixin.py:188} INFO - Finished stage_songs_to_postgres
[2025-07-25T19:05:31.095+0700] {python.py:237} INFO - Done. Returned value was: None
[2025-07-25T19:05:31.095+0700] {taskinstance.py:441} INFO - ::group::Post task execution logs
[2025-07-25T19:05:31.794+0700] {taskinstance.py:1206} INFO - Marking task as SUCCESS. dag_id=etl_local_postgres_pipeline, task_id=stage_songs, run_id=scheduled__2025-07-25T12:00:00+00:00, execution_date=20250725T120000, start_date=20250725T120518, end_date=20250725T120531
[2025-07-25T19:05:32.097+0700] {local_task_job_runner.py:240} INFO - Task exited with return code 0
[2025-07-25T19:05:32.846+0700] {taskinstance.py:3498} INFO - 0 downstream tasks scheduled from follow-on schedule check
[2025-07-25T19:05:32.895+0700] {local_task_job_runner.py:222} INFO - ::endgroup::
