[2025-07-26T08:04:37.374+0700] {local_task_job_runner.py:120} INFO - ::group::Pre task execution logs
[2025-07-26T08:04:38.179+0700] {taskinstance.py:2076} INFO - Dependencies all met for dep_context=non-requeueable deps ti=<TaskInstance: etl_local_postgres_pipeline.stage_songs scheduled__2025-07-26T00:00:00+00:00 [queued]>
[2025-07-26T08:04:38.405+0700] {taskinstance.py:2076} INFO - Dependencies all met for dep_context=requeueable deps ti=<TaskInstance: etl_local_postgres_pipeline.stage_songs scheduled__2025-07-26T00:00:00+00:00 [queued]>
[2025-07-26T08:04:38.405+0700] {taskinstance.py:2306} INFO - Starting attempt 6 of 9
[2025-07-26T08:04:38.696+0700] {taskinstance.py:2330} INFO - Executing <Task(PythonOperator): stage_songs> on 2025-07-26 00:00:00+00:00
[2025-07-26T08:04:38.706+0700] {logging_mixin.py:188} WARNING - /home/ngtph/airflow/airflow_venv/lib/python3.12/site-packages/airflow/task/task_runner/standard_task_runner.py:61 DeprecationWarning: This process (pid=5434) is multi-threaded, use of fork() may lead to deadlocks in the child.
[2025-07-26T08:04:38.704+0700] {standard_task_runner.py:90} INFO - Running: ['airflow', 'tasks', 'run', 'etl_local_postgres_pipeline', 'stage_songs', 'scheduled__2025-07-26T00:00:00+00:00', '--job-id', '386', '--raw', '--subdir', 'DAGS_FOLDER/etl_pipeline_pjt.py', '--cfg-path', '/tmp/tmphg483ca9']
[2025-07-26T08:04:38.706+0700] {standard_task_runner.py:91} INFO - Job 386: Subtask stage_songs
[2025-07-26T08:04:38.706+0700] {standard_task_runner.py:63} INFO - Started process 5444 to run task
[2025-07-26T08:04:42.540+0700] {task_command.py:426} INFO - Running <TaskInstance: etl_local_postgres_pipeline.stage_songs scheduled__2025-07-26T00:00:00+00:00 [running]> on host DESKTOP-9M5T9P5.localdomain
[2025-07-26T08:04:47.531+0700] {taskinstance.py:2648} INFO - Exporting env vars: AIRFLOW_CTX_DAG_OWNER='phuongnt226' AIRFLOW_CTX_DAG_ID='etl_local_postgres_pipeline' AIRFLOW_CTX_TASK_ID='stage_songs' AIRFLOW_CTX_EXECUTION_DATE='2025-07-26T00:00:00+00:00' AIRFLOW_CTX_TRY_NUMBER='6' AIRFLOW_CTX_DAG_RUN_ID='scheduled__2025-07-26T00:00:00+00:00'
[2025-07-26T08:04:47.532+0700] {taskinstance.py:430} INFO - ::endgroup::
[2025-07-26T08:04:48.337+0700] {base.py:84} INFO - Using connection ID 'postgres_id' for task execution.
[2025-07-26T08:04:49.060+0700] {logging_mixin.py:188} INFO - Found 71 files in /home/ngtph/airflow/data/song_data
[2025-07-26T08:04:49.192+0700] {logging_mixin.py:188} INFO - Skipped (already processed): /home/ngtph/airflow/data/song_data/A/B/C/TRABCXB128F4286BD3.json
[2025-07-26T08:04:49.257+0700] {logging_mixin.py:188} INFO - Skipped (already processed): /home/ngtph/airflow/data/song_data/A/B/C/TRABCIX128F4265903.json
[2025-07-26T08:04:49.323+0700] {logging_mixin.py:188} INFO - Skipped (already processed): /home/ngtph/airflow/data/song_data/A/B/C/TRABCRU128F423F449.json
[2025-07-26T08:04:49.388+0700] {logging_mixin.py:188} INFO - Skipped (already processed): /home/ngtph/airflow/data/song_data/A/B/C/TRABCFL128F149BB0D.json
[2025-07-26T08:04:49.453+0700] {logging_mixin.py:188} INFO - Skipped (already processed): /home/ngtph/airflow/data/song_data/A/B/C/TRABCEC128F426456E.json
[2025-07-26T08:04:49.521+0700] {logging_mixin.py:188} INFO - Skipped (already processed): /home/ngtph/airflow/data/song_data/A/B/C/TRABCUQ128E0783E2B.json
[2025-07-26T08:04:49.588+0700] {logging_mixin.py:188} INFO - Skipped (already processed): /home/ngtph/airflow/data/song_data/A/B/C/TRABCKL128F423A778.json
[2025-07-26T08:04:49.654+0700] {logging_mixin.py:188} INFO - Skipped (already processed): /home/ngtph/airflow/data/song_data/A/B/C/TRABCYE128F934CE1D.json
[2025-07-26T08:04:49.720+0700] {logging_mixin.py:188} INFO - Skipped (already processed): /home/ngtph/airflow/data/song_data/A/B/C/TRABCEI128F424C983.json
[2025-07-26T08:04:49.793+0700] {logging_mixin.py:188} INFO - Skipped (already processed): /home/ngtph/airflow/data/song_data/A/B/C/TRABCAJ12903CDFCC2.json
[2025-07-26T08:04:49.860+0700] {logging_mixin.py:188} INFO - Skipped (already processed): /home/ngtph/airflow/data/song_data/A/B/C/TRABCTK128F934B224.json
[2025-07-26T08:04:49.927+0700] {logging_mixin.py:188} INFO - Skipped (already processed): /home/ngtph/airflow/data/song_data/A/B/C/TRABCPZ128F4275C32.json
[2025-07-26T08:04:49.995+0700] {logging_mixin.py:188} INFO - Skipped (already processed): /home/ngtph/airflow/data/song_data/A/B/B/TRABBNP128F932546F.json
[2025-07-26T08:04:50.061+0700] {logging_mixin.py:188} INFO - Skipped (already processed): /home/ngtph/airflow/data/song_data/A/B/B/TRABBOR128F4286200.json
[2025-07-26T08:04:50.127+0700] {logging_mixin.py:188} INFO - Skipped (already processed): /home/ngtph/airflow/data/song_data/A/B/B/TRABBOP128F931B50D.json
[2025-07-26T08:04:50.194+0700] {logging_mixin.py:188} INFO - Skipped (already processed): /home/ngtph/airflow/data/song_data/A/B/B/TRABBJE12903CDB442.json
[2025-07-26T08:04:50.260+0700] {logging_mixin.py:188} INFO - Skipped (already processed): /home/ngtph/airflow/data/song_data/A/B/B/TRABBTA128F933D304.json
[2025-07-26T08:04:50.326+0700] {logging_mixin.py:188} INFO - Skipped (already processed): /home/ngtph/airflow/data/song_data/A/B/B/TRABBBV128F42967D7.json
[2025-07-26T08:04:50.396+0700] {logging_mixin.py:188} INFO - Skipped (already processed): /home/ngtph/airflow/data/song_data/A/B/B/TRABBAM128F429D223.json
[2025-07-26T08:04:50.462+0700] {logging_mixin.py:188} INFO - Skipped (already processed): /home/ngtph/airflow/data/song_data/A/B/B/TRABBVJ128F92F7EAA.json
[2025-07-26T08:04:50.529+0700] {logging_mixin.py:188} INFO - Skipped (already processed): /home/ngtph/airflow/data/song_data/A/B/B/TRABBLU128F93349CF.json
[2025-07-26T08:04:50.596+0700] {logging_mixin.py:188} INFO - Skipped (already processed): /home/ngtph/airflow/data/song_data/A/B/B/TRABBKX128F4285205.json
[2025-07-26T08:04:50.663+0700] {logging_mixin.py:188} INFO - Skipped (already processed): /home/ngtph/airflow/data/song_data/A/B/B/TRABBZN12903CD9297.json
[2025-07-26T08:04:50.731+0700] {logging_mixin.py:188} INFO - Skipped (already processed): /home/ngtph/airflow/data/song_data/A/B/B/TRABBXU128F92FEF48.json
[2025-07-26T08:04:50.809+0700] {logging_mixin.py:188} INFO - Skipped (already processed): /home/ngtph/airflow/data/song_data/A/B/A/TRABAFJ128F42AF24E.json
[2025-07-26T08:04:50.877+0700] {logging_mixin.py:188} INFO - Skipped (already processed): /home/ngtph/airflow/data/song_data/A/B/A/TRABAFP128F931E9A1.json
[2025-07-26T08:04:50.943+0700] {logging_mixin.py:188} INFO - Skipped (already processed): /home/ngtph/airflow/data/song_data/A/B/A/TRABAIO128F42938F9.json
[2025-07-26T08:04:51.010+0700] {logging_mixin.py:188} INFO - Skipped (already processed): /home/ngtph/airflow/data/song_data/A/B/A/TRABAWW128F4250A31.json
[2025-07-26T08:04:51.076+0700] {logging_mixin.py:188} INFO - Skipped (already processed): /home/ngtph/airflow/data/song_data/A/B/A/TRABAZH128F930419A.json
[2025-07-26T08:04:51.145+0700] {logging_mixin.py:188} INFO - Skipped (already processed): /home/ngtph/airflow/data/song_data/A/B/A/TRABAXV128F92F6AE3.json
[2025-07-26T08:04:51.210+0700] {logging_mixin.py:188} INFO - Skipped (already processed): /home/ngtph/airflow/data/song_data/A/B/A/TRABATO128F42627E9.json
[2025-07-26T08:04:51.275+0700] {logging_mixin.py:188} INFO - Skipped (already processed): /home/ngtph/airflow/data/song_data/A/B/A/TRABAXL128F424FC50.json
[2025-07-26T08:04:51.341+0700] {logging_mixin.py:188} INFO - Skipped (already processed): /home/ngtph/airflow/data/song_data/A/B/A/TRABAVQ12903CBF7E0.json
[2025-07-26T08:04:51.407+0700] {logging_mixin.py:188} INFO - Skipped (already processed): /home/ngtph/airflow/data/song_data/A/B/A/TRABAXR128F426515F.json
[2025-07-26T08:04:51.474+0700] {logging_mixin.py:188} INFO - Skipped (already processed): /home/ngtph/airflow/data/song_data/A/B/A/TRABACN128F425B784.json
[2025-07-26T08:04:51.545+0700] {logging_mixin.py:188} INFO - Skipped (already processed): /home/ngtph/airflow/data/song_data/A/A/C/TRAACSL128F93462F4.json
[2025-07-26T08:04:51.615+0700] {logging_mixin.py:188} INFO - Skipped (already processed): /home/ngtph/airflow/data/song_data/A/A/C/TRAACPE128F421C1B9.json
[2025-07-26T08:04:51.681+0700] {logging_mixin.py:188} INFO - Skipped (already processed): /home/ngtph/airflow/data/song_data/A/A/C/TRAACQT128F9331780.json
[2025-07-26T08:04:51.747+0700] {logging_mixin.py:188} INFO - Skipped (already processed): /home/ngtph/airflow/data/song_data/A/A/C/TRAACCG128F92E8A55.json
[2025-07-26T08:04:51.815+0700] {logging_mixin.py:188} INFO - Skipped (already processed): /home/ngtph/airflow/data/song_data/A/A/C/TRAACHN128F1489601.json
[2025-07-26T08:04:51.882+0700] {logging_mixin.py:188} INFO - Skipped (already processed): /home/ngtph/airflow/data/song_data/A/A/C/TRAACTB12903CAAF15.json
[2025-07-26T08:04:51.951+0700] {logging_mixin.py:188} INFO - Skipped (already processed): /home/ngtph/airflow/data/song_data/A/A/C/TRAACER128F4290F96.json
[2025-07-26T08:04:52.082+0700] {logging_mixin.py:188} INFO - Skipped (already processed): /home/ngtph/airflow/data/song_data/A/A/C/TRAACVS128E078BE39.json
[2025-07-26T08:04:52.171+0700] {logging_mixin.py:188} INFO - Skipped (already processed): /home/ngtph/airflow/data/song_data/A/A/C/TRAACOW128F933E35F.json
[2025-07-26T08:04:52.271+0700] {logging_mixin.py:188} INFO - Skipped (already processed): /home/ngtph/airflow/data/song_data/A/A/C/TRAACFV128F935E50B.json
[2025-07-26T08:04:52.338+0700] {logging_mixin.py:188} INFO - Skipped (already processed): /home/ngtph/airflow/data/song_data/A/A/C/TRAACLV128F427E123.json
[2025-07-26T08:04:52.404+0700] {logging_mixin.py:188} INFO - Skipped (already processed): /home/ngtph/airflow/data/song_data/A/A/C/TRAACZK128F4243829.json
[2025-07-26T08:04:52.470+0700] {logging_mixin.py:188} INFO - Skipped (already processed): /home/ngtph/airflow/data/song_data/A/A/C/TRAACIW12903CC0F6D.json
[2025-07-26T08:04:52.536+0700] {logging_mixin.py:188} INFO - Skipped (already processed): /home/ngtph/airflow/data/song_data/A/A/C/TRAACNS128F14A2DF5.json
[2025-07-26T08:04:52.609+0700] {logging_mixin.py:188} INFO - Skipped (already processed): /home/ngtph/airflow/data/song_data/A/A/B/TRAABLR128F423B7E3.json
[2025-07-26T08:04:52.674+0700] {logging_mixin.py:188} INFO - Skipped (already processed): /home/ngtph/airflow/data/song_data/A/A/B/TRAABRB128F9306DD5.json
[2025-07-26T08:04:52.740+0700] {logging_mixin.py:188} INFO - Skipped (already processed): /home/ngtph/airflow/data/song_data/A/A/B/TRAABVM128F92CA9DC.json
[2025-07-26T08:04:52.807+0700] {logging_mixin.py:188} INFO - Skipped (already processed): /home/ngtph/airflow/data/song_data/A/A/B/TRAABJV128F1460C49.json
[2025-07-26T08:04:52.873+0700] {logging_mixin.py:188} INFO - Skipped (already processed): /home/ngtph/airflow/data/song_data/A/A/B/TRAABNV128F425CEE1.json
[2025-07-26T08:04:52.939+0700] {logging_mixin.py:188} INFO - Skipped (already processed): /home/ngtph/airflow/data/song_data/A/A/B/TRAABDL12903CAABBA.json
[2025-07-26T08:04:53.004+0700] {logging_mixin.py:188} INFO - Skipped (already processed): /home/ngtph/airflow/data/song_data/A/A/B/TRAABYW128F4244559.json
[2025-07-26T08:04:53.071+0700] {logging_mixin.py:188} INFO - Skipped (already processed): /home/ngtph/airflow/data/song_data/A/A/B/TRAABYN12903CFD305.json
[2025-07-26T08:04:53.136+0700] {logging_mixin.py:188} INFO - Skipped (already processed): /home/ngtph/airflow/data/song_data/A/A/B/TRAABXG128F9318EBD.json
[2025-07-26T08:04:53.203+0700] {logging_mixin.py:188} INFO - Skipped (already processed): /home/ngtph/airflow/data/song_data/A/A/B/TRAABJL12903CDCF1A.json
[2025-07-26T08:04:53.269+0700] {logging_mixin.py:188} INFO - Skipped (already processed): /home/ngtph/airflow/data/song_data/A/A/B/TRAABCL128F4286650.json
[2025-07-26T08:04:53.342+0700] {logging_mixin.py:188} INFO - Skipped (already processed): /home/ngtph/airflow/data/song_data/A/A/A/TRAAAPK128E0786D96.json
[2025-07-26T08:04:53.408+0700] {logging_mixin.py:188} INFO - Skipped (already processed): /home/ngtph/airflow/data/song_data/A/A/A/TRAAARJ128F9320760.json
[2025-07-26T08:04:53.474+0700] {logging_mixin.py:188} INFO - Skipped (already processed): /home/ngtph/airflow/data/song_data/A/A/A/TRAAAVO128F93133D4.json
[2025-07-26T08:04:53.539+0700] {logging_mixin.py:188} INFO - Skipped (already processed): /home/ngtph/airflow/data/song_data/A/A/A/TRAAAAW128F429D538.json
[2025-07-26T08:04:53.606+0700] {logging_mixin.py:188} INFO - Skipped (already processed): /home/ngtph/airflow/data/song_data/A/A/A/TRAAABD128F429CF47.json
[2025-07-26T08:04:53.673+0700] {logging_mixin.py:188} INFO - Skipped (already processed): /home/ngtph/airflow/data/song_data/A/A/A/TRAAAMO128F1481E7F.json
[2025-07-26T08:04:53.740+0700] {logging_mixin.py:188} INFO - Skipped (already processed): /home/ngtph/airflow/data/song_data/A/A/A/TRAAAFD128F92F423A.json
[2025-07-26T08:04:53.806+0700] {logging_mixin.py:188} INFO - Skipped (already processed): /home/ngtph/airflow/data/song_data/A/A/A/TRAAAEF128F4273421.json
[2025-07-26T08:04:53.872+0700] {logging_mixin.py:188} INFO - Skipped (already processed): /home/ngtph/airflow/data/song_data/A/A/A/TRAAADZ128F9348C2E.json
[2025-07-26T08:04:53.938+0700] {logging_mixin.py:188} INFO - Skipped (already processed): /home/ngtph/airflow/data/song_data/A/A/A/TRAAAMQ128F1460CD3.json
[2025-07-26T08:04:54.004+0700] {logging_mixin.py:188} INFO - Skipped (already processed): /home/ngtph/airflow/data/song_data/A/A/A/TRAAAVG12903CFA543.json
[2025-07-26T08:04:54.070+0700] {logging_mixin.py:188} INFO - Finished stage_songs_to_postgres
[2025-07-26T08:04:54.071+0700] {python.py:237} INFO - Done. Returned value was: None
[2025-07-26T08:04:54.071+0700] {taskinstance.py:441} INFO - ::group::Post task execution logs
[2025-07-26T08:04:54.915+0700] {taskinstance.py:1206} INFO - Marking task as SUCCESS. dag_id=etl_local_postgres_pipeline, task_id=stage_songs, run_id=scheduled__2025-07-26T00:00:00+00:00, execution_date=20250726T000000, start_date=20250726T010438, end_date=20250726T010454
[2025-07-26T08:04:55.261+0700] {local_task_job_runner.py:240} INFO - Task exited with return code 0
[2025-07-26T08:04:56.361+0700] {taskinstance.py:3498} INFO - 1 downstream tasks scheduled from follow-on schedule check
[2025-07-26T08:04:56.431+0700] {local_task_job_runner.py:222} INFO - ::endgroup::
