[2025-07-25T19:56:41.572+0700] {local_task_job_runner.py:120} INFO - ::group::Pre task execution logs
[2025-07-25T19:56:42.357+0700] {taskinstance.py:2076} INFO - Dependencies all met for dep_context=non-requeueable deps ti=<TaskInstance: etl_local_postgres_pipeline.stage_events manual__2025-07-25T12:56:28.053646+00:00 [queued]>
[2025-07-25T19:56:42.598+0700] {taskinstance.py:2076} INFO - Dependencies all met for dep_context=requeueable deps ti=<TaskInstance: etl_local_postgres_pipeline.stage_events manual__2025-07-25T12:56:28.053646+00:00 [queued]>
[2025-07-25T19:56:42.598+0700] {taskinstance.py:2306} INFO - Starting attempt 1 of 4
[2025-07-25T19:56:42.883+0700] {taskinstance.py:2330} INFO - Executing <Task(PythonOperator): stage_events> on 2025-07-25 12:56:28.053646+00:00
[2025-07-25T19:56:42.891+0700] {logging_mixin.py:188} WARNING - /home/ngtph/airflow/airflow_venv/lib/python3.12/site-packages/airflow/task/task_runner/standard_task_runner.py:61 DeprecationWarning: This process (pid=20976) is multi-threaded, use of fork() may lead to deadlocks in the child.
[2025-07-25T19:56:42.890+0700] {standard_task_runner.py:90} INFO - Running: ['airflow', 'tasks', 'run', 'etl_local_postgres_pipeline', 'stage_events', 'manual__2025-07-25T12:56:28.053646+00:00', '--job-id', '156', '--raw', '--subdir', 'DAGS_FOLDER/etl_pipeline_pjt.py', '--cfg-path', '/tmp/tmp7z3qk8ib']
[2025-07-25T19:56:42.892+0700] {standard_task_runner.py:63} INFO - Started process 20980 to run task
[2025-07-25T19:56:42.892+0700] {standard_task_runner.py:91} INFO - Job 156: Subtask stage_events
[2025-07-25T19:56:48.839+0700] {task_command.py:426} INFO - Running <TaskInstance: etl_local_postgres_pipeline.stage_events manual__2025-07-25T12:56:28.053646+00:00 [running]> on host DESKTOP-9M5T9P5.localdomain
[2025-07-25T19:56:54.246+0700] {taskinstance.py:2648} INFO - Exporting env vars: AIRFLOW_CTX_DAG_OWNER='phuongnt226' AIRFLOW_CTX_DAG_ID='etl_local_postgres_pipeline' AIRFLOW_CTX_TASK_ID='stage_events' AIRFLOW_CTX_EXECUTION_DATE='2025-07-25T12:56:28.053646+00:00' AIRFLOW_CTX_TRY_NUMBER='1' AIRFLOW_CTX_DAG_RUN_ID='manual__2025-07-25T12:56:28.053646+00:00'
[2025-07-25T19:56:54.246+0700] {taskinstance.py:430} INFO - ::endgroup::
[2025-07-25T19:56:55.152+0700] {base.py:84} INFO - Using connection ID 'postgres_id' for task execution.
[2025-07-25T19:56:55.847+0700] {logging_mixin.py:188} INFO - Found 30 event files.
[2025-07-25T20:04:05.318+0700] {logging_mixin.py:188} INFO - Finished stage_events_to_postgres
[2025-07-25T20:04:05.419+0700] {python.py:237} INFO - Done. Returned value was: None
[2025-07-25T20:04:05.462+0700] {taskinstance.py:441} INFO - ::group::Post task execution logs
[2025-07-25T20:04:07.354+0700] {taskinstance.py:1206} INFO - Marking task as SUCCESS. dag_id=etl_local_postgres_pipeline, task_id=stage_events, run_id=manual__2025-07-25T12:56:28.053646+00:00, execution_date=20250725T125628, start_date=20250725T125642, end_date=20250725T130407
[2025-07-25T20:04:08.067+0700] {local_task_job_runner.py:240} INFO - Task exited with return code 0
[2025-07-25T20:04:09.155+0700] {taskinstance.py:3498} INFO - 1 downstream tasks scheduled from follow-on schedule check
[2025-07-25T20:04:09.214+0700] {local_task_job_runner.py:222} INFO - ::endgroup::
