[2025-07-26T00:00:11.785+0700] {local_task_job_runner.py:120} INFO - ::group::Pre task execution logs
[2025-07-26T00:00:12.812+0700] {taskinstance.py:2076} INFO - Dependencies all met for dep_context=non-requeueable deps ti=<TaskInstance: etl_local_postgres_pipeline.stage_events scheduled__2025-07-25T17:00:00+00:00 [queued]>
[2025-07-26T00:00:13.006+0700] {taskinstance.py:2076} INFO - Dependencies all met for dep_context=requeueable deps ti=<TaskInstance: etl_local_postgres_pipeline.stage_events scheduled__2025-07-25T17:00:00+00:00 [queued]>
[2025-07-26T00:00:13.007+0700] {taskinstance.py:2306} INFO - Starting attempt 1 of 4
[2025-07-26T00:00:13.395+0700] {taskinstance.py:2330} INFO - Executing <Task(PythonOperator): stage_events> on 2025-07-25 17:00:00+00:00
[2025-07-26T00:00:13.410+0700] {standard_task_runner.py:90} INFO - Running: ['airflow', 'tasks', 'run', 'etl_local_postgres_pipeline', 'stage_events', 'scheduled__2025-07-25T17:00:00+00:00', '--job-id', '202', '--raw', '--subdir', 'DAGS_FOLDER/etl_pipeline_pjt.py', '--cfg-path', '/tmp/tmpsxqhm8_b']
[2025-07-26T00:00:13.412+0700] {standard_task_runner.py:91} INFO - Job 202: Subtask stage_events
[2025-07-26T00:00:13.412+0700] {logging_mixin.py:188} WARNING - /home/ngtph/airflow/airflow_venv/lib/python3.12/site-packages/airflow/task/task_runner/standard_task_runner.py:61 DeprecationWarning: This process (pid=1700) is multi-threaded, use of fork() may lead to deadlocks in the child.
[2025-07-26T00:00:13.412+0700] {standard_task_runner.py:63} INFO - Started process 1705 to run task
[2025-07-26T00:00:17.386+0700] {task_command.py:426} INFO - Running <TaskInstance: etl_local_postgres_pipeline.stage_events scheduled__2025-07-25T17:00:00+00:00 [running]> on host DESKTOP-9M5T9P5.localdomain
[2025-07-26T00:00:21.328+0700] {taskinstance.py:2648} INFO - Exporting env vars: AIRFLOW_CTX_DAG_OWNER='phuongnt226' AIRFLOW_CTX_DAG_ID='etl_local_postgres_pipeline' AIRFLOW_CTX_TASK_ID='stage_events' AIRFLOW_CTX_EXECUTION_DATE='2025-07-25T17:00:00+00:00' AIRFLOW_CTX_TRY_NUMBER='1' AIRFLOW_CTX_DAG_RUN_ID='scheduled__2025-07-25T17:00:00+00:00'
[2025-07-26T00:00:21.330+0700] {taskinstance.py:430} INFO - ::endgroup::
[2025-07-26T00:00:22.261+0700] {base.py:84} INFO - Using connection ID 'postgres_id' for task execution.
[2025-07-26T00:00:22.873+0700] {logging_mixin.py:188} INFO - Found 30 event files.
[2025-07-26T00:05:52.262+0700] {logging_mixin.py:188} INFO - Finished stage_events_to_postgres
[2025-07-26T00:05:52.266+0700] {python.py:237} INFO - Done. Returned value was: None
[2025-07-26T00:05:52.267+0700] {taskinstance.py:441} INFO - ::group::Post task execution logs
[2025-07-26T00:05:53.959+0700] {taskinstance.py:1206} INFO - Marking task as SUCCESS. dag_id=etl_local_postgres_pipeline, task_id=stage_events, run_id=scheduled__2025-07-25T17:00:00+00:00, execution_date=20250725T170000, start_date=20250725T170012, end_date=20250725T170553
[2025-07-26T00:05:54.265+0700] {local_task_job_runner.py:240} INFO - Task exited with return code 0
[2025-07-26T00:05:55.095+0700] {taskinstance.py:3498} INFO - 0 downstream tasks scheduled from follow-on schedule check
[2025-07-26T00:05:55.144+0700] {local_task_job_runner.py:222} INFO - ::endgroup::
