[2025-07-26T00:51:11.136+0700] {local_task_job_runner.py:120} INFO - ::group::Pre task execution logs
[2025-07-26T00:51:12.042+0700] {taskinstance.py:2076} INFO - Dependencies all met for dep_context=non-requeueable deps ti=<TaskInstance: etl_local_postgres_pipeline.stage_events scheduled__2025-07-25T17:00:00+00:00 [queued]>
[2025-07-26T00:51:12.412+0700] {taskinstance.py:2076} INFO - Dependencies all met for dep_context=requeueable deps ti=<TaskInstance: etl_local_postgres_pipeline.stage_events scheduled__2025-07-25T17:00:00+00:00 [queued]>
[2025-07-26T00:51:12.413+0700] {taskinstance.py:2306} INFO - Starting attempt 3 of 5
[2025-07-26T00:51:12.675+0700] {taskinstance.py:2330} INFO - Executing <Task(PythonOperator): stage_events> on 2025-07-25 17:00:00+00:00
[2025-07-26T00:51:12.685+0700] {standard_task_runner.py:90} INFO - Running: ['airflow', 'tasks', 'run', 'etl_local_postgres_pipeline', 'stage_events', 'scheduled__2025-07-25T17:00:00+00:00', '--job-id', '212', '--raw', '--subdir', 'DAGS_FOLDER/etl_pipeline_pjt.py', '--cfg-path', '/tmp/tmpkhjxf8x7']
[2025-07-26T00:51:12.687+0700] {standard_task_runner.py:91} INFO - Job 212: Subtask stage_events
[2025-07-26T00:51:12.688+0700] {logging_mixin.py:188} WARNING - /home/ngtph/airflow/airflow_venv/lib/python3.12/site-packages/airflow/task/task_runner/standard_task_runner.py:61 DeprecationWarning: This process (pid=2983) is multi-threaded, use of fork() may lead to deadlocks in the child.
[2025-07-26T00:51:12.688+0700] {standard_task_runner.py:63} INFO - Started process 2989 to run task
[2025-07-26T00:51:15.421+0700] {task_command.py:426} INFO - Running <TaskInstance: etl_local_postgres_pipeline.stage_events scheduled__2025-07-25T17:00:00+00:00 [running]> on host DESKTOP-9M5T9P5.localdomain
[2025-07-26T00:51:19.831+0700] {taskinstance.py:2648} INFO - Exporting env vars: AIRFLOW_CTX_DAG_OWNER='phuongnt226' AIRFLOW_CTX_DAG_ID='etl_local_postgres_pipeline' AIRFLOW_CTX_TASK_ID='stage_events' AIRFLOW_CTX_EXECUTION_DATE='2025-07-25T17:00:00+00:00' AIRFLOW_CTX_TRY_NUMBER='3' AIRFLOW_CTX_DAG_RUN_ID='scheduled__2025-07-25T17:00:00+00:00'
[2025-07-26T00:51:19.832+0700] {taskinstance.py:430} INFO - ::endgroup::
[2025-07-26T00:51:20.785+0700] {base.py:84} INFO - Using connection ID 'postgres_id' for task execution.
[2025-07-26T00:51:21.463+0700] {logging_mixin.py:188} INFO - Found 30 event files.
[2025-07-26T00:51:32.943+0700] {taskinstance.py:441} INFO - ::group::Post task execution logs
[2025-07-26T00:51:32.944+0700] {taskinstance.py:2905} ERROR - Task failed with exception
Traceback (most recent call last):
  File "/home/ngtph/airflow/airflow_venv/lib/python3.12/site-packages/airflow/models/taskinstance.py", line 465, in _execute_task
    result = _execute_callable(context=context, **execute_callable_kwargs)
             ^^^^^^^^^^^^^^^^^^^^^^^^^^^^^^^^^^^^^^^^^^^^^^^^^^^^^^^^^^^^^
  File "/home/ngtph/airflow/airflow_venv/lib/python3.12/site-packages/airflow/models/taskinstance.py", line 432, in _execute_callable
    return execute_callable(context=context, **execute_callable_kwargs)
           ^^^^^^^^^^^^^^^^^^^^^^^^^^^^^^^^^^^^^^^^^^^^^^^^^^^^^^^^^^^^
  File "/home/ngtph/airflow/airflow_venv/lib/python3.12/site-packages/airflow/models/baseoperator.py", line 400, in wrapper
    return func(self, *args, **kwargs)
           ^^^^^^^^^^^^^^^^^^^^^^^^^^^
  File "/home/ngtph/airflow/airflow_venv/lib/python3.12/site-packages/airflow/operators/python.py", line 235, in execute
    return_value = self.execute_callable()
                   ^^^^^^^^^^^^^^^^^^^^^^^
  File "/home/ngtph/airflow/airflow_venv/lib/python3.12/site-packages/airflow/operators/python.py", line 252, in execute_callable
    return self.python_callable(*self.op_args, **self.op_kwargs)
           ^^^^^^^^^^^^^^^^^^^^^^^^^^^^^^^^^^^^^^^^^^^^^^^^^^^^^
  File "/home/ngtph/airflow/dags/etl_pipeline_pjt.py", line 106, in stage_events_to_postgres
    cur.execute("""
psycopg2.errors.UndefinedColumn: column "file_path" of relation "loaded_files" does not exist
LINE 2:                 INSERT INTO loaded_files (file_path)
                                                  ^

[2025-07-26T00:51:34.692+0700] {taskinstance.py:1206} INFO - Marking task as UP_FOR_RETRY. dag_id=etl_local_postgres_pipeline, task_id=stage_events, run_id=scheduled__2025-07-25T17:00:00+00:00, execution_date=20250725T170000, start_date=20250725T175112, end_date=20250725T175134
[2025-07-26T00:51:35.146+0700] {local_task_job_runner.py:310} WARNING - State of this instance has been externally set to restarting. Terminating instance.
[2025-07-26T00:51:35.147+0700] {local_task_job_runner.py:222} INFO - ::endgroup::
[2025-07-26T00:51:35.149+0700] {standard_task_runner.py:110} ERROR - Failed to execute job 212 for task stage_events (column "file_path" of relation "loaded_files" does not exist
LINE 2:                 INSERT INTO loaded_files (file_path)
                                                  ^
; 2989)
[2025-07-26T00:51:35.150+0700] {process_utils.py:132} INFO - Sending 15 to group 2989. PIDs of all processes in the group: [2989]
[2025-07-26T00:51:35.150+0700] {process_utils.py:87} INFO - Sending the signal 15 to group 2989
[2025-07-26T00:51:35.150+0700] {taskinstance.py:2611} ERROR - Received SIGTERM. Terminating subprocesses.
[2025-07-26T00:51:35.155+0700] {process_utils.py:80} INFO - Process psutil.Process(pid=2989, status='terminated', exitcode=1, started='00:51:12') (2989) terminated with exit code 1
