[2025-07-25T23:01:59.092+0700] {local_task_job_runner.py:120} INFO - ::group::Pre task execution logs
[2025-07-25T23:01:59.841+0700] {taskinstance.py:2076} INFO - Dependencies all met for dep_context=non-requeueable deps ti=<TaskInstance: etl_local_postgres_pipeline.load_artist_dim_table scheduled__2025-07-25T15:00:00+00:00 [queued]>
[2025-07-25T23:02:00.044+0700] {taskinstance.py:2076} INFO - Dependencies all met for dep_context=requeueable deps ti=<TaskInstance: etl_local_postgres_pipeline.load_artist_dim_table scheduled__2025-07-25T15:00:00+00:00 [queued]>
[2025-07-25T23:02:00.044+0700] {taskinstance.py:2306} INFO - Starting attempt 1 of 4
[2025-07-25T23:02:00.261+0700] {taskinstance.py:2330} INFO - Executing <Task(PythonOperator): load_artist_dim_table> on 2025-07-25 15:00:00+00:00
[2025-07-25T23:02:00.272+0700] {logging_mixin.py:188} WARNING - /home/ngtph/airflow/airflow_venv/lib/python3.12/site-packages/airflow/task/task_runner/standard_task_runner.py:61 DeprecationWarning: This process (pid=968) is multi-threaded, use of fork() may lead to deadlocks in the child.
[2025-07-25T23:02:00.270+0700] {standard_task_runner.py:90} INFO - Running: ['airflow', 'tasks', 'run', 'etl_local_postgres_pipeline', 'load_artist_dim_table', 'scheduled__2025-07-25T15:00:00+00:00', '--job-id', '182', '--raw', '--subdir', 'DAGS_FOLDER/etl_pipeline_pjt.py', '--cfg-path', '/tmp/tmpd3wxl18u']
[2025-07-25T23:02:00.272+0700] {standard_task_runner.py:63} INFO - Started process 987 to run task
[2025-07-25T23:02:00.272+0700] {standard_task_runner.py:91} INFO - Job 182: Subtask load_artist_dim_table
[2025-07-25T23:02:04.288+0700] {task_command.py:426} INFO - Running <TaskInstance: etl_local_postgres_pipeline.load_artist_dim_table scheduled__2025-07-25T15:00:00+00:00 [running]> on host DESKTOP-9M5T9P5.localdomain
[2025-07-25T23:02:14.226+0700] {taskinstance.py:2648} INFO - Exporting env vars: AIRFLOW_CTX_DAG_OWNER='phuongnt226' AIRFLOW_CTX_DAG_ID='etl_local_postgres_pipeline' AIRFLOW_CTX_TASK_ID='load_artist_dim_table' AIRFLOW_CTX_EXECUTION_DATE='2025-07-25T15:00:00+00:00' AIRFLOW_CTX_TRY_NUMBER='1' AIRFLOW_CTX_DAG_RUN_ID='scheduled__2025-07-25T15:00:00+00:00'
[2025-07-25T23:02:14.227+0700] {taskinstance.py:430} INFO - ::endgroup::
[2025-07-25T23:02:16.649+0700] {base.py:84} INFO - Using connection ID 'postgres_id' for task execution.
[2025-07-25T23:02:17.702+0700] {sql.py:470} INFO - Running statement: 
        SELECT distinct artist_id, artist_name, artist_location, artist_latitude, artist_longitude
        FROM staging_songs
    , parameters: None
[2025-07-25T23:02:17.881+0700] {sql.py:479} INFO - Rows affected: 69
[2025-07-25T23:02:17.970+0700] {python.py:237} INFO - Done. Returned value was: None
[2025-07-25T23:02:17.970+0700] {taskinstance.py:441} INFO - ::group::Post task execution logs
[2025-07-25T23:02:19.087+0700] {taskinstance.py:1206} INFO - Marking task as SUCCESS. dag_id=etl_local_postgres_pipeline, task_id=load_artist_dim_table, run_id=scheduled__2025-07-25T15:00:00+00:00, execution_date=20250725T150000, start_date=20250725T160159, end_date=20250725T160219
[2025-07-25T23:02:19.474+0700] {local_task_job_runner.py:240} INFO - Task exited with return code 0
[2025-07-25T23:02:23.871+0700] {local_task_job_runner.py:222} INFO - ::endgroup::
