[2025-07-25T16:58:20.009+0700] {taskinstance.py:1956} INFO - Dependencies all met for dep_context=non-requeueable deps ti=<TaskInstance: etl_local_postgres_pipeline.stage_songs manual__2025-07-25T09:58:06.629719+00:00 [queued]>
[2025-07-25T16:58:20.212+0700] {taskinstance.py:1956} INFO - Dependencies all met for dep_context=requeueable deps ti=<TaskInstance: etl_local_postgres_pipeline.stage_songs manual__2025-07-25T09:58:06.629719+00:00 [queued]>
[2025-07-25T16:58:20.213+0700] {taskinstance.py:2170} INFO - Starting attempt 1 of 4
[2025-07-25T16:58:20.549+0700] {taskinstance.py:2191} INFO - Executing <Task(PythonOperator): stage_songs> on 2025-07-25 09:58:06.629719+00:00
[2025-07-25T16:58:20.559+0700] {standard_task_runner.py:60} INFO - Started process 15848 to run task
[2025-07-25T16:58:20.566+0700] {standard_task_runner.py:87} INFO - Running: ['airflow', 'tasks', 'run', 'etl_local_postgres_pipeline', 'stage_songs', 'manual__2025-07-25T09:58:06.629719+00:00', '--job-id', '25', '--raw', '--subdir', 'DAGS_FOLDER/etl_pipeline_pjt.py', '--cfg-path', '/tmp/tmpkx87p7do']
[2025-07-25T16:58:20.572+0700] {standard_task_runner.py:88} INFO - Job 25: Subtask stage_songs
[2025-07-25T16:58:24.653+0700] {task_command.py:423} INFO - Running <TaskInstance: etl_local_postgres_pipeline.stage_songs manual__2025-07-25T09:58:06.629719+00:00 [running]> on host DESKTOP-9M5T9P5.localdomain
[2025-07-25T16:58:28.221+0700] {taskinstance.py:2480} INFO - Exporting env vars: AIRFLOW_CTX_DAG_OWNER='phuongnt226' AIRFLOW_CTX_DAG_ID='etl_local_postgres_pipeline' AIRFLOW_CTX_TASK_ID='stage_songs' AIRFLOW_CTX_EXECUTION_DATE='2025-07-25T09:58:06.629719+00:00' AIRFLOW_CTX_TRY_NUMBER='1' AIRFLOW_CTX_DAG_RUN_ID='manual__2025-07-25T09:58:06.629719+00:00'
[2025-07-25T16:58:28.930+0700] {logging_mixin.py:188} INFO - Find out 71 song files.
[2025-07-25T16:58:29.048+0700] {logging_mixin.py:188} INFO - Close connection stage_songs.
[2025-07-25T16:58:29.051+0700] {taskinstance.py:2698} ERROR - Task failed with exception
Traceback (most recent call last):
  File "/home/ngtph/airflow/airflow_venv/lib/python3.11/site-packages/airflow/models/taskinstance.py", line 433, in _execute_task
    result = execute_callable(context=context, **execute_callable_kwargs)
             ^^^^^^^^^^^^^^^^^^^^^^^^^^^^^^^^^^^^^^^^^^^^^^^^^^^^^^^^^^^^
  File "/home/ngtph/airflow/airflow_venv/lib/python3.11/site-packages/airflow/operators/python.py", line 199, in execute
    return_value = self.execute_callable()
                   ^^^^^^^^^^^^^^^^^^^^^^^
  File "/home/ngtph/airflow/airflow_venv/lib/python3.11/site-packages/airflow/operators/python.py", line 216, in execute_callable
    return self.python_callable(*self.op_args, **self.op_kwargs)
           ^^^^^^^^^^^^^^^^^^^^^^^^^^^^^^^^^^^^^^^^^^^^^^^^^^^^^
  File "/home/ngtph/airflow/dags/etl_pipeline_pjt.py", line 41, in stage_songs_to_postgres
    cur.execute("""
psycopg2.errors.UndefinedColumn: column "num_songs" of relation "songs" does not exist
LINE 2:                         INSERT INTO songs (num_songs, artist...
                                                   ^

[2025-07-25T16:58:30.263+0700] {taskinstance.py:1138} INFO - Marking task as UP_FOR_RETRY. dag_id=etl_local_postgres_pipeline, task_id=stage_songs, execution_date=20250725T095806, start_date=20250725T095820, end_date=20250725T095830
[2025-07-25T16:58:30.867+0700] {standard_task_runner.py:107} ERROR - Failed to execute job 25 for task stage_songs (column "num_songs" of relation "songs" does not exist
LINE 2:                         INSERT INTO songs (num_songs, artist...
                                                   ^
; 15848)
[2025-07-25T16:58:30.907+0700] {local_task_job_runner.py:234} INFO - Task exited with return code 1
[2025-07-25T16:58:31.870+0700] {taskinstance.py:3280} INFO - 0 downstream tasks scheduled from follow-on schedule check
