[2025-07-26T06:53:35.322+0700] {local_task_job_runner.py:120} INFO - ::group::Pre task execution logs
[2025-07-26T06:53:36.519+0700] {taskinstance.py:2076} INFO - Dependencies all met for dep_context=non-requeueable deps ti=<TaskInstance: etl_local_postgres_pipeline.load_time_dim_table scheduled__2025-07-25T23:00:00+00:00 [queued]>
[2025-07-26T06:53:37.013+0700] {taskinstance.py:2076} INFO - Dependencies all met for dep_context=requeueable deps ti=<TaskInstance: etl_local_postgres_pipeline.load_time_dim_table scheduled__2025-07-25T23:00:00+00:00 [queued]>
[2025-07-26T06:53:37.014+0700] {taskinstance.py:2306} INFO - Starting attempt 1 of 4
[2025-07-26T06:53:37.512+0700] {taskinstance.py:2330} INFO - Executing <Task(PythonOperator): load_time_dim_table> on 2025-07-25 23:00:00+00:00
[2025-07-26T06:53:37.521+0700] {standard_task_runner.py:90} INFO - Running: ['airflow', 'tasks', 'run', 'etl_local_postgres_pipeline', 'load_time_dim_table', 'scheduled__2025-07-25T23:00:00+00:00', '--job-id', '284', '--raw', '--subdir', 'DAGS_FOLDER/etl_pipeline_pjt.py', '--cfg-path', '/tmp/tmpucsiwbxk']
[2025-07-26T06:53:37.523+0700] {standard_task_runner.py:91} INFO - Job 284: Subtask load_time_dim_table
[2025-07-26T06:53:37.529+0700] {logging_mixin.py:188} WARNING - /home/ngtph/airflow/airflow_venv/lib/python3.12/site-packages/airflow/task/task_runner/standard_task_runner.py:61 DeprecationWarning: This process (pid=663) is multi-threaded, use of fork() may lead to deadlocks in the child.
[2025-07-26T06:53:37.530+0700] {standard_task_runner.py:63} INFO - Started process 678 to run task
[2025-07-26T06:53:43.545+0700] {task_command.py:426} INFO - Running <TaskInstance: etl_local_postgres_pipeline.load_time_dim_table scheduled__2025-07-25T23:00:00+00:00 [running]> on host DESKTOP-9M5T9P5.localdomain
[2025-07-26T06:53:53.664+0700] {taskinstance.py:2648} INFO - Exporting env vars: AIRFLOW_CTX_DAG_OWNER='phuongnt226' AIRFLOW_CTX_DAG_ID='etl_local_postgres_pipeline' AIRFLOW_CTX_TASK_ID='load_time_dim_table' AIRFLOW_CTX_EXECUTION_DATE='2025-07-25T23:00:00+00:00' AIRFLOW_CTX_TRY_NUMBER='1' AIRFLOW_CTX_DAG_RUN_ID='scheduled__2025-07-25T23:00:00+00:00'
[2025-07-26T06:53:53.666+0700] {taskinstance.py:430} INFO - ::endgroup::
[2025-07-26T06:53:56.158+0700] {base.py:84} INFO - Using connection ID 'postgres_id' for task execution.
[2025-07-26T06:53:57.879+0700] {sql.py:470} INFO - Running statement: 
        SELECT start_time, extract(hour from start_time), extract(day from start_time), extract(week from start_time), 
               extract(month from start_time), extract(year from start_time), extract(dayofweek from start_time)
        FROM songplays
    , parameters: None
[2025-07-26T06:53:58.075+0700] {sql.py:479} INFO - Rows affected: 0
[2025-07-26T06:53:58.132+0700] {python.py:237} INFO - Done. Returned value was: None
[2025-07-26T06:53:58.133+0700] {taskinstance.py:441} INFO - ::group::Post task execution logs
[2025-07-26T06:53:59.975+0700] {taskinstance.py:1206} INFO - Marking task as SUCCESS. dag_id=etl_local_postgres_pipeline, task_id=load_time_dim_table, run_id=scheduled__2025-07-25T23:00:00+00:00, execution_date=20250725T230000, start_date=20250725T235336, end_date=20250725T235359
[2025-07-26T06:54:00.381+0700] {local_task_job_runner.py:240} INFO - Task exited with return code 0
[2025-07-26T06:54:01.185+0700] {taskinstance.py:3498} INFO - 1 downstream tasks scheduled from follow-on schedule check
[2025-07-26T06:54:01.226+0700] {local_task_job_runner.py:222} INFO - ::endgroup::
